[2025-12-15T23:24:37.141+0000] {local_task_job_runner.py:120} INFO - ::group::Pre task execution logs
[2025-12-15T23:24:37.171+0000] {taskinstance.py:2073} INFO - Dependencies all met for dep_context=non-requeueable deps ti=<TaskInstance: mfg_raw_ingestion_dag.dbt_test_all scheduled__2025-12-14T04:00:00+00:00 [queued]>
[2025-12-15T23:24:37.179+0000] {taskinstance.py:2073} INFO - Dependencies all met for dep_context=requeueable deps ti=<TaskInstance: mfg_raw_ingestion_dag.dbt_test_all scheduled__2025-12-14T04:00:00+00:00 [queued]>
[2025-12-15T23:24:37.180+0000] {taskinstance.py:2303} INFO - Starting attempt 3 of 3
[2025-12-15T23:24:37.195+0000] {taskinstance.py:2327} INFO - Executing <Task(BashOperator): dbt_test_all> on 2025-12-14 04:00:00+00:00
[2025-12-15T23:24:37.203+0000] {standard_task_runner.py:90} INFO - Running: ['***', 'tasks', 'run', 'mfg_raw_ingestion_dag', 'dbt_test_all', 'scheduled__2025-12-14T04:00:00+00:00', '--job-id', '6', '--raw', '--subdir', 'DAGS_FOLDER/mfg_raw_ingestion_dag.py', '--cfg-path', '/tmp/tmpk3ap9_kl']
[2025-12-15T23:24:37.206+0000] {standard_task_runner.py:91} INFO - Job 6: Subtask dbt_test_all
[2025-12-15T23:24:37.207+0000] {logging_mixin.py:188} WARNING - /home/***/.local/lib/python3.12/site-packages/***/task/task_runner/standard_task_runner.py:61 DeprecationWarning: This process (pid=1070) is multi-threaded, use of fork() may lead to deadlocks in the child.
[2025-12-15T23:24:37.208+0000] {standard_task_runner.py:63} INFO - Started process 1071 to run task
[2025-12-15T23:24:37.259+0000] {task_command.py:426} INFO - Running <TaskInstance: mfg_raw_ingestion_dag.dbt_test_all scheduled__2025-12-14T04:00:00+00:00 [running]> on host 7f6a70788018
[2025-12-15T23:24:37.333+0000] {taskinstance.py:2644} INFO - Exporting env vars: AIRFLOW_CTX_DAG_OWNER='data-engineering' AIRFLOW_CTX_DAG_ID='mfg_raw_ingestion_dag' AIRFLOW_CTX_TASK_ID='dbt_test_all' AIRFLOW_CTX_EXECUTION_DATE='2025-12-14T04:00:00+00:00' AIRFLOW_CTX_TRY_NUMBER='3' AIRFLOW_CTX_DAG_RUN_ID='scheduled__2025-12-14T04:00:00+00:00'
[2025-12-15T23:24:37.334+0000] {taskinstance.py:430} INFO - ::endgroup::
[2025-12-15T23:24:37.348+0000] {subprocess.py:63} INFO - Tmp dir root location: /tmp
[2025-12-15T23:24:37.349+0000] {subprocess.py:75} INFO - Running command: ['/usr/bin/bash', '-c', 'set -euo pipefail; cd /opt/***/dbt_project && dbt test --profiles-dir /opt/***/dbt_profiles']
[2025-12-15T23:24:37.358+0000] {subprocess.py:86} INFO - Output:
[2025-12-15T23:24:39.419+0000] {subprocess.py:93} INFO - [0m23:24:39  Running with dbt=1.10.15
[2025-12-15T23:24:40.283+0000] {subprocess.py:93} INFO - [0m23:24:40  Registered adapter: snowflake=1.10.4
[2025-12-15T23:24:40.832+0000] {subprocess.py:93} INFO - [0m23:24:40  Found 8 models, 29 data tests, 3 sources, 504 macros
[2025-12-15T23:24:40.837+0000] {subprocess.py:93} INFO - [0m23:24:40
[2025-12-15T23:24:40.839+0000] {subprocess.py:93} INFO - [0m23:24:40  Concurrency: 4 threads (target='dev')
[2025-12-15T23:24:40.840+0000] {subprocess.py:93} INFO - [0m23:24:40
[2025-12-15T23:24:43.645+0000] {subprocess.py:93} INFO - [0m23:24:43  1 of 29 START test not_null_core_batches_batch_id .............................. [RUN]
[2025-12-15T23:24:43.647+0000] {subprocess.py:93} INFO - [0m23:24:43  2 of 29 START test not_null_core_batches_load_run_id ........................... [RUN]
[2025-12-15T23:24:43.648+0000] {subprocess.py:93} INFO - [0m23:24:43  3 of 29 START test not_null_core_batches_loaded_at ............................. [RUN]
[2025-12-15T23:24:43.650+0000] {subprocess.py:93} INFO - [0m23:24:43  4 of 29 START test not_null_core_batches_material_id ........................... [RUN]
[2025-12-15T23:24:44.079+0000] {subprocess.py:93} INFO - [0m23:24:44  1 of 29 PASS not_null_core_batches_batch_id .................................... [[32mPASS[0m in 0.43s]
[2025-12-15T23:24:44.084+0000] {subprocess.py:93} INFO - [0m23:24:44  5 of 29 START test not_null_core_materials_load_run_id ......................... [RUN]
[2025-12-15T23:24:44.479+0000] {subprocess.py:93} INFO - [0m23:24:44  5 of 29 FAIL 500 not_null_core_materials_load_run_id ........................... [[31mFAIL 500[0m in 0.39s]
[2025-12-15T23:24:44.483+0000] {subprocess.py:93} INFO - [0m23:24:44  6 of 29 START test not_null_core_materials_loaded_at ........................... [RUN]
[2025-12-15T23:24:44.844+0000] {subprocess.py:93} INFO - [0m23:24:44  6 of 29 FAIL 500 not_null_core_materials_loaded_at ............................. [[31mFAIL 500[0m in 0.36s]
[2025-12-15T23:24:44.852+0000] {subprocess.py:93} INFO - [0m23:24:44  7 of 29 START test not_null_core_materials_material_id ......................... [RUN]
[2025-12-15T23:24:45.062+0000] {subprocess.py:93} INFO - [0m23:24:45  4 of 29 PASS not_null_core_batches_material_id ................................. [[32mPASS[0m in 1.41s]
[2025-12-15T23:24:45.067+0000] {subprocess.py:93} INFO - [0m23:24:45  8 of 29 START test not_null_fct_production_orders_batch_id ..................... [RUN]
[2025-12-15T23:24:45.086+0000] {subprocess.py:93} INFO - [0m23:24:45  3 of 29 FAIL 10000 not_null_core_batches_loaded_at ............................. [[31mFAIL 10000[0m in 1.43s]
[2025-12-15T23:24:45.096+0000] {subprocess.py:93} INFO - [0m23:24:45  9 of 29 START test not_null_fct_production_orders_load_run_id .................. [RUN]
[2025-12-15T23:24:45.130+0000] {subprocess.py:93} INFO - [0m23:24:45  2 of 29 FAIL 10000 not_null_core_batches_load_run_id ........................... [[31mFAIL 10000[0m in 1.48s]
[2025-12-15T23:24:45.151+0000] {subprocess.py:93} INFO - [0m23:24:45  10 of 29 START test not_null_fct_production_orders_loaded_at ................... [RUN]
[2025-12-15T23:24:45.189+0000] {subprocess.py:93} INFO - [0m23:24:45  7 of 29 PASS not_null_core_materials_material_id ............................... [[32mPASS[0m in 0.33s]
[2025-12-15T23:24:45.194+0000] {subprocess.py:93} INFO - [0m23:24:45  11 of 29 START test not_null_fct_production_orders_order_id .................... [RUN]
[2025-12-15T23:24:45.429+0000] {subprocess.py:93} INFO - [0m23:24:45  8 of 29 PASS not_null_fct_production_orders_batch_id ........................... [[32mPASS[0m in 0.36s]
[2025-12-15T23:24:45.433+0000] {subprocess.py:93} INFO - [0m23:24:45  12 of 29 START test not_null_mfg_ml_features_orders_load_run_id ................ [RUN]
[2025-12-15T23:24:45.445+0000] {subprocess.py:93} INFO - [0m23:24:45  9 of 29 FAIL 10000 not_null_fct_production_orders_load_run_id .................. [[31mFAIL 10000[0m in 0.35s]
[2025-12-15T23:24:45.448+0000] {subprocess.py:93} INFO - [0m23:24:45  13 of 29 START test not_null_mfg_ml_features_orders_order_id ................... [RUN]
[2025-12-15T23:24:45.467+0000] {subprocess.py:93} INFO - [0m23:24:45  10 of 29 FAIL 10000 not_null_fct_production_orders_loaded_at ................... [[31mFAIL 10000[0m in 0.31s]
[2025-12-15T23:24:45.471+0000] {subprocess.py:93} INFO - [0m23:24:45  14 of 29 START test not_null_mfg_ml_features_orders_order_run_key .............. [RUN]
[2025-12-15T23:24:45.496+0000] {subprocess.py:93} INFO - [0m23:24:45  11 of 29 PASS not_null_fct_production_orders_order_id .......................... [[32mPASS[0m in 0.30s]
[2025-12-15T23:24:45.500+0000] {subprocess.py:93} INFO - [0m23:24:45  15 of 29 START test not_null_mfg_plant_daily_kpis_calendar_date ................ [RUN]
[2025-12-15T23:24:45.787+0000] {subprocess.py:93} INFO - [0m23:24:45  13 of 29 PASS not_null_mfg_ml_features_orders_order_id ......................... [[32mPASS[0m in 0.34s]
[2025-12-15T23:24:45.797+0000] {subprocess.py:93} INFO - [0m23:24:45  12 of 29 ERROR not_null_mfg_ml_features_orders_load_run_id ..................... [[31mERROR[0m in 0.36s]
[2025-12-15T23:24:45.798+0000] {subprocess.py:93} INFO - [0m23:24:45  16 of 29 START test not_null_mfg_plant_daily_kpis_load_run_id .................. [RUN]
[2025-12-15T23:24:45.807+0000] {subprocess.py:93} INFO - [0m23:24:45  17 of 29 START test not_null_mfg_plant_daily_kpis_manufacturing_site ........... [RUN]
[2025-12-15T23:24:45.831+0000] {subprocess.py:93} INFO - [0m23:24:45  14 of 29 ERROR not_null_mfg_ml_features_orders_order_run_key ................... [[31mERROR[0m in 0.36s]
[2025-12-15T23:24:45.835+0000] {subprocess.py:93} INFO - [0m23:24:45  15 of 29 PASS not_null_mfg_plant_daily_kpis_calendar_date ...................... [[32mPASS[0m in 0.33s]
[2025-12-15T23:24:45.857+0000] {subprocess.py:93} INFO - [0m23:24:45  18 of 29 START test not_null_stg_batches_batch_id .............................. [RUN]
[2025-12-15T23:24:45.862+0000] {subprocess.py:93} INFO - [0m23:24:45  19 of 29 START test not_null_stg_materials_material_id ......................... [RUN]
[2025-12-15T23:24:46.157+0000] {subprocess.py:93} INFO - [0m23:24:46  17 of 29 PASS not_null_mfg_plant_daily_kpis_manufacturing_site ................. [[32mPASS[0m in 0.34s]
[2025-12-15T23:24:46.163+0000] {subprocess.py:93} INFO - [0m23:24:46  16 of 29 FAIL 3979 not_null_mfg_plant_daily_kpis_load_run_id ................... [[31mFAIL 3979[0m in 0.36s]
[2025-12-15T23:24:46.168+0000] {subprocess.py:93} INFO - [0m23:24:46  20 of 29 START test not_null_stg_production_orders_order_id .................... [RUN]
[2025-12-15T23:24:46.172+0000] {subprocess.py:93} INFO - [0m23:24:46  21 of 29 START test relationships_core_batches_material_id__material_id__ref_core_materials_  [RUN]
[2025-12-15T23:24:46.222+0000] {subprocess.py:93} INFO - [0m23:24:46  19 of 29 PASS not_null_stg_materials_material_id ............................... [[32mPASS[0m in 0.35s]
[2025-12-15T23:24:46.229+0000] {subprocess.py:93} INFO - [0m23:24:46  18 of 29 PASS not_null_stg_batches_batch_id .................................... [[32mPASS[0m in 0.37s]
[2025-12-15T23:24:46.233+0000] {subprocess.py:93} INFO - [0m23:24:46  22 of 29 START test relationships_fct_production_orders_batch_id__batch_id__ref_core_batches_  [RUN]
[2025-12-15T23:24:46.237+0000] {subprocess.py:93} INFO - [0m23:24:46  23 of 29 START test unique_core_batches___grain_check__ ........................ [RUN]
[2025-12-15T23:24:46.491+0000] {subprocess.py:93} INFO - [0m23:24:46  20 of 29 PASS not_null_stg_production_orders_order_id .......................... [[32mPASS[0m in 0.32s]
[2025-12-15T23:24:46.496+0000] {subprocess.py:93} INFO - [0m23:24:46  24 of 29 START test unique_core_materials___grain_check__ ...................... [RUN]
[2025-12-15T23:24:46.532+0000] {subprocess.py:93} INFO - [0m23:24:46  21 of 29 PASS relationships_core_batches_material_id__material_id__ref_core_materials_  [[32mPASS[0m in 0.36s]
[2025-12-15T23:24:46.542+0000] {subprocess.py:93} INFO - [0m23:24:46  22 of 29 PASS relationships_fct_production_orders_batch_id__batch_id__ref_core_batches_  [[32mPASS[0m in 0.31s]
[2025-12-15T23:24:46.549+0000] {subprocess.py:93} INFO - [0m23:24:46  25 of 29 START test unique_fct_production_orders___grain_check__ ............... [RUN]
[2025-12-15T23:24:46.557+0000] {subprocess.py:93} INFO - [0m23:24:46  26 of 29 START test unique_mfg_ml_features_orders_order_run_key ................ [RUN]
[2025-12-15T23:24:46.558+0000] {subprocess.py:93} INFO - [0m23:24:46  23 of 29 ERROR unique_core_batches___grain_check__ ............................. [[31mERROR[0m in 0.32s]
[2025-12-15T23:24:46.580+0000] {subprocess.py:93} INFO - [0m23:24:46  27 of 29 START test unique_stg_batches_batch_id ................................ [RUN]
[2025-12-15T23:24:46.830+0000] {subprocess.py:93} INFO - [0m23:24:46  24 of 29 ERROR unique_core_materials___grain_check__ ........................... [[31mERROR[0m in 0.33s]
[2025-12-15T23:24:46.835+0000] {subprocess.py:93} INFO - [0m23:24:46  28 of 29 START test unique_stg_materials_material_id ........................... [RUN]
[2025-12-15T23:24:46.875+0000] {subprocess.py:93} INFO - [0m23:24:46  25 of 29 ERROR unique_fct_production_orders___grain_check__ .................... [[31mERROR[0m in 0.32s]
[2025-12-15T23:24:46.891+0000] {subprocess.py:93} INFO - [0m23:24:46  29 of 29 START test unique_stg_production_orders_order_id ...................... [RUN]
[2025-12-15T23:24:46.893+0000] {subprocess.py:93} INFO - [0m23:24:46  26 of 29 ERROR unique_mfg_ml_features_orders_order_run_key ..................... [[31mERROR[0m in 0.33s]
[2025-12-15T23:24:46.940+0000] {subprocess.py:93} INFO - [0m23:24:46  27 of 29 FAIL 10000 unique_stg_batches_batch_id ................................ [[31mFAIL 10000[0m in 0.36s]
[2025-12-15T23:24:47.180+0000] {subprocess.py:93} INFO - [0m23:24:47  28 of 29 FAIL 500 unique_stg_materials_material_id ............................. [[31mFAIL 500[0m in 0.34s]
[2025-12-15T23:24:47.206+0000] {subprocess.py:93} INFO - [0m23:24:47  29 of 29 FAIL 10000 unique_stg_production_orders_order_id ...................... [[31mFAIL 10000[0m in 0.31s]
[2025-12-15T23:24:49.058+0000] {subprocess.py:93} INFO - [0m23:24:49
[2025-12-15T23:24:49.060+0000] {subprocess.py:93} INFO - [0m23:24:49  Finished running 29 data tests in 0 hours 0 minutes and 8.22 seconds (8.22s).
[2025-12-15T23:24:49.148+0000] {subprocess.py:93} INFO - [0m23:24:49
[2025-12-15T23:24:49.150+0000] {subprocess.py:93} INFO - [0m23:24:49  [31mCompleted with 16 errors, 0 partial successes, and 0 warnings:[0m
[2025-12-15T23:24:49.151+0000] {subprocess.py:93} INFO - [0m23:24:49
[2025-12-15T23:24:49.153+0000] {subprocess.py:93} INFO - [0m23:24:49  [31mFailure in test not_null_core_materials_load_run_id (models/core/core_schema.yml)[0m
[2025-12-15T23:24:49.154+0000] {subprocess.py:93} INFO - [0m23:24:49    Got 500 results, configured to fail if != 0
[2025-12-15T23:24:49.155+0000] {subprocess.py:93} INFO - [0m23:24:49
[2025-12-15T23:24:49.156+0000] {subprocess.py:93} INFO - [0m23:24:49    compiled code at target/compiled/mfg_accelerator/models/core/core_schema.yml/not_null_core_materials_load_run_id.sql
[2025-12-15T23:24:49.157+0000] {subprocess.py:93} INFO - [0m23:24:49
[2025-12-15T23:24:49.158+0000] {subprocess.py:93} INFO - [0m23:24:49  [31mFailure in test not_null_core_materials_loaded_at (models/core/core_schema.yml)[0m
[2025-12-15T23:24:49.160+0000] {subprocess.py:93} INFO - [0m23:24:49    Got 500 results, configured to fail if != 0
[2025-12-15T23:24:49.161+0000] {subprocess.py:93} INFO - [0m23:24:49
[2025-12-15T23:24:49.162+0000] {subprocess.py:93} INFO - [0m23:24:49    compiled code at target/compiled/mfg_accelerator/models/core/core_schema.yml/not_null_core_materials_loaded_at.sql
[2025-12-15T23:24:49.163+0000] {subprocess.py:93} INFO - [0m23:24:49
[2025-12-15T23:24:49.164+0000] {subprocess.py:93} INFO - [0m23:24:49  [31mFailure in test not_null_core_batches_loaded_at (models/core/core_schema.yml)[0m
[2025-12-15T23:24:49.165+0000] {subprocess.py:93} INFO - [0m23:24:49    Got 10000 results, configured to fail if != 0
[2025-12-15T23:24:49.166+0000] {subprocess.py:93} INFO - [0m23:24:49
[2025-12-15T23:24:49.168+0000] {subprocess.py:93} INFO - [0m23:24:49    compiled code at target/compiled/mfg_accelerator/models/core/core_schema.yml/not_null_core_batches_loaded_at.sql
[2025-12-15T23:24:49.169+0000] {subprocess.py:93} INFO - [0m23:24:49
[2025-12-15T23:24:49.170+0000] {subprocess.py:93} INFO - [0m23:24:49  [31mFailure in test not_null_core_batches_load_run_id (models/core/core_schema.yml)[0m
[2025-12-15T23:24:49.171+0000] {subprocess.py:93} INFO - [0m23:24:49    Got 10000 results, configured to fail if != 0
[2025-12-15T23:24:49.172+0000] {subprocess.py:93} INFO - [0m23:24:49
[2025-12-15T23:24:49.173+0000] {subprocess.py:93} INFO - [0m23:24:49    compiled code at target/compiled/mfg_accelerator/models/core/core_schema.yml/not_null_core_batches_load_run_id.sql
[2025-12-15T23:24:49.174+0000] {subprocess.py:93} INFO - [0m23:24:49
[2025-12-15T23:24:49.175+0000] {subprocess.py:93} INFO - [0m23:24:49  [31mFailure in test not_null_fct_production_orders_load_run_id (models/core/core_schema.yml)[0m
[2025-12-15T23:24:49.176+0000] {subprocess.py:93} INFO - [0m23:24:49    Got 10000 results, configured to fail if != 0
[2025-12-15T23:24:49.177+0000] {subprocess.py:93} INFO - [0m23:24:49
[2025-12-15T23:24:49.178+0000] {subprocess.py:93} INFO - [0m23:24:49    compiled code at target/compiled/mfg_accelerator/models/core/core_schema.yml/not_null_fct_production_orders_load_run_id.sql
[2025-12-15T23:24:49.179+0000] {subprocess.py:93} INFO - [0m23:24:49
[2025-12-15T23:24:49.181+0000] {subprocess.py:93} INFO - [0m23:24:49  [31mFailure in test not_null_fct_production_orders_loaded_at (models/core/core_schema.yml)[0m
[2025-12-15T23:24:49.182+0000] {subprocess.py:93} INFO - [0m23:24:49    Got 10000 results, configured to fail if != 0
[2025-12-15T23:24:49.183+0000] {subprocess.py:93} INFO - [0m23:24:49
[2025-12-15T23:24:49.184+0000] {subprocess.py:93} INFO - [0m23:24:49    compiled code at target/compiled/mfg_accelerator/models/core/core_schema.yml/not_null_fct_production_orders_loaded_at.sql
[2025-12-15T23:24:49.185+0000] {subprocess.py:93} INFO - [0m23:24:49
[2025-12-15T23:24:49.186+0000] {subprocess.py:93} INFO - [0m23:24:49  [31mFailure in test not_null_mfg_ml_features_orders_load_run_id (models/marts/marts_schema.yml)[0m
[2025-12-15T23:24:49.187+0000] {subprocess.py:93} INFO - [0m23:24:49    Database Error in test not_null_mfg_ml_features_orders_load_run_id (models/marts/marts_schema.yml)
[2025-12-15T23:24:49.188+0000] {subprocess.py:93} INFO -   000904 (42000): SQL compilation error: error line 14 at position 7
[2025-12-15T23:24:49.188+0000] {subprocess.py:93} INFO -   invalid identifier 'LOAD_RUN_ID'
[2025-12-15T23:24:49.188+0000] {subprocess.py:93} INFO -   compiled code at target/run/mfg_accelerator/models/marts/marts_schema.yml/not_null_mfg_ml_features_orders_load_run_id.sql
[2025-12-15T23:24:49.189+0000] {subprocess.py:93} INFO - [0m23:24:49
[2025-12-15T23:24:49.189+0000] {subprocess.py:93} INFO - [0m23:24:49    compiled code at target/compiled/mfg_accelerator/models/marts/marts_schema.yml/not_null_mfg_ml_features_orders_load_run_id.sql
[2025-12-15T23:24:49.190+0000] {subprocess.py:93} INFO - [0m23:24:49
[2025-12-15T23:24:49.191+0000] {subprocess.py:93} INFO - [0m23:24:49  [31mFailure in test not_null_mfg_ml_features_orders_order_run_key (models/marts/marts_schema.yml)[0m
[2025-12-15T23:24:49.192+0000] {subprocess.py:93} INFO - [0m23:24:49    Database Error in test not_null_mfg_ml_features_orders_order_run_key (models/marts/marts_schema.yml)
[2025-12-15T23:24:49.193+0000] {subprocess.py:93} INFO -   000904 (42000): SQL compilation error: error line 14 at position 7
[2025-12-15T23:24:49.193+0000] {subprocess.py:93} INFO -   invalid identifier 'ORDER_RUN_KEY'
[2025-12-15T23:24:49.193+0000] {subprocess.py:93} INFO -   compiled code at target/run/mfg_accelerator/models/marts/marts_schema.yml/not_null_mfg_ml_features_orders_order_run_key.sql
[2025-12-15T23:24:49.194+0000] {subprocess.py:93} INFO - [0m23:24:49
[2025-12-15T23:24:49.194+0000] {subprocess.py:93} INFO - [0m23:24:49    compiled code at target/compiled/mfg_accelerator/models/marts/marts_schema.yml/not_null_mfg_ml_features_orders_order_run_key.sql
[2025-12-15T23:24:49.195+0000] {subprocess.py:93} INFO - [0m23:24:49
[2025-12-15T23:24:49.196+0000] {subprocess.py:93} INFO - [0m23:24:49  [31mFailure in test not_null_mfg_plant_daily_kpis_load_run_id (models/marts/marts_schema.yml)[0m
[2025-12-15T23:24:49.197+0000] {subprocess.py:93} INFO - [0m23:24:49    Got 3979 results, configured to fail if != 0
[2025-12-15T23:24:49.198+0000] {subprocess.py:93} INFO - [0m23:24:49
[2025-12-15T23:24:49.199+0000] {subprocess.py:93} INFO - [0m23:24:49    compiled code at target/compiled/mfg_accelerator/models/marts/marts_schema.yml/not_null_mfg_plant_daily_kpis_load_run_id.sql
[2025-12-15T23:24:49.200+0000] {subprocess.py:93} INFO - [0m23:24:49
[2025-12-15T23:24:49.201+0000] {subprocess.py:93} INFO - [0m23:24:49  [31mFailure in test unique_core_batches___grain_check__ (models/core/core_schema.yml)[0m
[2025-12-15T23:24:49.202+0000] {subprocess.py:93} INFO - [0m23:24:49    Database Error in test unique_core_batches___grain_check__ (models/core/core_schema.yml)
[2025-12-15T23:24:49.203+0000] {subprocess.py:93} INFO -   000904 (42000): SQL compilation error: error line 13 at position 4
[2025-12-15T23:24:49.203+0000] {subprocess.py:93} INFO -   invalid identifier '__GRAIN_CHECK__'
[2025-12-15T23:24:49.203+0000] {subprocess.py:93} INFO -   compiled code at target/run/mfg_accelerator/models/core/core_schema.yml/unique_core_batches___grain_check__.sql
[2025-12-15T23:24:49.204+0000] {subprocess.py:93} INFO - [0m23:24:49
[2025-12-15T23:24:49.204+0000] {subprocess.py:93} INFO - [0m23:24:49    compiled code at target/compiled/mfg_accelerator/models/core/core_schema.yml/unique_core_batches___grain_check__.sql
[2025-12-15T23:24:49.205+0000] {subprocess.py:93} INFO - [0m23:24:49
[2025-12-15T23:24:49.206+0000] {subprocess.py:93} INFO - [0m23:24:49  [31mFailure in test unique_core_materials___grain_check__ (models/core/core_schema.yml)[0m
[2025-12-15T23:24:49.207+0000] {subprocess.py:93} INFO - [0m23:24:49    Database Error in test unique_core_materials___grain_check__ (models/core/core_schema.yml)
[2025-12-15T23:24:49.207+0000] {subprocess.py:93} INFO -   000904 (42000): SQL compilation error: error line 13 at position 4
[2025-12-15T23:24:49.208+0000] {subprocess.py:93} INFO -   invalid identifier '__GRAIN_CHECK__'
[2025-12-15T23:24:49.208+0000] {subprocess.py:93} INFO -   compiled code at target/run/mfg_accelerator/models/core/core_schema.yml/unique_core_materials___grain_check__.sql
[2025-12-15T23:24:49.209+0000] {subprocess.py:93} INFO - [0m23:24:49
[2025-12-15T23:24:49.209+0000] {subprocess.py:93} INFO - [0m23:24:49    compiled code at target/compiled/mfg_accelerator/models/core/core_schema.yml/unique_core_materials___grain_check__.sql
[2025-12-15T23:24:49.210+0000] {subprocess.py:93} INFO - [0m23:24:49
[2025-12-15T23:24:49.212+0000] {subprocess.py:93} INFO - [0m23:24:49  [31mFailure in test unique_fct_production_orders___grain_check__ (models/core/core_schema.yml)[0m
[2025-12-15T23:24:49.213+0000] {subprocess.py:93} INFO - [0m23:24:49    Database Error in test unique_fct_production_orders___grain_check__ (models/core/core_schema.yml)
[2025-12-15T23:24:49.213+0000] {subprocess.py:93} INFO -   000904 (42000): SQL compilation error: error line 13 at position 4
[2025-12-15T23:24:49.214+0000] {subprocess.py:93} INFO -   invalid identifier '__GRAIN_CHECK__'
[2025-12-15T23:24:49.214+0000] {subprocess.py:93} INFO -   compiled code at target/run/mfg_accelerator/models/core/core_schema.yml/unique_fct_production_orders___grain_check__.sql
[2025-12-15T23:24:49.214+0000] {subprocess.py:93} INFO - [0m23:24:49
[2025-12-15T23:24:49.215+0000] {subprocess.py:93} INFO - [0m23:24:49    compiled code at target/compiled/mfg_accelerator/models/core/core_schema.yml/unique_fct_production_orders___grain_check__.sql
[2025-12-15T23:24:49.216+0000] {subprocess.py:93} INFO - [0m23:24:49
[2025-12-15T23:24:49.217+0000] {subprocess.py:93} INFO - [0m23:24:49  [31mFailure in test unique_mfg_ml_features_orders_order_run_key (models/marts/marts_schema.yml)[0m
[2025-12-15T23:24:49.218+0000] {subprocess.py:93} INFO - [0m23:24:49    Database Error in test unique_mfg_ml_features_orders_order_run_key (models/marts/marts_schema.yml)
[2025-12-15T23:24:49.219+0000] {subprocess.py:93} INFO -   000904 (42000): SQL compilation error: error line 13 at position 4
[2025-12-15T23:24:49.219+0000] {subprocess.py:93} INFO -   invalid identifier 'ORDER_RUN_KEY'
[2025-12-15T23:24:49.219+0000] {subprocess.py:93} INFO -   compiled code at target/run/mfg_accelerator/models/marts/marts_schema.yml/unique_mfg_ml_features_orders_order_run_key.sql
[2025-12-15T23:24:49.220+0000] {subprocess.py:93} INFO - [0m23:24:49
[2025-12-15T23:24:49.220+0000] {subprocess.py:93} INFO - [0m23:24:49    compiled code at target/compiled/mfg_accelerator/models/marts/marts_schema.yml/unique_mfg_ml_features_orders_order_run_key.sql
[2025-12-15T23:24:49.222+0000] {subprocess.py:93} INFO - [0m23:24:49
[2025-12-15T23:24:49.223+0000] {subprocess.py:93} INFO - [0m23:24:49  [31mFailure in test unique_stg_batches_batch_id (models/staging/staging_schema.yml)[0m
[2025-12-15T23:24:49.225+0000] {subprocess.py:93} INFO - [0m23:24:49    Got 10000 results, configured to fail if != 0
[2025-12-15T23:24:49.226+0000] {subprocess.py:93} INFO - [0m23:24:49
[2025-12-15T23:24:49.227+0000] {subprocess.py:93} INFO - [0m23:24:49    compiled code at target/compiled/mfg_accelerator/models/staging/staging_schema.yml/unique_stg_batches_batch_id.sql
[2025-12-15T23:24:49.228+0000] {subprocess.py:93} INFO - [0m23:24:49
[2025-12-15T23:24:49.230+0000] {subprocess.py:93} INFO - [0m23:24:49  [31mFailure in test unique_stg_materials_material_id (models/staging/staging_schema.yml)[0m
[2025-12-15T23:24:49.231+0000] {subprocess.py:93} INFO - [0m23:24:49    Got 500 results, configured to fail if != 0
[2025-12-15T23:24:49.232+0000] {subprocess.py:93} INFO - [0m23:24:49
[2025-12-15T23:24:49.234+0000] {subprocess.py:93} INFO - [0m23:24:49    compiled code at target/compiled/mfg_accelerator/models/staging/staging_schema.yml/unique_stg_materials_material_id.sql
[2025-12-15T23:24:49.235+0000] {subprocess.py:93} INFO - [0m23:24:49
[2025-12-15T23:24:49.237+0000] {subprocess.py:93} INFO - [0m23:24:49  [31mFailure in test unique_stg_production_orders_order_id (models/staging/staging_schema.yml)[0m
[2025-12-15T23:24:49.238+0000] {subprocess.py:93} INFO - [0m23:24:49    Got 10000 results, configured to fail if != 0
[2025-12-15T23:24:49.239+0000] {subprocess.py:93} INFO - [0m23:24:49
[2025-12-15T23:24:49.241+0000] {subprocess.py:93} INFO - [0m23:24:49    compiled code at target/compiled/mfg_accelerator/models/staging/staging_schema.yml/unique_stg_production_orders_order_id.sql
[2025-12-15T23:24:49.243+0000] {subprocess.py:93} INFO - [0m23:24:49
[2025-12-15T23:24:49.245+0000] {subprocess.py:93} INFO - [0m23:24:49  Done. PASS=13 WARN=0 ERROR=16 SKIP=0 NO-OP=0 TOTAL=29
[2025-12-15T23:24:50.204+0000] {subprocess.py:97} INFO - Command exited with return code 1
[2025-12-15T23:24:50.205+0000] {taskinstance.py:441} INFO - ::group::Post task execution logs
[2025-12-15T23:24:50.213+0000] {taskinstance.py:2890} ERROR - Task failed with exception
Traceback (most recent call last):
  File "/home/airflow/.local/lib/python3.12/site-packages/airflow/models/taskinstance.py", line 460, in _execute_task
    result = _execute_callable(context=context, **execute_callable_kwargs)
             ^^^^^^^^^^^^^^^^^^^^^^^^^^^^^^^^^^^^^^^^^^^^^^^^^^^^^^^^^^^^^
  File "/home/airflow/.local/lib/python3.12/site-packages/airflow/models/taskinstance.py", line 432, in _execute_callable
    return execute_callable(context=context, **execute_callable_kwargs)
           ^^^^^^^^^^^^^^^^^^^^^^^^^^^^^^^^^^^^^^^^^^^^^^^^^^^^^^^^^^^^
  File "/home/airflow/.local/lib/python3.12/site-packages/airflow/models/baseoperator.py", line 400, in wrapper
    return func(self, *args, **kwargs)
           ^^^^^^^^^^^^^^^^^^^^^^^^^^^
  File "/home/airflow/.local/lib/python3.12/site-packages/airflow/operators/bash.py", line 243, in execute
    raise AirflowException(
airflow.exceptions.AirflowException: Bash command failed. The command returned a non-zero exit code 1.
[2025-12-15T23:24:50.217+0000] {taskinstance.py:1205} INFO - Marking task as FAILED. dag_id=mfg_raw_ingestion_dag, task_id=dbt_test_all, execution_date=20251214T040000, start_date=20251215T232437, end_date=20251215T232450
[2025-12-15T23:24:50.231+0000] {standard_task_runner.py:110} ERROR - Failed to execute job 6 for task dbt_test_all (Bash command failed. The command returned a non-zero exit code 1.; 1071)
[2025-12-15T23:24:50.263+0000] {local_task_job_runner.py:240} INFO - Task exited with return code 1
[2025-12-15T23:24:50.275+0000] {taskinstance.py:3482} INFO - 0 downstream tasks scheduled from follow-on schedule check
[2025-12-15T23:24:50.279+0000] {local_task_job_runner.py:222} INFO - ::endgroup::
[2025-12-16T00:41:49.768+0000] {local_task_job_runner.py:120} INFO - ::group::Pre task execution logs
[2025-12-16T00:41:49.807+0000] {taskinstance.py:2073} INFO - Dependencies all met for dep_context=non-requeueable deps ti=<TaskInstance: mfg_raw_ingestion_dag.dbt_test_all scheduled__2025-12-14T04:00:00+00:00 [queued]>
[2025-12-16T00:41:49.819+0000] {taskinstance.py:2073} INFO - Dependencies all met for dep_context=requeueable deps ti=<TaskInstance: mfg_raw_ingestion_dag.dbt_test_all scheduled__2025-12-14T04:00:00+00:00 [queued]>
[2025-12-16T00:41:49.819+0000] {taskinstance.py:2303} INFO - Starting attempt 3 of 3
[2025-12-16T00:41:49.840+0000] {taskinstance.py:2327} INFO - Executing <Task(BashOperator): dbt_test_all> on 2025-12-14 04:00:00+00:00
[2025-12-16T00:41:49.849+0000] {standard_task_runner.py:90} INFO - Running: ['***', 'tasks', 'run', 'mfg_raw_ingestion_dag', 'dbt_test_all', 'scheduled__2025-12-14T04:00:00+00:00', '--job-id', '6', '--raw', '--subdir', 'DAGS_FOLDER/mfg_raw_ingestion_dag.py', '--cfg-path', '/tmp/tmpsm4cakqy']
[2025-12-16T00:41:49.853+0000] {standard_task_runner.py:91} INFO - Job 6: Subtask dbt_test_all
[2025-12-16T00:41:49.855+0000] {logging_mixin.py:188} WARNING - /home/***/.local/lib/python3.12/site-packages/***/task/task_runner/standard_task_runner.py:61 DeprecationWarning: This process (pid=879) is multi-threaded, use of fork() may lead to deadlocks in the child.
[2025-12-16T00:41:49.856+0000] {standard_task_runner.py:63} INFO - Started process 880 to run task
[2025-12-16T00:41:49.916+0000] {task_command.py:426} INFO - Running <TaskInstance: mfg_raw_ingestion_dag.dbt_test_all scheduled__2025-12-14T04:00:00+00:00 [running]> on host 24030efa02e6
[2025-12-16T00:41:50.004+0000] {taskinstance.py:2644} INFO - Exporting env vars: AIRFLOW_CTX_DAG_OWNER='data-engineering' AIRFLOW_CTX_DAG_ID='mfg_raw_ingestion_dag' AIRFLOW_CTX_TASK_ID='dbt_test_all' AIRFLOW_CTX_EXECUTION_DATE='2025-12-14T04:00:00+00:00' AIRFLOW_CTX_TRY_NUMBER='3' AIRFLOW_CTX_DAG_RUN_ID='scheduled__2025-12-14T04:00:00+00:00'
[2025-12-16T00:41:50.005+0000] {taskinstance.py:430} INFO - ::endgroup::
[2025-12-16T00:41:50.024+0000] {subprocess.py:63} INFO - Tmp dir root location: /tmp
[2025-12-16T00:41:50.025+0000] {subprocess.py:75} INFO - Running command: ['/usr/bin/bash', '-c', 'set -euo pipefail; cd /opt/***/dbt_project && dbt test --profiles-dir /opt/***/dbt_profiles']
[2025-12-16T00:41:50.034+0000] {subprocess.py:86} INFO - Output:
[2025-12-16T00:41:53.022+0000] {subprocess.py:93} INFO - [0m00:41:53  Running with dbt=1.10.15
[2025-12-16T00:41:54.429+0000] {subprocess.py:93} INFO - [0m00:41:54  Registered adapter: snowflake=1.10.4
[2025-12-16T00:41:55.154+0000] {subprocess.py:93} INFO - [0m00:41:55  Found 8 models, 35 data tests, 3 sources, 504 macros
[2025-12-16T00:41:55.160+0000] {subprocess.py:93} INFO - [0m00:41:55
[2025-12-16T00:41:55.162+0000] {subprocess.py:93} INFO - [0m00:41:55  Concurrency: 4 threads (target='dev')
[2025-12-16T00:41:55.163+0000] {subprocess.py:93} INFO - [0m00:41:55
[2025-12-16T00:41:57.078+0000] {subprocess.py:93} INFO - [0m00:41:57  1 of 35 START test dbt_utils_unique_combination_of_columns_core_batches_batch_id__load_run_id  [RUN]
[2025-12-16T00:41:57.080+0000] {subprocess.py:93} INFO - [0m00:41:57  2 of 35 START test dbt_utils_unique_combination_of_columns_core_materials_material_id__load_run_id  [RUN]
[2025-12-16T00:41:57.082+0000] {subprocess.py:93} INFO - [0m00:41:57  3 of 35 START test dbt_utils_unique_combination_of_columns_fct_production_orders_order_id__load_run_id  [RUN]
[2025-12-16T00:41:57.084+0000] {subprocess.py:93} INFO - [0m00:41:57  4 of 35 START test dbt_utils_unique_combination_of_columns_mfg_plant_daily_kpis_manufacturing_site__calendar_date  [RUN]
[2025-12-16T00:41:57.156+0000] {subprocess.py:93} INFO - [0m00:41:57  1 of 35 ERROR dbt_utils_unique_combination_of_columns_core_batches_batch_id__load_run_id  [[31mERROR[0m in 0.07s]
[2025-12-16T00:41:57.159+0000] {subprocess.py:93} INFO - [0m00:41:57  2 of 35 ERROR dbt_utils_unique_combination_of_columns_core_materials_material_id__load_run_id  [[31mERROR[0m in 0.07s]
[2025-12-16T00:41:57.161+0000] {subprocess.py:93} INFO - [0m00:41:57  3 of 35 ERROR dbt_utils_unique_combination_of_columns_fct_production_orders_order_id__load_run_id  [[31mERROR[0m in 0.07s]
[2025-12-16T00:41:57.164+0000] {subprocess.py:93} INFO - [0m00:41:57  4 of 35 ERROR dbt_utils_unique_combination_of_columns_mfg_plant_daily_kpis_manufacturing_site__calendar_date  [[31mERROR[0m in 0.07s]
[2025-12-16T00:41:57.200+0000] {subprocess.py:93} INFO - [0m00:41:57  5 of 35 START test not_null_core_batches_batch_id .............................. [RUN]
[2025-12-16T00:41:57.210+0000] {subprocess.py:93} INFO - [0m00:41:57  6 of 35 START test not_null_core_batches_load_run_id ........................... [RUN]
[2025-12-16T00:41:57.212+0000] {subprocess.py:93} INFO - [0m00:41:57  7 of 35 START test not_null_core_batches_loaded_at ............................. [RUN]
[2025-12-16T00:41:57.217+0000] {subprocess.py:93} INFO - [0m00:41:57  8 of 35 START test not_null_core_batches_material_id ........................... [RUN]
[2025-12-16T00:41:57.684+0000] {subprocess.py:93} INFO - [0m00:41:57  5 of 35 PASS not_null_core_batches_batch_id .................................... [[32mPASS[0m in 0.47s]
[2025-12-16T00:41:57.691+0000] {subprocess.py:93} INFO - [0m00:41:57  9 of 35 START test not_null_core_materials_load_run_id ......................... [RUN]
[2025-12-16T00:41:58.035+0000] {subprocess.py:93} INFO - [0m00:41:58  9 of 35 FAIL 500 not_null_core_materials_load_run_id ........................... [[31mFAIL 500[0m in 0.34s]
[2025-12-16T00:41:58.041+0000] {subprocess.py:93} INFO - [0m00:41:58  10 of 35 START test not_null_core_materials_loaded_at .......................... [RUN]
[2025-12-16T00:41:58.424+0000] {subprocess.py:93} INFO - [0m00:41:58  10 of 35 FAIL 500 not_null_core_materials_loaded_at ............................ [[31mFAIL 500[0m in 0.38s]
[2025-12-16T00:41:58.428+0000] {subprocess.py:93} INFO - [0m00:41:58  11 of 35 START test not_null_core_materials_material_id ........................ [RUN]
[2025-12-16T00:41:58.555+0000] {subprocess.py:93} INFO - [0m00:41:58  7 of 35 FAIL 10000 not_null_core_batches_loaded_at ............................. [[31mFAIL 10000[0m in 1.33s]
[2025-12-16T00:41:58.560+0000] {subprocess.py:93} INFO - [0m00:41:58  12 of 35 START test not_null_fct_production_orders_batch_id .................... [RUN]
[2025-12-16T00:41:58.967+0000] {subprocess.py:93} INFO - [0m00:41:58  11 of 35 PASS not_null_core_materials_material_id .............................. [[32mPASS[0m in 0.54s]
[2025-12-16T00:41:58.971+0000] {subprocess.py:93} INFO - [0m00:41:58  6 of 35 FAIL 10000 not_null_core_batches_load_run_id ........................... [[31mFAIL 10000[0m in 1.75s]
[2025-12-16T00:41:58.974+0000] {subprocess.py:93} INFO - [0m00:41:58  12 of 35 PASS not_null_fct_production_orders_batch_id .......................... [[32mPASS[0m in 0.41s]
[2025-12-16T00:41:58.990+0000] {subprocess.py:93} INFO - [0m00:41:58  13 of 35 START test not_null_fct_production_orders_load_run_id ................. [RUN]
[2025-12-16T00:41:58.991+0000] {subprocess.py:93} INFO - [0m00:41:58  14 of 35 START test not_null_fct_production_orders_loaded_at ................... [RUN]
[2025-12-16T00:41:58.995+0000] {subprocess.py:93} INFO - [0m00:41:58  8 of 35 PASS not_null_core_batches_material_id ................................. [[32mPASS[0m in 1.77s]
[2025-12-16T00:41:58.997+0000] {subprocess.py:93} INFO - [0m00:41:58  15 of 35 START test not_null_fct_production_orders_order_id .................... [RUN]
[2025-12-16T00:41:59.024+0000] {subprocess.py:93} INFO - [0m00:41:59  16 of 35 START test not_null_mfg_ml_features_orders_manufacturing_site ......... [RUN]
[2025-12-16T00:41:59.368+0000] {subprocess.py:93} INFO - [0m00:41:59  13 of 35 FAIL 10000 not_null_fct_production_orders_load_run_id ................. [[31mFAIL 10000[0m in 0.37s]
[2025-12-16T00:41:59.374+0000] {subprocess.py:93} INFO - [0m00:41:59  15 of 35 PASS not_null_fct_production_orders_order_id .......................... [[32mPASS[0m in 0.37s]
[2025-12-16T00:41:59.381+0000] {subprocess.py:93} INFO - [0m00:41:59  16 of 35 FAIL 10000 not_null_mfg_ml_features_orders_manufacturing_site ......... [[31mFAIL 10000[0m in 0.35s]
[2025-12-16T00:41:59.396+0000] {subprocess.py:93} INFO - [0m00:41:59  14 of 35 FAIL 10000 not_null_fct_production_orders_loaded_at ................... [[31mFAIL 10000[0m in 0.40s]
[2025-12-16T00:41:59.409+0000] {subprocess.py:93} INFO - [0m00:41:59  17 of 35 START test not_null_mfg_ml_features_orders_order_id ................... [RUN]
[2025-12-16T00:41:59.411+0000] {subprocess.py:93} INFO - [0m00:41:59  18 of 35 START test not_null_mfg_plant_daily_kpis_calendar_date ................ [RUN]
[2025-12-16T00:41:59.413+0000] {subprocess.py:93} INFO - [0m00:41:59  19 of 35 START test not_null_mfg_plant_daily_kpis_manufacturing_site ........... [RUN]
[2025-12-16T00:41:59.425+0000] {subprocess.py:93} INFO - [0m00:41:59  20 of 35 START test not_null_stg_batches_batch_id .............................. [RUN]
[2025-12-16T00:41:59.825+0000] {subprocess.py:93} INFO - [0m00:41:59  18 of 35 PASS not_null_mfg_plant_daily_kpis_calendar_date ...................... [[32mPASS[0m in 0.41s]
[2025-12-16T00:41:59.831+0000] {subprocess.py:93} INFO - [0m00:41:59  21 of 35 START test not_null_stg_batches_load_run_id ........................... [RUN]
[2025-12-16T00:41:59.856+0000] {subprocess.py:93} INFO - [0m00:41:59  17 of 35 PASS not_null_mfg_ml_features_orders_order_id ......................... [[32mPASS[0m in 0.44s]
[2025-12-16T00:41:59.868+0000] {subprocess.py:93} INFO - [0m00:41:59  19 of 35 PASS not_null_mfg_plant_daily_kpis_manufacturing_site ................. [[32mPASS[0m in 0.44s]
[2025-12-16T00:41:59.880+0000] {subprocess.py:93} INFO - [0m00:41:59  20 of 35 PASS not_null_stg_batches_batch_id .................................... [[32mPASS[0m in 0.45s]
[2025-12-16T00:41:59.883+0000] {subprocess.py:93} INFO - [0m00:41:59  22 of 35 START test not_null_stg_batches_loaded_at ............................. [RUN]
[2025-12-16T00:41:59.900+0000] {subprocess.py:93} INFO - [0m00:41:59  23 of 35 START test not_null_stg_batches_material_id ........................... [RUN]
[2025-12-16T00:41:59.909+0000] {subprocess.py:93} INFO - [0m00:41:59  24 of 35 START test not_null_stg_materials_load_run_id ......................... [RUN]
[2025-12-16T00:42:00.215+0000] {subprocess.py:93} INFO - [0m00:42:00  21 of 35 FAIL 10000 not_null_stg_batches_load_run_id ........................... [[31mFAIL 10000[0m in 0.38s]
[2025-12-16T00:42:00.220+0000] {subprocess.py:93} INFO - [0m00:42:00  25 of 35 START test not_null_stg_materials_loaded_at ........................... [RUN]
[2025-12-16T00:42:00.311+0000] {subprocess.py:93} INFO - [0m00:42:00  22 of 35 FAIL 10000 not_null_stg_batches_loaded_at ............................. [[31mFAIL 10000[0m in 0.42s]
[2025-12-16T00:42:00.315+0000] {subprocess.py:93} INFO - [0m00:42:00  23 of 35 PASS not_null_stg_batches_material_id ................................. [[32mPASS[0m in 0.41s]
[2025-12-16T00:42:00.324+0000] {subprocess.py:93} INFO - [0m00:42:00  26 of 35 START test not_null_stg_materials_material_id ......................... [RUN]
[2025-12-16T00:42:00.326+0000] {subprocess.py:93} INFO - [0m00:42:00  27 of 35 START test not_null_stg_production_orders_batch_id .................... [RUN]
[2025-12-16T00:42:00.363+0000] {subprocess.py:93} INFO - [0m00:42:00  24 of 35 FAIL 500 not_null_stg_materials_load_run_id ........................... [[31mFAIL 500[0m in 0.44s]
[2025-12-16T00:42:00.375+0000] {subprocess.py:93} INFO - [0m00:42:00  28 of 35 START test not_null_stg_production_orders_load_run_id ................. [RUN]
[2025-12-16T00:42:00.524+0000] {subprocess.py:93} INFO - [0m00:42:00  25 of 35 FAIL 500 not_null_stg_materials_loaded_at ............................. [[31mFAIL 500[0m in 0.30s]
[2025-12-16T00:42:00.529+0000] {subprocess.py:93} INFO - [0m00:42:00  29 of 35 START test not_null_stg_production_orders_loaded_at ................... [RUN]
[2025-12-16T00:42:00.648+0000] {subprocess.py:93} INFO - [0m00:42:00  26 of 35 PASS not_null_stg_materials_material_id ............................... [[32mPASS[0m in 0.32s]
[2025-12-16T00:42:00.653+0000] {subprocess.py:93} INFO - [0m00:42:00  30 of 35 START test not_null_stg_production_orders_order_id .................... [RUN]
[2025-12-16T00:42:00.698+0000] {subprocess.py:93} INFO - [0m00:42:00  28 of 35 FAIL 10000 not_null_stg_production_orders_load_run_id ................. [[31mFAIL 10000[0m in 0.32s]
[2025-12-16T00:42:00.705+0000] {subprocess.py:93} INFO - [0m00:42:00  31 of 35 START test relationships_core_batches_material_id__material_id__ref_core_materials_  [RUN]
[2025-12-16T00:42:00.834+0000] {subprocess.py:93} INFO - [0m00:42:00  27 of 35 PASS not_null_stg_production_orders_batch_id .......................... [[32mPASS[0m in 0.50s]
[2025-12-16T00:42:00.842+0000] {subprocess.py:93} INFO - [0m00:42:00  29 of 35 FAIL 10000 not_null_stg_production_orders_loaded_at ................... [[31mFAIL 10000[0m in 0.31s]
[2025-12-16T00:42:00.844+0000] {subprocess.py:93} INFO - [0m00:42:00  32 of 35 START test relationships_fct_production_orders_batch_id__batch_id__ref_core_batches_  [RUN]
[2025-12-16T00:42:00.852+0000] {subprocess.py:93} INFO - [0m00:42:00  33 of 35 START test relationships_stg_batches_material_id__material_id__ref_stg_materials_  [RUN]
[2025-12-16T00:42:00.978+0000] {subprocess.py:93} INFO - [0m00:42:00  30 of 35 PASS not_null_stg_production_orders_order_id .......................... [[32mPASS[0m in 0.32s]
[2025-12-16T00:42:00.982+0000] {subprocess.py:93} INFO - [0m00:42:00  34 of 35 START test relationships_stg_production_orders_batch_id__batch_id__ref_stg_batches_  [RUN]
[2025-12-16T00:42:01.039+0000] {subprocess.py:93} INFO - [0m00:42:01  31 of 35 PASS relationships_core_batches_material_id__material_id__ref_core_materials_  [[32mPASS[0m in 0.33s]
[2025-12-16T00:42:01.044+0000] {subprocess.py:93} INFO - [0m00:42:01  35 of 35 START test unique_mfg_ml_features_orders_order_id ..................... [RUN]
[2025-12-16T00:42:01.163+0000] {subprocess.py:93} INFO - [0m00:42:01  32 of 35 PASS relationships_fct_production_orders_batch_id__batch_id__ref_core_batches_  [[32mPASS[0m in 0.32s]
[2025-12-16T00:42:01.212+0000] {subprocess.py:93} INFO - [0m00:42:01  33 of 35 PASS relationships_stg_batches_material_id__material_id__ref_stg_materials_  [[32mPASS[0m in 0.35s]
[2025-12-16T00:42:01.308+0000] {subprocess.py:93} INFO - [0m00:42:01  34 of 35 PASS relationships_stg_production_orders_batch_id__batch_id__ref_stg_batches_  [[32mPASS[0m in 0.32s]
[2025-12-16T00:42:01.344+0000] {subprocess.py:93} INFO - [0m00:42:01  35 of 35 FAIL 10000 unique_mfg_ml_features_orders_order_id ..................... [[31mFAIL 10000[0m in 0.30s]
[2025-12-16T00:42:03.250+0000] {subprocess.py:93} INFO - [0m00:42:03
[2025-12-16T00:42:03.284+0000] {subprocess.py:93} INFO - [0m00:42:03  Finished running 35 data tests in 0 hours 0 minutes and 8.08 seconds (8.08s).
[2025-12-16T00:42:03.399+0000] {subprocess.py:93} INFO - [0m00:42:03
[2025-12-16T00:42:03.401+0000] {subprocess.py:93} INFO - [0m00:42:03  [31mCompleted with 18 errors, 0 partial successes, and 0 warnings:[0m
[2025-12-16T00:42:03.402+0000] {subprocess.py:93} INFO - [0m00:42:03
[2025-12-16T00:42:03.405+0000] {subprocess.py:93} INFO - [0m00:42:03  [31mFailure in test dbt_utils_unique_combination_of_columns_core_batches_batch_id__load_run_id (models/core/core_schema.yml)[0m
[2025-12-16T00:42:03.407+0000] {subprocess.py:93} INFO - [0m00:42:03    Compilation Error in test dbt_utils_unique_combination_of_columns_core_batches_batch_id__load_run_id (models/core/core_schema.yml)
[2025-12-16T00:42:03.408+0000] {subprocess.py:93} INFO -   'dbt_utils' is undefined. This can happen when calling a macro that does not exist. Check for typos and/or install package dependencies with "dbt deps".
[2025-12-16T00:42:03.409+0000] {subprocess.py:93} INFO - [0m00:42:03
[2025-12-16T00:42:03.411+0000] {subprocess.py:93} INFO - [0m00:42:03  [31mFailure in test dbt_utils_unique_combination_of_columns_core_materials_material_id__load_run_id (models/core/core_schema.yml)[0m
[2025-12-16T00:42:03.412+0000] {subprocess.py:93} INFO - [0m00:42:03    Compilation Error in test dbt_utils_unique_combination_of_columns_core_materials_material_id__load_run_id (models/core/core_schema.yml)
[2025-12-16T00:42:03.413+0000] {subprocess.py:93} INFO -   'dbt_utils' is undefined. This can happen when calling a macro that does not exist. Check for typos and/or install package dependencies with "dbt deps".
[2025-12-16T00:42:03.414+0000] {subprocess.py:93} INFO - [0m00:42:03
[2025-12-16T00:42:03.415+0000] {subprocess.py:93} INFO - [0m00:42:03  [31mFailure in test dbt_utils_unique_combination_of_columns_fct_production_orders_order_id__load_run_id (models/core/core_schema.yml)[0m
[2025-12-16T00:42:03.417+0000] {subprocess.py:93} INFO - [0m00:42:03    Compilation Error in test dbt_utils_unique_combination_of_columns_fct_production_orders_order_id__load_run_id (models/core/core_schema.yml)
[2025-12-16T00:42:03.417+0000] {subprocess.py:93} INFO -   'dbt_utils' is undefined. This can happen when calling a macro that does not exist. Check for typos and/or install package dependencies with "dbt deps".
[2025-12-16T00:42:03.418+0000] {subprocess.py:93} INFO - [0m00:42:03
[2025-12-16T00:42:03.421+0000] {subprocess.py:93} INFO - [0m00:42:03  [31mFailure in test dbt_utils_unique_combination_of_columns_mfg_plant_daily_kpis_manufacturing_site__calendar_date (models/marts/marts_schema.yml)[0m
[2025-12-16T00:42:03.423+0000] {subprocess.py:93} INFO - [0m00:42:03    Compilation Error in test dbt_utils_unique_combination_of_columns_mfg_plant_daily_kpis_manufacturing_site__calendar_date (models/marts/marts_schema.yml)
[2025-12-16T00:42:03.424+0000] {subprocess.py:93} INFO -   'dbt_utils' is undefined. This can happen when calling a macro that does not exist. Check for typos and/or install package dependencies with "dbt deps".
[2025-12-16T00:42:03.425+0000] {subprocess.py:93} INFO - [0m00:42:03
[2025-12-16T00:42:03.426+0000] {subprocess.py:93} INFO - [0m00:42:03  [31mFailure in test not_null_core_materials_load_run_id (models/core/core_schema.yml)[0m
[2025-12-16T00:42:03.428+0000] {subprocess.py:93} INFO - [0m00:42:03    Got 500 results, configured to fail if != 0
[2025-12-16T00:42:03.429+0000] {subprocess.py:93} INFO - [0m00:42:03
[2025-12-16T00:42:03.431+0000] {subprocess.py:93} INFO - [0m00:42:03    compiled code at target/compiled/mfg_accelerator/models/core/core_schema.yml/not_null_core_materials_load_run_id.sql
[2025-12-16T00:42:03.433+0000] {subprocess.py:93} INFO - [0m00:42:03
[2025-12-16T00:42:03.434+0000] {subprocess.py:93} INFO - [0m00:42:03  [31mFailure in test not_null_core_materials_loaded_at (models/core/core_schema.yml)[0m
[2025-12-16T00:42:03.436+0000] {subprocess.py:93} INFO - [0m00:42:03    Got 500 results, configured to fail if != 0
[2025-12-16T00:42:03.439+0000] {subprocess.py:93} INFO - [0m00:42:03
[2025-12-16T00:42:03.441+0000] {subprocess.py:93} INFO - [0m00:42:03    compiled code at target/compiled/mfg_accelerator/models/core/core_schema.yml/not_null_core_materials_loaded_at.sql
[2025-12-16T00:42:03.442+0000] {subprocess.py:93} INFO - [0m00:42:03
[2025-12-16T00:42:03.444+0000] {subprocess.py:93} INFO - [0m00:42:03  [31mFailure in test not_null_core_batches_loaded_at (models/core/core_schema.yml)[0m
[2025-12-16T00:42:03.445+0000] {subprocess.py:93} INFO - [0m00:42:03    Got 10000 results, configured to fail if != 0
[2025-12-16T00:42:03.447+0000] {subprocess.py:93} INFO - [0m00:42:03
[2025-12-16T00:42:03.448+0000] {subprocess.py:93} INFO - [0m00:42:03    compiled code at target/compiled/mfg_accelerator/models/core/core_schema.yml/not_null_core_batches_loaded_at.sql
[2025-12-16T00:42:03.449+0000] {subprocess.py:93} INFO - [0m00:42:03
[2025-12-16T00:42:03.450+0000] {subprocess.py:93} INFO - [0m00:42:03  [31mFailure in test not_null_core_batches_load_run_id (models/core/core_schema.yml)[0m
[2025-12-16T00:42:03.452+0000] {subprocess.py:93} INFO - [0m00:42:03    Got 10000 results, configured to fail if != 0
[2025-12-16T00:42:03.456+0000] {subprocess.py:93} INFO - [0m00:42:03
[2025-12-16T00:42:03.458+0000] {subprocess.py:93} INFO - [0m00:42:03    compiled code at target/compiled/mfg_accelerator/models/core/core_schema.yml/not_null_core_batches_load_run_id.sql
[2025-12-16T00:42:03.459+0000] {subprocess.py:93} INFO - [0m00:42:03
[2025-12-16T00:42:03.461+0000] {subprocess.py:93} INFO - [0m00:42:03  [31mFailure in test not_null_fct_production_orders_load_run_id (models/core/core_schema.yml)[0m
[2025-12-16T00:42:03.463+0000] {subprocess.py:93} INFO - [0m00:42:03    Got 10000 results, configured to fail if != 0
[2025-12-16T00:42:03.464+0000] {subprocess.py:93} INFO - [0m00:42:03
[2025-12-16T00:42:03.465+0000] {subprocess.py:93} INFO - [0m00:42:03    compiled code at target/compiled/mfg_accelerator/models/core/core_schema.yml/not_null_fct_production_orders_load_run_id.sql
[2025-12-16T00:42:03.466+0000] {subprocess.py:93} INFO - [0m00:42:03
[2025-12-16T00:42:03.468+0000] {subprocess.py:93} INFO - [0m00:42:03  [31mFailure in test not_null_mfg_ml_features_orders_manufacturing_site (models/marts/marts_schema.yml)[0m
[2025-12-16T00:42:03.471+0000] {subprocess.py:93} INFO - [0m00:42:03    Got 10000 results, configured to fail if != 0
[2025-12-16T00:42:03.474+0000] {subprocess.py:93} INFO - [0m00:42:03
[2025-12-16T00:42:03.475+0000] {subprocess.py:93} INFO - [0m00:42:03    compiled code at target/compiled/mfg_accelerator/models/marts/marts_schema.yml/not_null_mfg_ml_features_orders_manufacturing_site.sql
[2025-12-16T00:42:03.477+0000] {subprocess.py:93} INFO - [0m00:42:03
[2025-12-16T00:42:03.478+0000] {subprocess.py:93} INFO - [0m00:42:03  [31mFailure in test not_null_fct_production_orders_loaded_at (models/core/core_schema.yml)[0m
[2025-12-16T00:42:03.480+0000] {subprocess.py:93} INFO - [0m00:42:03    Got 10000 results, configured to fail if != 0
[2025-12-16T00:42:03.481+0000] {subprocess.py:93} INFO - [0m00:42:03
[2025-12-16T00:42:03.483+0000] {subprocess.py:93} INFO - [0m00:42:03    compiled code at target/compiled/mfg_accelerator/models/core/core_schema.yml/not_null_fct_production_orders_loaded_at.sql
[2025-12-16T00:42:03.484+0000] {subprocess.py:93} INFO - [0m00:42:03
[2025-12-16T00:42:03.487+0000] {subprocess.py:93} INFO - [0m00:42:03  [31mFailure in test not_null_stg_batches_load_run_id (models/staging/staging_schema.yml)[0m
[2025-12-16T00:42:03.490+0000] {subprocess.py:93} INFO - [0m00:42:03    Got 10000 results, configured to fail if != 0
[2025-12-16T00:42:03.491+0000] {subprocess.py:93} INFO - [0m00:42:03
[2025-12-16T00:42:03.493+0000] {subprocess.py:93} INFO - [0m00:42:03    compiled code at target/compiled/mfg_accelerator/models/staging/staging_schema.yml/not_null_stg_batches_load_run_id.sql
[2025-12-16T00:42:03.494+0000] {subprocess.py:93} INFO - [0m00:42:03
[2025-12-16T00:42:03.496+0000] {subprocess.py:93} INFO - [0m00:42:03  [31mFailure in test not_null_stg_batches_loaded_at (models/staging/staging_schema.yml)[0m
[2025-12-16T00:42:03.497+0000] {subprocess.py:93} INFO - [0m00:42:03    Got 10000 results, configured to fail if != 0
[2025-12-16T00:42:03.498+0000] {subprocess.py:93} INFO - [0m00:42:03
[2025-12-16T00:42:03.500+0000] {subprocess.py:93} INFO - [0m00:42:03    compiled code at target/compiled/mfg_accelerator/models/staging/staging_schema.yml/not_null_stg_batches_loaded_at.sql
[2025-12-16T00:42:03.501+0000] {subprocess.py:93} INFO - [0m00:42:03
[2025-12-16T00:42:03.503+0000] {subprocess.py:93} INFO - [0m00:42:03  [31mFailure in test not_null_stg_materials_load_run_id (models/staging/staging_schema.yml)[0m
[2025-12-16T00:42:03.506+0000] {subprocess.py:93} INFO - [0m00:42:03    Got 500 results, configured to fail if != 0
[2025-12-16T00:42:03.508+0000] {subprocess.py:93} INFO - [0m00:42:03
[2025-12-16T00:42:03.509+0000] {subprocess.py:93} INFO - [0m00:42:03    compiled code at target/compiled/mfg_accelerator/models/staging/staging_schema.yml/not_null_stg_materials_load_run_id.sql
[2025-12-16T00:42:03.511+0000] {subprocess.py:93} INFO - [0m00:42:03
[2025-12-16T00:42:03.512+0000] {subprocess.py:93} INFO - [0m00:42:03  [31mFailure in test not_null_stg_materials_loaded_at (models/staging/staging_schema.yml)[0m
[2025-12-16T00:42:03.514+0000] {subprocess.py:93} INFO - [0m00:42:03    Got 500 results, configured to fail if != 0
[2025-12-16T00:42:03.515+0000] {subprocess.py:93} INFO - [0m00:42:03
[2025-12-16T00:42:03.516+0000] {subprocess.py:93} INFO - [0m00:42:03    compiled code at target/compiled/mfg_accelerator/models/staging/staging_schema.yml/not_null_stg_materials_loaded_at.sql
[2025-12-16T00:42:03.518+0000] {subprocess.py:93} INFO - [0m00:42:03
[2025-12-16T00:42:03.520+0000] {subprocess.py:93} INFO - [0m00:42:03  [31mFailure in test not_null_stg_production_orders_load_run_id (models/staging/staging_schema.yml)[0m
[2025-12-16T00:42:03.523+0000] {subprocess.py:93} INFO - [0m00:42:03    Got 10000 results, configured to fail if != 0
[2025-12-16T00:42:03.525+0000] {subprocess.py:93} INFO - [0m00:42:03
[2025-12-16T00:42:03.527+0000] {subprocess.py:93} INFO - [0m00:42:03    compiled code at target/compiled/mfg_accelerator/models/staging/staging_schema.yml/not_null_stg_production_orders_load_run_id.sql
[2025-12-16T00:42:03.528+0000] {subprocess.py:93} INFO - [0m00:42:03
[2025-12-16T00:42:03.529+0000] {subprocess.py:93} INFO - [0m00:42:03  [31mFailure in test not_null_stg_production_orders_loaded_at (models/staging/staging_schema.yml)[0m
[2025-12-16T00:42:03.531+0000] {subprocess.py:93} INFO - [0m00:42:03    Got 10000 results, configured to fail if != 0
[2025-12-16T00:42:03.532+0000] {subprocess.py:93} INFO - [0m00:42:03
[2025-12-16T00:42:03.533+0000] {subprocess.py:93} INFO - [0m00:42:03    compiled code at target/compiled/mfg_accelerator/models/staging/staging_schema.yml/not_null_stg_production_orders_loaded_at.sql
[2025-12-16T00:42:03.535+0000] {subprocess.py:93} INFO - [0m00:42:03
[2025-12-16T00:42:03.538+0000] {subprocess.py:93} INFO - [0m00:42:03  [31mFailure in test unique_mfg_ml_features_orders_order_id (models/marts/marts_schema.yml)[0m
[2025-12-16T00:42:03.540+0000] {subprocess.py:93} INFO - [0m00:42:03    Got 10000 results, configured to fail if != 0
[2025-12-16T00:42:03.542+0000] {subprocess.py:93} INFO - [0m00:42:03
[2025-12-16T00:42:03.543+0000] {subprocess.py:93} INFO - [0m00:42:03    compiled code at target/compiled/mfg_accelerator/models/marts/marts_schema.yml/unique_mfg_ml_features_orders_order_id.sql
[2025-12-16T00:42:03.545+0000] {subprocess.py:93} INFO - [0m00:42:03
[2025-12-16T00:42:03.546+0000] {subprocess.py:93} INFO - [0m00:42:03  Done. PASS=17 WARN=0 ERROR=18 SKIP=0 NO-OP=0 TOTAL=35
[2025-12-16T00:42:04.645+0000] {subprocess.py:97} INFO - Command exited with return code 1
[2025-12-16T00:42:04.646+0000] {taskinstance.py:441} INFO - ::group::Post task execution logs
[2025-12-16T00:42:04.657+0000] {taskinstance.py:2890} ERROR - Task failed with exception
Traceback (most recent call last):
  File "/home/airflow/.local/lib/python3.12/site-packages/airflow/models/taskinstance.py", line 460, in _execute_task
    result = _execute_callable(context=context, **execute_callable_kwargs)
             ^^^^^^^^^^^^^^^^^^^^^^^^^^^^^^^^^^^^^^^^^^^^^^^^^^^^^^^^^^^^^
  File "/home/airflow/.local/lib/python3.12/site-packages/airflow/models/taskinstance.py", line 432, in _execute_callable
    return execute_callable(context=context, **execute_callable_kwargs)
           ^^^^^^^^^^^^^^^^^^^^^^^^^^^^^^^^^^^^^^^^^^^^^^^^^^^^^^^^^^^^
  File "/home/airflow/.local/lib/python3.12/site-packages/airflow/models/baseoperator.py", line 400, in wrapper
    return func(self, *args, **kwargs)
           ^^^^^^^^^^^^^^^^^^^^^^^^^^^
  File "/home/airflow/.local/lib/python3.12/site-packages/airflow/operators/bash.py", line 243, in execute
    raise AirflowException(
airflow.exceptions.AirflowException: Bash command failed. The command returned a non-zero exit code 1.
[2025-12-16T00:42:04.663+0000] {taskinstance.py:1205} INFO - Marking task as FAILED. dag_id=mfg_raw_ingestion_dag, task_id=dbt_test_all, execution_date=20251214T040000, start_date=20251216T004149, end_date=20251216T004204
[2025-12-16T00:42:04.680+0000] {standard_task_runner.py:110} ERROR - Failed to execute job 6 for task dbt_test_all (Bash command failed. The command returned a non-zero exit code 1.; 880)
[2025-12-16T00:42:04.722+0000] {local_task_job_runner.py:240} INFO - Task exited with return code 1
[2025-12-16T00:42:04.739+0000] {taskinstance.py:3482} INFO - 0 downstream tasks scheduled from follow-on schedule check
[2025-12-16T00:42:04.743+0000] {local_task_job_runner.py:222} INFO - ::endgroup::
