[2025-12-15T23:19:23.689+0000] {local_task_job_runner.py:120} INFO - ::group::Pre task execution logs
[2025-12-15T23:19:23.718+0000] {taskinstance.py:2073} INFO - Dependencies all met for dep_context=non-requeueable deps ti=<TaskInstance: mfg_raw_ingestion_dag.dbt_test_all scheduled__2025-12-14T04:00:00+00:00 [queued]>
[2025-12-15T23:19:23.727+0000] {taskinstance.py:2073} INFO - Dependencies all met for dep_context=requeueable deps ti=<TaskInstance: mfg_raw_ingestion_dag.dbt_test_all scheduled__2025-12-14T04:00:00+00:00 [queued]>
[2025-12-15T23:19:23.727+0000] {taskinstance.py:2303} INFO - Starting attempt 2 of 3
[2025-12-15T23:19:23.741+0000] {taskinstance.py:2327} INFO - Executing <Task(BashOperator): dbt_test_all> on 2025-12-14 04:00:00+00:00
[2025-12-15T23:19:23.749+0000] {standard_task_runner.py:90} INFO - Running: ['***', 'tasks', 'run', 'mfg_raw_ingestion_dag', 'dbt_test_all', 'scheduled__2025-12-14T04:00:00+00:00', '--job-id', '5', '--raw', '--subdir', 'DAGS_FOLDER/mfg_raw_ingestion_dag.py', '--cfg-path', '/tmp/tmpm5zcgla7']
[2025-12-15T23:19:23.751+0000] {logging_mixin.py:188} WARNING - /home/***/.local/lib/python3.12/site-packages/***/task/task_runner/standard_task_runner.py:61 DeprecationWarning: This process (pid=828) is multi-threaded, use of fork() may lead to deadlocks in the child.
[2025-12-15T23:19:23.752+0000] {standard_task_runner.py:91} INFO - Job 5: Subtask dbt_test_all
[2025-12-15T23:19:23.752+0000] {standard_task_runner.py:63} INFO - Started process 829 to run task
[2025-12-15T23:19:23.807+0000] {task_command.py:426} INFO - Running <TaskInstance: mfg_raw_ingestion_dag.dbt_test_all scheduled__2025-12-14T04:00:00+00:00 [running]> on host 7f6a70788018
[2025-12-15T23:19:23.895+0000] {taskinstance.py:2644} INFO - Exporting env vars: AIRFLOW_CTX_DAG_OWNER='data-engineering' AIRFLOW_CTX_DAG_ID='mfg_raw_ingestion_dag' AIRFLOW_CTX_TASK_ID='dbt_test_all' AIRFLOW_CTX_EXECUTION_DATE='2025-12-14T04:00:00+00:00' AIRFLOW_CTX_TRY_NUMBER='2' AIRFLOW_CTX_DAG_RUN_ID='scheduled__2025-12-14T04:00:00+00:00'
[2025-12-15T23:19:23.897+0000] {taskinstance.py:430} INFO - ::endgroup::
[2025-12-15T23:19:23.913+0000] {subprocess.py:63} INFO - Tmp dir root location: /tmp
[2025-12-15T23:19:23.914+0000] {subprocess.py:75} INFO - Running command: ['/usr/bin/bash', '-c', 'set -euo pipefail; cd /opt/***/dbt_project && dbt test --profiles-dir /opt/***/dbt_profiles']
[2025-12-15T23:19:23.923+0000] {subprocess.py:86} INFO - Output:
[2025-12-15T23:19:25.962+0000] {subprocess.py:93} INFO - [0m23:19:25  Running with dbt=1.10.15
[2025-12-15T23:19:26.839+0000] {subprocess.py:93} INFO - [0m23:19:26  Registered adapter: snowflake=1.10.4
[2025-12-15T23:19:27.424+0000] {subprocess.py:93} INFO - [0m23:19:27  Found 8 models, 29 data tests, 3 sources, 504 macros
[2025-12-15T23:19:27.429+0000] {subprocess.py:93} INFO - [0m23:19:27
[2025-12-15T23:19:27.431+0000] {subprocess.py:93} INFO - [0m23:19:27  Concurrency: 4 threads (target='dev')
[2025-12-15T23:19:27.432+0000] {subprocess.py:93} INFO - [0m23:19:27
[2025-12-15T23:19:29.470+0000] {subprocess.py:93} INFO - [0m23:19:29  1 of 29 START test not_null_core_batches_batch_id .............................. [RUN]
[2025-12-15T23:19:29.472+0000] {subprocess.py:93} INFO - [0m23:19:29  2 of 29 START test not_null_core_batches_load_run_id ........................... [RUN]
[2025-12-15T23:19:29.474+0000] {subprocess.py:93} INFO - [0m23:19:29  3 of 29 START test not_null_core_batches_loaded_at ............................. [RUN]
[2025-12-15T23:19:29.476+0000] {subprocess.py:93} INFO - [0m23:19:29  4 of 29 START test not_null_core_batches_material_id ........................... [RUN]
[2025-12-15T23:19:29.900+0000] {subprocess.py:93} INFO - [0m23:19:29  1 of 29 PASS not_null_core_batches_batch_id .................................... [[32mPASS[0m in 0.42s]
[2025-12-15T23:19:29.905+0000] {subprocess.py:93} INFO - [0m23:19:29  5 of 29 START test not_null_core_materials_load_run_id ......................... [RUN]
[2025-12-15T23:19:30.266+0000] {subprocess.py:93} INFO - [0m23:19:30  5 of 29 FAIL 500 not_null_core_materials_load_run_id ........................... [[31mFAIL 500[0m in 0.36s]
[2025-12-15T23:19:30.271+0000] {subprocess.py:93} INFO - [0m23:19:30  6 of 29 START test not_null_core_materials_loaded_at ........................... [RUN]
[2025-12-15T23:19:30.588+0000] {subprocess.py:93} INFO - [0m23:19:30  6 of 29 FAIL 500 not_null_core_materials_loaded_at ............................. [[31mFAIL 500[0m in 0.32s]
[2025-12-15T23:19:30.593+0000] {subprocess.py:93} INFO - [0m23:19:30  7 of 29 START test not_null_core_materials_material_id ......................... [RUN]
[2025-12-15T23:19:30.869+0000] {subprocess.py:93} INFO - [0m23:19:30  7 of 29 PASS not_null_core_materials_material_id ............................... [[32mPASS[0m in 0.27s]
[2025-12-15T23:19:30.874+0000] {subprocess.py:93} INFO - [0m23:19:30  8 of 29 START test not_null_fct_production_orders_batch_id ..................... [RUN]
[2025-12-15T23:19:30.953+0000] {subprocess.py:93} INFO - [0m23:19:30  4 of 29 PASS not_null_core_batches_material_id ................................. [[32mPASS[0m in 1.47s]
[2025-12-15T23:19:30.956+0000] {subprocess.py:93} INFO - [0m23:19:30  3 of 29 FAIL 10000 not_null_core_batches_loaded_at ............................. [[31mFAIL 10000[0m in 1.48s]
[2025-12-15T23:19:30.964+0000] {subprocess.py:93} INFO - [0m23:19:30  9 of 29 START test not_null_fct_production_orders_load_run_id .................. [RUN]
[2025-12-15T23:19:30.965+0000] {subprocess.py:93} INFO - [0m23:19:30  10 of 29 START test not_null_fct_production_orders_loaded_at ................... [RUN]
[2025-12-15T23:19:30.985+0000] {subprocess.py:93} INFO - [0m23:19:30  2 of 29 FAIL 10000 not_null_core_batches_load_run_id ........................... [[31mFAIL 10000[0m in 1.51s]
[2025-12-15T23:19:30.990+0000] {subprocess.py:93} INFO - [0m23:19:30  11 of 29 START test not_null_fct_production_orders_order_id .................... [RUN]
[2025-12-15T23:19:31.209+0000] {subprocess.py:93} INFO - [0m23:19:31  8 of 29 PASS not_null_fct_production_orders_batch_id ........................... [[32mPASS[0m in 0.33s]
[2025-12-15T23:19:31.213+0000] {subprocess.py:93} INFO - [0m23:19:31  12 of 29 START test not_null_mfg_ml_features_orders_load_run_id ................ [RUN]
[2025-12-15T23:19:31.279+0000] {subprocess.py:93} INFO - [0m23:19:31  9 of 29 FAIL 10000 not_null_fct_production_orders_load_run_id .................. [[31mFAIL 10000[0m in 0.31s]
[2025-12-15T23:19:31.284+0000] {subprocess.py:93} INFO - [0m23:19:31  13 of 29 START test not_null_mfg_ml_features_orders_order_id ................... [RUN]
[2025-12-15T23:19:31.316+0000] {subprocess.py:93} INFO - [0m23:19:31  11 of 29 PASS not_null_fct_production_orders_order_id .......................... [[32mPASS[0m in 0.32s]
[2025-12-15T23:19:31.319+0000] {subprocess.py:93} INFO - [0m23:19:31  10 of 29 FAIL 10000 not_null_fct_production_orders_loaded_at ................... [[31mFAIL 10000[0m in 0.35s]
[2025-12-15T23:19:31.327+0000] {subprocess.py:93} INFO - [0m23:19:31  14 of 29 START test not_null_mfg_ml_features_orders_order_run_key .............. [RUN]
[2025-12-15T23:19:31.329+0000] {subprocess.py:93} INFO - [0m23:19:31  15 of 29 START test not_null_mfg_plant_daily_kpis_calendar_date ................ [RUN]
[2025-12-15T23:19:31.507+0000] {subprocess.py:93} INFO - [0m23:19:31  12 of 29 ERROR not_null_mfg_ml_features_orders_load_run_id ..................... [[31mERROR[0m in 0.29s]
[2025-12-15T23:19:31.511+0000] {subprocess.py:93} INFO - [0m23:19:31  16 of 29 START test not_null_mfg_plant_daily_kpis_load_run_id .................. [RUN]
[2025-12-15T23:19:31.592+0000] {subprocess.py:93} INFO - [0m23:19:31  13 of 29 PASS not_null_mfg_ml_features_orders_order_id ......................... [[32mPASS[0m in 0.31s]
[2025-12-15T23:19:31.596+0000] {subprocess.py:93} INFO - [0m23:19:31  17 of 29 START test not_null_mfg_plant_daily_kpis_manufacturing_site ........... [RUN]
[2025-12-15T23:19:31.636+0000] {subprocess.py:93} INFO - [0m23:19:31  14 of 29 ERROR not_null_mfg_ml_features_orders_order_run_key ................... [[31mERROR[0m in 0.31s]
[2025-12-15T23:19:31.641+0000] {subprocess.py:93} INFO - [0m23:19:31  18 of 29 START test not_null_stg_batches_batch_id .............................. [RUN]
[2025-12-15T23:19:31.655+0000] {subprocess.py:93} INFO - [0m23:19:31  15 of 29 PASS not_null_mfg_plant_daily_kpis_calendar_date ...................... [[32mPASS[0m in 0.32s]
[2025-12-15T23:19:31.658+0000] {subprocess.py:93} INFO - [0m23:19:31  19 of 29 START test not_null_stg_materials_material_id ......................... [RUN]
[2025-12-15T23:19:31.799+0000] {subprocess.py:93} INFO - [0m23:19:31  16 of 29 FAIL 3979 not_null_mfg_plant_daily_kpis_load_run_id ................... [[31mFAIL 3979[0m in 0.28s]
[2025-12-15T23:19:31.810+0000] {subprocess.py:93} INFO - [0m23:19:31  20 of 29 START test not_null_stg_production_orders_order_id .................... [RUN]
[2025-12-15T23:19:31.943+0000] {subprocess.py:93} INFO - [0m23:19:31  17 of 29 PASS not_null_mfg_plant_daily_kpis_manufacturing_site ................. [[32mPASS[0m in 0.35s]
[2025-12-15T23:19:31.946+0000] {subprocess.py:93} INFO - [0m23:19:31  21 of 29 START test relationships_core_batches_material_id__material_id__ref_core_materials_  [RUN]
[2025-12-15T23:19:31.978+0000] {subprocess.py:93} INFO - [0m23:19:31  19 of 29 PASS not_null_stg_materials_material_id ............................... [[32mPASS[0m in 0.32s]
[2025-12-15T23:19:31.986+0000] {subprocess.py:93} INFO - [0m23:19:31  18 of 29 PASS not_null_stg_batches_batch_id .................................... [[32mPASS[0m in 0.34s]
[2025-12-15T23:19:31.989+0000] {subprocess.py:93} INFO - [0m23:19:31  22 of 29 START test relationships_fct_production_orders_batch_id__batch_id__ref_core_batches_  [RUN]
[2025-12-15T23:19:31.998+0000] {subprocess.py:93} INFO - [0m23:19:31  23 of 29 START test unique_core_batches___grain_check__ ........................ [RUN]
[2025-12-15T23:19:32.220+0000] {subprocess.py:93} INFO - [0m23:19:32  20 of 29 PASS not_null_stg_production_orders_order_id .......................... [[32mPASS[0m in 0.41s]
[2025-12-15T23:19:32.224+0000] {subprocess.py:93} INFO - [0m23:19:32  24 of 29 START test unique_core_materials___grain_check__ ...................... [RUN]
[2025-12-15T23:19:32.253+0000] {subprocess.py:93} INFO - [0m23:19:32  21 of 29 PASS relationships_core_batches_material_id__material_id__ref_core_materials_  [[32mPASS[0m in 0.31s]
[2025-12-15T23:19:32.257+0000] {subprocess.py:93} INFO - [0m23:19:32  25 of 29 START test unique_fct_production_orders___grain_check__ ............... [RUN]
[2025-12-15T23:19:32.284+0000] {subprocess.py:93} INFO - [0m23:19:32  23 of 29 ERROR unique_core_batches___grain_check__ ............................. [[31mERROR[0m in 0.28s]
[2025-12-15T23:19:32.291+0000] {subprocess.py:93} INFO - [0m23:19:32  22 of 29 PASS relationships_fct_production_orders_batch_id__batch_id__ref_core_batches_  [[32mPASS[0m in 0.30s]
[2025-12-15T23:19:32.295+0000] {subprocess.py:93} INFO - [0m23:19:32  26 of 29 START test unique_mfg_ml_features_orders_order_run_key ................ [RUN]
[2025-12-15T23:19:32.300+0000] {subprocess.py:93} INFO - [0m23:19:32  27 of 29 START test unique_stg_batches_batch_id ................................ [RUN]
[2025-12-15T23:19:32.537+0000] {subprocess.py:93} INFO - [0m23:19:32  24 of 29 ERROR unique_core_materials___grain_check__ ........................... [[31mERROR[0m in 0.31s]
[2025-12-15T23:19:32.542+0000] {subprocess.py:93} INFO - [0m23:19:32  28 of 29 START test unique_stg_materials_material_id ........................... [RUN]
[2025-12-15T23:19:32.647+0000] {subprocess.py:93} INFO - [0m23:19:32  26 of 29 ERROR unique_mfg_ml_features_orders_order_run_key ..................... [[31mERROR[0m in 0.35s]
[2025-12-15T23:19:32.650+0000] {subprocess.py:93} INFO - [0m23:19:32  27 of 29 FAIL 10000 unique_stg_batches_batch_id ................................ [[31mFAIL 10000[0m in 0.35s]
[2025-12-15T23:19:32.652+0000] {subprocess.py:93} INFO - [0m23:19:32  25 of 29 ERROR unique_fct_production_orders___grain_check__ .................... [[31mERROR[0m in 0.39s]
[2025-12-15T23:19:32.661+0000] {subprocess.py:93} INFO - [0m23:19:32  29 of 29 START test unique_stg_production_orders_order_id ...................... [RUN]
[2025-12-15T23:19:32.836+0000] {subprocess.py:93} INFO - [0m23:19:32  28 of 29 FAIL 500 unique_stg_materials_material_id ............................. [[31mFAIL 500[0m in 0.29s]
[2025-12-15T23:19:32.962+0000] {subprocess.py:93} INFO - [0m23:19:32  29 of 29 FAIL 10000 unique_stg_production_orders_order_id ...................... [[31mFAIL 10000[0m in 0.30s]
[2025-12-15T23:19:34.806+0000] {subprocess.py:93} INFO - [0m23:19:34
[2025-12-15T23:19:34.807+0000] {subprocess.py:93} INFO - [0m23:19:34  Finished running 29 data tests in 0 hours 0 minutes and 7.37 seconds (7.37s).
[2025-12-15T23:19:34.894+0000] {subprocess.py:93} INFO - [0m23:19:34
[2025-12-15T23:19:34.895+0000] {subprocess.py:93} INFO - [0m23:19:34  [31mCompleted with 16 errors, 0 partial successes, and 0 warnings:[0m
[2025-12-15T23:19:34.896+0000] {subprocess.py:93} INFO - [0m23:19:34
[2025-12-15T23:19:34.898+0000] {subprocess.py:93} INFO - [0m23:19:34  [31mFailure in test not_null_core_materials_load_run_id (models/core/core_schema.yml)[0m
[2025-12-15T23:19:34.899+0000] {subprocess.py:93} INFO - [0m23:19:34    Got 500 results, configured to fail if != 0
[2025-12-15T23:19:34.900+0000] {subprocess.py:93} INFO - [0m23:19:34
[2025-12-15T23:19:34.901+0000] {subprocess.py:93} INFO - [0m23:19:34    compiled code at target/compiled/mfg_accelerator/models/core/core_schema.yml/not_null_core_materials_load_run_id.sql
[2025-12-15T23:19:34.902+0000] {subprocess.py:93} INFO - [0m23:19:34
[2025-12-15T23:19:34.904+0000] {subprocess.py:93} INFO - [0m23:19:34  [31mFailure in test not_null_core_materials_loaded_at (models/core/core_schema.yml)[0m
[2025-12-15T23:19:34.905+0000] {subprocess.py:93} INFO - [0m23:19:34    Got 500 results, configured to fail if != 0
[2025-12-15T23:19:34.906+0000] {subprocess.py:93} INFO - [0m23:19:34
[2025-12-15T23:19:34.907+0000] {subprocess.py:93} INFO - [0m23:19:34    compiled code at target/compiled/mfg_accelerator/models/core/core_schema.yml/not_null_core_materials_loaded_at.sql
[2025-12-15T23:19:34.909+0000] {subprocess.py:93} INFO - [0m23:19:34
[2025-12-15T23:19:34.910+0000] {subprocess.py:93} INFO - [0m23:19:34  [31mFailure in test not_null_core_batches_loaded_at (models/core/core_schema.yml)[0m
[2025-12-15T23:19:34.911+0000] {subprocess.py:93} INFO - [0m23:19:34    Got 10000 results, configured to fail if != 0
[2025-12-15T23:19:34.912+0000] {subprocess.py:93} INFO - [0m23:19:34
[2025-12-15T23:19:34.913+0000] {subprocess.py:93} INFO - [0m23:19:34    compiled code at target/compiled/mfg_accelerator/models/core/core_schema.yml/not_null_core_batches_loaded_at.sql
[2025-12-15T23:19:34.914+0000] {subprocess.py:93} INFO - [0m23:19:34
[2025-12-15T23:19:34.915+0000] {subprocess.py:93} INFO - [0m23:19:34  [31mFailure in test not_null_core_batches_load_run_id (models/core/core_schema.yml)[0m
[2025-12-15T23:19:34.916+0000] {subprocess.py:93} INFO - [0m23:19:34    Got 10000 results, configured to fail if != 0
[2025-12-15T23:19:34.917+0000] {subprocess.py:93} INFO - [0m23:19:34
[2025-12-15T23:19:34.918+0000] {subprocess.py:93} INFO - [0m23:19:34    compiled code at target/compiled/mfg_accelerator/models/core/core_schema.yml/not_null_core_batches_load_run_id.sql
[2025-12-15T23:19:34.919+0000] {subprocess.py:93} INFO - [0m23:19:34
[2025-12-15T23:19:34.920+0000] {subprocess.py:93} INFO - [0m23:19:34  [31mFailure in test not_null_fct_production_orders_load_run_id (models/core/core_schema.yml)[0m
[2025-12-15T23:19:34.922+0000] {subprocess.py:93} INFO - [0m23:19:34    Got 10000 results, configured to fail if != 0
[2025-12-15T23:19:34.923+0000] {subprocess.py:93} INFO - [0m23:19:34
[2025-12-15T23:19:34.924+0000] {subprocess.py:93} INFO - [0m23:19:34    compiled code at target/compiled/mfg_accelerator/models/core/core_schema.yml/not_null_fct_production_orders_load_run_id.sql
[2025-12-15T23:19:34.925+0000] {subprocess.py:93} INFO - [0m23:19:34
[2025-12-15T23:19:34.925+0000] {subprocess.py:93} INFO - [0m23:19:34  [31mFailure in test not_null_fct_production_orders_loaded_at (models/core/core_schema.yml)[0m
[2025-12-15T23:19:34.926+0000] {subprocess.py:93} INFO - [0m23:19:34    Got 10000 results, configured to fail if != 0
[2025-12-15T23:19:34.927+0000] {subprocess.py:93} INFO - [0m23:19:34
[2025-12-15T23:19:34.928+0000] {subprocess.py:93} INFO - [0m23:19:34    compiled code at target/compiled/mfg_accelerator/models/core/core_schema.yml/not_null_fct_production_orders_loaded_at.sql
[2025-12-15T23:19:34.929+0000] {subprocess.py:93} INFO - [0m23:19:34
[2025-12-15T23:19:34.930+0000] {subprocess.py:93} INFO - [0m23:19:34  [31mFailure in test not_null_mfg_ml_features_orders_load_run_id (models/marts/marts_schema.yml)[0m
[2025-12-15T23:19:34.931+0000] {subprocess.py:93} INFO - [0m23:19:34    Database Error in test not_null_mfg_ml_features_orders_load_run_id (models/marts/marts_schema.yml)
[2025-12-15T23:19:34.932+0000] {subprocess.py:93} INFO -   000904 (42000): SQL compilation error: error line 14 at position 7
[2025-12-15T23:19:34.932+0000] {subprocess.py:93} INFO -   invalid identifier 'LOAD_RUN_ID'
[2025-12-15T23:19:34.933+0000] {subprocess.py:93} INFO -   compiled code at target/run/mfg_accelerator/models/marts/marts_schema.yml/not_null_mfg_ml_features_orders_load_run_id.sql
[2025-12-15T23:19:34.933+0000] {subprocess.py:93} INFO - [0m23:19:34
[2025-12-15T23:19:34.933+0000] {subprocess.py:93} INFO - [0m23:19:34    compiled code at target/compiled/mfg_accelerator/models/marts/marts_schema.yml/not_null_mfg_ml_features_orders_load_run_id.sql
[2025-12-15T23:19:34.934+0000] {subprocess.py:93} INFO - [0m23:19:34
[2025-12-15T23:19:34.935+0000] {subprocess.py:93} INFO - [0m23:19:34  [31mFailure in test not_null_mfg_ml_features_orders_order_run_key (models/marts/marts_schema.yml)[0m
[2025-12-15T23:19:34.936+0000] {subprocess.py:93} INFO - [0m23:19:34    Database Error in test not_null_mfg_ml_features_orders_order_run_key (models/marts/marts_schema.yml)
[2025-12-15T23:19:34.937+0000] {subprocess.py:93} INFO -   000904 (42000): SQL compilation error: error line 14 at position 7
[2025-12-15T23:19:34.938+0000] {subprocess.py:93} INFO -   invalid identifier 'ORDER_RUN_KEY'
[2025-12-15T23:19:34.939+0000] {subprocess.py:93} INFO -   compiled code at target/run/mfg_accelerator/models/marts/marts_schema.yml/not_null_mfg_ml_features_orders_order_run_key.sql
[2025-12-15T23:19:34.940+0000] {subprocess.py:93} INFO - [0m23:19:34
[2025-12-15T23:19:34.941+0000] {subprocess.py:93} INFO - [0m23:19:34    compiled code at target/compiled/mfg_accelerator/models/marts/marts_schema.yml/not_null_mfg_ml_features_orders_order_run_key.sql
[2025-12-15T23:19:34.942+0000] {subprocess.py:93} INFO - [0m23:19:34
[2025-12-15T23:19:34.943+0000] {subprocess.py:93} INFO - [0m23:19:34  [31mFailure in test not_null_mfg_plant_daily_kpis_load_run_id (models/marts/marts_schema.yml)[0m
[2025-12-15T23:19:34.945+0000] {subprocess.py:93} INFO - [0m23:19:34    Got 3979 results, configured to fail if != 0
[2025-12-15T23:19:34.946+0000] {subprocess.py:93} INFO - [0m23:19:34
[2025-12-15T23:19:34.948+0000] {subprocess.py:93} INFO - [0m23:19:34    compiled code at target/compiled/mfg_accelerator/models/marts/marts_schema.yml/not_null_mfg_plant_daily_kpis_load_run_id.sql
[2025-12-15T23:19:34.949+0000] {subprocess.py:93} INFO - [0m23:19:34
[2025-12-15T23:19:34.951+0000] {subprocess.py:93} INFO - [0m23:19:34  [31mFailure in test unique_core_batches___grain_check__ (models/core/core_schema.yml)[0m
[2025-12-15T23:19:34.953+0000] {subprocess.py:93} INFO - [0m23:19:34    Database Error in test unique_core_batches___grain_check__ (models/core/core_schema.yml)
[2025-12-15T23:19:34.953+0000] {subprocess.py:93} INFO -   000904 (42000): SQL compilation error: error line 13 at position 4
[2025-12-15T23:19:34.954+0000] {subprocess.py:93} INFO -   invalid identifier '__GRAIN_CHECK__'
[2025-12-15T23:19:34.954+0000] {subprocess.py:93} INFO -   compiled code at target/run/mfg_accelerator/models/core/core_schema.yml/unique_core_batches___grain_check__.sql
[2025-12-15T23:19:34.955+0000] {subprocess.py:93} INFO - [0m23:19:34
[2025-12-15T23:19:34.956+0000] {subprocess.py:93} INFO - [0m23:19:34    compiled code at target/compiled/mfg_accelerator/models/core/core_schema.yml/unique_core_batches___grain_check__.sql
[2025-12-15T23:19:34.957+0000] {subprocess.py:93} INFO - [0m23:19:34
[2025-12-15T23:19:34.959+0000] {subprocess.py:93} INFO - [0m23:19:34  [31mFailure in test unique_core_materials___grain_check__ (models/core/core_schema.yml)[0m
[2025-12-15T23:19:34.960+0000] {subprocess.py:93} INFO - [0m23:19:34    Database Error in test unique_core_materials___grain_check__ (models/core/core_schema.yml)
[2025-12-15T23:19:34.961+0000] {subprocess.py:93} INFO -   000904 (42000): SQL compilation error: error line 13 at position 4
[2025-12-15T23:19:34.961+0000] {subprocess.py:93} INFO -   invalid identifier '__GRAIN_CHECK__'
[2025-12-15T23:19:34.962+0000] {subprocess.py:93} INFO -   compiled code at target/run/mfg_accelerator/models/core/core_schema.yml/unique_core_materials___grain_check__.sql
[2025-12-15T23:19:34.963+0000] {subprocess.py:93} INFO - [0m23:19:34
[2025-12-15T23:19:34.963+0000] {subprocess.py:93} INFO - [0m23:19:34    compiled code at target/compiled/mfg_accelerator/models/core/core_schema.yml/unique_core_materials___grain_check__.sql
[2025-12-15T23:19:34.965+0000] {subprocess.py:93} INFO - [0m23:19:34
[2025-12-15T23:19:34.966+0000] {subprocess.py:93} INFO - [0m23:19:34  [31mFailure in test unique_mfg_ml_features_orders_order_run_key (models/marts/marts_schema.yml)[0m
[2025-12-15T23:19:34.968+0000] {subprocess.py:93} INFO - [0m23:19:34    Database Error in test unique_mfg_ml_features_orders_order_run_key (models/marts/marts_schema.yml)
[2025-12-15T23:19:34.968+0000] {subprocess.py:93} INFO -   000904 (42000): SQL compilation error: error line 13 at position 4
[2025-12-15T23:19:34.969+0000] {subprocess.py:93} INFO -   invalid identifier 'ORDER_RUN_KEY'
[2025-12-15T23:19:34.969+0000] {subprocess.py:93} INFO -   compiled code at target/run/mfg_accelerator/models/marts/marts_schema.yml/unique_mfg_ml_features_orders_order_run_key.sql
[2025-12-15T23:19:34.970+0000] {subprocess.py:93} INFO - [0m23:19:34
[2025-12-15T23:19:34.970+0000] {subprocess.py:93} INFO - [0m23:19:34    compiled code at target/compiled/mfg_accelerator/models/marts/marts_schema.yml/unique_mfg_ml_features_orders_order_run_key.sql
[2025-12-15T23:19:34.972+0000] {subprocess.py:93} INFO - [0m23:19:34
[2025-12-15T23:19:34.974+0000] {subprocess.py:93} INFO - [0m23:19:34  [31mFailure in test unique_stg_batches_batch_id (models/staging/staging_schema.yml)[0m
[2025-12-15T23:19:34.975+0000] {subprocess.py:93} INFO - [0m23:19:34    Got 10000 results, configured to fail if != 0
[2025-12-15T23:19:34.976+0000] {subprocess.py:93} INFO - [0m23:19:34
[2025-12-15T23:19:34.978+0000] {subprocess.py:93} INFO - [0m23:19:34    compiled code at target/compiled/mfg_accelerator/models/staging/staging_schema.yml/unique_stg_batches_batch_id.sql
[2025-12-15T23:19:34.979+0000] {subprocess.py:93} INFO - [0m23:19:34
[2025-12-15T23:19:34.980+0000] {subprocess.py:93} INFO - [0m23:19:34  [31mFailure in test unique_fct_production_orders___grain_check__ (models/core/core_schema.yml)[0m
[2025-12-15T23:19:34.981+0000] {subprocess.py:93} INFO - [0m23:19:34    Database Error in test unique_fct_production_orders___grain_check__ (models/core/core_schema.yml)
[2025-12-15T23:19:34.982+0000] {subprocess.py:93} INFO -   000904 (42000): SQL compilation error: error line 13 at position 4
[2025-12-15T23:19:34.982+0000] {subprocess.py:93} INFO -   invalid identifier '__GRAIN_CHECK__'
[2025-12-15T23:19:34.983+0000] {subprocess.py:93} INFO -   compiled code at target/run/mfg_accelerator/models/core/core_schema.yml/unique_fct_production_orders___grain_check__.sql
[2025-12-15T23:19:34.983+0000] {subprocess.py:93} INFO - [0m23:19:34
[2025-12-15T23:19:34.984+0000] {subprocess.py:93} INFO - [0m23:19:34    compiled code at target/compiled/mfg_accelerator/models/core/core_schema.yml/unique_fct_production_orders___grain_check__.sql
[2025-12-15T23:19:34.985+0000] {subprocess.py:93} INFO - [0m23:19:34
[2025-12-15T23:19:34.986+0000] {subprocess.py:93} INFO - [0m23:19:34  [31mFailure in test unique_stg_materials_material_id (models/staging/staging_schema.yml)[0m
[2025-12-15T23:19:34.987+0000] {subprocess.py:93} INFO - [0m23:19:34    Got 500 results, configured to fail if != 0
[2025-12-15T23:19:34.988+0000] {subprocess.py:93} INFO - [0m23:19:34
[2025-12-15T23:19:34.990+0000] {subprocess.py:93} INFO - [0m23:19:34    compiled code at target/compiled/mfg_accelerator/models/staging/staging_schema.yml/unique_stg_materials_material_id.sql
[2025-12-15T23:19:34.991+0000] {subprocess.py:93} INFO - [0m23:19:34
[2025-12-15T23:19:34.993+0000] {subprocess.py:93} INFO - [0m23:19:34  [31mFailure in test unique_stg_production_orders_order_id (models/staging/staging_schema.yml)[0m
[2025-12-15T23:19:34.995+0000] {subprocess.py:93} INFO - [0m23:19:34    Got 10000 results, configured to fail if != 0
[2025-12-15T23:19:34.997+0000] {subprocess.py:93} INFO - [0m23:19:34
[2025-12-15T23:19:34.999+0000] {subprocess.py:93} INFO - [0m23:19:34    compiled code at target/compiled/mfg_accelerator/models/staging/staging_schema.yml/unique_stg_production_orders_order_id.sql
[2025-12-15T23:19:35.001+0000] {subprocess.py:93} INFO - [0m23:19:35
[2025-12-15T23:19:35.003+0000] {subprocess.py:93} INFO - [0m23:19:35  Done. PASS=13 WARN=0 ERROR=16 SKIP=0 NO-OP=0 TOTAL=29
[2025-12-15T23:19:36.031+0000] {subprocess.py:97} INFO - Command exited with return code 1
[2025-12-15T23:19:36.032+0000] {taskinstance.py:441} INFO - ::group::Post task execution logs
[2025-12-15T23:19:36.042+0000] {taskinstance.py:2890} ERROR - Task failed with exception
Traceback (most recent call last):
  File "/home/airflow/.local/lib/python3.12/site-packages/airflow/models/taskinstance.py", line 460, in _execute_task
    result = _execute_callable(context=context, **execute_callable_kwargs)
             ^^^^^^^^^^^^^^^^^^^^^^^^^^^^^^^^^^^^^^^^^^^^^^^^^^^^^^^^^^^^^
  File "/home/airflow/.local/lib/python3.12/site-packages/airflow/models/taskinstance.py", line 432, in _execute_callable
    return execute_callable(context=context, **execute_callable_kwargs)
           ^^^^^^^^^^^^^^^^^^^^^^^^^^^^^^^^^^^^^^^^^^^^^^^^^^^^^^^^^^^^
  File "/home/airflow/.local/lib/python3.12/site-packages/airflow/models/baseoperator.py", line 400, in wrapper
    return func(self, *args, **kwargs)
           ^^^^^^^^^^^^^^^^^^^^^^^^^^^
  File "/home/airflow/.local/lib/python3.12/site-packages/airflow/operators/bash.py", line 243, in execute
    raise AirflowException(
airflow.exceptions.AirflowException: Bash command failed. The command returned a non-zero exit code 1.
[2025-12-15T23:19:36.046+0000] {taskinstance.py:1205} INFO - Marking task as UP_FOR_RETRY. dag_id=mfg_raw_ingestion_dag, task_id=dbt_test_all, execution_date=20251214T040000, start_date=20251215T231923, end_date=20251215T231936
[2025-12-15T23:19:36.060+0000] {standard_task_runner.py:110} ERROR - Failed to execute job 5 for task dbt_test_all (Bash command failed. The command returned a non-zero exit code 1.; 829)
[2025-12-15T23:19:36.078+0000] {local_task_job_runner.py:240} INFO - Task exited with return code 1
[2025-12-15T23:19:36.091+0000] {taskinstance.py:3482} INFO - 0 downstream tasks scheduled from follow-on schedule check
[2025-12-15T23:19:36.097+0000] {local_task_job_runner.py:222} INFO - ::endgroup::
[2025-12-16T00:36:35.548+0000] {local_task_job_runner.py:120} INFO - ::group::Pre task execution logs
[2025-12-16T00:36:35.589+0000] {taskinstance.py:2073} INFO - Dependencies all met for dep_context=non-requeueable deps ti=<TaskInstance: mfg_raw_ingestion_dag.dbt_test_all scheduled__2025-12-14T04:00:00+00:00 [queued]>
[2025-12-16T00:36:35.599+0000] {taskinstance.py:2073} INFO - Dependencies all met for dep_context=requeueable deps ti=<TaskInstance: mfg_raw_ingestion_dag.dbt_test_all scheduled__2025-12-14T04:00:00+00:00 [queued]>
[2025-12-16T00:36:35.599+0000] {taskinstance.py:2303} INFO - Starting attempt 2 of 3
[2025-12-16T00:36:35.616+0000] {taskinstance.py:2327} INFO - Executing <Task(BashOperator): dbt_test_all> on 2025-12-14 04:00:00+00:00
[2025-12-16T00:36:35.624+0000] {standard_task_runner.py:90} INFO - Running: ['***', 'tasks', 'run', 'mfg_raw_ingestion_dag', 'dbt_test_all', 'scheduled__2025-12-14T04:00:00+00:00', '--job-id', '5', '--raw', '--subdir', 'DAGS_FOLDER/mfg_raw_ingestion_dag.py', '--cfg-path', '/tmp/tmpj9ubxx9y']
[2025-12-16T00:36:35.628+0000] {standard_task_runner.py:91} INFO - Job 5: Subtask dbt_test_all
[2025-12-16T00:36:35.628+0000] {logging_mixin.py:188} WARNING - /home/***/.local/lib/python3.12/site-packages/***/task/task_runner/standard_task_runner.py:61 DeprecationWarning: This process (pid=622) is multi-threaded, use of fork() may lead to deadlocks in the child.
[2025-12-16T00:36:35.629+0000] {standard_task_runner.py:63} INFO - Started process 623 to run task
[2025-12-16T00:36:35.688+0000] {task_command.py:426} INFO - Running <TaskInstance: mfg_raw_ingestion_dag.dbt_test_all scheduled__2025-12-14T04:00:00+00:00 [running]> on host 24030efa02e6
[2025-12-16T00:36:35.773+0000] {taskinstance.py:2644} INFO - Exporting env vars: AIRFLOW_CTX_DAG_OWNER='data-engineering' AIRFLOW_CTX_DAG_ID='mfg_raw_ingestion_dag' AIRFLOW_CTX_TASK_ID='dbt_test_all' AIRFLOW_CTX_EXECUTION_DATE='2025-12-14T04:00:00+00:00' AIRFLOW_CTX_TRY_NUMBER='2' AIRFLOW_CTX_DAG_RUN_ID='scheduled__2025-12-14T04:00:00+00:00'
[2025-12-16T00:36:35.775+0000] {taskinstance.py:430} INFO - ::endgroup::
[2025-12-16T00:36:35.793+0000] {subprocess.py:63} INFO - Tmp dir root location: /tmp
[2025-12-16T00:36:35.794+0000] {subprocess.py:75} INFO - Running command: ['/usr/bin/bash', '-c', 'set -euo pipefail; cd /opt/***/dbt_project && dbt test --profiles-dir /opt/***/dbt_profiles']
[2025-12-16T00:36:35.803+0000] {subprocess.py:86} INFO - Output:
[2025-12-16T00:36:38.272+0000] {subprocess.py:93} INFO - [0m00:36:38  Running with dbt=1.10.15
[2025-12-16T00:36:39.376+0000] {subprocess.py:93} INFO - [0m00:36:39  Registered adapter: snowflake=1.10.4
[2025-12-16T00:36:40.112+0000] {subprocess.py:93} INFO - [0m00:36:40  Found 8 models, 35 data tests, 3 sources, 504 macros
[2025-12-16T00:36:40.118+0000] {subprocess.py:93} INFO - [0m00:36:40
[2025-12-16T00:36:40.120+0000] {subprocess.py:93} INFO - [0m00:36:40  Concurrency: 4 threads (target='dev')
[2025-12-16T00:36:40.121+0000] {subprocess.py:93} INFO - [0m00:36:40
[2025-12-16T00:36:42.079+0000] {subprocess.py:93} INFO - [0m00:36:42  1 of 35 START test dbt_utils_unique_combination_of_columns_core_batches_batch_id__load_run_id  [RUN]
[2025-12-16T00:36:42.081+0000] {subprocess.py:93} INFO - [0m00:36:42  2 of 35 START test dbt_utils_unique_combination_of_columns_core_materials_material_id__load_run_id  [RUN]
[2025-12-16T00:36:42.083+0000] {subprocess.py:93} INFO - [0m00:36:42  3 of 35 START test dbt_utils_unique_combination_of_columns_fct_production_orders_order_id__load_run_id  [RUN]
[2025-12-16T00:36:42.085+0000] {subprocess.py:93} INFO - [0m00:36:42  4 of 35 START test dbt_utils_unique_combination_of_columns_mfg_plant_daily_kpis_manufacturing_site__calendar_date  [RUN]
[2025-12-16T00:36:42.144+0000] {subprocess.py:93} INFO - [0m00:36:42  2 of 35 ERROR dbt_utils_unique_combination_of_columns_core_materials_material_id__load_run_id  [[31mERROR[0m in 0.06s]
[2025-12-16T00:36:42.146+0000] {subprocess.py:93} INFO - [0m00:36:42  3 of 35 ERROR dbt_utils_unique_combination_of_columns_fct_production_orders_order_id__load_run_id  [[31mERROR[0m in 0.06s]
[2025-12-16T00:36:42.148+0000] {subprocess.py:93} INFO - [0m00:36:42  1 of 35 ERROR dbt_utils_unique_combination_of_columns_core_batches_batch_id__load_run_id  [[31mERROR[0m in 0.06s]
[2025-12-16T00:36:42.150+0000] {subprocess.py:93} INFO - [0m00:36:42  4 of 35 ERROR dbt_utils_unique_combination_of_columns_mfg_plant_daily_kpis_manufacturing_site__calendar_date  [[31mERROR[0m in 0.06s]
[2025-12-16T00:36:42.164+0000] {subprocess.py:93} INFO - [0m00:36:42  5 of 35 START test not_null_core_batches_batch_id .............................. [RUN]
[2025-12-16T00:36:42.168+0000] {subprocess.py:93} INFO - [0m00:36:42  6 of 35 START test not_null_core_batches_load_run_id ........................... [RUN]
[2025-12-16T00:36:42.170+0000] {subprocess.py:93} INFO - [0m00:36:42  7 of 35 START test not_null_core_batches_loaded_at ............................. [RUN]
[2025-12-16T00:36:42.171+0000] {subprocess.py:93} INFO - [0m00:36:42  8 of 35 START test not_null_core_batches_material_id ........................... [RUN]
[2025-12-16T00:36:42.597+0000] {subprocess.py:93} INFO - [0m00:36:42  7 of 35 FAIL 10000 not_null_core_batches_loaded_at ............................. [[31mFAIL 10000[0m in 0.42s]
[2025-12-16T00:36:42.605+0000] {subprocess.py:93} INFO - [0m00:36:42  9 of 35 START test not_null_core_materials_load_run_id ......................... [RUN]
[2025-12-16T00:36:42.996+0000] {subprocess.py:93} INFO - [0m00:36:42  9 of 35 FAIL 500 not_null_core_materials_load_run_id ........................... [[31mFAIL 500[0m in 0.39s]
[2025-12-16T00:36:43.003+0000] {subprocess.py:93} INFO - [0m00:36:43  10 of 35 START test not_null_core_materials_loaded_at .......................... [RUN]
[2025-12-16T00:36:43.394+0000] {subprocess.py:93} INFO - [0m00:36:43  10 of 35 FAIL 500 not_null_core_materials_loaded_at ............................ [[31mFAIL 500[0m in 0.39s]
[2025-12-16T00:36:43.400+0000] {subprocess.py:93} INFO - [0m00:36:43  11 of 35 START test not_null_core_materials_material_id ........................ [RUN]
[2025-12-16T00:36:43.547+0000] {subprocess.py:93} INFO - [0m00:36:43  6 of 35 FAIL 10000 not_null_core_batches_load_run_id ........................... [[31mFAIL 10000[0m in 1.37s]
[2025-12-16T00:36:43.552+0000] {subprocess.py:93} INFO - [0m00:36:43  8 of 35 PASS not_null_core_batches_material_id ................................. [[32mPASS[0m in 1.37s]
[2025-12-16T00:36:43.563+0000] {subprocess.py:93} INFO - [0m00:36:43  12 of 35 START test not_null_fct_production_orders_batch_id .................... [RUN]
[2025-12-16T00:36:43.566+0000] {subprocess.py:93} INFO - [0m00:36:43  13 of 35 START test not_null_fct_production_orders_load_run_id ................. [RUN]
[2025-12-16T00:36:43.722+0000] {subprocess.py:93} INFO - [0m00:36:43  11 of 35 PASS not_null_core_materials_material_id .............................. [[32mPASS[0m in 0.32s]
[2025-12-16T00:36:43.733+0000] {subprocess.py:93} INFO - [0m00:36:43  14 of 35 START test not_null_fct_production_orders_loaded_at ................... [RUN]
[2025-12-16T00:36:43.762+0000] {subprocess.py:93} INFO - [0m00:36:43  5 of 35 PASS not_null_core_batches_batch_id .................................... [[32mPASS[0m in 1.59s]
[2025-12-16T00:36:43.773+0000] {subprocess.py:93} INFO - [0m00:36:43  15 of 35 START test not_null_fct_production_orders_order_id .................... [RUN]
[2025-12-16T00:36:43.911+0000] {subprocess.py:93} INFO - [0m00:36:43  12 of 35 PASS not_null_fct_production_orders_batch_id .......................... [[32mPASS[0m in 0.34s]
[2025-12-16T00:36:43.925+0000] {subprocess.py:93} INFO - [0m00:36:43  13 of 35 FAIL 10000 not_null_fct_production_orders_load_run_id ................. [[31mFAIL 10000[0m in 0.35s]
[2025-12-16T00:36:43.942+0000] {subprocess.py:93} INFO - [0m00:36:43  16 of 35 START test not_null_mfg_ml_features_orders_manufacturing_site ......... [RUN]
[2025-12-16T00:36:43.946+0000] {subprocess.py:93} INFO - [0m00:36:43  17 of 35 START test not_null_mfg_ml_features_orders_order_id ................... [RUN]
[2025-12-16T00:36:44.126+0000] {subprocess.py:93} INFO - [0m00:36:44  14 of 35 FAIL 10000 not_null_fct_production_orders_loaded_at ................... [[31mFAIL 10000[0m in 0.39s]
[2025-12-16T00:36:44.134+0000] {subprocess.py:93} INFO - [0m00:36:44  18 of 35 START test not_null_mfg_plant_daily_kpis_calendar_date ................ [RUN]
[2025-12-16T00:36:44.137+0000] {subprocess.py:93} INFO - [0m00:36:44  15 of 35 PASS not_null_fct_production_orders_order_id .......................... [[32mPASS[0m in 0.36s]
[2025-12-16T00:36:44.153+0000] {subprocess.py:93} INFO - [0m00:36:44  19 of 35 START test not_null_mfg_plant_daily_kpis_manufacturing_site ........... [RUN]
[2025-12-16T00:36:44.360+0000] {subprocess.py:93} INFO - [0m00:36:44  16 of 35 FAIL 10000 not_null_mfg_ml_features_orders_manufacturing_site ......... [[31mFAIL 10000[0m in 0.41s]
[2025-12-16T00:36:44.366+0000] {subprocess.py:93} INFO - [0m00:36:44  20 of 35 START test not_null_stg_batches_batch_id .............................. [RUN]
[2025-12-16T00:36:44.411+0000] {subprocess.py:93} INFO - [0m00:36:44  17 of 35 PASS not_null_mfg_ml_features_orders_order_id ......................... [[32mPASS[0m in 0.46s]
[2025-12-16T00:36:44.421+0000] {subprocess.py:93} INFO - [0m00:36:44  21 of 35 START test not_null_stg_batches_load_run_id ........................... [RUN]
[2025-12-16T00:36:44.510+0000] {subprocess.py:93} INFO - [0m00:36:44  19 of 35 PASS not_null_mfg_plant_daily_kpis_manufacturing_site ................. [[32mPASS[0m in 0.35s]
[2025-12-16T00:36:44.515+0000] {subprocess.py:93} INFO - [0m00:36:44  22 of 35 START test not_null_stg_batches_loaded_at ............................. [RUN]
[2025-12-16T00:36:44.536+0000] {subprocess.py:93} INFO - [0m00:36:44  18 of 35 PASS not_null_mfg_plant_daily_kpis_calendar_date ...................... [[32mPASS[0m in 0.40s]
[2025-12-16T00:36:44.545+0000] {subprocess.py:93} INFO - [0m00:36:44  23 of 35 START test not_null_stg_batches_material_id ........................... [RUN]
[2025-12-16T00:36:44.746+0000] {subprocess.py:93} INFO - [0m00:36:44  21 of 35 FAIL 10000 not_null_stg_batches_load_run_id ........................... [[31mFAIL 10000[0m in 0.32s]
[2025-12-16T00:36:44.752+0000] {subprocess.py:93} INFO - [0m00:36:44  24 of 35 START test not_null_stg_materials_load_run_id ......................... [RUN]
[2025-12-16T00:36:44.770+0000] {subprocess.py:93} INFO - [0m00:36:44  20 of 35 PASS not_null_stg_batches_batch_id .................................... [[32mPASS[0m in 0.40s]
[2025-12-16T00:36:44.775+0000] {subprocess.py:93} INFO - [0m00:36:44  25 of 35 START test not_null_stg_materials_loaded_at ........................... [RUN]
[2025-12-16T00:36:44.862+0000] {subprocess.py:93} INFO - [0m00:36:44  22 of 35 FAIL 10000 not_null_stg_batches_loaded_at ............................. [[31mFAIL 10000[0m in 0.35s]
[2025-12-16T00:36:44.868+0000] {subprocess.py:93} INFO - [0m00:36:44  26 of 35 START test not_null_stg_materials_material_id ......................... [RUN]
[2025-12-16T00:36:44.932+0000] {subprocess.py:93} INFO - [0m00:36:44  23 of 35 PASS not_null_stg_batches_material_id ................................. [[32mPASS[0m in 0.38s]
[2025-12-16T00:36:44.938+0000] {subprocess.py:93} INFO - [0m00:36:44  27 of 35 START test not_null_stg_production_orders_batch_id .................... [RUN]
[2025-12-16T00:36:45.123+0000] {subprocess.py:93} INFO - [0m00:36:45  25 of 35 FAIL 500 not_null_stg_materials_loaded_at ............................. [[31mFAIL 500[0m in 0.35s]
[2025-12-16T00:36:45.127+0000] {subprocess.py:93} INFO - [0m00:36:45  24 of 35 FAIL 500 not_null_stg_materials_load_run_id ........................... [[31mFAIL 500[0m in 0.37s]
[2025-12-16T00:36:45.136+0000] {subprocess.py:93} INFO - [0m00:36:45  28 of 35 START test not_null_stg_production_orders_load_run_id ................. [RUN]
[2025-12-16T00:36:45.137+0000] {subprocess.py:93} INFO - [0m00:36:45  29 of 35 START test not_null_stg_production_orders_loaded_at ................... [RUN]
[2025-12-16T00:36:45.220+0000] {subprocess.py:93} INFO - [0m00:36:45  26 of 35 PASS not_null_stg_materials_material_id ............................... [[32mPASS[0m in 0.35s]
[2025-12-16T00:36:45.225+0000] {subprocess.py:93} INFO - [0m00:36:45  30 of 35 START test not_null_stg_production_orders_order_id .................... [RUN]
[2025-12-16T00:36:45.260+0000] {subprocess.py:93} INFO - [0m00:36:45  27 of 35 PASS not_null_stg_production_orders_batch_id .......................... [[32mPASS[0m in 0.32s]
[2025-12-16T00:36:45.266+0000] {subprocess.py:93} INFO - [0m00:36:45  31 of 35 START test relationships_core_batches_material_id__material_id__ref_core_materials_  [RUN]
[2025-12-16T00:36:45.456+0000] {subprocess.py:93} INFO - [0m00:36:45  28 of 35 FAIL 10000 not_null_stg_production_orders_load_run_id ................. [[31mFAIL 10000[0m in 0.32s]
[2025-12-16T00:36:45.461+0000] {subprocess.py:93} INFO - [0m00:36:45  32 of 35 START test relationships_fct_production_orders_batch_id__batch_id__ref_core_batches_  [RUN]
[2025-12-16T00:36:45.512+0000] {subprocess.py:93} INFO - [0m00:36:45  29 of 35 FAIL 10000 not_null_stg_production_orders_loaded_at ................... [[31mFAIL 10000[0m in 0.37s]
[2025-12-16T00:36:45.518+0000] {subprocess.py:93} INFO - [0m00:36:45  33 of 35 START test relationships_stg_batches_material_id__material_id__ref_stg_materials_  [RUN]
[2025-12-16T00:36:45.579+0000] {subprocess.py:93} INFO - [0m00:36:45  30 of 35 PASS not_null_stg_production_orders_order_id .......................... [[32mPASS[0m in 0.35s]
[2025-12-16T00:36:45.585+0000] {subprocess.py:93} INFO - [0m00:36:45  34 of 35 START test relationships_stg_production_orders_batch_id__batch_id__ref_stg_batches_  [RUN]
[2025-12-16T00:36:45.622+0000] {subprocess.py:93} INFO - [0m00:36:45  31 of 35 PASS relationships_core_batches_material_id__material_id__ref_core_materials_  [[32mPASS[0m in 0.35s]
[2025-12-16T00:36:45.627+0000] {subprocess.py:93} INFO - [0m00:36:45  35 of 35 START test unique_mfg_ml_features_orders_order_id ..................... [RUN]
[2025-12-16T00:36:45.760+0000] {subprocess.py:93} INFO - [0m00:36:45  32 of 35 PASS relationships_fct_production_orders_batch_id__batch_id__ref_core_batches_  [[32mPASS[0m in 0.30s]
[2025-12-16T00:36:45.927+0000] {subprocess.py:93} INFO - [0m00:36:45  35 of 35 FAIL 10000 unique_mfg_ml_features_orders_order_id ..................... [[31mFAIL 10000[0m in 0.30s]
[2025-12-16T00:36:45.941+0000] {subprocess.py:93} INFO - [0m00:36:45  33 of 35 PASS relationships_stg_batches_material_id__material_id__ref_stg_materials_  [[32mPASS[0m in 0.42s]
[2025-12-16T00:36:45.970+0000] {subprocess.py:93} INFO - [0m00:36:45  34 of 35 PASS relationships_stg_production_orders_batch_id__batch_id__ref_stg_batches_  [[32mPASS[0m in 0.38s]
[2025-12-16T00:36:47.892+0000] {subprocess.py:93} INFO - [0m00:36:47
[2025-12-16T00:36:47.893+0000] {subprocess.py:93} INFO - [0m00:36:47  Finished running 35 data tests in 0 hours 0 minutes and 7.77 seconds (7.77s).
[2025-12-16T00:36:47.994+0000] {subprocess.py:93} INFO - [0m00:36:47
[2025-12-16T00:36:47.996+0000] {subprocess.py:93} INFO - [0m00:36:47  [31mCompleted with 18 errors, 0 partial successes, and 0 warnings:[0m
[2025-12-16T00:36:47.997+0000] {subprocess.py:93} INFO - [0m00:36:47
[2025-12-16T00:36:47.999+0000] {subprocess.py:93} INFO - [0m00:36:47  [31mFailure in test dbt_utils_unique_combination_of_columns_core_materials_material_id__load_run_id (models/core/core_schema.yml)[0m
[2025-12-16T00:36:48.000+0000] {subprocess.py:93} INFO - [0m00:36:48    Compilation Error in test dbt_utils_unique_combination_of_columns_core_materials_material_id__load_run_id (models/core/core_schema.yml)
[2025-12-16T00:36:48.001+0000] {subprocess.py:93} INFO -   'dbt_utils' is undefined. This can happen when calling a macro that does not exist. Check for typos and/or install package dependencies with "dbt deps".
[2025-12-16T00:36:48.002+0000] {subprocess.py:93} INFO - [0m00:36:48
[2025-12-16T00:36:48.003+0000] {subprocess.py:93} INFO - [0m00:36:48  [31mFailure in test dbt_utils_unique_combination_of_columns_fct_production_orders_order_id__load_run_id (models/core/core_schema.yml)[0m
[2025-12-16T00:36:48.005+0000] {subprocess.py:93} INFO - [0m00:36:48    Compilation Error in test dbt_utils_unique_combination_of_columns_fct_production_orders_order_id__load_run_id (models/core/core_schema.yml)
[2025-12-16T00:36:48.005+0000] {subprocess.py:93} INFO -   'dbt_utils' is undefined. This can happen when calling a macro that does not exist. Check for typos and/or install package dependencies with "dbt deps".
[2025-12-16T00:36:48.006+0000] {subprocess.py:93} INFO - [0m00:36:48
[2025-12-16T00:36:48.008+0000] {subprocess.py:93} INFO - [0m00:36:48  [31mFailure in test dbt_utils_unique_combination_of_columns_core_batches_batch_id__load_run_id (models/core/core_schema.yml)[0m
[2025-12-16T00:36:48.009+0000] {subprocess.py:93} INFO - [0m00:36:48    Compilation Error in test dbt_utils_unique_combination_of_columns_core_batches_batch_id__load_run_id (models/core/core_schema.yml)
[2025-12-16T00:36:48.009+0000] {subprocess.py:93} INFO -   'dbt_utils' is undefined. This can happen when calling a macro that does not exist. Check for typos and/or install package dependencies with "dbt deps".
[2025-12-16T00:36:48.010+0000] {subprocess.py:93} INFO - [0m00:36:48
[2025-12-16T00:36:48.012+0000] {subprocess.py:93} INFO - [0m00:36:48  [31mFailure in test dbt_utils_unique_combination_of_columns_mfg_plant_daily_kpis_manufacturing_site__calendar_date (models/marts/marts_schema.yml)[0m
[2025-12-16T00:36:48.013+0000] {subprocess.py:93} INFO - [0m00:36:48    Compilation Error in test dbt_utils_unique_combination_of_columns_mfg_plant_daily_kpis_manufacturing_site__calendar_date (models/marts/marts_schema.yml)
[2025-12-16T00:36:48.014+0000] {subprocess.py:93} INFO -   'dbt_utils' is undefined. This can happen when calling a macro that does not exist. Check for typos and/or install package dependencies with "dbt deps".
[2025-12-16T00:36:48.015+0000] {subprocess.py:93} INFO - [0m00:36:48
[2025-12-16T00:36:48.016+0000] {subprocess.py:93} INFO - [0m00:36:48  [31mFailure in test not_null_core_batches_loaded_at (models/core/core_schema.yml)[0m
[2025-12-16T00:36:48.018+0000] {subprocess.py:93} INFO - [0m00:36:48    Got 10000 results, configured to fail if != 0
[2025-12-16T00:36:48.019+0000] {subprocess.py:93} INFO - [0m00:36:48
[2025-12-16T00:36:48.020+0000] {subprocess.py:93} INFO - [0m00:36:48    compiled code at target/compiled/mfg_accelerator/models/core/core_schema.yml/not_null_core_batches_loaded_at.sql
[2025-12-16T00:36:48.022+0000] {subprocess.py:93} INFO - [0m00:36:48
[2025-12-16T00:36:48.023+0000] {subprocess.py:93} INFO - [0m00:36:48  [31mFailure in test not_null_core_materials_load_run_id (models/core/core_schema.yml)[0m
[2025-12-16T00:36:48.024+0000] {subprocess.py:93} INFO - [0m00:36:48    Got 500 results, configured to fail if != 0
[2025-12-16T00:36:48.025+0000] {subprocess.py:93} INFO - [0m00:36:48
[2025-12-16T00:36:48.027+0000] {subprocess.py:93} INFO - [0m00:36:48    compiled code at target/compiled/mfg_accelerator/models/core/core_schema.yml/not_null_core_materials_load_run_id.sql
[2025-12-16T00:36:48.028+0000] {subprocess.py:93} INFO - [0m00:36:48
[2025-12-16T00:36:48.029+0000] {subprocess.py:93} INFO - [0m00:36:48  [31mFailure in test not_null_core_materials_loaded_at (models/core/core_schema.yml)[0m
[2025-12-16T00:36:48.031+0000] {subprocess.py:93} INFO - [0m00:36:48    Got 500 results, configured to fail if != 0
[2025-12-16T00:36:48.033+0000] {subprocess.py:93} INFO - [0m00:36:48
[2025-12-16T00:36:48.035+0000] {subprocess.py:93} INFO - [0m00:36:48    compiled code at target/compiled/mfg_accelerator/models/core/core_schema.yml/not_null_core_materials_loaded_at.sql
[2025-12-16T00:36:48.036+0000] {subprocess.py:93} INFO - [0m00:36:48
[2025-12-16T00:36:48.038+0000] {subprocess.py:93} INFO - [0m00:36:48  [31mFailure in test not_null_core_batches_load_run_id (models/core/core_schema.yml)[0m
[2025-12-16T00:36:48.039+0000] {subprocess.py:93} INFO - [0m00:36:48    Got 10000 results, configured to fail if != 0
[2025-12-16T00:36:48.041+0000] {subprocess.py:93} INFO - [0m00:36:48
[2025-12-16T00:36:48.043+0000] {subprocess.py:93} INFO - [0m00:36:48    compiled code at target/compiled/mfg_accelerator/models/core/core_schema.yml/not_null_core_batches_load_run_id.sql
[2025-12-16T00:36:48.045+0000] {subprocess.py:93} INFO - [0m00:36:48
[2025-12-16T00:36:48.047+0000] {subprocess.py:93} INFO - [0m00:36:48  [31mFailure in test not_null_fct_production_orders_load_run_id (models/core/core_schema.yml)[0m
[2025-12-16T00:36:48.049+0000] {subprocess.py:93} INFO - [0m00:36:48    Got 10000 results, configured to fail if != 0
[2025-12-16T00:36:48.051+0000] {subprocess.py:93} INFO - [0m00:36:48
[2025-12-16T00:36:48.052+0000] {subprocess.py:93} INFO - [0m00:36:48    compiled code at target/compiled/mfg_accelerator/models/core/core_schema.yml/not_null_fct_production_orders_load_run_id.sql
[2025-12-16T00:36:48.054+0000] {subprocess.py:93} INFO - [0m00:36:48
[2025-12-16T00:36:48.055+0000] {subprocess.py:93} INFO - [0m00:36:48  [31mFailure in test not_null_fct_production_orders_loaded_at (models/core/core_schema.yml)[0m
[2025-12-16T00:36:48.057+0000] {subprocess.py:93} INFO - [0m00:36:48    Got 10000 results, configured to fail if != 0
[2025-12-16T00:36:48.059+0000] {subprocess.py:93} INFO - [0m00:36:48
[2025-12-16T00:36:48.061+0000] {subprocess.py:93} INFO - [0m00:36:48    compiled code at target/compiled/mfg_accelerator/models/core/core_schema.yml/not_null_fct_production_orders_loaded_at.sql
[2025-12-16T00:36:48.063+0000] {subprocess.py:93} INFO - [0m00:36:48
[2025-12-16T00:36:48.064+0000] {subprocess.py:93} INFO - [0m00:36:48  [31mFailure in test not_null_mfg_ml_features_orders_manufacturing_site (models/marts/marts_schema.yml)[0m
[2025-12-16T00:36:48.066+0000] {subprocess.py:93} INFO - [0m00:36:48    Got 10000 results, configured to fail if != 0
[2025-12-16T00:36:48.068+0000] {subprocess.py:93} INFO - [0m00:36:48
[2025-12-16T00:36:48.069+0000] {subprocess.py:93} INFO - [0m00:36:48    compiled code at target/compiled/mfg_accelerator/models/marts/marts_schema.yml/not_null_mfg_ml_features_orders_manufacturing_site.sql
[2025-12-16T00:36:48.071+0000] {subprocess.py:93} INFO - [0m00:36:48
[2025-12-16T00:36:48.072+0000] {subprocess.py:93} INFO - [0m00:36:48  [31mFailure in test not_null_stg_batches_load_run_id (models/staging/staging_schema.yml)[0m
[2025-12-16T00:36:48.073+0000] {subprocess.py:93} INFO - [0m00:36:48    Got 10000 results, configured to fail if != 0
[2025-12-16T00:36:48.075+0000] {subprocess.py:93} INFO - [0m00:36:48
[2025-12-16T00:36:48.076+0000] {subprocess.py:93} INFO - [0m00:36:48    compiled code at target/compiled/mfg_accelerator/models/staging/staging_schema.yml/not_null_stg_batches_load_run_id.sql
[2025-12-16T00:36:48.077+0000] {subprocess.py:93} INFO - [0m00:36:48
[2025-12-16T00:36:48.078+0000] {subprocess.py:93} INFO - [0m00:36:48  [31mFailure in test not_null_stg_batches_loaded_at (models/staging/staging_schema.yml)[0m
[2025-12-16T00:36:48.080+0000] {subprocess.py:93} INFO - [0m00:36:48    Got 10000 results, configured to fail if != 0
[2025-12-16T00:36:48.081+0000] {subprocess.py:93} INFO - [0m00:36:48
[2025-12-16T00:36:48.083+0000] {subprocess.py:93} INFO - [0m00:36:48    compiled code at target/compiled/mfg_accelerator/models/staging/staging_schema.yml/not_null_stg_batches_loaded_at.sql
[2025-12-16T00:36:48.084+0000] {subprocess.py:93} INFO - [0m00:36:48
[2025-12-16T00:36:48.086+0000] {subprocess.py:93} INFO - [0m00:36:48  [31mFailure in test not_null_stg_materials_loaded_at (models/staging/staging_schema.yml)[0m
[2025-12-16T00:36:48.087+0000] {subprocess.py:93} INFO - [0m00:36:48    Got 500 results, configured to fail if != 0
[2025-12-16T00:36:48.088+0000] {subprocess.py:93} INFO - [0m00:36:48
[2025-12-16T00:36:48.090+0000] {subprocess.py:93} INFO - [0m00:36:48    compiled code at target/compiled/mfg_accelerator/models/staging/staging_schema.yml/not_null_stg_materials_loaded_at.sql
[2025-12-16T00:36:48.091+0000] {subprocess.py:93} INFO - [0m00:36:48
[2025-12-16T00:36:48.092+0000] {subprocess.py:93} INFO - [0m00:36:48  [31mFailure in test not_null_stg_materials_load_run_id (models/staging/staging_schema.yml)[0m
[2025-12-16T00:36:48.094+0000] {subprocess.py:93} INFO - [0m00:36:48    Got 500 results, configured to fail if != 0
[2025-12-16T00:36:48.095+0000] {subprocess.py:93} INFO - [0m00:36:48
[2025-12-16T00:36:48.097+0000] {subprocess.py:93} INFO - [0m00:36:48    compiled code at target/compiled/mfg_accelerator/models/staging/staging_schema.yml/not_null_stg_materials_load_run_id.sql
[2025-12-16T00:36:48.098+0000] {subprocess.py:93} INFO - [0m00:36:48
[2025-12-16T00:36:48.100+0000] {subprocess.py:93} INFO - [0m00:36:48  [31mFailure in test not_null_stg_production_orders_load_run_id (models/staging/staging_schema.yml)[0m
[2025-12-16T00:36:48.101+0000] {subprocess.py:93} INFO - [0m00:36:48    Got 10000 results, configured to fail if != 0
[2025-12-16T00:36:48.103+0000] {subprocess.py:93} INFO - [0m00:36:48
[2025-12-16T00:36:48.104+0000] {subprocess.py:93} INFO - [0m00:36:48    compiled code at target/compiled/mfg_accelerator/models/staging/staging_schema.yml/not_null_stg_production_orders_load_run_id.sql
[2025-12-16T00:36:48.105+0000] {subprocess.py:93} INFO - [0m00:36:48
[2025-12-16T00:36:48.106+0000] {subprocess.py:93} INFO - [0m00:36:48  [31mFailure in test not_null_stg_production_orders_loaded_at (models/staging/staging_schema.yml)[0m
[2025-12-16T00:36:48.108+0000] {subprocess.py:93} INFO - [0m00:36:48    Got 10000 results, configured to fail if != 0
[2025-12-16T00:36:48.109+0000] {subprocess.py:93} INFO - [0m00:36:48
[2025-12-16T00:36:48.110+0000] {subprocess.py:93} INFO - [0m00:36:48    compiled code at target/compiled/mfg_accelerator/models/staging/staging_schema.yml/not_null_stg_production_orders_loaded_at.sql
[2025-12-16T00:36:48.111+0000] {subprocess.py:93} INFO - [0m00:36:48
[2025-12-16T00:36:48.113+0000] {subprocess.py:93} INFO - [0m00:36:48  [31mFailure in test unique_mfg_ml_features_orders_order_id (models/marts/marts_schema.yml)[0m
[2025-12-16T00:36:48.114+0000] {subprocess.py:93} INFO - [0m00:36:48    Got 10000 results, configured to fail if != 0
[2025-12-16T00:36:48.115+0000] {subprocess.py:93} INFO - [0m00:36:48
[2025-12-16T00:36:48.117+0000] {subprocess.py:93} INFO - [0m00:36:48    compiled code at target/compiled/mfg_accelerator/models/marts/marts_schema.yml/unique_mfg_ml_features_orders_order_id.sql
[2025-12-16T00:36:48.118+0000] {subprocess.py:93} INFO - [0m00:36:48
[2025-12-16T00:36:48.120+0000] {subprocess.py:93} INFO - [0m00:36:48  Done. PASS=17 WARN=0 ERROR=18 SKIP=0 NO-OP=0 TOTAL=35
[2025-12-16T00:36:49.266+0000] {subprocess.py:97} INFO - Command exited with return code 1
[2025-12-16T00:36:49.268+0000] {taskinstance.py:441} INFO - ::group::Post task execution logs
[2025-12-16T00:36:49.277+0000] {taskinstance.py:2890} ERROR - Task failed with exception
Traceback (most recent call last):
  File "/home/airflow/.local/lib/python3.12/site-packages/airflow/models/taskinstance.py", line 460, in _execute_task
    result = _execute_callable(context=context, **execute_callable_kwargs)
             ^^^^^^^^^^^^^^^^^^^^^^^^^^^^^^^^^^^^^^^^^^^^^^^^^^^^^^^^^^^^^
  File "/home/airflow/.local/lib/python3.12/site-packages/airflow/models/taskinstance.py", line 432, in _execute_callable
    return execute_callable(context=context, **execute_callable_kwargs)
           ^^^^^^^^^^^^^^^^^^^^^^^^^^^^^^^^^^^^^^^^^^^^^^^^^^^^^^^^^^^^
  File "/home/airflow/.local/lib/python3.12/site-packages/airflow/models/baseoperator.py", line 400, in wrapper
    return func(self, *args, **kwargs)
           ^^^^^^^^^^^^^^^^^^^^^^^^^^^
  File "/home/airflow/.local/lib/python3.12/site-packages/airflow/operators/bash.py", line 243, in execute
    raise AirflowException(
airflow.exceptions.AirflowException: Bash command failed. The command returned a non-zero exit code 1.
[2025-12-16T00:36:49.282+0000] {taskinstance.py:1205} INFO - Marking task as UP_FOR_RETRY. dag_id=mfg_raw_ingestion_dag, task_id=dbt_test_all, execution_date=20251214T040000, start_date=20251216T003635, end_date=20251216T003649
[2025-12-16T00:36:49.298+0000] {standard_task_runner.py:110} ERROR - Failed to execute job 5 for task dbt_test_all (Bash command failed. The command returned a non-zero exit code 1.; 623)
[2025-12-16T00:36:49.326+0000] {local_task_job_runner.py:240} INFO - Task exited with return code 1
[2025-12-16T00:36:49.340+0000] {taskinstance.py:3482} INFO - 0 downstream tasks scheduled from follow-on schedule check
[2025-12-16T00:36:49.345+0000] {local_task_job_runner.py:222} INFO - ::endgroup::
