[2025-12-13T22:22:01.390+0000] {local_task_job_runner.py:120} INFO - ::group::Pre task execution logs
[2025-12-13T22:22:01.427+0000] {taskinstance.py:2073} INFO - Dependencies all met for dep_context=non-requeueable deps ti=<TaskInstance: mfg_data_quality_monitoring_dag.dq_check_sla_timeliness manual__2025-12-13T22:18:47.244505+00:00 [queued]>
[2025-12-13T22:22:01.438+0000] {taskinstance.py:2073} INFO - Dependencies all met for dep_context=requeueable deps ti=<TaskInstance: mfg_data_quality_monitoring_dag.dq_check_sla_timeliness manual__2025-12-13T22:18:47.244505+00:00 [queued]>
[2025-12-13T22:22:01.439+0000] {taskinstance.py:2303} INFO - Starting attempt 2 of 2
[2025-12-13T22:22:01.455+0000] {taskinstance.py:2327} INFO - Executing <Task(PythonOperator): dq_check_sla_timeliness> on 2025-12-13 22:18:47.244505+00:00
[2025-12-13T22:22:01.472+0000] {standard_task_runner.py:90} INFO - Running: ['***', 'tasks', 'run', 'mfg_data_quality_monitoring_dag', 'dq_check_sla_timeliness', 'manual__2025-12-13T22:18:47.244505+00:00', '--job-id', '27', '--raw', '--subdir', 'DAGS_FOLDER/mfg_data_quality_monitoring_dag.py', '--cfg-path', '/tmp/tmpmps40rvs']
[2025-12-13T22:22:01.479+0000] {logging_mixin.py:188} WARNING - /home/***/.local/lib/python3.12/site-packages/***/task/task_runner/standard_task_runner.py:61 DeprecationWarning: This process (pid=804) is multi-threaded, use of fork() may lead to deadlocks in the child.
[2025-12-13T22:22:01.480+0000] {standard_task_runner.py:91} INFO - Job 27: Subtask dq_check_sla_timeliness
[2025-12-13T22:22:01.480+0000] {standard_task_runner.py:63} INFO - Started process 811 to run task
[2025-12-13T22:22:01.560+0000] {task_command.py:426} INFO - Running <TaskInstance: mfg_data_quality_monitoring_dag.dq_check_sla_timeliness manual__2025-12-13T22:18:47.244505+00:00 [running]> on host 1cab3e949a95
[2025-12-13T22:22:01.675+0000] {taskinstance.py:2644} INFO - Exporting env vars: AIRFLOW_CTX_DAG_OWNER='data-platform' AIRFLOW_CTX_DAG_ID='mfg_data_quality_monitoring_dag' AIRFLOW_CTX_TASK_ID='dq_check_sla_timeliness' AIRFLOW_CTX_EXECUTION_DATE='2025-12-13T22:18:47.244505+00:00' AIRFLOW_CTX_TRY_NUMBER='2' AIRFLOW_CTX_DAG_RUN_ID='manual__2025-12-13T22:18:47.244505+00:00'
[2025-12-13T22:22:01.676+0000] {taskinstance.py:430} INFO - ::endgroup::
[2025-12-13T22:22:01.705+0000] {taskinstance.py:441} INFO - ::group::Post task execution logs
[2025-12-13T22:22:01.706+0000] {taskinstance.py:2890} ERROR - Task failed with exception
Traceback (most recent call last):
  File "/home/airflow/.local/lib/python3.12/site-packages/airflow/models/taskinstance.py", line 460, in _execute_task
    result = _execute_callable(context=context, **execute_callable_kwargs)
             ^^^^^^^^^^^^^^^^^^^^^^^^^^^^^^^^^^^^^^^^^^^^^^^^^^^^^^^^^^^^^
  File "/home/airflow/.local/lib/python3.12/site-packages/airflow/models/taskinstance.py", line 432, in _execute_callable
    return execute_callable(context=context, **execute_callable_kwargs)
           ^^^^^^^^^^^^^^^^^^^^^^^^^^^^^^^^^^^^^^^^^^^^^^^^^^^^^^^^^^^^
  File "/home/airflow/.local/lib/python3.12/site-packages/airflow/models/baseoperator.py", line 400, in wrapper
    return func(self, *args, **kwargs)
           ^^^^^^^^^^^^^^^^^^^^^^^^^^^
  File "/home/airflow/.local/lib/python3.12/site-packages/airflow/operators/python.py", line 235, in execute
    return_value = self.execute_callable()
                   ^^^^^^^^^^^^^^^^^^^^^^^
  File "/home/airflow/.local/lib/python3.12/site-packages/airflow/operators/python.py", line 252, in execute_callable
    return self.python_callable(*self.op_args, **self.op_kwargs)
           ^^^^^^^^^^^^^^^^^^^^^^^^^^^^^^^^^^^^^^^^^^^^^^^^^^^^^
  File "/opt/airflow/dags/mfg_data_quality_monitoring_dag.py", line 326, in dq_check_sla_timeliness
    dag_duration_min = (dag_end - dr.start_date).total_seconds() / 60.0
                        ~~~~~~~~^~~~~~~~~~~~~~~
TypeError: can't subtract offset-naive and offset-aware datetimes
[2025-12-13T22:22:01.725+0000] {taskinstance.py:1205} INFO - Marking task as FAILED. dag_id=mfg_data_quality_monitoring_dag, task_id=dq_check_sla_timeliness, execution_date=20251213T221847, start_date=20251213T222201, end_date=20251213T222201
[2025-12-13T22:22:01.740+0000] {standard_task_runner.py:110} ERROR - Failed to execute job 27 for task dq_check_sla_timeliness (can't subtract offset-naive and offset-aware datetimes; 811)
[2025-12-13T22:22:01.781+0000] {local_task_job_runner.py:240} INFO - Task exited with return code 1
[2025-12-13T22:22:01.810+0000] {taskinstance.py:3482} INFO - 1 downstream tasks scheduled from follow-on schedule check
[2025-12-13T22:22:01.815+0000] {local_task_job_runner.py:222} INFO - ::endgroup::
