[2025-12-15T15:06:12.633+0000] {local_task_job_runner.py:120} INFO - ::group::Pre task execution logs
[2025-12-15T15:06:12.661+0000] {taskinstance.py:2073} INFO - Dependencies all met for dep_context=non-requeueable deps ti=<TaskInstance: mfg_raw_ingestion_dag.dbt_run_all manual__2025-12-15T15:00:32.408724+00:00 [queued]>
[2025-12-15T15:06:12.668+0000] {taskinstance.py:2073} INFO - Dependencies all met for dep_context=requeueable deps ti=<TaskInstance: mfg_raw_ingestion_dag.dbt_run_all manual__2025-12-15T15:00:32.408724+00:00 [queued]>
[2025-12-15T15:06:12.669+0000] {taskinstance.py:2303} INFO - Starting attempt 2 of 3
[2025-12-15T15:06:12.682+0000] {taskinstance.py:2327} INFO - Executing <Task(BashOperator): dbt_run_all> on 2025-12-15 15:00:32.408724+00:00
[2025-12-15T15:06:12.689+0000] {standard_task_runner.py:90} INFO - Running: ['***', 'tasks', 'run', 'mfg_raw_ingestion_dag', 'dbt_run_all', 'manual__2025-12-15T15:00:32.408724+00:00', '--job-id', '35', '--raw', '--subdir', 'DAGS_FOLDER/mfg_raw_ingestion_dag.py', '--cfg-path', '/tmp/tmpinrokj5r']
[2025-12-15T15:06:12.691+0000] {standard_task_runner.py:91} INFO - Job 35: Subtask dbt_run_all
[2025-12-15T15:06:12.691+0000] {logging_mixin.py:188} WARNING - /home/***/.local/lib/python3.12/site-packages/***/task/task_runner/standard_task_runner.py:61 DeprecationWarning: This process (pid=5039) is multi-threaded, use of fork() may lead to deadlocks in the child.
[2025-12-15T15:06:12.692+0000] {standard_task_runner.py:63} INFO - Started process 5040 to run task
[2025-12-15T15:06:12.734+0000] {task_command.py:426} INFO - Running <TaskInstance: mfg_raw_ingestion_dag.dbt_run_all manual__2025-12-15T15:00:32.408724+00:00 [running]> on host 3799fda194bc
[2025-12-15T15:06:12.804+0000] {taskinstance.py:2644} INFO - Exporting env vars: AIRFLOW_CTX_DAG_OWNER='data-engineering' AIRFLOW_CTX_DAG_ID='mfg_raw_ingestion_dag' AIRFLOW_CTX_TASK_ID='dbt_run_all' AIRFLOW_CTX_EXECUTION_DATE='2025-12-15T15:00:32.408724+00:00' AIRFLOW_CTX_TRY_NUMBER='2' AIRFLOW_CTX_DAG_RUN_ID='manual__2025-12-15T15:00:32.408724+00:00'
[2025-12-15T15:06:12.806+0000] {taskinstance.py:430} INFO - ::endgroup::
[2025-12-15T15:06:12.820+0000] {subprocess.py:63} INFO - Tmp dir root location: /tmp
[2025-12-15T15:06:12.821+0000] {subprocess.py:75} INFO - Running command: ['/usr/bin/bash', '-c', 'set -euo pipefail; cd /opt/***/dbt_project && dbt run --profiles-dir /opt/***/dbt_profiles']
[2025-12-15T15:06:12.830+0000] {subprocess.py:86} INFO - Output:
[2025-12-15T15:06:14.809+0000] {subprocess.py:93} INFO - [0m15:06:14  Running with dbt=1.10.15
[2025-12-15T15:06:15.665+0000] {subprocess.py:93} INFO - [0m15:06:15  Registered adapter: snowflake=1.10.4
[2025-12-15T15:06:16.203+0000] {subprocess.py:93} INFO - [0m15:06:16  Found 8 models, 32 data tests, 3 sources, 504 macros
[2025-12-15T15:06:16.207+0000] {subprocess.py:93} INFO - [0m15:06:16
[2025-12-15T15:06:16.209+0000] {subprocess.py:93} INFO - [0m15:06:16  Concurrency: 4 threads (target='dev')
[2025-12-15T15:06:16.210+0000] {subprocess.py:93} INFO - [0m15:06:16
[2025-12-15T15:06:18.323+0000] {subprocess.py:93} INFO - [0m15:06:18  1 of 8 START sql view model ANALYTICS_analytics.stg_batches .................... [RUN]
[2025-12-15T15:06:18.325+0000] {subprocess.py:93} INFO - [0m15:06:18  2 of 8 START sql view model ANALYTICS_analytics.stg_materials .................. [RUN]
[2025-12-15T15:06:18.327+0000] {subprocess.py:93} INFO - [0m15:06:18  3 of 8 START sql view model ANALYTICS_analytics.stg_production_orders .......... [RUN]
[2025-12-15T15:06:18.892+0000] {subprocess.py:93} INFO - [0m15:06:18  1 of 8 OK created sql view model ANALYTICS_analytics.stg_batches ............... [[32mSUCCESS 1[0m in 0.56s]
[2025-12-15T15:06:18.898+0000] {subprocess.py:93} INFO - [0m15:06:18  4 of 8 START sql table model ANALYTICS_analytics.core_batches .................. [RUN]
[2025-12-15T15:06:19.941+0000] {subprocess.py:93} INFO - [0m15:06:19  2 of 8 OK created sql view model ANALYTICS_analytics.stg_materials ............. [[32mSUCCESS 1[0m in 1.61s]
[2025-12-15T15:06:19.946+0000] {subprocess.py:93} INFO - [0m15:06:19  5 of 8 START sql table model ANALYTICS_analytics.core_materials ................ [RUN]
[2025-12-15T15:06:20.012+0000] {subprocess.py:93} INFO - [0m15:06:20  3 of 8 OK created sql view model ANALYTICS_analytics.stg_production_orders ..... [[32mSUCCESS 1[0m in 1.68s]
[2025-12-15T15:06:20.017+0000] {subprocess.py:93} INFO - [0m15:06:20  6 of 8 START sql table model ANALYTICS_analytics.fct_production_orders ......... [RUN]
[2025-12-15T15:06:21.577+0000] {subprocess.py:93} INFO - [0m15:06:21  5 of 8 OK created sql table model ANALYTICS_analytics.core_materials ........... [[32mSUCCESS 1[0m in 1.63s]
[2025-12-15T15:06:21.670+0000] {subprocess.py:93} INFO - [0m15:06:21  4 of 8 OK created sql table model ANALYTICS_analytics.core_batches ............. [[32mSUCCESS 1[0m in 2.77s]
[2025-12-15T15:06:21.759+0000] {subprocess.py:93} INFO - [0m15:06:21  6 of 8 OK created sql table model ANALYTICS_analytics.fct_production_orders .... [[32mSUCCESS 1[0m in 1.74s]
[2025-12-15T15:06:21.765+0000] {subprocess.py:93} INFO - [0m15:06:21  7 of 8 START sql table model ANALYTICS_analytics.mfg_ml_features_orders ........ [RUN]
[2025-12-15T15:06:21.767+0000] {subprocess.py:93} INFO - [0m15:06:21  8 of 8 START sql table model ANALYTICS_analytics.mfg_plant_daily_kpis .......... [RUN]
[2025-12-15T15:06:22.098+0000] {subprocess.py:93} INFO - [0m15:06:22  8 of 8 ERROR creating sql table model ANALYTICS_analytics.mfg_plant_daily_kpis . [[31mERROR[0m in 0.33s]
[2025-12-15T15:06:22.132+0000] {subprocess.py:93} INFO - [0m15:06:22  7 of 8 ERROR creating sql table model ANALYTICS_analytics.mfg_ml_features_orders  [[31mERROR[0m in 0.36s]
[2025-12-15T15:06:23.857+0000] {subprocess.py:93} INFO - [0m15:06:23
[2025-12-15T15:06:23.859+0000] {subprocess.py:93} INFO - [0m15:06:23  Finished running 5 table models, 3 view models in 0 hours 0 minutes and 7.65 seconds (7.65s).
[2025-12-15T15:06:23.942+0000] {subprocess.py:93} INFO - [0m15:06:23
[2025-12-15T15:06:23.944+0000] {subprocess.py:93} INFO - [0m15:06:23  [31mCompleted with 2 errors, 0 partial successes, and 0 warnings:[0m
[2025-12-15T15:06:23.945+0000] {subprocess.py:93} INFO - [0m15:06:23
[2025-12-15T15:06:23.946+0000] {subprocess.py:93} INFO - [0m15:06:23  [31mFailure in model mfg_plant_daily_kpis (models/marts/mfg_plant_daily_kpis.sql)[0m
[2025-12-15T15:06:23.947+0000] {subprocess.py:93} INFO - [0m15:06:23    Database Error in model mfg_plant_daily_kpis (models/marts/mfg_plant_daily_kpis.sql)
[2025-12-15T15:06:23.948+0000] {subprocess.py:93} INFO -   000904 (42000): SQL compilation error: error line 80 at position 22
[2025-12-15T15:06:23.948+0000] {subprocess.py:93} INFO -   invalid identifier 'O.IS_COMPLETED'
[2025-12-15T15:06:23.949+0000] {subprocess.py:93} INFO -   compiled code at target/run/mfg_accelerator/models/marts/mfg_plant_daily_kpis.sql
[2025-12-15T15:06:23.949+0000] {subprocess.py:93} INFO - [0m15:06:23
[2025-12-15T15:06:23.950+0000] {subprocess.py:93} INFO - [0m15:06:23    compiled code at target/compiled/mfg_accelerator/models/marts/mfg_plant_daily_kpis.sql
[2025-12-15T15:06:23.950+0000] {subprocess.py:93} INFO - [0m15:06:23
[2025-12-15T15:06:23.952+0000] {subprocess.py:93} INFO - [0m15:06:23  [31mFailure in model mfg_ml_features_orders (models/marts/mfg_ml_features_orders.sql)[0m
[2025-12-15T15:06:23.953+0000] {subprocess.py:93} INFO - [0m15:06:23    Database Error in model mfg_ml_features_orders (models/marts/mfg_ml_features_orders.sql)
[2025-12-15T15:06:23.953+0000] {subprocess.py:93} INFO -   000904 (42000): SQL compilation error: error line 13 at position 8
[2025-12-15T15:06:23.953+0000] {subprocess.py:93} INFO -   invalid identifier 'MATERIAL_ID'
[2025-12-15T15:06:23.954+0000] {subprocess.py:93} INFO -   compiled code at target/run/mfg_accelerator/models/marts/mfg_ml_features_orders.sql
[2025-12-15T15:06:23.954+0000] {subprocess.py:93} INFO - [0m15:06:23
[2025-12-15T15:06:23.955+0000] {subprocess.py:93} INFO - [0m15:06:23    compiled code at target/compiled/mfg_accelerator/models/marts/mfg_ml_features_orders.sql
[2025-12-15T15:06:23.956+0000] {subprocess.py:93} INFO - [0m15:06:23
[2025-12-15T15:06:23.957+0000] {subprocess.py:93} INFO - [0m15:06:23  Done. PASS=6 WARN=0 ERROR=2 SKIP=0 NO-OP=0 TOTAL=8
[2025-12-15T15:06:24.992+0000] {subprocess.py:97} INFO - Command exited with return code 1
[2025-12-15T15:06:24.993+0000] {taskinstance.py:441} INFO - ::group::Post task execution logs
[2025-12-15T15:06:25.002+0000] {taskinstance.py:2890} ERROR - Task failed with exception
Traceback (most recent call last):
  File "/home/airflow/.local/lib/python3.12/site-packages/airflow/models/taskinstance.py", line 460, in _execute_task
    result = _execute_callable(context=context, **execute_callable_kwargs)
             ^^^^^^^^^^^^^^^^^^^^^^^^^^^^^^^^^^^^^^^^^^^^^^^^^^^^^^^^^^^^^
  File "/home/airflow/.local/lib/python3.12/site-packages/airflow/models/taskinstance.py", line 432, in _execute_callable
    return execute_callable(context=context, **execute_callable_kwargs)
           ^^^^^^^^^^^^^^^^^^^^^^^^^^^^^^^^^^^^^^^^^^^^^^^^^^^^^^^^^^^^
  File "/home/airflow/.local/lib/python3.12/site-packages/airflow/models/baseoperator.py", line 400, in wrapper
    return func(self, *args, **kwargs)
           ^^^^^^^^^^^^^^^^^^^^^^^^^^^
  File "/home/airflow/.local/lib/python3.12/site-packages/airflow/operators/bash.py", line 243, in execute
    raise AirflowException(
airflow.exceptions.AirflowException: Bash command failed. The command returned a non-zero exit code 1.
[2025-12-15T15:06:25.006+0000] {taskinstance.py:1205} INFO - Marking task as UP_FOR_RETRY. dag_id=mfg_raw_ingestion_dag, task_id=dbt_run_all, execution_date=20251215T150032, start_date=20251215T150612, end_date=20251215T150625
[2025-12-15T15:06:25.020+0000] {standard_task_runner.py:110} ERROR - Failed to execute job 35 for task dbt_run_all (Bash command failed. The command returned a non-zero exit code 1.; 5040)
[2025-12-15T15:06:25.031+0000] {local_task_job_runner.py:240} INFO - Task exited with return code 1
[2025-12-15T15:06:25.047+0000] {taskinstance.py:3482} INFO - 0 downstream tasks scheduled from follow-on schedule check
[2025-12-15T15:06:25.052+0000] {local_task_job_runner.py:222} INFO - ::endgroup::
