[2025-12-15T15:00:56.871+0000] {local_task_job_runner.py:120} INFO - ::group::Pre task execution logs
[2025-12-15T15:00:56.902+0000] {taskinstance.py:2073} INFO - Dependencies all met for dep_context=non-requeueable deps ti=<TaskInstance: mfg_raw_ingestion_dag.dbt_run_all manual__2025-12-15T15:00:32.408724+00:00 [queued]>
[2025-12-15T15:00:56.909+0000] {taskinstance.py:2073} INFO - Dependencies all met for dep_context=requeueable deps ti=<TaskInstance: mfg_raw_ingestion_dag.dbt_run_all manual__2025-12-15T15:00:32.408724+00:00 [queued]>
[2025-12-15T15:00:56.910+0000] {taskinstance.py:2303} INFO - Starting attempt 1 of 3
[2025-12-15T15:00:56.924+0000] {taskinstance.py:2327} INFO - Executing <Task(BashOperator): dbt_run_all> on 2025-12-15 15:00:32.408724+00:00
[2025-12-15T15:00:56.931+0000] {standard_task_runner.py:90} INFO - Running: ['***', 'tasks', 'run', 'mfg_raw_ingestion_dag', 'dbt_run_all', 'manual__2025-12-15T15:00:32.408724+00:00', '--job-id', '34', '--raw', '--subdir', 'DAGS_FOLDER/mfg_raw_ingestion_dag.py', '--cfg-path', '/tmp/tmpqd9lhj17']
[2025-12-15T15:00:56.934+0000] {standard_task_runner.py:91} INFO - Job 34: Subtask dbt_run_all
[2025-12-15T15:00:56.934+0000] {logging_mixin.py:188} WARNING - /home/***/.local/lib/python3.12/site-packages/***/task/task_runner/standard_task_runner.py:61 DeprecationWarning: This process (pid=4788) is multi-threaded, use of fork() may lead to deadlocks in the child.
[2025-12-15T15:00:56.935+0000] {standard_task_runner.py:63} INFO - Started process 4789 to run task
[2025-12-15T15:00:56.977+0000] {task_command.py:426} INFO - Running <TaskInstance: mfg_raw_ingestion_dag.dbt_run_all manual__2025-12-15T15:00:32.408724+00:00 [running]> on host 3799fda194bc
[2025-12-15T15:00:57.052+0000] {taskinstance.py:2644} INFO - Exporting env vars: AIRFLOW_CTX_DAG_OWNER='data-engineering' AIRFLOW_CTX_DAG_ID='mfg_raw_ingestion_dag' AIRFLOW_CTX_TASK_ID='dbt_run_all' AIRFLOW_CTX_EXECUTION_DATE='2025-12-15T15:00:32.408724+00:00' AIRFLOW_CTX_TRY_NUMBER='1' AIRFLOW_CTX_DAG_RUN_ID='manual__2025-12-15T15:00:32.408724+00:00'
[2025-12-15T15:00:57.053+0000] {taskinstance.py:430} INFO - ::endgroup::
[2025-12-15T15:00:57.066+0000] {subprocess.py:63} INFO - Tmp dir root location: /tmp
[2025-12-15T15:00:57.067+0000] {subprocess.py:75} INFO - Running command: ['/usr/bin/bash', '-c', 'set -euo pipefail; cd /opt/***/dbt_project && dbt run --profiles-dir /opt/***/dbt_profiles']
[2025-12-15T15:00:57.075+0000] {subprocess.py:86} INFO - Output:
[2025-12-15T15:00:59.884+0000] {subprocess.py:93} INFO - [0m15:00:59  Running with dbt=1.10.15
[2025-12-15T15:01:00.830+0000] {subprocess.py:93} INFO - [0m15:01:00  Registered adapter: snowflake=1.10.4
[2025-12-15T15:01:01.717+0000] {subprocess.py:93} INFO - [0m15:01:01  [[33mWARNING[0m][MissingArgumentsPropertyInGenericTestDeprecation]: Deprecated
[2025-12-15T15:01:01.718+0000] {subprocess.py:93} INFO - functionality
[2025-12-15T15:01:01.719+0000] {subprocess.py:93} INFO - Found top-level arguments to test `relationships`. Arguments to generic tests
[2025-12-15T15:01:01.719+0000] {subprocess.py:93} INFO - should be nested under the `arguments` property.`
[2025-12-15T15:01:02.085+0000] {subprocess.py:93} INFO - [0m15:01:02  Found 8 models, 32 data tests, 3 sources, 504 macros
[2025-12-15T15:01:02.090+0000] {subprocess.py:93} INFO - [0m15:01:02
[2025-12-15T15:01:02.091+0000] {subprocess.py:93} INFO - [0m15:01:02  Concurrency: 4 threads (target='dev')
[2025-12-15T15:01:02.092+0000] {subprocess.py:93} INFO - [0m15:01:02
[2025-12-15T15:01:03.835+0000] {subprocess.py:93} INFO - [0m15:01:03  1 of 8 START sql view model ANALYTICS_analytics.stg_batches .................... [RUN]
[2025-12-15T15:01:03.837+0000] {subprocess.py:93} INFO - [0m15:01:03  2 of 8 START sql view model ANALYTICS_analytics.stg_materials .................. [RUN]
[2025-12-15T15:01:03.839+0000] {subprocess.py:93} INFO - [0m15:01:03  3 of 8 START sql view model ANALYTICS_analytics.stg_production_orders .......... [RUN]
[2025-12-15T15:01:04.442+0000] {subprocess.py:93} INFO - [0m15:01:04  1 of 8 OK created sql view model ANALYTICS_analytics.stg_batches ............... [[32mSUCCESS 1[0m in 0.60s]
[2025-12-15T15:01:04.447+0000] {subprocess.py:93} INFO - [0m15:01:04  4 of 8 START sql table model ANALYTICS_analytics.core_batches .................. [RUN]
[2025-12-15T15:01:05.451+0000] {subprocess.py:93} INFO - [0m15:01:05  2 of 8 OK created sql view model ANALYTICS_analytics.stg_materials ............. [[32mSUCCESS 1[0m in 1.61s]
[2025-12-15T15:01:05.457+0000] {subprocess.py:93} INFO - [0m15:01:05  5 of 8 START sql table model ANALYTICS_analytics.core_materials ................ [RUN]
[2025-12-15T15:01:05.636+0000] {subprocess.py:93} INFO - [0m15:01:05  3 of 8 OK created sql view model ANALYTICS_analytics.stg_production_orders ..... [[32mSUCCESS 1[0m in 1.79s]
[2025-12-15T15:01:05.641+0000] {subprocess.py:93} INFO - [0m15:01:05  6 of 8 START sql table model ANALYTICS_analytics.fct_production_orders ......... [RUN]
[2025-12-15T15:01:06.683+0000] {subprocess.py:93} INFO - [0m15:01:06  5 of 8 OK created sql table model ANALYTICS_analytics.core_materials ........... [[32mSUCCESS 1[0m in 1.22s]
[2025-12-15T15:01:07.159+0000] {subprocess.py:93} INFO - [0m15:01:07  6 of 8 OK created sql table model ANALYTICS_analytics.fct_production_orders .... [[32mSUCCESS 1[0m in 1.51s]
[2025-12-15T15:01:07.348+0000] {subprocess.py:93} INFO - [0m15:01:07  4 of 8 OK created sql table model ANALYTICS_analytics.core_batches ............. [[32mSUCCESS 1[0m in 2.90s]
[2025-12-15T15:01:07.353+0000] {subprocess.py:93} INFO - [0m15:01:07  7 of 8 START sql table model ANALYTICS_analytics.mfg_ml_features_orders ........ [RUN]
[2025-12-15T15:01:07.355+0000] {subprocess.py:93} INFO - [0m15:01:07  8 of 8 START sql table model ANALYTICS_analytics.mfg_plant_daily_kpis .......... [RUN]
[2025-12-15T15:01:07.833+0000] {subprocess.py:93} INFO - [0m15:01:07  8 of 8 ERROR creating sql table model ANALYTICS_analytics.mfg_plant_daily_kpis . [[31mERROR[0m in 0.47s]
[2025-12-15T15:01:07.837+0000] {subprocess.py:93} INFO - [0m15:01:07  7 of 8 ERROR creating sql table model ANALYTICS_analytics.mfg_ml_features_orders  [[31mERROR[0m in 0.48s]
[2025-12-15T15:01:10.365+0000] {subprocess.py:93} INFO - [0m15:01:10
[2025-12-15T15:01:10.366+0000] {subprocess.py:93} INFO - [0m15:01:10  Finished running 5 table models, 3 view models in 0 hours 0 minutes and 8.27 seconds (8.27s).
[2025-12-15T15:01:10.447+0000] {subprocess.py:93} INFO - [0m15:01:10
[2025-12-15T15:01:10.448+0000] {subprocess.py:93} INFO - [0m15:01:10  [31mCompleted with 2 errors, 0 partial successes, and 0 warnings:[0m
[2025-12-15T15:01:10.449+0000] {subprocess.py:93} INFO - [0m15:01:10
[2025-12-15T15:01:10.451+0000] {subprocess.py:93} INFO - [0m15:01:10  [31mFailure in model mfg_plant_daily_kpis (models/marts/mfg_plant_daily_kpis.sql)[0m
[2025-12-15T15:01:10.452+0000] {subprocess.py:93} INFO - [0m15:01:10    Database Error in model mfg_plant_daily_kpis (models/marts/mfg_plant_daily_kpis.sql)
[2025-12-15T15:01:10.453+0000] {subprocess.py:93} INFO -   000904 (42000): SQL compilation error: error line 80 at position 22
[2025-12-15T15:01:10.453+0000] {subprocess.py:93} INFO -   invalid identifier 'O.IS_COMPLETED'
[2025-12-15T15:01:10.454+0000] {subprocess.py:93} INFO -   compiled code at target/run/mfg_accelerator/models/marts/mfg_plant_daily_kpis.sql
[2025-12-15T15:01:10.454+0000] {subprocess.py:93} INFO - [0m15:01:10
[2025-12-15T15:01:10.455+0000] {subprocess.py:93} INFO - [0m15:01:10    compiled code at target/compiled/mfg_accelerator/models/marts/mfg_plant_daily_kpis.sql
[2025-12-15T15:01:10.456+0000] {subprocess.py:93} INFO - [0m15:01:10
[2025-12-15T15:01:10.457+0000] {subprocess.py:93} INFO - [0m15:01:10  [31mFailure in model mfg_ml_features_orders (models/marts/mfg_ml_features_orders.sql)[0m
[2025-12-15T15:01:10.458+0000] {subprocess.py:93} INFO - [0m15:01:10    Database Error in model mfg_ml_features_orders (models/marts/mfg_ml_features_orders.sql)
[2025-12-15T15:01:10.459+0000] {subprocess.py:93} INFO -   000904 (42000): SQL compilation error: error line 13 at position 8
[2025-12-15T15:01:10.459+0000] {subprocess.py:93} INFO -   invalid identifier 'MATERIAL_ID'
[2025-12-15T15:01:10.459+0000] {subprocess.py:93} INFO -   compiled code at target/run/mfg_accelerator/models/marts/mfg_ml_features_orders.sql
[2025-12-15T15:01:10.460+0000] {subprocess.py:93} INFO - [0m15:01:10
[2025-12-15T15:01:10.461+0000] {subprocess.py:93} INFO - [0m15:01:10    compiled code at target/compiled/mfg_accelerator/models/marts/mfg_ml_features_orders.sql
[2025-12-15T15:01:10.462+0000] {subprocess.py:93} INFO - [0m15:01:10
[2025-12-15T15:01:10.463+0000] {subprocess.py:93} INFO - [0m15:01:10  Done. PASS=6 WARN=0 ERROR=2 SKIP=0 NO-OP=0 TOTAL=8
[2025-12-15T15:01:10.464+0000] {subprocess.py:93} INFO - [0m15:01:10  [[33mWARNING[0m][DeprecationsSummary]: Deprecated functionality
[2025-12-15T15:01:10.464+0000] {subprocess.py:93} INFO - Summary of encountered deprecations:
[2025-12-15T15:01:10.465+0000] {subprocess.py:93} INFO - - MissingArgumentsPropertyInGenericTestDeprecation: 2 occurrences
[2025-12-15T15:01:10.465+0000] {subprocess.py:93} INFO - To see all deprecation instances instead of just the first occurrence of each,
[2025-12-15T15:01:10.465+0000] {subprocess.py:93} INFO - run command again with the `--show-all-deprecations` flag. You may also need to
[2025-12-15T15:01:10.466+0000] {subprocess.py:93} INFO - run with `--no-partial-parse` as some deprecations are only encountered during
[2025-12-15T15:01:10.466+0000] {subprocess.py:93} INFO - parsing.
[2025-12-15T15:01:11.627+0000] {subprocess.py:97} INFO - Command exited with return code 1
[2025-12-15T15:01:11.628+0000] {taskinstance.py:441} INFO - ::group::Post task execution logs
[2025-12-15T15:01:11.637+0000] {taskinstance.py:2890} ERROR - Task failed with exception
Traceback (most recent call last):
  File "/home/airflow/.local/lib/python3.12/site-packages/airflow/models/taskinstance.py", line 460, in _execute_task
    result = _execute_callable(context=context, **execute_callable_kwargs)
             ^^^^^^^^^^^^^^^^^^^^^^^^^^^^^^^^^^^^^^^^^^^^^^^^^^^^^^^^^^^^^
  File "/home/airflow/.local/lib/python3.12/site-packages/airflow/models/taskinstance.py", line 432, in _execute_callable
    return execute_callable(context=context, **execute_callable_kwargs)
           ^^^^^^^^^^^^^^^^^^^^^^^^^^^^^^^^^^^^^^^^^^^^^^^^^^^^^^^^^^^^
  File "/home/airflow/.local/lib/python3.12/site-packages/airflow/models/baseoperator.py", line 400, in wrapper
    return func(self, *args, **kwargs)
           ^^^^^^^^^^^^^^^^^^^^^^^^^^^
  File "/home/airflow/.local/lib/python3.12/site-packages/airflow/operators/bash.py", line 243, in execute
    raise AirflowException(
airflow.exceptions.AirflowException: Bash command failed. The command returned a non-zero exit code 1.
[2025-12-15T15:01:11.641+0000] {taskinstance.py:1205} INFO - Marking task as UP_FOR_RETRY. dag_id=mfg_raw_ingestion_dag, task_id=dbt_run_all, execution_date=20251215T150032, start_date=20251215T150056, end_date=20251215T150111
[2025-12-15T15:01:11.655+0000] {standard_task_runner.py:110} ERROR - Failed to execute job 34 for task dbt_run_all (Bash command failed. The command returned a non-zero exit code 1.; 4789)
[2025-12-15T15:01:11.698+0000] {local_task_job_runner.py:240} INFO - Task exited with return code 1
[2025-12-15T15:01:11.716+0000] {taskinstance.py:3482} INFO - 0 downstream tasks scheduled from follow-on schedule check
[2025-12-15T15:01:11.722+0000] {local_task_job_runner.py:222} INFO - ::endgroup::
