[2025-12-15T15:11:25.561+0000] {local_task_job_runner.py:120} INFO - ::group::Pre task execution logs
[2025-12-15T15:11:25.590+0000] {taskinstance.py:2073} INFO - Dependencies all met for dep_context=non-requeueable deps ti=<TaskInstance: mfg_raw_ingestion_dag.dbt_run_all manual__2025-12-15T15:00:32.408724+00:00 [queued]>
[2025-12-15T15:11:25.598+0000] {taskinstance.py:2073} INFO - Dependencies all met for dep_context=requeueable deps ti=<TaskInstance: mfg_raw_ingestion_dag.dbt_run_all manual__2025-12-15T15:00:32.408724+00:00 [queued]>
[2025-12-15T15:11:25.599+0000] {taskinstance.py:2303} INFO - Starting attempt 3 of 3
[2025-12-15T15:11:25.613+0000] {taskinstance.py:2327} INFO - Executing <Task(BashOperator): dbt_run_all> on 2025-12-15 15:00:32.408724+00:00
[2025-12-15T15:11:25.620+0000] {standard_task_runner.py:90} INFO - Running: ['***', 'tasks', 'run', 'mfg_raw_ingestion_dag', 'dbt_run_all', 'manual__2025-12-15T15:00:32.408724+00:00', '--job-id', '36', '--raw', '--subdir', 'DAGS_FOLDER/mfg_raw_ingestion_dag.py', '--cfg-path', '/tmp/tmpqg73ig67']
[2025-12-15T15:11:25.622+0000] {logging_mixin.py:188} WARNING - /home/***/.local/lib/python3.12/site-packages/***/task/task_runner/standard_task_runner.py:61 DeprecationWarning: This process (pid=5282) is multi-threaded, use of fork() may lead to deadlocks in the child.
[2025-12-15T15:11:25.623+0000] {standard_task_runner.py:91} INFO - Job 36: Subtask dbt_run_all
[2025-12-15T15:11:25.623+0000] {standard_task_runner.py:63} INFO - Started process 5283 to run task
[2025-12-15T15:11:25.673+0000] {task_command.py:426} INFO - Running <TaskInstance: mfg_raw_ingestion_dag.dbt_run_all manual__2025-12-15T15:00:32.408724+00:00 [running]> on host 3799fda194bc
[2025-12-15T15:11:25.744+0000] {taskinstance.py:2644} INFO - Exporting env vars: AIRFLOW_CTX_DAG_OWNER='data-engineering' AIRFLOW_CTX_DAG_ID='mfg_raw_ingestion_dag' AIRFLOW_CTX_TASK_ID='dbt_run_all' AIRFLOW_CTX_EXECUTION_DATE='2025-12-15T15:00:32.408724+00:00' AIRFLOW_CTX_TRY_NUMBER='3' AIRFLOW_CTX_DAG_RUN_ID='manual__2025-12-15T15:00:32.408724+00:00'
[2025-12-15T15:11:25.745+0000] {taskinstance.py:430} INFO - ::endgroup::
[2025-12-15T15:11:25.759+0000] {subprocess.py:63} INFO - Tmp dir root location: /tmp
[2025-12-15T15:11:25.760+0000] {subprocess.py:75} INFO - Running command: ['/usr/bin/bash', '-c', 'set -euo pipefail; cd /opt/***/dbt_project && dbt run --profiles-dir /opt/***/dbt_profiles']
[2025-12-15T15:11:25.768+0000] {subprocess.py:86} INFO - Output:
[2025-12-15T15:11:27.709+0000] {subprocess.py:93} INFO - [0m15:11:27  Running with dbt=1.10.15
[2025-12-15T15:11:28.542+0000] {subprocess.py:93} INFO - [0m15:11:28  Registered adapter: snowflake=1.10.4
[2025-12-15T15:11:29.079+0000] {subprocess.py:93} INFO - [0m15:11:29  Found 8 models, 32 data tests, 3 sources, 504 macros
[2025-12-15T15:11:29.083+0000] {subprocess.py:93} INFO - [0m15:11:29
[2025-12-15T15:11:29.084+0000] {subprocess.py:93} INFO - [0m15:11:29  Concurrency: 4 threads (target='dev')
[2025-12-15T15:11:29.086+0000] {subprocess.py:93} INFO - [0m15:11:29
[2025-12-15T15:11:31.479+0000] {subprocess.py:93} INFO - [0m15:11:31  1 of 8 START sql view model ANALYTICS_analytics.stg_batches .................... [RUN]
[2025-12-15T15:11:31.480+0000] {subprocess.py:93} INFO - [0m15:11:31  2 of 8 START sql view model ANALYTICS_analytics.stg_materials .................. [RUN]
[2025-12-15T15:11:31.482+0000] {subprocess.py:93} INFO - [0m15:11:31  3 of 8 START sql view model ANALYTICS_analytics.stg_production_orders .......... [RUN]
[2025-12-15T15:11:32.111+0000] {subprocess.py:93} INFO - [0m15:11:32  1 of 8 OK created sql view model ANALYTICS_analytics.stg_batches ............... [[32mSUCCESS 1[0m in 0.62s]
[2025-12-15T15:11:32.116+0000] {subprocess.py:93} INFO - [0m15:11:32  4 of 8 START sql table model ANALYTICS_analytics.core_batches .................. [RUN]
[2025-12-15T15:11:33.105+0000] {subprocess.py:93} INFO - [0m15:11:33  3 of 8 OK created sql view model ANALYTICS_analytics.stg_production_orders ..... [[32mSUCCESS 1[0m in 1.62s]
[2025-12-15T15:11:33.110+0000] {subprocess.py:93} INFO - [0m15:11:33  5 of 8 START sql table model ANALYTICS_analytics.fct_production_orders ......... [RUN]
[2025-12-15T15:11:33.142+0000] {subprocess.py:93} INFO - [0m15:11:33  2 of 8 OK created sql view model ANALYTICS_analytics.stg_materials ............. [[32mSUCCESS 1[0m in 1.65s]
[2025-12-15T15:11:33.150+0000] {subprocess.py:93} INFO - [0m15:11:33  6 of 8 START sql table model ANALYTICS_analytics.core_materials ................ [RUN]
[2025-12-15T15:11:34.939+0000] {subprocess.py:93} INFO - [0m15:11:34  6 of 8 OK created sql table model ANALYTICS_analytics.core_materials ........... [[32mSUCCESS 1[0m in 1.79s]
[2025-12-15T15:11:34.998+0000] {subprocess.py:93} INFO - [0m15:11:34  4 of 8 OK created sql table model ANALYTICS_analytics.core_batches ............. [[32mSUCCESS 1[0m in 2.88s]
[2025-12-15T15:11:35.033+0000] {subprocess.py:93} INFO - [0m15:11:35  5 of 8 OK created sql table model ANALYTICS_analytics.fct_production_orders .... [[32mSUCCESS 1[0m in 1.92s]
[2025-12-15T15:11:35.040+0000] {subprocess.py:93} INFO - [0m15:11:35  7 of 8 START sql table model ANALYTICS_analytics.mfg_ml_features_orders ........ [RUN]
[2025-12-15T15:11:35.042+0000] {subprocess.py:93} INFO - [0m15:11:35  8 of 8 START sql table model ANALYTICS_analytics.mfg_plant_daily_kpis .......... [RUN]
[2025-12-15T15:11:35.397+0000] {subprocess.py:93} INFO - [0m15:11:35  8 of 8 ERROR creating sql table model ANALYTICS_analytics.mfg_plant_daily_kpis . [[31mERROR[0m in 0.35s]
[2025-12-15T15:11:35.411+0000] {subprocess.py:93} INFO - [0m15:11:35  7 of 8 ERROR creating sql table model ANALYTICS_analytics.mfg_ml_features_orders  [[31mERROR[0m in 0.37s]
[2025-12-15T15:11:37.199+0000] {subprocess.py:93} INFO - [0m15:11:37
[2025-12-15T15:11:37.201+0000] {subprocess.py:93} INFO - [0m15:11:37  Finished running 5 table models, 3 view models in 0 hours 0 minutes and 8.11 seconds (8.11s).
[2025-12-15T15:11:37.285+0000] {subprocess.py:93} INFO - [0m15:11:37
[2025-12-15T15:11:37.287+0000] {subprocess.py:93} INFO - [0m15:11:37  [31mCompleted with 2 errors, 0 partial successes, and 0 warnings:[0m
[2025-12-15T15:11:37.288+0000] {subprocess.py:93} INFO - [0m15:11:37
[2025-12-15T15:11:37.289+0000] {subprocess.py:93} INFO - [0m15:11:37  [31mFailure in model mfg_plant_daily_kpis (models/marts/mfg_plant_daily_kpis.sql)[0m
[2025-12-15T15:11:37.290+0000] {subprocess.py:93} INFO - [0m15:11:37    Database Error in model mfg_plant_daily_kpis (models/marts/mfg_plant_daily_kpis.sql)
[2025-12-15T15:11:37.291+0000] {subprocess.py:93} INFO -   000904 (42000): SQL compilation error: error line 80 at position 22
[2025-12-15T15:11:37.291+0000] {subprocess.py:93} INFO -   invalid identifier 'O.IS_COMPLETED'
[2025-12-15T15:11:37.292+0000] {subprocess.py:93} INFO -   compiled code at target/run/mfg_accelerator/models/marts/mfg_plant_daily_kpis.sql
[2025-12-15T15:11:37.292+0000] {subprocess.py:93} INFO - [0m15:11:37
[2025-12-15T15:11:37.293+0000] {subprocess.py:93} INFO - [0m15:11:37    compiled code at target/compiled/mfg_accelerator/models/marts/mfg_plant_daily_kpis.sql
[2025-12-15T15:11:37.294+0000] {subprocess.py:93} INFO - [0m15:11:37
[2025-12-15T15:11:37.296+0000] {subprocess.py:93} INFO - [0m15:11:37  [31mFailure in model mfg_ml_features_orders (models/marts/mfg_ml_features_orders.sql)[0m
[2025-12-15T15:11:37.297+0000] {subprocess.py:93} INFO - [0m15:11:37    Database Error in model mfg_ml_features_orders (models/marts/mfg_ml_features_orders.sql)
[2025-12-15T15:11:37.297+0000] {subprocess.py:93} INFO -   000904 (42000): SQL compilation error: error line 13 at position 8
[2025-12-15T15:11:37.298+0000] {subprocess.py:93} INFO -   invalid identifier 'MATERIAL_ID'
[2025-12-15T15:11:37.298+0000] {subprocess.py:93} INFO -   compiled code at target/run/mfg_accelerator/models/marts/mfg_ml_features_orders.sql
[2025-12-15T15:11:37.299+0000] {subprocess.py:93} INFO - [0m15:11:37
[2025-12-15T15:11:37.299+0000] {subprocess.py:93} INFO - [0m15:11:37    compiled code at target/compiled/mfg_accelerator/models/marts/mfg_ml_features_orders.sql
[2025-12-15T15:11:37.300+0000] {subprocess.py:93} INFO - [0m15:11:37
[2025-12-15T15:11:37.301+0000] {subprocess.py:93} INFO - [0m15:11:37  Done. PASS=6 WARN=0 ERROR=2 SKIP=0 NO-OP=0 TOTAL=8
[2025-12-15T15:11:38.493+0000] {subprocess.py:97} INFO - Command exited with return code 1
[2025-12-15T15:11:38.494+0000] {taskinstance.py:441} INFO - ::group::Post task execution logs
[2025-12-15T15:11:38.502+0000] {taskinstance.py:2890} ERROR - Task failed with exception
Traceback (most recent call last):
  File "/home/airflow/.local/lib/python3.12/site-packages/airflow/models/taskinstance.py", line 460, in _execute_task
    result = _execute_callable(context=context, **execute_callable_kwargs)
             ^^^^^^^^^^^^^^^^^^^^^^^^^^^^^^^^^^^^^^^^^^^^^^^^^^^^^^^^^^^^^
  File "/home/airflow/.local/lib/python3.12/site-packages/airflow/models/taskinstance.py", line 432, in _execute_callable
    return execute_callable(context=context, **execute_callable_kwargs)
           ^^^^^^^^^^^^^^^^^^^^^^^^^^^^^^^^^^^^^^^^^^^^^^^^^^^^^^^^^^^^
  File "/home/airflow/.local/lib/python3.12/site-packages/airflow/models/baseoperator.py", line 400, in wrapper
    return func(self, *args, **kwargs)
           ^^^^^^^^^^^^^^^^^^^^^^^^^^^
  File "/home/airflow/.local/lib/python3.12/site-packages/airflow/operators/bash.py", line 243, in execute
    raise AirflowException(
airflow.exceptions.AirflowException: Bash command failed. The command returned a non-zero exit code 1.
[2025-12-15T15:11:38.507+0000] {taskinstance.py:1205} INFO - Marking task as FAILED. dag_id=mfg_raw_ingestion_dag, task_id=dbt_run_all, execution_date=20251215T150032, start_date=20251215T151125, end_date=20251215T151138
[2025-12-15T15:11:38.521+0000] {standard_task_runner.py:110} ERROR - Failed to execute job 36 for task dbt_run_all (Bash command failed. The command returned a non-zero exit code 1.; 5283)
[2025-12-15T15:11:38.566+0000] {local_task_job_runner.py:240} INFO - Task exited with return code 1
[2025-12-15T15:11:38.582+0000] {taskinstance.py:3482} INFO - 0 downstream tasks scheduled from follow-on schedule check
[2025-12-15T15:11:38.589+0000] {local_task_job_runner.py:222} INFO - ::endgroup::
