[2025-12-16T14:22:51.261+0000] {local_task_job_runner.py:120} INFO - ::group::Pre task execution logs
[2025-12-16T14:22:51.294+0000] {taskinstance.py:2073} INFO - Dependencies all met for dep_context=non-requeueable deps ti=<TaskInstance: mfg_raw_ingestion_dag.dbt_test_all scheduled__2025-12-15T04:00:00+00:00 [queued]>
[2025-12-16T14:22:51.303+0000] {taskinstance.py:2073} INFO - Dependencies all met for dep_context=requeueable deps ti=<TaskInstance: mfg_raw_ingestion_dag.dbt_test_all scheduled__2025-12-15T04:00:00+00:00 [queued]>
[2025-12-16T14:22:51.304+0000] {taskinstance.py:2303} INFO - Starting attempt 1 of 3
[2025-12-16T14:22:51.319+0000] {taskinstance.py:2327} INFO - Executing <Task(BashOperator): dbt_test_all> on 2025-12-15 04:00:00+00:00
[2025-12-16T14:22:51.327+0000] {standard_task_runner.py:90} INFO - Running: ['***', 'tasks', 'run', 'mfg_raw_ingestion_dag', 'dbt_test_all', 'scheduled__2025-12-15T04:00:00+00:00', '--job-id', '18', '--raw', '--subdir', 'DAGS_FOLDER/mfg_raw_ingestion_dag.py', '--cfg-path', '/tmp/tmpcj06jl7x']
[2025-12-16T14:22:51.331+0000] {standard_task_runner.py:91} INFO - Job 18: Subtask dbt_test_all
[2025-12-16T14:22:51.331+0000] {logging_mixin.py:188} WARNING - /home/***/.local/lib/python3.12/site-packages/***/task/task_runner/standard_task_runner.py:61 DeprecationWarning: This process (pid=1996) is multi-threaded, use of fork() may lead to deadlocks in the child.
[2025-12-16T14:22:51.332+0000] {standard_task_runner.py:63} INFO - Started process 1997 to run task
[2025-12-16T14:22:51.386+0000] {task_command.py:426} INFO - Running <TaskInstance: mfg_raw_ingestion_dag.dbt_test_all scheduled__2025-12-15T04:00:00+00:00 [running]> on host 24030efa02e6
[2025-12-16T14:22:51.470+0000] {taskinstance.py:2644} INFO - Exporting env vars: AIRFLOW_CTX_DAG_OWNER='data-engineering' AIRFLOW_CTX_DAG_ID='mfg_raw_ingestion_dag' AIRFLOW_CTX_TASK_ID='dbt_test_all' AIRFLOW_CTX_EXECUTION_DATE='2025-12-15T04:00:00+00:00' AIRFLOW_CTX_TRY_NUMBER='1' AIRFLOW_CTX_DAG_RUN_ID='scheduled__2025-12-15T04:00:00+00:00'
[2025-12-16T14:22:51.471+0000] {taskinstance.py:430} INFO - ::endgroup::
[2025-12-16T14:22:51.487+0000] {subprocess.py:63} INFO - Tmp dir root location: /tmp
[2025-12-16T14:22:51.488+0000] {subprocess.py:75} INFO - Running command: ['/usr/bin/bash', '-c', 'set -euo pipefail; cd /opt/***/dbt_project && dbt test --profiles-dir /opt/***/dbt_profiles']
[2025-12-16T14:22:51.498+0000] {subprocess.py:86} INFO - Output:
[2025-12-16T14:22:54.001+0000] {subprocess.py:93} INFO - [0m14:22:54  Running with dbt=1.10.15
[2025-12-16T14:22:54.985+0000] {subprocess.py:93} INFO - [0m14:22:54  Registered adapter: snowflake=1.10.4
[2025-12-16T14:22:55.684+0000] {subprocess.py:93} INFO - [0m14:22:55  Found 8 models, 35 data tests, 3 sources, 504 macros
[2025-12-16T14:22:55.690+0000] {subprocess.py:93} INFO - [0m14:22:55
[2025-12-16T14:22:55.692+0000] {subprocess.py:93} INFO - [0m14:22:55  Concurrency: 4 threads (target='dev')
[2025-12-16T14:22:55.693+0000] {subprocess.py:93} INFO - [0m14:22:55
[2025-12-16T14:22:57.655+0000] {subprocess.py:93} INFO - [0m14:22:57  1 of 35 START test dbt_utils_unique_combination_of_columns_core_batches_batch_id__load_run_id  [RUN]
[2025-12-16T14:22:57.657+0000] {subprocess.py:93} INFO - [0m14:22:57  2 of 35 START test dbt_utils_unique_combination_of_columns_core_materials_material_id__load_run_id  [RUN]
[2025-12-16T14:22:57.659+0000] {subprocess.py:93} INFO - [0m14:22:57  3 of 35 START test dbt_utils_unique_combination_of_columns_fct_production_orders_order_id__load_run_id  [RUN]
[2025-12-16T14:22:57.661+0000] {subprocess.py:93} INFO - [0m14:22:57  4 of 35 START test dbt_utils_unique_combination_of_columns_mfg_plant_daily_kpis_manufacturing_site__calendar_date  [RUN]
[2025-12-16T14:22:57.731+0000] {subprocess.py:93} INFO - [0m14:22:57  1 of 35 ERROR dbt_utils_unique_combination_of_columns_core_batches_batch_id__load_run_id  [[31mERROR[0m in 0.07s]
[2025-12-16T14:22:57.734+0000] {subprocess.py:93} INFO - [0m14:22:57  3 of 35 ERROR dbt_utils_unique_combination_of_columns_fct_production_orders_order_id__load_run_id  [[31mERROR[0m in 0.07s]
[2025-12-16T14:22:57.737+0000] {subprocess.py:93} INFO - [0m14:22:57  2 of 35 ERROR dbt_utils_unique_combination_of_columns_core_materials_material_id__load_run_id  [[31mERROR[0m in 0.07s]
[2025-12-16T14:22:57.743+0000] {subprocess.py:93} INFO - [0m14:22:57  4 of 35 ERROR dbt_utils_unique_combination_of_columns_mfg_plant_daily_kpis_manufacturing_site__calendar_date  [[31mERROR[0m in 0.07s]
[2025-12-16T14:22:57.760+0000] {subprocess.py:93} INFO - [0m14:22:57  5 of 35 START test not_null_core_batches_batch_id .............................. [RUN]
[2025-12-16T14:22:57.766+0000] {subprocess.py:93} INFO - [0m14:22:57  6 of 35 START test not_null_core_batches_load_run_id ........................... [RUN]
[2025-12-16T14:22:57.768+0000] {subprocess.py:93} INFO - [0m14:22:57  7 of 35 START test not_null_core_batches_loaded_at ............................. [RUN]
[2025-12-16T14:22:57.773+0000] {subprocess.py:93} INFO - [0m14:22:57  8 of 35 START test not_null_core_batches_material_id ........................... [RUN]
[2025-12-16T14:22:58.382+0000] {subprocess.py:93} INFO - [0m14:22:58  5 of 35 PASS not_null_core_batches_batch_id .................................... [[32mPASS[0m in 0.61s]
[2025-12-16T14:22:58.392+0000] {subprocess.py:93} INFO - [0m14:22:58  9 of 35 START test not_null_core_materials_load_run_id ......................... [RUN]
[2025-12-16T14:22:58.780+0000] {subprocess.py:93} INFO - [0m14:22:58  9 of 35 FAIL 500 not_null_core_materials_load_run_id ........................... [[31mFAIL 500[0m in 0.38s]
[2025-12-16T14:22:58.786+0000] {subprocess.py:93} INFO - [0m14:22:58  10 of 35 START test not_null_core_materials_loaded_at .......................... [RUN]
[2025-12-16T14:22:59.276+0000] {subprocess.py:93} INFO - [0m14:22:59  10 of 35 FAIL 500 not_null_core_materials_loaded_at ............................ [[31mFAIL 500[0m in 0.49s]
[2025-12-16T14:22:59.294+0000] {subprocess.py:93} INFO - [0m14:22:59  11 of 35 START test not_null_core_materials_material_id ........................ [RUN]
[2025-12-16T14:22:59.421+0000] {subprocess.py:93} INFO - [0m14:22:59  7 of 35 FAIL 10000 not_null_core_batches_loaded_at ............................. [[31mFAIL 10000[0m in 1.64s]
[2025-12-16T14:22:59.427+0000] {subprocess.py:93} INFO - [0m14:22:59  6 of 35 FAIL 10000 not_null_core_batches_load_run_id ........................... [[31mFAIL 10000[0m in 1.65s]
[2025-12-16T14:22:59.450+0000] {subprocess.py:93} INFO - [0m14:22:59  12 of 35 START test not_null_fct_production_orders_batch_id .................... [RUN]
[2025-12-16T14:22:59.454+0000] {subprocess.py:93} INFO - [0m14:22:59  13 of 35 START test not_null_fct_production_orders_load_run_id ................. [RUN]
[2025-12-16T14:22:59.605+0000] {subprocess.py:93} INFO - [0m14:22:59  8 of 35 PASS not_null_core_batches_material_id ................................. [[32mPASS[0m in 1.82s]
[2025-12-16T14:22:59.613+0000] {subprocess.py:93} INFO - [0m14:22:59  14 of 35 START test not_null_fct_production_orders_loaded_at ................... [RUN]
[2025-12-16T14:22:59.711+0000] {subprocess.py:93} INFO - [0m14:22:59  11 of 35 PASS not_null_core_materials_material_id .............................. [[32mPASS[0m in 0.41s]
[2025-12-16T14:22:59.727+0000] {subprocess.py:93} INFO - [0m14:22:59  15 of 35 START test not_null_fct_production_orders_order_id .................... [RUN]
[2025-12-16T14:22:59.906+0000] {subprocess.py:93} INFO - [0m14:22:59  12 of 35 PASS not_null_fct_production_orders_batch_id .......................... [[32mPASS[0m in 0.45s]
[2025-12-16T14:22:59.919+0000] {subprocess.py:93} INFO - [0m14:22:59  16 of 35 START test not_null_mfg_ml_features_orders_manufacturing_site ......... [RUN]
[2025-12-16T14:22:59.954+0000] {subprocess.py:93} INFO - [0m14:22:59  13 of 35 FAIL 10000 not_null_fct_production_orders_load_run_id ................. [[31mFAIL 10000[0m in 0.48s]
[2025-12-16T14:22:59.973+0000] {subprocess.py:93} INFO - [0m14:22:59  17 of 35 START test not_null_mfg_ml_features_orders_order_id ................... [RUN]
[2025-12-16T14:23:00.085+0000] {subprocess.py:93} INFO - [0m14:23:00  14 of 35 FAIL 10000 not_null_fct_production_orders_loaded_at ................... [[31mFAIL 10000[0m in 0.47s]
[2025-12-16T14:23:00.094+0000] {subprocess.py:93} INFO - [0m14:23:00  18 of 35 START test not_null_mfg_plant_daily_kpis_calendar_date ................ [RUN]
[2025-12-16T14:23:00.225+0000] {subprocess.py:93} INFO - [0m14:23:00  15 of 35 PASS not_null_fct_production_orders_order_id .......................... [[32mPASS[0m in 0.49s]
[2025-12-16T14:23:00.235+0000] {subprocess.py:93} INFO - [0m14:23:00  19 of 35 START test not_null_mfg_plant_daily_kpis_manufacturing_site ........... [RUN]
[2025-12-16T14:23:00.382+0000] {subprocess.py:93} INFO - [0m14:23:00  17 of 35 PASS not_null_mfg_ml_features_orders_order_id ......................... [[32mPASS[0m in 0.41s]
[2025-12-16T14:23:00.390+0000] {subprocess.py:93} INFO - [0m14:23:00  20 of 35 START test not_null_stg_batches_batch_id .............................. [RUN]
[2025-12-16T14:23:00.410+0000] {subprocess.py:93} INFO - [0m14:23:00  16 of 35 FAIL 10000 not_null_mfg_ml_features_orders_manufacturing_site ......... [[31mFAIL 10000[0m in 0.46s]
[2025-12-16T14:23:00.436+0000] {subprocess.py:93} INFO - [0m14:23:00  21 of 35 START test not_null_stg_batches_load_run_id ........................... [RUN]
[2025-12-16T14:23:00.569+0000] {subprocess.py:93} INFO - [0m14:23:00  18 of 35 PASS not_null_mfg_plant_daily_kpis_calendar_date ...................... [[32mPASS[0m in 0.47s]
[2025-12-16T14:23:00.581+0000] {subprocess.py:93} INFO - [0m14:23:00  22 of 35 START test not_null_stg_batches_loaded_at ............................. [RUN]
[2025-12-16T14:23:00.704+0000] {subprocess.py:93} INFO - [0m14:23:00  19 of 35 PASS not_null_mfg_plant_daily_kpis_manufacturing_site ................. [[32mPASS[0m in 0.47s]
[2025-12-16T14:23:00.717+0000] {subprocess.py:93} INFO - [0m14:23:00  23 of 35 START test not_null_stg_batches_material_id ........................... [RUN]
[2025-12-16T14:23:00.990+0000] {subprocess.py:93} INFO - [0m14:23:00  20 of 35 PASS not_null_stg_batches_batch_id .................................... [[32mPASS[0m in 0.60s]
[2025-12-16T14:23:01.023+0000] {subprocess.py:93} INFO - [0m14:23:01  21 of 35 FAIL 10000 not_null_stg_batches_load_run_id ........................... [[31mFAIL 10000[0m in 0.57s]
[2025-12-16T14:23:01.025+0000] {subprocess.py:93} INFO - [0m14:23:01  24 of 35 START test not_null_stg_materials_load_run_id ......................... [RUN]
[2025-12-16T14:23:01.039+0000] {subprocess.py:93} INFO - [0m14:23:01  22 of 35 FAIL 10000 not_null_stg_batches_loaded_at ............................. [[31mFAIL 10000[0m in 0.45s]
[2025-12-16T14:23:01.167+0000] {subprocess.py:93} INFO - [0m14:23:01  25 of 35 START test not_null_stg_materials_loaded_at ........................... [RUN]
[2025-12-16T14:23:01.190+0000] {subprocess.py:93} INFO - [0m14:23:01  23 of 35 PASS not_null_stg_batches_material_id ................................. [[32mPASS[0m in 0.46s]
[2025-12-16T14:23:01.240+0000] {subprocess.py:93} INFO - [0m14:23:01  26 of 35 START test not_null_stg_materials_material_id ......................... [RUN]
[2025-12-16T14:23:01.355+0000] {subprocess.py:93} INFO - [0m14:23:01  27 of 35 START test not_null_stg_production_orders_batch_id .................... [RUN]
[2025-12-16T14:23:01.805+0000] {subprocess.py:93} INFO - [0m14:23:01  24 of 35 FAIL 500 not_null_stg_materials_load_run_id ........................... [[31mFAIL 500[0m in 0.75s]
[2025-12-16T14:23:01.820+0000] {subprocess.py:93} INFO - [0m14:23:01  28 of 35 START test not_null_stg_production_orders_load_run_id ................. [RUN]
[2025-12-16T14:23:01.876+0000] {subprocess.py:93} INFO - [0m14:23:01  27 of 35 PASS not_null_stg_production_orders_batch_id .......................... [[32mPASS[0m in 0.49s]
[2025-12-16T14:23:01.893+0000] {subprocess.py:93} INFO - [0m14:23:01  29 of 35 START test not_null_stg_production_orders_loaded_at ................... [RUN]
[2025-12-16T14:23:02.115+0000] {subprocess.py:93} INFO - [0m14:23:02  26 of 35 PASS not_null_stg_materials_material_id ............................... [[32mPASS[0m in 0.80s]
[2025-12-16T14:23:02.121+0000] {subprocess.py:93} INFO - [0m14:23:02  30 of 35 START test not_null_stg_production_orders_order_id .................... [RUN]
[2025-12-16T14:23:02.130+0000] {subprocess.py:93} INFO - [0m14:23:02  25 of 35 FAIL 500 not_null_stg_materials_loaded_at ............................. [[31mFAIL 500[0m in 0.85s]
[2025-12-16T14:23:02.147+0000] {subprocess.py:93} INFO - [0m14:23:02  31 of 35 START test relationships_core_batches_material_id__material_id__ref_core_materials_  [RUN]
[2025-12-16T14:23:02.482+0000] {subprocess.py:93} INFO - [0m14:23:02  29 of 35 FAIL 10000 not_null_stg_production_orders_loaded_at ................... [[31mFAIL 10000[0m in 0.58s]
[2025-12-16T14:23:02.490+0000] {subprocess.py:93} INFO - [0m14:23:02  32 of 35 START test relationships_fct_production_orders_batch_id__batch_id__ref_core_batches_  [RUN]
[2025-12-16T14:23:02.503+0000] {subprocess.py:93} INFO - [0m14:23:02  28 of 35 FAIL 10000 not_null_stg_production_orders_load_run_id ................. [[31mFAIL 10000[0m in 0.68s]
[2025-12-16T14:23:02.515+0000] {subprocess.py:93} INFO - [0m14:23:02  30 of 35 PASS not_null_stg_production_orders_order_id .......................... [[32mPASS[0m in 0.39s]
[2025-12-16T14:23:02.536+0000] {subprocess.py:93} INFO - [0m14:23:02  33 of 35 START test relationships_stg_batches_material_id__material_id__ref_stg_materials_  [RUN]
[2025-12-16T14:23:02.542+0000] {subprocess.py:93} INFO - [0m14:23:02  34 of 35 START test relationships_stg_production_orders_batch_id__batch_id__ref_stg_batches_  [RUN]
[2025-12-16T14:23:02.621+0000] {subprocess.py:93} INFO - [0m14:23:02  31 of 35 PASS relationships_core_batches_material_id__material_id__ref_core_materials_  [[32mPASS[0m in 0.47s]
[2025-12-16T14:23:02.646+0000] {subprocess.py:93} INFO - [0m14:23:02  35 of 35 START test unique_mfg_ml_features_orders_order_id ..................... [RUN]
[2025-12-16T14:23:03.028+0000] {subprocess.py:93} INFO - [0m14:23:03  33 of 35 PASS relationships_stg_batches_material_id__material_id__ref_stg_materials_  [[32mPASS[0m in 0.49s]
[2025-12-16T14:23:03.095+0000] {subprocess.py:93} INFO - [0m14:23:03  35 of 35 FAIL 10000 unique_mfg_ml_features_orders_order_id ..................... [[31mFAIL 10000[0m in 0.45s]
[2025-12-16T14:23:03.113+0000] {subprocess.py:93} INFO - [0m14:23:03  32 of 35 PASS relationships_fct_production_orders_batch_id__batch_id__ref_core_batches_  [[32mPASS[0m in 0.62s]
[2025-12-16T14:23:03.201+0000] {subprocess.py:93} INFO - [0m14:23:03  34 of 35 PASS relationships_stg_production_orders_batch_id__batch_id__ref_stg_batches_  [[32mPASS[0m in 0.66s]
[2025-12-16T14:23:05.180+0000] {subprocess.py:93} INFO - [0m14:23:05
[2025-12-16T14:23:05.182+0000] {subprocess.py:93} INFO - [0m14:23:05  Finished running 35 data tests in 0 hours 0 minutes and 9.49 seconds (9.49s).
[2025-12-16T14:23:05.298+0000] {subprocess.py:93} INFO - [0m14:23:05
[2025-12-16T14:23:05.299+0000] {subprocess.py:93} INFO - [0m14:23:05  [31mCompleted with 18 errors, 0 partial successes, and 0 warnings:[0m
[2025-12-16T14:23:05.301+0000] {subprocess.py:93} INFO - [0m14:23:05
[2025-12-16T14:23:05.303+0000] {subprocess.py:93} INFO - [0m14:23:05  [31mFailure in test dbt_utils_unique_combination_of_columns_core_batches_batch_id__load_run_id (models/core/core_schema.yml)[0m
[2025-12-16T14:23:05.305+0000] {subprocess.py:93} INFO - [0m14:23:05    Compilation Error in test dbt_utils_unique_combination_of_columns_core_batches_batch_id__load_run_id (models/core/core_schema.yml)
[2025-12-16T14:23:05.306+0000] {subprocess.py:93} INFO -   'dbt_utils' is undefined. This can happen when calling a macro that does not exist. Check for typos and/or install package dependencies with "dbt deps".
[2025-12-16T14:23:05.307+0000] {subprocess.py:93} INFO - [0m14:23:05
[2025-12-16T14:23:05.309+0000] {subprocess.py:93} INFO - [0m14:23:05  [31mFailure in test dbt_utils_unique_combination_of_columns_fct_production_orders_order_id__load_run_id (models/core/core_schema.yml)[0m
[2025-12-16T14:23:05.313+0000] {subprocess.py:93} INFO - [0m14:23:05    Compilation Error in test dbt_utils_unique_combination_of_columns_fct_production_orders_order_id__load_run_id (models/core/core_schema.yml)
[2025-12-16T14:23:05.313+0000] {subprocess.py:93} INFO -   'dbt_utils' is undefined. This can happen when calling a macro that does not exist. Check for typos and/or install package dependencies with "dbt deps".
[2025-12-16T14:23:05.314+0000] {subprocess.py:93} INFO - [0m14:23:05
[2025-12-16T14:23:05.316+0000] {subprocess.py:93} INFO - [0m14:23:05  [31mFailure in test dbt_utils_unique_combination_of_columns_core_materials_material_id__load_run_id (models/core/core_schema.yml)[0m
[2025-12-16T14:23:05.318+0000] {subprocess.py:93} INFO - [0m14:23:05    Compilation Error in test dbt_utils_unique_combination_of_columns_core_materials_material_id__load_run_id (models/core/core_schema.yml)
[2025-12-16T14:23:05.319+0000] {subprocess.py:93} INFO -   'dbt_utils' is undefined. This can happen when calling a macro that does not exist. Check for typos and/or install package dependencies with "dbt deps".
[2025-12-16T14:23:05.320+0000] {subprocess.py:93} INFO - [0m14:23:05
[2025-12-16T14:23:05.322+0000] {subprocess.py:93} INFO - [0m14:23:05  [31mFailure in test dbt_utils_unique_combination_of_columns_mfg_plant_daily_kpis_manufacturing_site__calendar_date (models/marts/marts_schema.yml)[0m
[2025-12-16T14:23:05.324+0000] {subprocess.py:93} INFO - [0m14:23:05    Compilation Error in test dbt_utils_unique_combination_of_columns_mfg_plant_daily_kpis_manufacturing_site__calendar_date (models/marts/marts_schema.yml)
[2025-12-16T14:23:05.325+0000] {subprocess.py:93} INFO -   'dbt_utils' is undefined. This can happen when calling a macro that does not exist. Check for typos and/or install package dependencies with "dbt deps".
[2025-12-16T14:23:05.326+0000] {subprocess.py:93} INFO - [0m14:23:05
[2025-12-16T14:23:05.329+0000] {subprocess.py:93} INFO - [0m14:23:05  [31mFailure in test not_null_core_materials_load_run_id (models/core/core_schema.yml)[0m
[2025-12-16T14:23:05.331+0000] {subprocess.py:93} INFO - [0m14:23:05    Got 500 results, configured to fail if != 0
[2025-12-16T14:23:05.333+0000] {subprocess.py:93} INFO - [0m14:23:05
[2025-12-16T14:23:05.334+0000] {subprocess.py:93} INFO - [0m14:23:05    compiled code at target/compiled/mfg_accelerator/models/core/core_schema.yml/not_null_core_materials_load_run_id.sql
[2025-12-16T14:23:05.336+0000] {subprocess.py:93} INFO - [0m14:23:05
[2025-12-16T14:23:05.338+0000] {subprocess.py:93} INFO - [0m14:23:05  [31mFailure in test not_null_core_materials_loaded_at (models/core/core_schema.yml)[0m
[2025-12-16T14:23:05.339+0000] {subprocess.py:93} INFO - [0m14:23:05    Got 500 results, configured to fail if != 0
[2025-12-16T14:23:05.341+0000] {subprocess.py:93} INFO - [0m14:23:05
[2025-12-16T14:23:05.343+0000] {subprocess.py:93} INFO - [0m14:23:05    compiled code at target/compiled/mfg_accelerator/models/core/core_schema.yml/not_null_core_materials_loaded_at.sql
[2025-12-16T14:23:05.345+0000] {subprocess.py:93} INFO - [0m14:23:05
[2025-12-16T14:23:05.347+0000] {subprocess.py:93} INFO - [0m14:23:05  [31mFailure in test not_null_core_batches_loaded_at (models/core/core_schema.yml)[0m
[2025-12-16T14:23:05.348+0000] {subprocess.py:93} INFO - [0m14:23:05    Got 10000 results, configured to fail if != 0
[2025-12-16T14:23:05.350+0000] {subprocess.py:93} INFO - [0m14:23:05
[2025-12-16T14:23:05.351+0000] {subprocess.py:93} INFO - [0m14:23:05    compiled code at target/compiled/mfg_accelerator/models/core/core_schema.yml/not_null_core_batches_loaded_at.sql
[2025-12-16T14:23:05.353+0000] {subprocess.py:93} INFO - [0m14:23:05
[2025-12-16T14:23:05.355+0000] {subprocess.py:93} INFO - [0m14:23:05  [31mFailure in test not_null_core_batches_load_run_id (models/core/core_schema.yml)[0m
[2025-12-16T14:23:05.357+0000] {subprocess.py:93} INFO - [0m14:23:05    Got 10000 results, configured to fail if != 0
[2025-12-16T14:23:05.358+0000] {subprocess.py:93} INFO - [0m14:23:05
[2025-12-16T14:23:05.360+0000] {subprocess.py:93} INFO - [0m14:23:05    compiled code at target/compiled/mfg_accelerator/models/core/core_schema.yml/not_null_core_batches_load_run_id.sql
[2025-12-16T14:23:05.362+0000] {subprocess.py:93} INFO - [0m14:23:05
[2025-12-16T14:23:05.363+0000] {subprocess.py:93} INFO - [0m14:23:05  [31mFailure in test not_null_fct_production_orders_load_run_id (models/core/core_schema.yml)[0m
[2025-12-16T14:23:05.365+0000] {subprocess.py:93} INFO - [0m14:23:05    Got 10000 results, configured to fail if != 0
[2025-12-16T14:23:05.366+0000] {subprocess.py:93} INFO - [0m14:23:05
[2025-12-16T14:23:05.368+0000] {subprocess.py:93} INFO - [0m14:23:05    compiled code at target/compiled/mfg_accelerator/models/core/core_schema.yml/not_null_fct_production_orders_load_run_id.sql
[2025-12-16T14:23:05.370+0000] {subprocess.py:93} INFO - [0m14:23:05
[2025-12-16T14:23:05.371+0000] {subprocess.py:93} INFO - [0m14:23:05  [31mFailure in test not_null_fct_production_orders_loaded_at (models/core/core_schema.yml)[0m
[2025-12-16T14:23:05.373+0000] {subprocess.py:93} INFO - [0m14:23:05    Got 10000 results, configured to fail if != 0
[2025-12-16T14:23:05.374+0000] {subprocess.py:93} INFO - [0m14:23:05
[2025-12-16T14:23:05.376+0000] {subprocess.py:93} INFO - [0m14:23:05    compiled code at target/compiled/mfg_accelerator/models/core/core_schema.yml/not_null_fct_production_orders_loaded_at.sql
[2025-12-16T14:23:05.377+0000] {subprocess.py:93} INFO - [0m14:23:05
[2025-12-16T14:23:05.379+0000] {subprocess.py:93} INFO - [0m14:23:05  [31mFailure in test not_null_mfg_ml_features_orders_manufacturing_site (models/marts/marts_schema.yml)[0m
[2025-12-16T14:23:05.381+0000] {subprocess.py:93} INFO - [0m14:23:05    Got 10000 results, configured to fail if != 0
[2025-12-16T14:23:05.382+0000] {subprocess.py:93} INFO - [0m14:23:05
[2025-12-16T14:23:05.384+0000] {subprocess.py:93} INFO - [0m14:23:05    compiled code at target/compiled/mfg_accelerator/models/marts/marts_schema.yml/not_null_mfg_ml_features_orders_manufacturing_site.sql
[2025-12-16T14:23:05.385+0000] {subprocess.py:93} INFO - [0m14:23:05
[2025-12-16T14:23:05.387+0000] {subprocess.py:93} INFO - [0m14:23:05  [31mFailure in test not_null_stg_batches_load_run_id (models/staging/staging_schema.yml)[0m
[2025-12-16T14:23:05.389+0000] {subprocess.py:93} INFO - [0m14:23:05    Got 10000 results, configured to fail if != 0
[2025-12-16T14:23:05.391+0000] {subprocess.py:93} INFO - [0m14:23:05
[2025-12-16T14:23:05.392+0000] {subprocess.py:93} INFO - [0m14:23:05    compiled code at target/compiled/mfg_accelerator/models/staging/staging_schema.yml/not_null_stg_batches_load_run_id.sql
[2025-12-16T14:23:05.394+0000] {subprocess.py:93} INFO - [0m14:23:05
[2025-12-16T14:23:05.396+0000] {subprocess.py:93} INFO - [0m14:23:05  [31mFailure in test not_null_stg_batches_loaded_at (models/staging/staging_schema.yml)[0m
[2025-12-16T14:23:05.397+0000] {subprocess.py:93} INFO - [0m14:23:05    Got 10000 results, configured to fail if != 0
[2025-12-16T14:23:05.398+0000] {subprocess.py:93} INFO - [0m14:23:05
[2025-12-16T14:23:05.400+0000] {subprocess.py:93} INFO - [0m14:23:05    compiled code at target/compiled/mfg_accelerator/models/staging/staging_schema.yml/not_null_stg_batches_loaded_at.sql
[2025-12-16T14:23:05.401+0000] {subprocess.py:93} INFO - [0m14:23:05
[2025-12-16T14:23:05.403+0000] {subprocess.py:93} INFO - [0m14:23:05  [31mFailure in test not_null_stg_materials_load_run_id (models/staging/staging_schema.yml)[0m
[2025-12-16T14:23:05.404+0000] {subprocess.py:93} INFO - [0m14:23:05    Got 500 results, configured to fail if != 0
[2025-12-16T14:23:05.406+0000] {subprocess.py:93} INFO - [0m14:23:05
[2025-12-16T14:23:05.407+0000] {subprocess.py:93} INFO - [0m14:23:05    compiled code at target/compiled/mfg_accelerator/models/staging/staging_schema.yml/not_null_stg_materials_load_run_id.sql
[2025-12-16T14:23:05.409+0000] {subprocess.py:93} INFO - [0m14:23:05
[2025-12-16T14:23:05.410+0000] {subprocess.py:93} INFO - [0m14:23:05  [31mFailure in test not_null_stg_materials_loaded_at (models/staging/staging_schema.yml)[0m
[2025-12-16T14:23:05.412+0000] {subprocess.py:93} INFO - [0m14:23:05    Got 500 results, configured to fail if != 0
[2025-12-16T14:23:05.413+0000] {subprocess.py:93} INFO - [0m14:23:05
[2025-12-16T14:23:05.414+0000] {subprocess.py:93} INFO - [0m14:23:05    compiled code at target/compiled/mfg_accelerator/models/staging/staging_schema.yml/not_null_stg_materials_loaded_at.sql
[2025-12-16T14:23:05.416+0000] {subprocess.py:93} INFO - [0m14:23:05
[2025-12-16T14:23:05.418+0000] {subprocess.py:93} INFO - [0m14:23:05  [31mFailure in test not_null_stg_production_orders_loaded_at (models/staging/staging_schema.yml)[0m
[2025-12-16T14:23:05.420+0000] {subprocess.py:93} INFO - [0m14:23:05    Got 10000 results, configured to fail if != 0
[2025-12-16T14:23:05.421+0000] {subprocess.py:93} INFO - [0m14:23:05
[2025-12-16T14:23:05.422+0000] {subprocess.py:93} INFO - [0m14:23:05    compiled code at target/compiled/mfg_accelerator/models/staging/staging_schema.yml/not_null_stg_production_orders_loaded_at.sql
[2025-12-16T14:23:05.424+0000] {subprocess.py:93} INFO - [0m14:23:05
[2025-12-16T14:23:05.425+0000] {subprocess.py:93} INFO - [0m14:23:05  [31mFailure in test not_null_stg_production_orders_load_run_id (models/staging/staging_schema.yml)[0m
[2025-12-16T14:23:05.427+0000] {subprocess.py:93} INFO - [0m14:23:05    Got 10000 results, configured to fail if != 0
[2025-12-16T14:23:05.428+0000] {subprocess.py:93} INFO - [0m14:23:05
[2025-12-16T14:23:05.430+0000] {subprocess.py:93} INFO - [0m14:23:05    compiled code at target/compiled/mfg_accelerator/models/staging/staging_schema.yml/not_null_stg_production_orders_load_run_id.sql
[2025-12-16T14:23:05.431+0000] {subprocess.py:93} INFO - [0m14:23:05
[2025-12-16T14:23:05.433+0000] {subprocess.py:93} INFO - [0m14:23:05  [31mFailure in test unique_mfg_ml_features_orders_order_id (models/marts/marts_schema.yml)[0m
[2025-12-16T14:23:05.434+0000] {subprocess.py:93} INFO - [0m14:23:05    Got 10000 results, configured to fail if != 0
[2025-12-16T14:23:05.437+0000] {subprocess.py:93} INFO - [0m14:23:05
[2025-12-16T14:23:05.438+0000] {subprocess.py:93} INFO - [0m14:23:05    compiled code at target/compiled/mfg_accelerator/models/marts/marts_schema.yml/unique_mfg_ml_features_orders_order_id.sql
[2025-12-16T14:23:05.440+0000] {subprocess.py:93} INFO - [0m14:23:05
[2025-12-16T14:23:05.442+0000] {subprocess.py:93} INFO - [0m14:23:05  Done. PASS=17 WARN=0 ERROR=18 SKIP=0 NO-OP=0 TOTAL=35
[2025-12-16T14:23:06.473+0000] {subprocess.py:97} INFO - Command exited with return code 1
[2025-12-16T14:23:06.474+0000] {taskinstance.py:441} INFO - ::group::Post task execution logs
[2025-12-16T14:23:06.485+0000] {taskinstance.py:2890} ERROR - Task failed with exception
Traceback (most recent call last):
  File "/home/airflow/.local/lib/python3.12/site-packages/airflow/models/taskinstance.py", line 460, in _execute_task
    result = _execute_callable(context=context, **execute_callable_kwargs)
             ^^^^^^^^^^^^^^^^^^^^^^^^^^^^^^^^^^^^^^^^^^^^^^^^^^^^^^^^^^^^^
  File "/home/airflow/.local/lib/python3.12/site-packages/airflow/models/taskinstance.py", line 432, in _execute_callable
    return execute_callable(context=context, **execute_callable_kwargs)
           ^^^^^^^^^^^^^^^^^^^^^^^^^^^^^^^^^^^^^^^^^^^^^^^^^^^^^^^^^^^^
  File "/home/airflow/.local/lib/python3.12/site-packages/airflow/models/baseoperator.py", line 400, in wrapper
    return func(self, *args, **kwargs)
           ^^^^^^^^^^^^^^^^^^^^^^^^^^^
  File "/home/airflow/.local/lib/python3.12/site-packages/airflow/operators/bash.py", line 243, in execute
    raise AirflowException(
airflow.exceptions.AirflowException: Bash command failed. The command returned a non-zero exit code 1.
[2025-12-16T14:23:06.491+0000] {taskinstance.py:1205} INFO - Marking task as UP_FOR_RETRY. dag_id=mfg_raw_ingestion_dag, task_id=dbt_test_all, execution_date=20251215T040000, start_date=20251216T142251, end_date=20251216T142306
[2025-12-16T14:23:06.507+0000] {standard_task_runner.py:110} ERROR - Failed to execute job 18 for task dbt_test_all (Bash command failed. The command returned a non-zero exit code 1.; 1997)
[2025-12-16T14:23:06.536+0000] {local_task_job_runner.py:240} INFO - Task exited with return code 1
[2025-12-16T14:23:06.551+0000] {taskinstance.py:3482} INFO - 0 downstream tasks scheduled from follow-on schedule check
[2025-12-16T14:23:06.556+0000] {local_task_job_runner.py:222} INFO - ::endgroup::
