[2025-12-16T14:33:22.328+0000] {local_task_job_runner.py:120} INFO - ::group::Pre task execution logs
[2025-12-16T14:33:22.360+0000] {taskinstance.py:2073} INFO - Dependencies all met for dep_context=non-requeueable deps ti=<TaskInstance: mfg_raw_ingestion_dag.dbt_test_all scheduled__2025-12-15T04:00:00+00:00 [queued]>
[2025-12-16T14:33:22.368+0000] {taskinstance.py:2073} INFO - Dependencies all met for dep_context=requeueable deps ti=<TaskInstance: mfg_raw_ingestion_dag.dbt_test_all scheduled__2025-12-15T04:00:00+00:00 [queued]>
[2025-12-16T14:33:22.369+0000] {taskinstance.py:2303} INFO - Starting attempt 3 of 3
[2025-12-16T14:33:22.386+0000] {taskinstance.py:2327} INFO - Executing <Task(BashOperator): dbt_test_all> on 2025-12-15 04:00:00+00:00
[2025-12-16T14:33:22.394+0000] {standard_task_runner.py:90} INFO - Running: ['***', 'tasks', 'run', 'mfg_raw_ingestion_dag', 'dbt_test_all', 'scheduled__2025-12-15T04:00:00+00:00', '--job-id', '20', '--raw', '--subdir', 'DAGS_FOLDER/mfg_raw_ingestion_dag.py', '--cfg-path', '/tmp/tmpws6gvkji']
[2025-12-16T14:33:22.398+0000] {standard_task_runner.py:91} INFO - Job 20: Subtask dbt_test_all
[2025-12-16T14:33:22.399+0000] {logging_mixin.py:188} WARNING - /home/***/.local/lib/python3.12/site-packages/***/task/task_runner/standard_task_runner.py:61 DeprecationWarning: This process (pid=2495) is multi-threaded, use of fork() may lead to deadlocks in the child.
[2025-12-16T14:33:22.400+0000] {standard_task_runner.py:63} INFO - Started process 2496 to run task
[2025-12-16T14:33:22.457+0000] {task_command.py:426} INFO - Running <TaskInstance: mfg_raw_ingestion_dag.dbt_test_all scheduled__2025-12-15T04:00:00+00:00 [running]> on host 24030efa02e6
[2025-12-16T14:33:22.543+0000] {taskinstance.py:2644} INFO - Exporting env vars: AIRFLOW_CTX_DAG_OWNER='data-engineering' AIRFLOW_CTX_DAG_ID='mfg_raw_ingestion_dag' AIRFLOW_CTX_TASK_ID='dbt_test_all' AIRFLOW_CTX_EXECUTION_DATE='2025-12-15T04:00:00+00:00' AIRFLOW_CTX_TRY_NUMBER='3' AIRFLOW_CTX_DAG_RUN_ID='scheduled__2025-12-15T04:00:00+00:00'
[2025-12-16T14:33:22.544+0000] {taskinstance.py:430} INFO - ::endgroup::
[2025-12-16T14:33:22.560+0000] {subprocess.py:63} INFO - Tmp dir root location: /tmp
[2025-12-16T14:33:22.562+0000] {subprocess.py:75} INFO - Running command: ['/usr/bin/bash', '-c', 'set -euo pipefail; cd /opt/***/dbt_project && dbt test --profiles-dir /opt/***/dbt_profiles']
[2025-12-16T14:33:22.572+0000] {subprocess.py:86} INFO - Output:
[2025-12-16T14:33:24.846+0000] {subprocess.py:93} INFO - [0m14:33:24  Running with dbt=1.10.15
[2025-12-16T14:33:25.795+0000] {subprocess.py:93} INFO - [0m14:33:25  Registered adapter: snowflake=1.10.4
[2025-12-16T14:33:26.446+0000] {subprocess.py:93} INFO - [0m14:33:26  Found 8 models, 35 data tests, 3 sources, 504 macros
[2025-12-16T14:33:26.452+0000] {subprocess.py:93} INFO - [0m14:33:26
[2025-12-16T14:33:26.453+0000] {subprocess.py:93} INFO - [0m14:33:26  Concurrency: 4 threads (target='dev')
[2025-12-16T14:33:26.455+0000] {subprocess.py:93} INFO - [0m14:33:26
[2025-12-16T14:33:28.281+0000] {subprocess.py:93} INFO - [0m14:33:28  1 of 35 START test dbt_utils_unique_combination_of_columns_core_batches_batch_id__load_run_id  [RUN]
[2025-12-16T14:33:28.282+0000] {subprocess.py:93} INFO - [0m14:33:28  2 of 35 START test dbt_utils_unique_combination_of_columns_core_materials_material_id__load_run_id  [RUN]
[2025-12-16T14:33:28.284+0000] {subprocess.py:93} INFO - [0m14:33:28  3 of 35 START test dbt_utils_unique_combination_of_columns_fct_production_orders_order_id__load_run_id  [RUN]
[2025-12-16T14:33:28.286+0000] {subprocess.py:93} INFO - [0m14:33:28  4 of 35 START test dbt_utils_unique_combination_of_columns_mfg_plant_daily_kpis_manufacturing_site__calendar_date  [RUN]
[2025-12-16T14:33:28.338+0000] {subprocess.py:93} INFO - [0m14:33:28  1 of 35 ERROR dbt_utils_unique_combination_of_columns_core_batches_batch_id__load_run_id  [[31mERROR[0m in 0.05s]
[2025-12-16T14:33:28.339+0000] {subprocess.py:93} INFO - [0m14:33:28  2 of 35 ERROR dbt_utils_unique_combination_of_columns_core_materials_material_id__load_run_id  [[31mERROR[0m in 0.05s]
[2025-12-16T14:33:28.341+0000] {subprocess.py:93} INFO - [0m14:33:28  3 of 35 ERROR dbt_utils_unique_combination_of_columns_fct_production_orders_order_id__load_run_id  [[31mERROR[0m in 0.05s]
[2025-12-16T14:33:28.343+0000] {subprocess.py:93} INFO - [0m14:33:28  4 of 35 ERROR dbt_utils_unique_combination_of_columns_mfg_plant_daily_kpis_manufacturing_site__calendar_date  [[31mERROR[0m in 0.05s]
[2025-12-16T14:33:28.356+0000] {subprocess.py:93} INFO - [0m14:33:28  5 of 35 START test not_null_core_batches_batch_id .............................. [RUN]
[2025-12-16T14:33:28.360+0000] {subprocess.py:93} INFO - [0m14:33:28  6 of 35 START test not_null_core_batches_load_run_id ........................... [RUN]
[2025-12-16T14:33:28.361+0000] {subprocess.py:93} INFO - [0m14:33:28  7 of 35 START test not_null_core_batches_loaded_at ............................. [RUN]
[2025-12-16T14:33:28.362+0000] {subprocess.py:93} INFO - [0m14:33:28  8 of 35 START test not_null_core_batches_material_id ........................... [RUN]
[2025-12-16T14:33:28.858+0000] {subprocess.py:93} INFO - [0m14:33:28  5 of 35 PASS not_null_core_batches_batch_id .................................... [[32mPASS[0m in 0.49s]
[2025-12-16T14:33:28.863+0000] {subprocess.py:93} INFO - [0m14:33:28  9 of 35 START test not_null_core_materials_load_run_id ......................... [RUN]
[2025-12-16T14:33:29.165+0000] {subprocess.py:93} INFO - [0m14:33:29  9 of 35 FAIL 500 not_null_core_materials_load_run_id ........................... [[31mFAIL 500[0m in 0.30s]
[2025-12-16T14:33:29.169+0000] {subprocess.py:93} INFO - [0m14:33:29  10 of 35 START test not_null_core_materials_loaded_at .......................... [RUN]
[2025-12-16T14:33:29.503+0000] {subprocess.py:93} INFO - [0m14:33:29  10 of 35 FAIL 500 not_null_core_materials_loaded_at ............................ [[31mFAIL 500[0m in 0.33s]
[2025-12-16T14:33:29.508+0000] {subprocess.py:93} INFO - [0m14:33:29  11 of 35 START test not_null_core_materials_material_id ........................ [RUN]
[2025-12-16T14:33:29.717+0000] {subprocess.py:93} INFO - [0m14:33:29  8 of 35 PASS not_null_core_batches_material_id ................................. [[32mPASS[0m in 1.35s]
[2025-12-16T14:33:29.722+0000] {subprocess.py:93} INFO - [0m14:33:29  12 of 35 START test not_null_fct_production_orders_batch_id .................... [RUN]
[2025-12-16T14:33:29.819+0000] {subprocess.py:93} INFO - [0m14:33:29  11 of 35 PASS not_null_core_materials_material_id .............................. [[32mPASS[0m in 0.31s]
[2025-12-16T14:33:29.824+0000] {subprocess.py:93} INFO - [0m14:33:29  13 of 35 START test not_null_fct_production_orders_load_run_id ................. [RUN]
[2025-12-16T14:33:29.890+0000] {subprocess.py:93} INFO - [0m14:33:29  6 of 35 FAIL 10000 not_null_core_batches_load_run_id ........................... [[31mFAIL 10000[0m in 1.52s]
[2025-12-16T14:33:29.895+0000] {subprocess.py:93} INFO - [0m14:33:29  14 of 35 START test not_null_fct_production_orders_loaded_at ................... [RUN]
[2025-12-16T14:33:29.920+0000] {subprocess.py:93} INFO - [0m14:33:29  7 of 35 FAIL 10000 not_null_core_batches_loaded_at ............................. [[31mFAIL 10000[0m in 1.55s]
[2025-12-16T14:33:29.929+0000] {subprocess.py:93} INFO - [0m14:33:29  15 of 35 START test not_null_fct_production_orders_order_id .................... [RUN]
[2025-12-16T14:33:30.039+0000] {subprocess.py:93} INFO - [0m14:33:30  12 of 35 PASS not_null_fct_production_orders_batch_id .......................... [[32mPASS[0m in 0.32s]
[2025-12-16T14:33:30.044+0000] {subprocess.py:93} INFO - [0m14:33:30  16 of 35 START test not_null_mfg_ml_features_orders_manufacturing_site ......... [RUN]
[2025-12-16T14:33:30.131+0000] {subprocess.py:93} INFO - [0m14:33:30  13 of 35 FAIL 10000 not_null_fct_production_orders_load_run_id ................. [[31mFAIL 10000[0m in 0.31s]
[2025-12-16T14:33:30.136+0000] {subprocess.py:93} INFO - [0m14:33:30  17 of 35 START test not_null_mfg_ml_features_orders_order_id ................... [RUN]
[2025-12-16T14:33:30.209+0000] {subprocess.py:93} INFO - [0m14:33:30  14 of 35 FAIL 10000 not_null_fct_production_orders_loaded_at ................... [[31mFAIL 10000[0m in 0.31s]
[2025-12-16T14:33:30.214+0000] {subprocess.py:93} INFO - [0m14:33:30  18 of 35 START test not_null_mfg_plant_daily_kpis_calendar_date ................ [RUN]
[2025-12-16T14:33:30.232+0000] {subprocess.py:93} INFO - [0m14:33:30  15 of 35 PASS not_null_fct_production_orders_order_id .......................... [[32mPASS[0m in 0.30s]
[2025-12-16T14:33:30.243+0000] {subprocess.py:93} INFO - [0m14:33:30  19 of 35 START test not_null_mfg_plant_daily_kpis_manufacturing_site ........... [RUN]
[2025-12-16T14:33:30.335+0000] {subprocess.py:93} INFO - [0m14:33:30  16 of 35 FAIL 10000 not_null_mfg_ml_features_orders_manufacturing_site ......... [[31mFAIL 10000[0m in 0.29s]
[2025-12-16T14:33:30.340+0000] {subprocess.py:93} INFO - [0m14:33:30  20 of 35 START test not_null_stg_batches_batch_id .............................. [RUN]
[2025-12-16T14:33:30.435+0000] {subprocess.py:93} INFO - [0m14:33:30  17 of 35 PASS not_null_mfg_ml_features_orders_order_id ......................... [[32mPASS[0m in 0.30s]
[2025-12-16T14:33:30.443+0000] {subprocess.py:93} INFO - [0m14:33:30  21 of 35 START test not_null_stg_batches_load_run_id ........................... [RUN]
[2025-12-16T14:33:30.535+0000] {subprocess.py:93} INFO - [0m14:33:30  18 of 35 PASS not_null_mfg_plant_daily_kpis_calendar_date ...................... [[32mPASS[0m in 0.32s]
[2025-12-16T14:33:30.538+0000] {subprocess.py:93} INFO - [0m14:33:30  19 of 35 PASS not_null_mfg_plant_daily_kpis_manufacturing_site ................. [[32mPASS[0m in 0.29s]
[2025-12-16T14:33:30.546+0000] {subprocess.py:93} INFO - [0m14:33:30  22 of 35 START test not_null_stg_batches_loaded_at ............................. [RUN]
[2025-12-16T14:33:30.548+0000] {subprocess.py:93} INFO - [0m14:33:30  23 of 35 START test not_null_stg_batches_material_id ........................... [RUN]
[2025-12-16T14:33:30.690+0000] {subprocess.py:93} INFO - [0m14:33:30  20 of 35 PASS not_null_stg_batches_batch_id .................................... [[32mPASS[0m in 0.35s]
[2025-12-16T14:33:30.696+0000] {subprocess.py:93} INFO - [0m14:33:30  24 of 35 START test not_null_stg_materials_load_run_id ......................... [RUN]
[2025-12-16T14:33:30.780+0000] {subprocess.py:93} INFO - [0m14:33:30  21 of 35 FAIL 10000 not_null_stg_batches_load_run_id ........................... [[31mFAIL 10000[0m in 0.33s]
[2025-12-16T14:33:30.789+0000] {subprocess.py:93} INFO - [0m14:33:30  25 of 35 START test not_null_stg_materials_loaded_at ........................... [RUN]
[2025-12-16T14:33:30.881+0000] {subprocess.py:93} INFO - [0m14:33:30  23 of 35 PASS not_null_stg_batches_material_id ................................. [[32mPASS[0m in 0.33s]
[2025-12-16T14:33:30.886+0000] {subprocess.py:93} INFO - [0m14:33:30  22 of 35 FAIL 10000 not_null_stg_batches_loaded_at ............................. [[31mFAIL 10000[0m in 0.34s]
[2025-12-16T14:33:30.897+0000] {subprocess.py:93} INFO - [0m14:33:30  26 of 35 START test not_null_stg_materials_material_id ......................... [RUN]
[2025-12-16T14:33:30.899+0000] {subprocess.py:93} INFO - [0m14:33:30  27 of 35 START test not_null_stg_production_orders_batch_id .................... [RUN]
[2025-12-16T14:33:31.048+0000] {subprocess.py:93} INFO - [0m14:33:31  24 of 35 FAIL 500 not_null_stg_materials_load_run_id ........................... [[31mFAIL 500[0m in 0.35s]
[2025-12-16T14:33:31.054+0000] {subprocess.py:93} INFO - [0m14:33:31  28 of 35 START test not_null_stg_production_orders_load_run_id ................. [RUN]
[2025-12-16T14:33:31.135+0000] {subprocess.py:93} INFO - [0m14:33:31  25 of 35 FAIL 500 not_null_stg_materials_loaded_at ............................. [[31mFAIL 500[0m in 0.34s]
[2025-12-16T14:33:31.140+0000] {subprocess.py:93} INFO - [0m14:33:31  29 of 35 START test not_null_stg_production_orders_loaded_at ................... [RUN]
[2025-12-16T14:33:31.236+0000] {subprocess.py:93} INFO - [0m14:33:31  26 of 35 PASS not_null_stg_materials_material_id ............................... [[32mPASS[0m in 0.33s]
[2025-12-16T14:33:31.242+0000] {subprocess.py:93} INFO - [0m14:33:31  30 of 35 START test not_null_stg_production_orders_order_id .................... [RUN]
[2025-12-16T14:33:31.256+0000] {subprocess.py:93} INFO - [0m14:33:31  27 of 35 PASS not_null_stg_production_orders_batch_id .......................... [[32mPASS[0m in 0.35s]
[2025-12-16T14:33:31.261+0000] {subprocess.py:93} INFO - [0m14:33:31  31 of 35 START test relationships_core_batches_material_id__material_id__ref_core_materials_  [RUN]
[2025-12-16T14:33:31.379+0000] {subprocess.py:93} INFO - [0m14:33:31  28 of 35 FAIL 10000 not_null_stg_production_orders_load_run_id ................. [[31mFAIL 10000[0m in 0.32s]
[2025-12-16T14:33:31.386+0000] {subprocess.py:93} INFO - [0m14:33:31  32 of 35 START test relationships_fct_production_orders_batch_id__batch_id__ref_core_batches_  [RUN]
[2025-12-16T14:33:31.446+0000] {subprocess.py:93} INFO - [0m14:33:31  29 of 35 FAIL 10000 not_null_stg_production_orders_loaded_at ................... [[31mFAIL 10000[0m in 0.30s]
[2025-12-16T14:33:31.451+0000] {subprocess.py:93} INFO - [0m14:33:31  33 of 35 START test relationships_stg_batches_material_id__material_id__ref_stg_materials_  [RUN]
[2025-12-16T14:33:31.591+0000] {subprocess.py:93} INFO - [0m14:33:31  30 of 35 PASS not_null_stg_production_orders_order_id .......................... [[32mPASS[0m in 0.35s]
[2025-12-16T14:33:31.596+0000] {subprocess.py:93} INFO - [0m14:33:31  31 of 35 PASS relationships_core_batches_material_id__material_id__ref_core_materials_  [[32mPASS[0m in 0.33s]
[2025-12-16T14:33:31.604+0000] {subprocess.py:93} INFO - [0m14:33:31  34 of 35 START test relationships_stg_production_orders_batch_id__batch_id__ref_stg_batches_  [RUN]
[2025-12-16T14:33:31.605+0000] {subprocess.py:93} INFO - [0m14:33:31  35 of 35 START test unique_mfg_ml_features_orders_order_id ..................... [RUN]
[2025-12-16T14:33:31.705+0000] {subprocess.py:93} INFO - [0m14:33:31  32 of 35 PASS relationships_fct_production_orders_batch_id__batch_id__ref_core_batches_  [[32mPASS[0m in 0.32s]
[2025-12-16T14:33:31.832+0000] {subprocess.py:93} INFO - [0m14:33:31  33 of 35 PASS relationships_stg_batches_material_id__material_id__ref_stg_materials_  [[32mPASS[0m in 0.38s]
[2025-12-16T14:33:31.943+0000] {subprocess.py:93} INFO - [0m14:33:31  35 of 35 FAIL 10000 unique_mfg_ml_features_orders_order_id ..................... [[31mFAIL 10000[0m in 0.33s]
[2025-12-16T14:33:31.970+0000] {subprocess.py:93} INFO - [0m14:33:31  34 of 35 PASS relationships_stg_production_orders_batch_id__batch_id__ref_stg_batches_  [[32mPASS[0m in 0.36s]
[2025-12-16T14:33:33.834+0000] {subprocess.py:93} INFO - [0m14:33:33
[2025-12-16T14:33:33.836+0000] {subprocess.py:93} INFO - [0m14:33:33  Finished running 35 data tests in 0 hours 0 minutes and 7.38 seconds (7.38s).
[2025-12-16T14:33:33.953+0000] {subprocess.py:93} INFO - [0m14:33:33
[2025-12-16T14:33:33.955+0000] {subprocess.py:93} INFO - [0m14:33:33  [31mCompleted with 18 errors, 0 partial successes, and 0 warnings:[0m
[2025-12-16T14:33:33.956+0000] {subprocess.py:93} INFO - [0m14:33:33
[2025-12-16T14:33:33.959+0000] {subprocess.py:93} INFO - [0m14:33:33  [31mFailure in test dbt_utils_unique_combination_of_columns_core_batches_batch_id__load_run_id (models/core/core_schema.yml)[0m
[2025-12-16T14:33:33.962+0000] {subprocess.py:93} INFO - [0m14:33:33    Compilation Error in test dbt_utils_unique_combination_of_columns_core_batches_batch_id__load_run_id (models/core/core_schema.yml)
[2025-12-16T14:33:33.963+0000] {subprocess.py:93} INFO -   'dbt_utils' is undefined. This can happen when calling a macro that does not exist. Check for typos and/or install package dependencies with "dbt deps".
[2025-12-16T14:33:33.964+0000] {subprocess.py:93} INFO - [0m14:33:33
[2025-12-16T14:33:33.966+0000] {subprocess.py:93} INFO - [0m14:33:33  [31mFailure in test dbt_utils_unique_combination_of_columns_core_materials_material_id__load_run_id (models/core/core_schema.yml)[0m
[2025-12-16T14:33:33.968+0000] {subprocess.py:93} INFO - [0m14:33:33    Compilation Error in test dbt_utils_unique_combination_of_columns_core_materials_material_id__load_run_id (models/core/core_schema.yml)
[2025-12-16T14:33:33.968+0000] {subprocess.py:93} INFO -   'dbt_utils' is undefined. This can happen when calling a macro that does not exist. Check for typos and/or install package dependencies with "dbt deps".
[2025-12-16T14:33:33.969+0000] {subprocess.py:93} INFO - [0m14:33:33
[2025-12-16T14:33:33.972+0000] {subprocess.py:93} INFO - [0m14:33:33  [31mFailure in test dbt_utils_unique_combination_of_columns_fct_production_orders_order_id__load_run_id (models/core/core_schema.yml)[0m
[2025-12-16T14:33:33.974+0000] {subprocess.py:93} INFO - [0m14:33:33    Compilation Error in test dbt_utils_unique_combination_of_columns_fct_production_orders_order_id__load_run_id (models/core/core_schema.yml)
[2025-12-16T14:33:33.975+0000] {subprocess.py:93} INFO -   'dbt_utils' is undefined. This can happen when calling a macro that does not exist. Check for typos and/or install package dependencies with "dbt deps".
[2025-12-16T14:33:33.976+0000] {subprocess.py:93} INFO - [0m14:33:33
[2025-12-16T14:33:33.978+0000] {subprocess.py:93} INFO - [0m14:33:33  [31mFailure in test dbt_utils_unique_combination_of_columns_mfg_plant_daily_kpis_manufacturing_site__calendar_date (models/marts/marts_schema.yml)[0m
[2025-12-16T14:33:33.980+0000] {subprocess.py:93} INFO - [0m14:33:33    Compilation Error in test dbt_utils_unique_combination_of_columns_mfg_plant_daily_kpis_manufacturing_site__calendar_date (models/marts/marts_schema.yml)
[2025-12-16T14:33:33.980+0000] {subprocess.py:93} INFO -   'dbt_utils' is undefined. This can happen when calling a macro that does not exist. Check for typos and/or install package dependencies with "dbt deps".
[2025-12-16T14:33:33.981+0000] {subprocess.py:93} INFO - [0m14:33:33
[2025-12-16T14:33:33.983+0000] {subprocess.py:93} INFO - [0m14:33:33  [31mFailure in test not_null_core_materials_load_run_id (models/core/core_schema.yml)[0m
[2025-12-16T14:33:33.986+0000] {subprocess.py:93} INFO - [0m14:33:33    Got 500 results, configured to fail if != 0
[2025-12-16T14:33:33.988+0000] {subprocess.py:93} INFO - [0m14:33:33
[2025-12-16T14:33:33.990+0000] {subprocess.py:93} INFO - [0m14:33:33    compiled code at target/compiled/mfg_accelerator/models/core/core_schema.yml/not_null_core_materials_load_run_id.sql
[2025-12-16T14:33:33.992+0000] {subprocess.py:93} INFO - [0m14:33:33
[2025-12-16T14:33:33.995+0000] {subprocess.py:93} INFO - [0m14:33:33  [31mFailure in test not_null_core_materials_loaded_at (models/core/core_schema.yml)[0m
[2025-12-16T14:33:33.997+0000] {subprocess.py:93} INFO - [0m14:33:33    Got 500 results, configured to fail if != 0
[2025-12-16T14:33:33.999+0000] {subprocess.py:93} INFO - [0m14:33:33
[2025-12-16T14:33:34.001+0000] {subprocess.py:93} INFO - [0m14:33:34    compiled code at target/compiled/mfg_accelerator/models/core/core_schema.yml/not_null_core_materials_loaded_at.sql
[2025-12-16T14:33:34.003+0000] {subprocess.py:93} INFO - [0m14:33:34
[2025-12-16T14:33:34.005+0000] {subprocess.py:93} INFO - [0m14:33:34  [31mFailure in test not_null_core_batches_load_run_id (models/core/core_schema.yml)[0m
[2025-12-16T14:33:34.007+0000] {subprocess.py:93} INFO - [0m14:33:34    Got 10000 results, configured to fail if != 0
[2025-12-16T14:33:34.009+0000] {subprocess.py:93} INFO - [0m14:33:34
[2025-12-16T14:33:34.011+0000] {subprocess.py:93} INFO - [0m14:33:34    compiled code at target/compiled/mfg_accelerator/models/core/core_schema.yml/not_null_core_batches_load_run_id.sql
[2025-12-16T14:33:34.013+0000] {subprocess.py:93} INFO - [0m14:33:34
[2025-12-16T14:33:34.015+0000] {subprocess.py:93} INFO - [0m14:33:34  [31mFailure in test not_null_core_batches_loaded_at (models/core/core_schema.yml)[0m
[2025-12-16T14:33:34.017+0000] {subprocess.py:93} INFO - [0m14:33:34    Got 10000 results, configured to fail if != 0
[2025-12-16T14:33:34.019+0000] {subprocess.py:93} INFO - [0m14:33:34
[2025-12-16T14:33:34.021+0000] {subprocess.py:93} INFO - [0m14:33:34    compiled code at target/compiled/mfg_accelerator/models/core/core_schema.yml/not_null_core_batches_loaded_at.sql
[2025-12-16T14:33:34.023+0000] {subprocess.py:93} INFO - [0m14:33:34
[2025-12-16T14:33:34.025+0000] {subprocess.py:93} INFO - [0m14:33:34  [31mFailure in test not_null_fct_production_orders_load_run_id (models/core/core_schema.yml)[0m
[2025-12-16T14:33:34.027+0000] {subprocess.py:93} INFO - [0m14:33:34    Got 10000 results, configured to fail if != 0
[2025-12-16T14:33:34.029+0000] {subprocess.py:93} INFO - [0m14:33:34
[2025-12-16T14:33:34.031+0000] {subprocess.py:93} INFO - [0m14:33:34    compiled code at target/compiled/mfg_accelerator/models/core/core_schema.yml/not_null_fct_production_orders_load_run_id.sql
[2025-12-16T14:33:34.034+0000] {subprocess.py:93} INFO - [0m14:33:34
[2025-12-16T14:33:34.037+0000] {subprocess.py:93} INFO - [0m14:33:34  [31mFailure in test not_null_fct_production_orders_loaded_at (models/core/core_schema.yml)[0m
[2025-12-16T14:33:34.040+0000] {subprocess.py:93} INFO - [0m14:33:34    Got 10000 results, configured to fail if != 0
[2025-12-16T14:33:34.044+0000] {subprocess.py:93} INFO - [0m14:33:34
[2025-12-16T14:33:34.046+0000] {subprocess.py:93} INFO - [0m14:33:34    compiled code at target/compiled/mfg_accelerator/models/core/core_schema.yml/not_null_fct_production_orders_loaded_at.sql
[2025-12-16T14:33:34.049+0000] {subprocess.py:93} INFO - [0m14:33:34
[2025-12-16T14:33:34.051+0000] {subprocess.py:93} INFO - [0m14:33:34  [31mFailure in test not_null_mfg_ml_features_orders_manufacturing_site (models/marts/marts_schema.yml)[0m
[2025-12-16T14:33:34.053+0000] {subprocess.py:93} INFO - [0m14:33:34    Got 10000 results, configured to fail if != 0
[2025-12-16T14:33:34.055+0000] {subprocess.py:93} INFO - [0m14:33:34
[2025-12-16T14:33:34.057+0000] {subprocess.py:93} INFO - [0m14:33:34    compiled code at target/compiled/mfg_accelerator/models/marts/marts_schema.yml/not_null_mfg_ml_features_orders_manufacturing_site.sql
[2025-12-16T14:33:34.059+0000] {subprocess.py:93} INFO - [0m14:33:34
[2025-12-16T14:33:34.061+0000] {subprocess.py:93} INFO - [0m14:33:34  [31mFailure in test not_null_stg_batches_load_run_id (models/staging/staging_schema.yml)[0m
[2025-12-16T14:33:34.062+0000] {subprocess.py:93} INFO - [0m14:33:34    Got 10000 results, configured to fail if != 0
[2025-12-16T14:33:34.064+0000] {subprocess.py:93} INFO - [0m14:33:34
[2025-12-16T14:33:34.066+0000] {subprocess.py:93} INFO - [0m14:33:34    compiled code at target/compiled/mfg_accelerator/models/staging/staging_schema.yml/not_null_stg_batches_load_run_id.sql
[2025-12-16T14:33:34.067+0000] {subprocess.py:93} INFO - [0m14:33:34
[2025-12-16T14:33:34.069+0000] {subprocess.py:93} INFO - [0m14:33:34  [31mFailure in test not_null_stg_batches_loaded_at (models/staging/staging_schema.yml)[0m
[2025-12-16T14:33:34.070+0000] {subprocess.py:93} INFO - [0m14:33:34    Got 10000 results, configured to fail if != 0
[2025-12-16T14:33:34.072+0000] {subprocess.py:93} INFO - [0m14:33:34
[2025-12-16T14:33:34.074+0000] {subprocess.py:93} INFO - [0m14:33:34    compiled code at target/compiled/mfg_accelerator/models/staging/staging_schema.yml/not_null_stg_batches_loaded_at.sql
[2025-12-16T14:33:34.075+0000] {subprocess.py:93} INFO - [0m14:33:34
[2025-12-16T14:33:34.076+0000] {subprocess.py:93} INFO - [0m14:33:34  [31mFailure in test not_null_stg_materials_load_run_id (models/staging/staging_schema.yml)[0m
[2025-12-16T14:33:34.078+0000] {subprocess.py:93} INFO - [0m14:33:34    Got 500 results, configured to fail if != 0
[2025-12-16T14:33:34.080+0000] {subprocess.py:93} INFO - [0m14:33:34
[2025-12-16T14:33:34.081+0000] {subprocess.py:93} INFO - [0m14:33:34    compiled code at target/compiled/mfg_accelerator/models/staging/staging_schema.yml/not_null_stg_materials_load_run_id.sql
[2025-12-16T14:33:34.083+0000] {subprocess.py:93} INFO - [0m14:33:34
[2025-12-16T14:33:34.085+0000] {subprocess.py:93} INFO - [0m14:33:34  [31mFailure in test not_null_stg_materials_loaded_at (models/staging/staging_schema.yml)[0m
[2025-12-16T14:33:34.086+0000] {subprocess.py:93} INFO - [0m14:33:34    Got 500 results, configured to fail if != 0
[2025-12-16T14:33:34.088+0000] {subprocess.py:93} INFO - [0m14:33:34
[2025-12-16T14:33:34.089+0000] {subprocess.py:93} INFO - [0m14:33:34    compiled code at target/compiled/mfg_accelerator/models/staging/staging_schema.yml/not_null_stg_materials_loaded_at.sql
[2025-12-16T14:33:34.091+0000] {subprocess.py:93} INFO - [0m14:33:34
[2025-12-16T14:33:34.092+0000] {subprocess.py:93} INFO - [0m14:33:34  [31mFailure in test not_null_stg_production_orders_load_run_id (models/staging/staging_schema.yml)[0m
[2025-12-16T14:33:34.094+0000] {subprocess.py:93} INFO - [0m14:33:34    Got 10000 results, configured to fail if != 0
[2025-12-16T14:33:34.095+0000] {subprocess.py:93} INFO - [0m14:33:34
[2025-12-16T14:33:34.097+0000] {subprocess.py:93} INFO - [0m14:33:34    compiled code at target/compiled/mfg_accelerator/models/staging/staging_schema.yml/not_null_stg_production_orders_load_run_id.sql
[2025-12-16T14:33:34.098+0000] {subprocess.py:93} INFO - [0m14:33:34
[2025-12-16T14:33:34.100+0000] {subprocess.py:93} INFO - [0m14:33:34  [31mFailure in test not_null_stg_production_orders_loaded_at (models/staging/staging_schema.yml)[0m
[2025-12-16T14:33:34.101+0000] {subprocess.py:93} INFO - [0m14:33:34    Got 10000 results, configured to fail if != 0
[2025-12-16T14:33:34.103+0000] {subprocess.py:93} INFO - [0m14:33:34
[2025-12-16T14:33:34.104+0000] {subprocess.py:93} INFO - [0m14:33:34    compiled code at target/compiled/mfg_accelerator/models/staging/staging_schema.yml/not_null_stg_production_orders_loaded_at.sql
[2025-12-16T14:33:34.106+0000] {subprocess.py:93} INFO - [0m14:33:34
[2025-12-16T14:33:34.107+0000] {subprocess.py:93} INFO - [0m14:33:34  [31mFailure in test unique_mfg_ml_features_orders_order_id (models/marts/marts_schema.yml)[0m
[2025-12-16T14:33:34.109+0000] {subprocess.py:93} INFO - [0m14:33:34    Got 10000 results, configured to fail if != 0
[2025-12-16T14:33:34.110+0000] {subprocess.py:93} INFO - [0m14:33:34
[2025-12-16T14:33:34.112+0000] {subprocess.py:93} INFO - [0m14:33:34    compiled code at target/compiled/mfg_accelerator/models/marts/marts_schema.yml/unique_mfg_ml_features_orders_order_id.sql
[2025-12-16T14:33:34.113+0000] {subprocess.py:93} INFO - [0m14:33:34
[2025-12-16T14:33:34.114+0000] {subprocess.py:93} INFO - [0m14:33:34  Done. PASS=17 WARN=0 ERROR=18 SKIP=0 NO-OP=0 TOTAL=35
[2025-12-16T14:33:35.140+0000] {subprocess.py:97} INFO - Command exited with return code 1
[2025-12-16T14:33:35.141+0000] {taskinstance.py:441} INFO - ::group::Post task execution logs
[2025-12-16T14:33:35.150+0000] {taskinstance.py:2890} ERROR - Task failed with exception
Traceback (most recent call last):
  File "/home/airflow/.local/lib/python3.12/site-packages/airflow/models/taskinstance.py", line 460, in _execute_task
    result = _execute_callable(context=context, **execute_callable_kwargs)
             ^^^^^^^^^^^^^^^^^^^^^^^^^^^^^^^^^^^^^^^^^^^^^^^^^^^^^^^^^^^^^
  File "/home/airflow/.local/lib/python3.12/site-packages/airflow/models/taskinstance.py", line 432, in _execute_callable
    return execute_callable(context=context, **execute_callable_kwargs)
           ^^^^^^^^^^^^^^^^^^^^^^^^^^^^^^^^^^^^^^^^^^^^^^^^^^^^^^^^^^^^
  File "/home/airflow/.local/lib/python3.12/site-packages/airflow/models/baseoperator.py", line 400, in wrapper
    return func(self, *args, **kwargs)
           ^^^^^^^^^^^^^^^^^^^^^^^^^^^
  File "/home/airflow/.local/lib/python3.12/site-packages/airflow/operators/bash.py", line 243, in execute
    raise AirflowException(
airflow.exceptions.AirflowException: Bash command failed. The command returned a non-zero exit code 1.
[2025-12-16T14:33:35.155+0000] {taskinstance.py:1205} INFO - Marking task as FAILED. dag_id=mfg_raw_ingestion_dag, task_id=dbt_test_all, execution_date=20251215T040000, start_date=20251216T143322, end_date=20251216T143335
[2025-12-16T14:33:35.171+0000] {standard_task_runner.py:110} ERROR - Failed to execute job 20 for task dbt_test_all (Bash command failed. The command returned a non-zero exit code 1.; 2496)
[2025-12-16T14:33:35.204+0000] {local_task_job_runner.py:240} INFO - Task exited with return code 1
[2025-12-16T14:33:35.217+0000] {taskinstance.py:3482} INFO - 0 downstream tasks scheduled from follow-on schedule check
[2025-12-16T14:33:35.222+0000] {local_task_job_runner.py:222} INFO - ::endgroup::
