[2025-12-14T21:31:01.966+0000] {local_task_job_runner.py:120} INFO - ::group::Pre task execution logs
[2025-12-14T21:31:01.998+0000] {taskinstance.py:2073} INFO - Dependencies all met for dep_context=non-requeueable deps ti=<TaskInstance: mfg_raw_ingestion_dag.ingest_raw_to_snowflake manual__2025-12-14T21:21:43.231202+00:00 [queued]>
[2025-12-14T21:31:02.007+0000] {taskinstance.py:2073} INFO - Dependencies all met for dep_context=requeueable deps ti=<TaskInstance: mfg_raw_ingestion_dag.ingest_raw_to_snowflake manual__2025-12-14T21:21:43.231202+00:00 [queued]>
[2025-12-14T21:31:02.008+0000] {taskinstance.py:2303} INFO - Starting attempt 1 of 3
[2025-12-14T21:31:02.024+0000] {taskinstance.py:2327} INFO - Executing <Task(BashOperator): ingest_raw_to_snowflake> on 2025-12-14 21:21:43.231202+00:00
[2025-12-14T21:31:02.032+0000] {standard_task_runner.py:90} INFO - Running: ['***', 'tasks', 'run', 'mfg_raw_ingestion_dag', 'ingest_raw_to_snowflake', 'manual__2025-12-14T21:21:43.231202+00:00', '--job-id', '14', '--raw', '--subdir', 'DAGS_FOLDER/mfg_raw_ingestion_dag.py', '--cfg-path', '/tmp/tmpbgfhpf5p']
[2025-12-14T21:31:02.036+0000] {standard_task_runner.py:91} INFO - Job 14: Subtask ingest_raw_to_snowflake
[2025-12-14T21:31:02.036+0000] {logging_mixin.py:188} WARNING - /home/***/.local/lib/python3.12/site-packages/***/task/task_runner/standard_task_runner.py:61 DeprecationWarning: This process (pid=4111) is multi-threaded, use of fork() may lead to deadlocks in the child.
[2025-12-14T21:31:02.037+0000] {standard_task_runner.py:63} INFO - Started process 4112 to run task
[2025-12-14T21:31:02.090+0000] {task_command.py:426} INFO - Running <TaskInstance: mfg_raw_ingestion_dag.ingest_raw_to_snowflake manual__2025-12-14T21:21:43.231202+00:00 [running]> on host 3799fda194bc
[2025-12-14T21:31:02.198+0000] {taskinstance.py:2644} INFO - Exporting env vars: AIRFLOW_CTX_DAG_OWNER='data-engineering' AIRFLOW_CTX_DAG_ID='mfg_raw_ingestion_dag' AIRFLOW_CTX_TASK_ID='ingest_raw_to_snowflake' AIRFLOW_CTX_EXECUTION_DATE='2025-12-14T21:21:43.231202+00:00' AIRFLOW_CTX_TRY_NUMBER='1' AIRFLOW_CTX_DAG_RUN_ID='manual__2025-12-14T21:21:43.231202+00:00'
[2025-12-14T21:31:02.199+0000] {taskinstance.py:430} INFO - ::endgroup::
[2025-12-14T21:31:02.218+0000] {subprocess.py:63} INFO - Tmp dir root location: /tmp
[2025-12-14T21:31:02.220+0000] {subprocess.py:75} INFO - Running command: ['/usr/bin/bash', '-c', 'set -euo pipefail; python /opt/***/ingestion/python/load_raw_to_snowflake.py']
[2025-12-14T21:31:02.237+0000] {subprocess.py:86} INFO - Output:
[2025-12-14T21:31:04.042+0000] {subprocess.py:93} INFO - [INFO] 2025-12-14 21:31:04 - Loaded environment variables from /opt/***/.env
[2025-12-14T21:31:04.043+0000] {subprocess.py:93} INFO - [INFO] 2025-12-14 21:31:04 - Connecting to Snowflake...
[2025-12-14T21:31:05.431+0000] {subprocess.py:93} INFO - [INFO] 2025-12-14 21:31:05 - Starting RAW load. load_run_id=ec1f5a76-5ed4-4b14-a725-69961c7d7a8c
[2025-12-14T21:31:05.439+0000] {subprocess.py:93} INFO - [INFO] 2025-12-14 21:31:05 - Ensuring RAW tables exist (append-only, run-aware)...
[2025-12-14T21:31:06.701+0000] {subprocess.py:93} INFO - [INFO] 2025-12-14 21:31:06 - Read 500 rows from materials.csv
[2025-12-14T21:31:06.730+0000] {subprocess.py:93} INFO - [INFO] 2025-12-14 21:31:06 - Read 10,000 rows from batches.csv
[2025-12-14T21:31:06.764+0000] {subprocess.py:93} INFO - [INFO] 2025-12-14 21:31:06 - Read 10,000 rows from production_orders.csv
[2025-12-14T21:31:06.766+0000] {subprocess.py:93} INFO - /opt/***/ingestion/python/load_raw_to_snowflake.py:198: UserWarning: Dataframe contains a datetime with timezone column, but 'use_logical_type=None'. This can result in dateimes being incorrectly written to Snowflake. Consider setting 'use_logical_type = True'
[2025-12-14T21:31:06.766+0000] {subprocess.py:93} INFO -   success, _, rows_loaded, _ = write_pandas(
[2025-12-14T21:31:11.053+0000] {subprocess.py:93} INFO - [INFO] 2025-12-14 21:31:11 - Snowflake connection closed
[2025-12-14T21:31:11.054+0000] {subprocess.py:93} INFO - Traceback (most recent call last):
[2025-12-14T21:31:11.054+0000] {subprocess.py:93} INFO -   File "/opt/***/ingestion/python/load_raw_to_snowflake.py", line 202, in load_df
[2025-12-14T21:31:11.057+0000] {subprocess.py:93} INFO -     cursor.execute(
[2025-12-14T21:31:11.058+0000] {subprocess.py:93} INFO -   File "/home/***/.local/lib/python3.12/site-packages/snowflake/connector/cursor.py", line 1134, in execute
[2025-12-14T21:31:11.059+0000] {subprocess.py:93} INFO -     Error.errorhandler_wrapper(self.connection, self, error_class, errvalue)
[2025-12-14T21:31:11.059+0000] {subprocess.py:93} INFO -   File "/home/***/.local/lib/python3.12/site-packages/snowflake/connector/errors.py", line 286, in errorhandler_wrapper
[2025-12-14T21:31:11.060+0000] {subprocess.py:93} INFO -     handed_over = Error.hand_to_other_handler(
[2025-12-14T21:31:11.060+0000] {subprocess.py:93} INFO -                   ^^^^^^^^^^^^^^^^^^^^^^^^^^^^
[2025-12-14T21:31:11.061+0000] {subprocess.py:93} INFO -   File "/home/***/.local/lib/python3.12/site-packages/snowflake/connector/errors.py", line 341, in hand_to_other_handler
[2025-12-14T21:31:11.061+0000] {subprocess.py:93} INFO -     cursor.errorhandler(connection, cursor, error_class, error_value)
[2025-12-14T21:31:11.062+0000] {subprocess.py:93} INFO -   File "/home/***/.local/lib/python3.12/site-packages/snowflake/connector/errors.py", line 217, in default_errorhandler
[2025-12-14T21:31:11.062+0000] {subprocess.py:93} INFO -     raise error_class(
[2025-12-14T21:31:11.063+0000] {subprocess.py:93} INFO - snowflake.connector.errors.ProgrammingError: 002020 (21S01): SQL compilation error:
[2025-12-14T21:31:11.063+0000] {subprocess.py:93} INFO - Insert value list does not match column list expecting 8 but got 7
[2025-12-14T21:31:11.064+0000] {subprocess.py:93} INFO - 
[2025-12-14T21:31:11.064+0000] {subprocess.py:93} INFO - During handling of the above exception, another exception occurred:
[2025-12-14T21:31:11.065+0000] {subprocess.py:93} INFO - 
[2025-12-14T21:31:11.065+0000] {subprocess.py:93} INFO - Traceback (most recent call last):
[2025-12-14T21:31:11.065+0000] {subprocess.py:93} INFO -   File "/opt/***/ingestion/python/load_raw_to_snowflake.py", line 263, in <module>
[2025-12-14T21:31:11.066+0000] {subprocess.py:93} INFO -     main()
[2025-12-14T21:31:11.066+0000] {subprocess.py:93} INFO -   File "/opt/***/ingestion/python/load_raw_to_snowflake.py", line 250, in main
[2025-12-14T21:31:11.067+0000] {subprocess.py:93} INFO -     load_df(conn, cursor, mats, "MATERIALS", load_run_id)
[2025-12-14T21:31:11.067+0000] {subprocess.py:93} INFO -   File "/opt/***/ingestion/python/load_raw_to_snowflake.py", line 219, in load_df
[2025-12-14T21:31:11.068+0000] {subprocess.py:93} INFO -     cursor.execute(
[2025-12-14T21:31:11.069+0000] {subprocess.py:93} INFO -   File "/home/***/.local/lib/python3.12/site-packages/snowflake/connector/cursor.py", line 1134, in execute
[2025-12-14T21:31:11.069+0000] {subprocess.py:93} INFO -     Error.errorhandler_wrapper(self.connection, self, error_class, errvalue)
[2025-12-14T21:31:11.070+0000] {subprocess.py:93} INFO -   File "/home/***/.local/lib/python3.12/site-packages/snowflake/connector/errors.py", line 286, in errorhandler_wrapper
[2025-12-14T21:31:11.070+0000] {subprocess.py:93} INFO -     handed_over = Error.hand_to_other_handler(
[2025-12-14T21:31:11.071+0000] {subprocess.py:93} INFO -                   ^^^^^^^^^^^^^^^^^^^^^^^^^^^^
[2025-12-14T21:31:11.071+0000] {subprocess.py:93} INFO -   File "/home/***/.local/lib/python3.12/site-packages/snowflake/connector/errors.py", line 341, in hand_to_other_handler
[2025-12-14T21:31:11.072+0000] {subprocess.py:93} INFO -     cursor.errorhandler(connection, cursor, error_class, error_value)
[2025-12-14T21:31:11.072+0000] {subprocess.py:93} INFO -   File "/home/***/.local/lib/python3.12/site-packages/snowflake/connector/errors.py", line 217, in default_errorhandler
[2025-12-14T21:31:11.073+0000] {subprocess.py:93} INFO -     raise error_class(
[2025-12-14T21:31:11.073+0000] {subprocess.py:93} INFO - snowflake.connector.errors.ProgrammingError: 002020 (21S01): SQL compilation error:
[2025-12-14T21:31:11.074+0000] {subprocess.py:93} INFO - Insert value list does not match column list expecting 8 but got 7
[2025-12-14T21:31:11.234+0000] {subprocess.py:97} INFO - Command exited with return code 1
[2025-12-14T21:31:11.235+0000] {taskinstance.py:441} INFO - ::group::Post task execution logs
[2025-12-14T21:31:11.249+0000] {taskinstance.py:2890} ERROR - Task failed with exception
Traceback (most recent call last):
  File "/home/airflow/.local/lib/python3.12/site-packages/airflow/models/taskinstance.py", line 460, in _execute_task
    result = _execute_callable(context=context, **execute_callable_kwargs)
             ^^^^^^^^^^^^^^^^^^^^^^^^^^^^^^^^^^^^^^^^^^^^^^^^^^^^^^^^^^^^^
  File "/home/airflow/.local/lib/python3.12/site-packages/airflow/models/taskinstance.py", line 432, in _execute_callable
    return execute_callable(context=context, **execute_callable_kwargs)
           ^^^^^^^^^^^^^^^^^^^^^^^^^^^^^^^^^^^^^^^^^^^^^^^^^^^^^^^^^^^^
  File "/home/airflow/.local/lib/python3.12/site-packages/airflow/models/baseoperator.py", line 400, in wrapper
    return func(self, *args, **kwargs)
           ^^^^^^^^^^^^^^^^^^^^^^^^^^^
  File "/home/airflow/.local/lib/python3.12/site-packages/airflow/operators/bash.py", line 243, in execute
    raise AirflowException(
airflow.exceptions.AirflowException: Bash command failed. The command returned a non-zero exit code 1.
[2025-12-14T21:31:11.255+0000] {taskinstance.py:1205} INFO - Marking task as UP_FOR_RETRY. dag_id=mfg_raw_ingestion_dag, task_id=ingest_raw_to_snowflake, execution_date=20251214T212143, start_date=20251214T213101, end_date=20251214T213111
[2025-12-14T21:31:11.274+0000] {standard_task_runner.py:110} ERROR - Failed to execute job 14 for task ingest_raw_to_snowflake (Bash command failed. The command returned a non-zero exit code 1.; 4112)
[2025-12-14T21:31:11.311+0000] {local_task_job_runner.py:240} INFO - Task exited with return code 1
[2025-12-14T21:31:11.333+0000] {taskinstance.py:3482} INFO - 0 downstream tasks scheduled from follow-on schedule check
[2025-12-14T21:31:11.337+0000] {local_task_job_runner.py:222} INFO - ::endgroup::
