[2025-12-14T21:30:49.624+0000] {local_task_job_runner.py:120} INFO - ::group::Pre task execution logs
[2025-12-14T21:30:49.657+0000] {taskinstance.py:2073} INFO - Dependencies all met for dep_context=non-requeueable deps ti=<TaskInstance: mfg_raw_ingestion_dag.ingest_raw_to_snowflake manual__2025-12-14T21:20:25.807236+00:00 [queued]>
[2025-12-14T21:30:49.666+0000] {taskinstance.py:2073} INFO - Dependencies all met for dep_context=requeueable deps ti=<TaskInstance: mfg_raw_ingestion_dag.ingest_raw_to_snowflake manual__2025-12-14T21:20:25.807236+00:00 [queued]>
[2025-12-14T21:30:49.667+0000] {taskinstance.py:2303} INFO - Starting attempt 3 of 3
[2025-12-14T21:30:49.684+0000] {taskinstance.py:2327} INFO - Executing <Task(BashOperator): ingest_raw_to_snowflake> on 2025-12-14 21:20:25.807236+00:00
[2025-12-14T21:30:49.693+0000] {standard_task_runner.py:90} INFO - Running: ['***', 'tasks', 'run', 'mfg_raw_ingestion_dag', 'ingest_raw_to_snowflake', 'manual__2025-12-14T21:20:25.807236+00:00', '--job-id', '13', '--raw', '--subdir', 'DAGS_FOLDER/mfg_raw_ingestion_dag.py', '--cfg-path', '/tmp/tmp3oj01v9p']
[2025-12-14T21:30:49.696+0000] {standard_task_runner.py:91} INFO - Job 13: Subtask ingest_raw_to_snowflake
[2025-12-14T21:30:49.697+0000] {logging_mixin.py:188} WARNING - /home/***/.local/lib/python3.12/site-packages/***/task/task_runner/standard_task_runner.py:61 DeprecationWarning: This process (pid=4079) is multi-threaded, use of fork() may lead to deadlocks in the child.
[2025-12-14T21:30:49.698+0000] {standard_task_runner.py:63} INFO - Started process 4080 to run task
[2025-12-14T21:30:49.755+0000] {task_command.py:426} INFO - Running <TaskInstance: mfg_raw_ingestion_dag.ingest_raw_to_snowflake manual__2025-12-14T21:20:25.807236+00:00 [running]> on host 3799fda194bc
[2025-12-14T21:30:49.849+0000] {taskinstance.py:2644} INFO - Exporting env vars: AIRFLOW_CTX_DAG_OWNER='data-engineering' AIRFLOW_CTX_DAG_ID='mfg_raw_ingestion_dag' AIRFLOW_CTX_TASK_ID='ingest_raw_to_snowflake' AIRFLOW_CTX_EXECUTION_DATE='2025-12-14T21:20:25.807236+00:00' AIRFLOW_CTX_TRY_NUMBER='3' AIRFLOW_CTX_DAG_RUN_ID='manual__2025-12-14T21:20:25.807236+00:00'
[2025-12-14T21:30:49.851+0000] {taskinstance.py:430} INFO - ::endgroup::
[2025-12-14T21:30:49.876+0000] {subprocess.py:63} INFO - Tmp dir root location: /tmp
[2025-12-14T21:30:49.879+0000] {subprocess.py:75} INFO - Running command: ['/usr/bin/bash', '-c', 'set -euo pipefail; python /opt/***/ingestion/python/load_raw_to_snowflake.py']
[2025-12-14T21:30:49.908+0000] {subprocess.py:86} INFO - Output:
[2025-12-14T21:30:51.949+0000] {subprocess.py:93} INFO - [INFO] 2025-12-14 21:30:51 - Loaded environment variables from /opt/***/.env
[2025-12-14T21:30:51.950+0000] {subprocess.py:93} INFO - [INFO] 2025-12-14 21:30:51 - Connecting to Snowflake...
[2025-12-14T21:30:53.738+0000] {subprocess.py:93} INFO - [INFO] 2025-12-14 21:30:53 - Starting RAW load. load_run_id=c3156825-e529-4297-afb2-e86702c7d210
[2025-12-14T21:30:53.748+0000] {subprocess.py:93} INFO - [INFO] 2025-12-14 21:30:53 - Ensuring RAW tables exist (append-only, run-aware)...
[2025-12-14T21:30:55.078+0000] {subprocess.py:93} INFO - [INFO] 2025-12-14 21:30:55 - Read 500 rows from materials.csv
[2025-12-14T21:30:55.104+0000] {subprocess.py:93} INFO - [INFO] 2025-12-14 21:30:55 - Read 10,000 rows from batches.csv
[2025-12-14T21:30:55.139+0000] {subprocess.py:93} INFO - [INFO] 2025-12-14 21:30:55 - Read 10,000 rows from production_orders.csv
[2025-12-14T21:30:55.140+0000] {subprocess.py:93} INFO - /opt/***/ingestion/python/load_raw_to_snowflake.py:198: UserWarning: Dataframe contains a datetime with timezone column, but 'use_logical_type=None'. This can result in dateimes being incorrectly written to Snowflake. Consider setting 'use_logical_type = True'
[2025-12-14T21:30:55.141+0000] {subprocess.py:93} INFO -   success, _, rows_loaded, _ = write_pandas(
[2025-12-14T21:31:00.076+0000] {subprocess.py:93} INFO - [INFO] 2025-12-14 21:31:00 - Snowflake connection closed
[2025-12-14T21:31:00.076+0000] {subprocess.py:93} INFO - Traceback (most recent call last):
[2025-12-14T21:31:00.077+0000] {subprocess.py:93} INFO -   File "/opt/***/ingestion/python/load_raw_to_snowflake.py", line 202, in load_df
[2025-12-14T21:31:00.081+0000] {subprocess.py:93} INFO -     cursor.execute(
[2025-12-14T21:31:00.081+0000] {subprocess.py:93} INFO -   File "/home/***/.local/lib/python3.12/site-packages/snowflake/connector/cursor.py", line 1134, in execute
[2025-12-14T21:31:00.082+0000] {subprocess.py:93} INFO -     Error.errorhandler_wrapper(self.connection, self, error_class, errvalue)
[2025-12-14T21:31:00.082+0000] {subprocess.py:93} INFO -   File "/home/***/.local/lib/python3.12/site-packages/snowflake/connector/errors.py", line 286, in errorhandler_wrapper
[2025-12-14T21:31:00.083+0000] {subprocess.py:93} INFO -     handed_over = Error.hand_to_other_handler(
[2025-12-14T21:31:00.084+0000] {subprocess.py:93} INFO -                   ^^^^^^^^^^^^^^^^^^^^^^^^^^^^
[2025-12-14T21:31:00.084+0000] {subprocess.py:93} INFO -   File "/home/***/.local/lib/python3.12/site-packages/snowflake/connector/errors.py", line 341, in hand_to_other_handler
[2025-12-14T21:31:00.085+0000] {subprocess.py:93} INFO -     cursor.errorhandler(connection, cursor, error_class, error_value)
[2025-12-14T21:31:00.085+0000] {subprocess.py:93} INFO -   File "/home/***/.local/lib/python3.12/site-packages/snowflake/connector/errors.py", line 217, in default_errorhandler
[2025-12-14T21:31:00.086+0000] {subprocess.py:93} INFO -     raise error_class(
[2025-12-14T21:31:00.086+0000] {subprocess.py:93} INFO - snowflake.connector.errors.ProgrammingError: 002020 (21S01): SQL compilation error:
[2025-12-14T21:31:00.087+0000] {subprocess.py:93} INFO - Insert value list does not match column list expecting 8 but got 7
[2025-12-14T21:31:00.087+0000] {subprocess.py:93} INFO - 
[2025-12-14T21:31:00.088+0000] {subprocess.py:93} INFO - During handling of the above exception, another exception occurred:
[2025-12-14T21:31:00.088+0000] {subprocess.py:93} INFO - 
[2025-12-14T21:31:00.088+0000] {subprocess.py:93} INFO - Traceback (most recent call last):
[2025-12-14T21:31:00.089+0000] {subprocess.py:93} INFO -   File "/opt/***/ingestion/python/load_raw_to_snowflake.py", line 263, in <module>
[2025-12-14T21:31:00.089+0000] {subprocess.py:93} INFO -     main()
[2025-12-14T21:31:00.090+0000] {subprocess.py:93} INFO -   File "/opt/***/ingestion/python/load_raw_to_snowflake.py", line 250, in main
[2025-12-14T21:31:00.091+0000] {subprocess.py:93} INFO -     load_df(conn, cursor, mats, "MATERIALS", load_run_id)
[2025-12-14T21:31:00.091+0000] {subprocess.py:93} INFO -   File "/opt/***/ingestion/python/load_raw_to_snowflake.py", line 219, in load_df
[2025-12-14T21:31:00.094+0000] {subprocess.py:93} INFO -     cursor.execute(
[2025-12-14T21:31:00.094+0000] {subprocess.py:93} INFO -   File "/home/***/.local/lib/python3.12/site-packages/snowflake/connector/cursor.py", line 1134, in execute
[2025-12-14T21:31:00.095+0000] {subprocess.py:93} INFO -     Error.errorhandler_wrapper(self.connection, self, error_class, errvalue)
[2025-12-14T21:31:00.095+0000] {subprocess.py:93} INFO -   File "/home/***/.local/lib/python3.12/site-packages/snowflake/connector/errors.py", line 286, in errorhandler_wrapper
[2025-12-14T21:31:00.096+0000] {subprocess.py:93} INFO -     handed_over = Error.hand_to_other_handler(
[2025-12-14T21:31:00.096+0000] {subprocess.py:93} INFO -                   ^^^^^^^^^^^^^^^^^^^^^^^^^^^^
[2025-12-14T21:31:00.096+0000] {subprocess.py:93} INFO -   File "/home/***/.local/lib/python3.12/site-packages/snowflake/connector/errors.py", line 341, in hand_to_other_handler
[2025-12-14T21:31:00.097+0000] {subprocess.py:93} INFO -     cursor.errorhandler(connection, cursor, error_class, error_value)
[2025-12-14T21:31:00.097+0000] {subprocess.py:93} INFO -   File "/home/***/.local/lib/python3.12/site-packages/snowflake/connector/errors.py", line 217, in default_errorhandler
[2025-12-14T21:31:00.098+0000] {subprocess.py:93} INFO -     raise error_class(
[2025-12-14T21:31:00.098+0000] {subprocess.py:93} INFO - snowflake.connector.errors.ProgrammingError: 002020 (21S01): SQL compilation error:
[2025-12-14T21:31:00.099+0000] {subprocess.py:93} INFO - Insert value list does not match column list expecting 8 but got 7
[2025-12-14T21:31:00.279+0000] {subprocess.py:97} INFO - Command exited with return code 1
[2025-12-14T21:31:00.280+0000] {taskinstance.py:441} INFO - ::group::Post task execution logs
[2025-12-14T21:31:00.296+0000] {taskinstance.py:2890} ERROR - Task failed with exception
Traceback (most recent call last):
  File "/home/airflow/.local/lib/python3.12/site-packages/airflow/models/taskinstance.py", line 460, in _execute_task
    result = _execute_callable(context=context, **execute_callable_kwargs)
             ^^^^^^^^^^^^^^^^^^^^^^^^^^^^^^^^^^^^^^^^^^^^^^^^^^^^^^^^^^^^^
  File "/home/airflow/.local/lib/python3.12/site-packages/airflow/models/taskinstance.py", line 432, in _execute_callable
    return execute_callable(context=context, **execute_callable_kwargs)
           ^^^^^^^^^^^^^^^^^^^^^^^^^^^^^^^^^^^^^^^^^^^^^^^^^^^^^^^^^^^^
  File "/home/airflow/.local/lib/python3.12/site-packages/airflow/models/baseoperator.py", line 400, in wrapper
    return func(self, *args, **kwargs)
           ^^^^^^^^^^^^^^^^^^^^^^^^^^^
  File "/home/airflow/.local/lib/python3.12/site-packages/airflow/operators/bash.py", line 243, in execute
    raise AirflowException(
airflow.exceptions.AirflowException: Bash command failed. The command returned a non-zero exit code 1.
[2025-12-14T21:31:00.303+0000] {taskinstance.py:1205} INFO - Marking task as FAILED. dag_id=mfg_raw_ingestion_dag, task_id=ingest_raw_to_snowflake, execution_date=20251214T212025, start_date=20251214T213049, end_date=20251214T213100
[2025-12-14T21:31:00.326+0000] {standard_task_runner.py:110} ERROR - Failed to execute job 13 for task ingest_raw_to_snowflake (Bash command failed. The command returned a non-zero exit code 1.; 4080)
[2025-12-14T21:31:00.380+0000] {local_task_job_runner.py:240} INFO - Task exited with return code 1
[2025-12-14T21:31:00.414+0000] {taskinstance.py:3482} INFO - 0 downstream tasks scheduled from follow-on schedule check
[2025-12-14T21:31:00.421+0000] {local_task_job_runner.py:222} INFO - ::endgroup::
