[2025-12-16T14:08:22.422+0000] {local_task_job_runner.py:120} INFO - ::group::Pre task execution logs
[2025-12-16T14:08:22.660+0000] {taskinstance.py:2073} INFO - Dependencies all met for dep_context=non-requeueable deps ti=<TaskInstance: mfg_raw_ingestion_dag.dbt_test_all manual__2025-12-16T00:30:29.359965+00:00 [queued]>
[2025-12-16T14:08:22.730+0000] {taskinstance.py:2073} INFO - Dependencies all met for dep_context=requeueable deps ti=<TaskInstance: mfg_raw_ingestion_dag.dbt_test_all manual__2025-12-16T00:30:29.359965+00:00 [queued]>
[2025-12-16T14:08:22.737+0000] {taskinstance.py:2303} INFO - Starting attempt 2 of 3
[2025-12-16T14:08:22.835+0000] {taskinstance.py:2327} INFO - Executing <Task(BashOperator): dbt_test_all> on 2025-12-16 00:30:29.359965+00:00
[2025-12-16T14:08:22.878+0000] {standard_task_runner.py:90} INFO - Running: ['***', 'tasks', 'run', 'mfg_raw_ingestion_dag', 'dbt_test_all', 'manual__2025-12-16T00:30:29.359965+00:00', '--job-id', '10', '--raw', '--subdir', 'DAGS_FOLDER/mfg_raw_ingestion_dag.py', '--cfg-path', '/tmp/tmpzgjdjasi']
[2025-12-16T14:08:22.899+0000] {standard_task_runner.py:91} INFO - Job 10: Subtask dbt_test_all
[2025-12-16T14:08:22.920+0000] {logging_mixin.py:188} WARNING - /home/***/.local/lib/python3.12/site-packages/***/task/task_runner/standard_task_runner.py:61 DeprecationWarning: This process (pid=1159) is multi-threaded, use of fork() may lead to deadlocks in the child.
[2025-12-16T14:08:22.933+0000] {standard_task_runner.py:63} INFO - Started process 1166 to run task
[2025-12-16T14:08:23.259+0000] {task_command.py:426} INFO - Running <TaskInstance: mfg_raw_ingestion_dag.dbt_test_all manual__2025-12-16T00:30:29.359965+00:00 [running]> on host 24030efa02e6
[2025-12-16T14:08:23.786+0000] {taskinstance.py:2644} INFO - Exporting env vars: AIRFLOW_CTX_DAG_OWNER='data-engineering' AIRFLOW_CTX_DAG_ID='mfg_raw_ingestion_dag' AIRFLOW_CTX_TASK_ID='dbt_test_all' AIRFLOW_CTX_EXECUTION_DATE='2025-12-16T00:30:29.359965+00:00' AIRFLOW_CTX_TRY_NUMBER='2' AIRFLOW_CTX_DAG_RUN_ID='manual__2025-12-16T00:30:29.359965+00:00'
[2025-12-16T14:08:23.789+0000] {taskinstance.py:430} INFO - ::endgroup::
[2025-12-16T14:08:23.932+0000] {subprocess.py:63} INFO - Tmp dir root location: /tmp
[2025-12-16T14:08:23.967+0000] {subprocess.py:75} INFO - Running command: ['/usr/bin/bash', '-c', 'set -euo pipefail; cd /opt/***/dbt_project && dbt test --profiles-dir /opt/***/dbt_profiles']
[2025-12-16T14:08:24.033+0000] {subprocess.py:86} INFO - Output:
[2025-12-16T14:08:44.801+0000] {subprocess.py:93} INFO - [0m14:08:44  Running with dbt=1.10.15
[2025-12-16T14:08:53.061+0000] {subprocess.py:93} INFO - [0m14:08:53  Registered adapter: snowflake=1.10.4
[2025-12-16T14:08:57.612+0000] {subprocess.py:93} INFO - [0m14:08:57  Found 8 models, 35 data tests, 3 sources, 504 macros
[2025-12-16T14:08:57.645+0000] {subprocess.py:93} INFO - [0m14:08:57
[2025-12-16T14:08:57.650+0000] {subprocess.py:93} INFO - [0m14:08:57  Concurrency: 4 threads (target='dev')
[2025-12-16T14:08:57.662+0000] {subprocess.py:93} INFO - [0m14:08:57
[2025-12-16T14:09:02.260+0000] {subprocess.py:93} INFO - [0m14:09:02  1 of 35 START test dbt_utils_unique_combination_of_columns_core_batches_batch_id__load_run_id  [RUN]
[2025-12-16T14:09:02.264+0000] {subprocess.py:93} INFO - [0m14:09:02  2 of 35 START test dbt_utils_unique_combination_of_columns_core_materials_material_id__load_run_id  [RUN]
[2025-12-16T14:09:02.267+0000] {subprocess.py:93} INFO - [0m14:09:02  3 of 35 START test dbt_utils_unique_combination_of_columns_fct_production_orders_order_id__load_run_id  [RUN]
[2025-12-16T14:09:02.271+0000] {subprocess.py:93} INFO - [0m14:09:02  4 of 35 START test dbt_utils_unique_combination_of_columns_mfg_plant_daily_kpis_manufacturing_site__calendar_date  [RUN]
[2025-12-16T14:09:02.463+0000] {subprocess.py:93} INFO - [0m14:09:02  3 of 35 ERROR dbt_utils_unique_combination_of_columns_fct_production_orders_order_id__load_run_id  [[31mERROR[0m in 0.18s]
[2025-12-16T14:09:02.467+0000] {subprocess.py:93} INFO - [0m14:09:02  2 of 35 ERROR dbt_utils_unique_combination_of_columns_core_materials_material_id__load_run_id  [[31mERROR[0m in 0.19s]
[2025-12-16T14:09:02.470+0000] {subprocess.py:93} INFO - [0m14:09:02  4 of 35 ERROR dbt_utils_unique_combination_of_columns_mfg_plant_daily_kpis_manufacturing_site__calendar_date  [[31mERROR[0m in 0.18s]
[2025-12-16T14:09:02.474+0000] {subprocess.py:93} INFO - [0m14:09:02  1 of 35 ERROR dbt_utils_unique_combination_of_columns_core_batches_batch_id__load_run_id  [[31mERROR[0m in 0.20s]
[2025-12-16T14:09:02.503+0000] {subprocess.py:93} INFO - [0m14:09:02  5 of 35 START test not_null_core_batches_batch_id .............................. [RUN]
[2025-12-16T14:09:02.511+0000] {subprocess.py:93} INFO - [0m14:09:02  6 of 35 START test not_null_core_batches_load_run_id ........................... [RUN]
[2025-12-16T14:09:02.514+0000] {subprocess.py:93} INFO - [0m14:09:02  7 of 35 START test not_null_core_batches_loaded_at ............................. [RUN]
[2025-12-16T14:09:02.517+0000] {subprocess.py:93} INFO - [0m14:09:02  8 of 35 START test not_null_core_batches_material_id ........................... [RUN]
[2025-12-16T14:09:03.908+0000] {subprocess.py:93} INFO - [0m14:09:03  8 of 35 PASS not_null_core_batches_material_id ................................. [[32mPASS[0m in 1.38s]
[2025-12-16T14:09:03.924+0000] {subprocess.py:93} INFO - [0m14:09:03  9 of 35 START test not_null_core_materials_load_run_id ......................... [RUN]
[2025-12-16T14:09:04.409+0000] {subprocess.py:93} INFO - [0m14:09:04  9 of 35 FAIL 500 not_null_core_materials_load_run_id ........................... [[31mFAIL 500[0m in 0.48s]
[2025-12-16T14:09:04.419+0000] {subprocess.py:93} INFO - [0m14:09:04  10 of 35 START test not_null_core_materials_loaded_at .......................... [RUN]
[2025-12-16T14:09:04.801+0000] {subprocess.py:93} INFO - [0m14:09:04  6 of 35 FAIL 10000 not_null_core_batches_load_run_id ........................... [[31mFAIL 10000[0m in 2.27s]
[2025-12-16T14:09:04.813+0000] {subprocess.py:93} INFO - [0m14:09:04  11 of 35 START test not_null_core_materials_material_id ........................ [RUN]
[2025-12-16T14:09:04.868+0000] {subprocess.py:93} INFO - [0m14:09:04  5 of 35 PASS not_null_core_batches_batch_id .................................... [[32mPASS[0m in 2.35s]
[2025-12-16T14:09:04.907+0000] {subprocess.py:93} INFO - [0m14:09:04  12 of 35 START test not_null_fct_production_orders_batch_id .................... [RUN]
[2025-12-16T14:09:05.181+0000] {subprocess.py:93} INFO - [0m14:09:05  10 of 35 FAIL 500 not_null_core_materials_loaded_at ............................ [[31mFAIL 500[0m in 0.76s]
[2025-12-16T14:09:05.243+0000] {subprocess.py:93} INFO - [0m14:09:05  7 of 35 FAIL 10000 not_null_core_batches_loaded_at ............................. [[31mFAIL 10000[0m in 2.71s]
[2025-12-16T14:09:05.281+0000] {subprocess.py:93} INFO - [0m14:09:05  11 of 35 PASS not_null_core_materials_material_id .............................. [[32mPASS[0m in 0.46s]
[2025-12-16T14:09:05.321+0000] {subprocess.py:93} INFO - [0m14:09:05  13 of 35 START test not_null_fct_production_orders_load_run_id ................. [RUN]
[2025-12-16T14:09:05.362+0000] {subprocess.py:93} INFO - [0m14:09:05  14 of 35 START test not_null_fct_production_orders_loaded_at ................... [RUN]
[2025-12-16T14:09:05.403+0000] {subprocess.py:93} INFO - [0m14:09:05  12 of 35 PASS not_null_fct_production_orders_batch_id .......................... [[32mPASS[0m in 0.49s]
[2025-12-16T14:09:05.411+0000] {subprocess.py:93} INFO - [0m14:09:05  15 of 35 START test not_null_fct_production_orders_order_id .................... [RUN]
[2025-12-16T14:09:05.471+0000] {subprocess.py:93} INFO - [0m14:09:05  16 of 35 START test not_null_mfg_ml_features_orders_manufacturing_site ......... [RUN]
[2025-12-16T14:09:05.910+0000] {subprocess.py:93} INFO - [0m14:09:05  15 of 35 PASS not_null_fct_production_orders_order_id .......................... [[32mPASS[0m in 0.48s]
[2025-12-16T14:09:05.927+0000] {subprocess.py:93} INFO - [0m14:09:05  13 of 35 FAIL 10000 not_null_fct_production_orders_load_run_id ................. [[31mFAIL 10000[0m in 0.54s]
[2025-12-16T14:09:05.930+0000] {subprocess.py:93} INFO - [0m14:09:05  17 of 35 START test not_null_mfg_ml_features_orders_order_id ................... [RUN]
[2025-12-16T14:09:05.957+0000] {subprocess.py:93} INFO - [0m14:09:05  14 of 35 FAIL 10000 not_null_fct_production_orders_loaded_at ................... [[31mFAIL 10000[0m in 0.55s]
[2025-12-16T14:09:05.963+0000] {subprocess.py:93} INFO - [0m14:09:05  18 of 35 START test not_null_mfg_plant_daily_kpis_calendar_date ................ [RUN]
[2025-12-16T14:09:05.989+0000] {subprocess.py:93} INFO - [0m14:09:05  16 of 35 FAIL 10000 not_null_mfg_ml_features_orders_manufacturing_site ......... [[31mFAIL 10000[0m in 0.50s]
[2025-12-16T14:09:06.011+0000] {subprocess.py:93} INFO - [0m14:09:06  19 of 35 START test not_null_mfg_plant_daily_kpis_manufacturing_site ........... [RUN]
[2025-12-16T14:09:06.090+0000] {subprocess.py:93} INFO - [0m14:09:06  20 of 35 START test not_null_stg_batches_batch_id .............................. [RUN]
[2025-12-16T14:09:06.481+0000] {subprocess.py:93} INFO - [0m14:09:06  17 of 35 PASS not_null_mfg_ml_features_orders_order_id ......................... [[32mPASS[0m in 0.54s]
[2025-12-16T14:09:06.497+0000] {subprocess.py:93} INFO - [0m14:09:06  21 of 35 START test not_null_stg_batches_load_run_id ........................... [RUN]
[2025-12-16T14:09:06.503+0000] {subprocess.py:93} INFO - [0m14:09:06  18 of 35 PASS not_null_mfg_plant_daily_kpis_calendar_date ...................... [[32mPASS[0m in 0.51s]
[2025-12-16T14:09:06.509+0000] {subprocess.py:93} INFO - [0m14:09:06  19 of 35 PASS not_null_mfg_plant_daily_kpis_manufacturing_site ................. [[32mPASS[0m in 0.44s]
[2025-12-16T14:09:06.546+0000] {subprocess.py:93} INFO - [0m14:09:06  22 of 35 START test not_null_stg_batches_loaded_at ............................. [RUN]
[2025-12-16T14:09:06.550+0000] {subprocess.py:93} INFO - [0m14:09:06  23 of 35 START test not_null_stg_batches_material_id ........................... [RUN]
[2025-12-16T14:09:06.640+0000] {subprocess.py:93} INFO - [0m14:09:06  20 of 35 PASS not_null_stg_batches_batch_id .................................... [[32mPASS[0m in 0.53s]
[2025-12-16T14:09:06.674+0000] {subprocess.py:93} INFO - [0m14:09:06  24 of 35 START test not_null_stg_materials_load_run_id ......................... [RUN]
[2025-12-16T14:09:06.950+0000] {subprocess.py:93} INFO - [0m14:09:06  22 of 35 FAIL 10000 not_null_stg_batches_loaded_at ............................. [[31mFAIL 10000[0m in 0.40s]
[2025-12-16T14:09:06.962+0000] {subprocess.py:93} INFO - [0m14:09:06  25 of 35 START test not_null_stg_materials_loaded_at ........................... [RUN]
[2025-12-16T14:09:07.013+0000] {subprocess.py:93} INFO - [0m14:09:07  21 of 35 FAIL 10000 not_null_stg_batches_load_run_id ........................... [[31mFAIL 10000[0m in 0.50s]
[2025-12-16T14:09:07.027+0000] {subprocess.py:93} INFO - [0m14:09:07  26 of 35 START test not_null_stg_materials_material_id ......................... [RUN]
[2025-12-16T14:09:07.034+0000] {subprocess.py:93} INFO - [0m14:09:07  23 of 35 PASS not_null_stg_batches_material_id ................................. [[32mPASS[0m in 0.48s]
[2025-12-16T14:09:05.194+0000] {subprocess.py:93} INFO - [0m14:09:05  27 of 35 START test not_null_stg_production_orders_batch_id .................... [RUN]
[2025-12-16T14:09:05.205+0000] {subprocess.py:93} INFO - [0m14:09:05  24 of 35 FAIL 500 not_null_stg_materials_load_run_id ........................... [[31mFAIL 500[0m in -1.47s]
[2025-12-16T14:09:05.232+0000] {subprocess.py:93} INFO - [0m14:09:05  28 of 35 START test not_null_stg_production_orders_load_run_id ................. [RUN]
[2025-12-16T14:09:05.481+0000] {subprocess.py:93} INFO - [0m14:09:05  25 of 35 FAIL 500 not_null_stg_materials_loaded_at ............................. [[31mFAIL 500[0m in -1.48s]
[2025-12-16T14:09:05.494+0000] {subprocess.py:93} INFO - [0m14:09:05  29 of 35 START test not_null_stg_production_orders_loaded_at ................... [RUN]
[2025-12-16T14:09:05.682+0000] {subprocess.py:93} INFO - [0m14:09:05  28 of 35 FAIL 10000 not_null_stg_production_orders_load_run_id ................. [[31mFAIL 10000[0m in 0.44s]
[2025-12-16T14:09:05.692+0000] {subprocess.py:93} INFO - [0m14:09:05  27 of 35 PASS not_null_stg_production_orders_batch_id .......................... [[32mPASS[0m in 0.48s]
[2025-12-16T14:09:05.705+0000] {subprocess.py:93} INFO - [0m14:09:05  26 of 35 PASS not_null_stg_materials_material_id ............................... [[32mPASS[0m in -1.33s]
[2025-12-16T14:09:05.722+0000] {subprocess.py:93} INFO - [0m14:09:05  30 of 35 START test not_null_stg_production_orders_order_id .................... [RUN]
[2025-12-16T14:09:05.728+0000] {subprocess.py:93} INFO - [0m14:09:05  31 of 35 START test relationships_core_batches_material_id__material_id__ref_core_materials_  [RUN]
[2025-12-16T14:09:05.734+0000] {subprocess.py:93} INFO - [0m14:09:05  32 of 35 START test relationships_fct_production_orders_batch_id__batch_id__ref_core_batches_  [RUN]
[2025-12-16T14:09:05.945+0000] {subprocess.py:93} INFO - [0m14:09:05  29 of 35 FAIL 10000 not_null_stg_production_orders_loaded_at ................... [[31mFAIL 10000[0m in 0.45s]
[2025-12-16T14:09:05.953+0000] {subprocess.py:93} INFO - [0m14:09:05  33 of 35 START test relationships_stg_batches_material_id__material_id__ref_stg_materials_  [RUN]
[2025-12-16T14:09:06.154+0000] {subprocess.py:93} INFO - [0m14:09:06  32 of 35 PASS relationships_fct_production_orders_batch_id__batch_id__ref_core_batches_  [[32mPASS[0m in 0.41s]
[2025-12-16T14:09:06.161+0000] {subprocess.py:93} INFO - [0m14:09:06  31 of 35 PASS relationships_core_batches_material_id__material_id__ref_core_materials_  [[32mPASS[0m in 0.42s]
[2025-12-16T14:09:06.176+0000] {subprocess.py:93} INFO - [0m14:09:06  34 of 35 START test relationships_stg_production_orders_batch_id__batch_id__ref_stg_batches_  [RUN]
[2025-12-16T14:09:06.179+0000] {subprocess.py:93} INFO - [0m14:09:06  35 of 35 START test unique_mfg_ml_features_orders_order_id ..................... [RUN]
[2025-12-16T14:09:06.233+0000] {subprocess.py:93} INFO - [0m14:09:06  30 of 35 PASS not_null_stg_production_orders_order_id .......................... [[32mPASS[0m in 0.50s]
[2025-12-16T14:09:06.376+0000] {subprocess.py:93} INFO - [0m14:09:06  33 of 35 PASS relationships_stg_batches_material_id__material_id__ref_stg_materials_  [[32mPASS[0m in 0.42s]
[2025-12-16T14:09:06.576+0000] {subprocess.py:93} INFO - [0m14:09:06  35 of 35 FAIL 10000 unique_mfg_ml_features_orders_order_id ..................... [[31mFAIL 10000[0m in 0.39s]
[2025-12-16T14:09:06.593+0000] {subprocess.py:93} INFO - [0m14:09:06  34 of 35 PASS relationships_stg_production_orders_batch_id__batch_id__ref_stg_batches_  [[32mPASS[0m in 0.41s]
[2025-12-16T14:09:08.479+0000] {subprocess.py:93} INFO - [0m14:09:08
[2025-12-16T14:09:08.484+0000] {subprocess.py:93} INFO - [0m14:09:08  Finished running 35 data tests in 0 hours 0 minutes and 10.82 seconds (10.82s).
[2025-12-16T14:09:08.739+0000] {subprocess.py:93} INFO - [0m14:09:08
[2025-12-16T14:09:08.741+0000] {subprocess.py:93} INFO - [0m14:09:08  [31mCompleted with 18 errors, 0 partial successes, and 0 warnings:[0m
[2025-12-16T14:09:08.743+0000] {subprocess.py:93} INFO - [0m14:09:08
[2025-12-16T14:09:08.745+0000] {subprocess.py:93} INFO - [0m14:09:08  [31mFailure in test dbt_utils_unique_combination_of_columns_fct_production_orders_order_id__load_run_id (models/core/core_schema.yml)[0m
[2025-12-16T14:09:08.747+0000] {subprocess.py:93} INFO - [0m14:09:08    Compilation Error in test dbt_utils_unique_combination_of_columns_fct_production_orders_order_id__load_run_id (models/core/core_schema.yml)
[2025-12-16T14:09:08.748+0000] {subprocess.py:93} INFO -   'dbt_utils' is undefined. This can happen when calling a macro that does not exist. Check for typos and/or install package dependencies with "dbt deps".
[2025-12-16T14:09:08.749+0000] {subprocess.py:93} INFO - [0m14:09:08
[2025-12-16T14:09:08.751+0000] {subprocess.py:93} INFO - [0m14:09:08  [31mFailure in test dbt_utils_unique_combination_of_columns_core_materials_material_id__load_run_id (models/core/core_schema.yml)[0m
[2025-12-16T14:09:08.754+0000] {subprocess.py:93} INFO - [0m14:09:08    Compilation Error in test dbt_utils_unique_combination_of_columns_core_materials_material_id__load_run_id (models/core/core_schema.yml)
[2025-12-16T14:09:08.755+0000] {subprocess.py:93} INFO -   'dbt_utils' is undefined. This can happen when calling a macro that does not exist. Check for typos and/or install package dependencies with "dbt deps".
[2025-12-16T14:09:08.756+0000] {subprocess.py:93} INFO - [0m14:09:08
[2025-12-16T14:09:08.758+0000] {subprocess.py:93} INFO - [0m14:09:08  [31mFailure in test dbt_utils_unique_combination_of_columns_mfg_plant_daily_kpis_manufacturing_site__calendar_date (models/marts/marts_schema.yml)[0m
[2025-12-16T14:09:08.760+0000] {subprocess.py:93} INFO - [0m14:09:08    Compilation Error in test dbt_utils_unique_combination_of_columns_mfg_plant_daily_kpis_manufacturing_site__calendar_date (models/marts/marts_schema.yml)
[2025-12-16T14:09:08.761+0000] {subprocess.py:93} INFO -   'dbt_utils' is undefined. This can happen when calling a macro that does not exist. Check for typos and/or install package dependencies with "dbt deps".
[2025-12-16T14:09:08.762+0000] {subprocess.py:93} INFO - [0m14:09:08
[2025-12-16T14:09:08.764+0000] {subprocess.py:93} INFO - [0m14:09:08  [31mFailure in test dbt_utils_unique_combination_of_columns_core_batches_batch_id__load_run_id (models/core/core_schema.yml)[0m
[2025-12-16T14:09:08.766+0000] {subprocess.py:93} INFO - [0m14:09:08    Compilation Error in test dbt_utils_unique_combination_of_columns_core_batches_batch_id__load_run_id (models/core/core_schema.yml)
[2025-12-16T14:09:08.767+0000] {subprocess.py:93} INFO -   'dbt_utils' is undefined. This can happen when calling a macro that does not exist. Check for typos and/or install package dependencies with "dbt deps".
[2025-12-16T14:09:08.768+0000] {subprocess.py:93} INFO - [0m14:09:08
[2025-12-16T14:09:08.770+0000] {subprocess.py:93} INFO - [0m14:09:08  [31mFailure in test not_null_core_materials_load_run_id (models/core/core_schema.yml)[0m
[2025-12-16T14:09:08.772+0000] {subprocess.py:93} INFO - [0m14:09:08    Got 500 results, configured to fail if != 0
[2025-12-16T14:09:08.774+0000] {subprocess.py:93} INFO - [0m14:09:08
[2025-12-16T14:09:08.775+0000] {subprocess.py:93} INFO - [0m14:09:08    compiled code at target/compiled/mfg_accelerator/models/core/core_schema.yml/not_null_core_materials_load_run_id.sql
[2025-12-16T14:09:08.777+0000] {subprocess.py:93} INFO - [0m14:09:08
[2025-12-16T14:09:08.779+0000] {subprocess.py:93} INFO - [0m14:09:08  [31mFailure in test not_null_core_batches_load_run_id (models/core/core_schema.yml)[0m
[2025-12-16T14:09:08.782+0000] {subprocess.py:93} INFO - [0m14:09:08    Got 10000 results, configured to fail if != 0
[2025-12-16T14:09:08.785+0000] {subprocess.py:93} INFO - [0m14:09:08
[2025-12-16T14:09:08.787+0000] {subprocess.py:93} INFO - [0m14:09:08    compiled code at target/compiled/mfg_accelerator/models/core/core_schema.yml/not_null_core_batches_load_run_id.sql
[2025-12-16T14:09:08.789+0000] {subprocess.py:93} INFO - [0m14:09:08
[2025-12-16T14:09:08.791+0000] {subprocess.py:93} INFO - [0m14:09:08  [31mFailure in test not_null_core_materials_loaded_at (models/core/core_schema.yml)[0m
[2025-12-16T14:09:08.792+0000] {subprocess.py:93} INFO - [0m14:09:08    Got 500 results, configured to fail if != 0
[2025-12-16T14:09:08.794+0000] {subprocess.py:93} INFO - [0m14:09:08
[2025-12-16T14:09:08.796+0000] {subprocess.py:93} INFO - [0m14:09:08    compiled code at target/compiled/mfg_accelerator/models/core/core_schema.yml/not_null_core_materials_loaded_at.sql
[2025-12-16T14:09:08.798+0000] {subprocess.py:93} INFO - [0m14:09:08
[2025-12-16T14:09:08.801+0000] {subprocess.py:93} INFO - [0m14:09:08  [31mFailure in test not_null_core_batches_loaded_at (models/core/core_schema.yml)[0m
[2025-12-16T14:09:08.803+0000] {subprocess.py:93} INFO - [0m14:09:08    Got 10000 results, configured to fail if != 0
[2025-12-16T14:09:08.804+0000] {subprocess.py:93} INFO - [0m14:09:08
[2025-12-16T14:09:08.806+0000] {subprocess.py:93} INFO - [0m14:09:08    compiled code at target/compiled/mfg_accelerator/models/core/core_schema.yml/not_null_core_batches_loaded_at.sql
[2025-12-16T14:09:08.808+0000] {subprocess.py:93} INFO - [0m14:09:08
[2025-12-16T14:09:08.810+0000] {subprocess.py:93} INFO - [0m14:09:08  [31mFailure in test not_null_fct_production_orders_load_run_id (models/core/core_schema.yml)[0m
[2025-12-16T14:09:08.811+0000] {subprocess.py:93} INFO - [0m14:09:08    Got 10000 results, configured to fail if != 0
[2025-12-16T14:09:08.813+0000] {subprocess.py:93} INFO - [0m14:09:08
[2025-12-16T14:09:08.816+0000] {subprocess.py:93} INFO - [0m14:09:08    compiled code at target/compiled/mfg_accelerator/models/core/core_schema.yml/not_null_fct_production_orders_load_run_id.sql
[2025-12-16T14:09:08.818+0000] {subprocess.py:93} INFO - [0m14:09:08
[2025-12-16T14:09:08.819+0000] {subprocess.py:93} INFO - [0m14:09:08  [31mFailure in test not_null_fct_production_orders_loaded_at (models/core/core_schema.yml)[0m
[2025-12-16T14:09:08.821+0000] {subprocess.py:93} INFO - [0m14:09:08    Got 10000 results, configured to fail if != 0
[2025-12-16T14:09:08.823+0000] {subprocess.py:93} INFO - [0m14:09:08
[2025-12-16T14:09:08.825+0000] {subprocess.py:93} INFO - [0m14:09:08    compiled code at target/compiled/mfg_accelerator/models/core/core_schema.yml/not_null_fct_production_orders_loaded_at.sql
[2025-12-16T14:09:08.828+0000] {subprocess.py:93} INFO - [0m14:09:08
[2025-12-16T14:09:08.830+0000] {subprocess.py:93} INFO - [0m14:09:08  [31mFailure in test not_null_mfg_ml_features_orders_manufacturing_site (models/marts/marts_schema.yml)[0m
[2025-12-16T14:09:08.832+0000] {subprocess.py:93} INFO - [0m14:09:08    Got 10000 results, configured to fail if != 0
[2025-12-16T14:09:08.835+0000] {subprocess.py:93} INFO - [0m14:09:08
[2025-12-16T14:09:08.837+0000] {subprocess.py:93} INFO - [0m14:09:08    compiled code at target/compiled/mfg_accelerator/models/marts/marts_schema.yml/not_null_mfg_ml_features_orders_manufacturing_site.sql
[2025-12-16T14:09:08.838+0000] {subprocess.py:93} INFO - [0m14:09:08
[2025-12-16T14:09:08.840+0000] {subprocess.py:93} INFO - [0m14:09:08  [31mFailure in test not_null_stg_batches_loaded_at (models/staging/staging_schema.yml)[0m
[2025-12-16T14:09:08.842+0000] {subprocess.py:93} INFO - [0m14:09:08    Got 10000 results, configured to fail if != 0
[2025-12-16T14:09:08.844+0000] {subprocess.py:93} INFO - [0m14:09:08
[2025-12-16T14:09:08.846+0000] {subprocess.py:93} INFO - [0m14:09:08    compiled code at target/compiled/mfg_accelerator/models/staging/staging_schema.yml/not_null_stg_batches_loaded_at.sql
[2025-12-16T14:09:08.849+0000] {subprocess.py:93} INFO - [0m14:09:08
[2025-12-16T14:09:08.851+0000] {subprocess.py:93} INFO - [0m14:09:08  [31mFailure in test not_null_stg_batches_load_run_id (models/staging/staging_schema.yml)[0m
[2025-12-16T14:09:08.854+0000] {subprocess.py:93} INFO - [0m14:09:08    Got 10000 results, configured to fail if != 0
[2025-12-16T14:09:08.856+0000] {subprocess.py:93} INFO - [0m14:09:08
[2025-12-16T14:09:08.858+0000] {subprocess.py:93} INFO - [0m14:09:08    compiled code at target/compiled/mfg_accelerator/models/staging/staging_schema.yml/not_null_stg_batches_load_run_id.sql
[2025-12-16T14:09:08.861+0000] {subprocess.py:93} INFO - [0m14:09:08
[2025-12-16T14:09:08.865+0000] {subprocess.py:93} INFO - [0m14:09:08  [31mFailure in test not_null_stg_materials_load_run_id (models/staging/staging_schema.yml)[0m
[2025-12-16T14:09:08.868+0000] {subprocess.py:93} INFO - [0m14:09:08    Got 500 results, configured to fail if != 0
[2025-12-16T14:09:08.872+0000] {subprocess.py:93} INFO - [0m14:09:08
[2025-12-16T14:09:08.876+0000] {subprocess.py:93} INFO - [0m14:09:08    compiled code at target/compiled/mfg_accelerator/models/staging/staging_schema.yml/not_null_stg_materials_load_run_id.sql
[2025-12-16T14:09:08.881+0000] {subprocess.py:93} INFO - [0m14:09:08
[2025-12-16T14:09:08.885+0000] {subprocess.py:93} INFO - [0m14:09:08  [31mFailure in test not_null_stg_materials_loaded_at (models/staging/staging_schema.yml)[0m
[2025-12-16T14:09:08.888+0000] {subprocess.py:93} INFO - [0m14:09:08    Got 500 results, configured to fail if != 0
[2025-12-16T14:09:08.891+0000] {subprocess.py:93} INFO - [0m14:09:08
[2025-12-16T14:09:08.894+0000] {subprocess.py:93} INFO - [0m14:09:08    compiled code at target/compiled/mfg_accelerator/models/staging/staging_schema.yml/not_null_stg_materials_loaded_at.sql
[2025-12-16T14:09:08.897+0000] {subprocess.py:93} INFO - [0m14:09:08
[2025-12-16T14:09:08.900+0000] {subprocess.py:93} INFO - [0m14:09:08  [31mFailure in test not_null_stg_production_orders_load_run_id (models/staging/staging_schema.yml)[0m
[2025-12-16T14:09:08.904+0000] {subprocess.py:93} INFO - [0m14:09:08    Got 10000 results, configured to fail if != 0
[2025-12-16T14:09:08.906+0000] {subprocess.py:93} INFO - [0m14:09:08
[2025-12-16T14:09:08.910+0000] {subprocess.py:93} INFO - [0m14:09:08    compiled code at target/compiled/mfg_accelerator/models/staging/staging_schema.yml/not_null_stg_production_orders_load_run_id.sql
[2025-12-16T14:09:08.916+0000] {subprocess.py:93} INFO - [0m14:09:08
[2025-12-16T14:09:08.920+0000] {subprocess.py:93} INFO - [0m14:09:08  [31mFailure in test not_null_stg_production_orders_loaded_at (models/staging/staging_schema.yml)[0m
[2025-12-16T14:09:08.923+0000] {subprocess.py:93} INFO - [0m14:09:08    Got 10000 results, configured to fail if != 0
[2025-12-16T14:09:08.926+0000] {subprocess.py:93} INFO - [0m14:09:08
[2025-12-16T14:09:08.929+0000] {subprocess.py:93} INFO - [0m14:09:08    compiled code at target/compiled/mfg_accelerator/models/staging/staging_schema.yml/not_null_stg_production_orders_loaded_at.sql
[2025-12-16T14:09:08.931+0000] {subprocess.py:93} INFO - [0m14:09:08
[2025-12-16T14:09:08.935+0000] {subprocess.py:93} INFO - [0m14:09:08  [31mFailure in test unique_mfg_ml_features_orders_order_id (models/marts/marts_schema.yml)[0m
[2025-12-16T14:09:08.938+0000] {subprocess.py:93} INFO - [0m14:09:08    Got 10000 results, configured to fail if != 0
[2025-12-16T14:09:08.941+0000] {subprocess.py:93} INFO - [0m14:09:08
[2025-12-16T14:09:08.944+0000] {subprocess.py:93} INFO - [0m14:09:08    compiled code at target/compiled/mfg_accelerator/models/marts/marts_schema.yml/unique_mfg_ml_features_orders_order_id.sql
[2025-12-16T14:09:08.947+0000] {subprocess.py:93} INFO - [0m14:09:08
[2025-12-16T14:09:08.950+0000] {subprocess.py:93} INFO - [0m14:09:08  Done. PASS=17 WARN=0 ERROR=18 SKIP=0 NO-OP=0 TOTAL=35
[2025-12-16T14:09:10.343+0000] {subprocess.py:97} INFO - Command exited with return code 1
[2025-12-16T14:09:10.345+0000] {taskinstance.py:441} INFO - ::group::Post task execution logs
[2025-12-16T14:09:10.386+0000] {taskinstance.py:2890} ERROR - Task failed with exception
Traceback (most recent call last):
  File "/home/airflow/.local/lib/python3.12/site-packages/airflow/models/taskinstance.py", line 460, in _execute_task
    result = _execute_callable(context=context, **execute_callable_kwargs)
             ^^^^^^^^^^^^^^^^^^^^^^^^^^^^^^^^^^^^^^^^^^^^^^^^^^^^^^^^^^^^^
  File "/home/airflow/.local/lib/python3.12/site-packages/airflow/models/taskinstance.py", line 432, in _execute_callable
    return execute_callable(context=context, **execute_callable_kwargs)
           ^^^^^^^^^^^^^^^^^^^^^^^^^^^^^^^^^^^^^^^^^^^^^^^^^^^^^^^^^^^^
  File "/home/airflow/.local/lib/python3.12/site-packages/airflow/models/baseoperator.py", line 400, in wrapper
    return func(self, *args, **kwargs)
           ^^^^^^^^^^^^^^^^^^^^^^^^^^^
  File "/home/airflow/.local/lib/python3.12/site-packages/airflow/operators/bash.py", line 243, in execute
    raise AirflowException(
airflow.exceptions.AirflowException: Bash command failed. The command returned a non-zero exit code 1.
[2025-12-16T14:09:10.398+0000] {taskinstance.py:1205} INFO - Marking task as UP_FOR_RETRY. dag_id=mfg_raw_ingestion_dag, task_id=dbt_test_all, execution_date=20251216T003029, start_date=20251216T140822, end_date=20251216T140910
[2025-12-16T14:09:10.444+0000] {standard_task_runner.py:110} ERROR - Failed to execute job 10 for task dbt_test_all (Bash command failed. The command returned a non-zero exit code 1.; 1166)
[2025-12-16T14:09:10.497+0000] {local_task_job_runner.py:240} INFO - Task exited with return code 1
[2025-12-16T14:09:10.622+0000] {taskinstance.py:3482} INFO - 0 downstream tasks scheduled from follow-on schedule check
[2025-12-16T14:09:10.644+0000] {local_task_job_runner.py:222} INFO - ::endgroup::
