[2025-12-15T23:30:43.402+0000] {local_task_job_runner.py:120} INFO - ::group::Pre task execution logs
[2025-12-15T23:30:43.452+0000] {taskinstance.py:2073} INFO - Dependencies all met for dep_context=non-requeueable deps ti=<TaskInstance: mfg_raw_ingestion_dag.dbt_test_all manual__2025-12-15T23:13:28.424641+00:00 [queued]>
[2025-12-15T23:30:43.464+0000] {taskinstance.py:2073} INFO - Dependencies all met for dep_context=requeueable deps ti=<TaskInstance: mfg_raw_ingestion_dag.dbt_test_all manual__2025-12-15T23:13:28.424641+00:00 [queued]>
[2025-12-15T23:30:43.466+0000] {taskinstance.py:2303} INFO - Starting attempt 2 of 3
[2025-12-15T23:30:43.484+0000] {taskinstance.py:2327} INFO - Executing <Task(BashOperator): dbt_test_all> on 2025-12-15 23:13:28.424641+00:00
[2025-12-15T23:30:43.495+0000] {standard_task_runner.py:90} INFO - Running: ['***', 'tasks', 'run', 'mfg_raw_ingestion_dag', 'dbt_test_all', 'manual__2025-12-15T23:13:28.424641+00:00', '--job-id', '10', '--raw', '--subdir', 'DAGS_FOLDER/mfg_raw_ingestion_dag.py', '--cfg-path', '/tmp/tmpd7ckwi_2']
[2025-12-15T23:30:43.499+0000] {logging_mixin.py:188} WARNING - /home/***/.local/lib/python3.12/site-packages/***/task/task_runner/standard_task_runner.py:61 DeprecationWarning: This process (pid=1437) is multi-threaded, use of fork() may lead to deadlocks in the child.
[2025-12-15T23:30:43.500+0000] {standard_task_runner.py:91} INFO - Job 10: Subtask dbt_test_all
[2025-12-15T23:30:43.501+0000] {standard_task_runner.py:63} INFO - Started process 1438 to run task
[2025-12-15T23:30:43.580+0000] {task_command.py:426} INFO - Running <TaskInstance: mfg_raw_ingestion_dag.dbt_test_all manual__2025-12-15T23:13:28.424641+00:00 [running]> on host 7f6a70788018
[2025-12-15T23:30:43.687+0000] {taskinstance.py:2644} INFO - Exporting env vars: AIRFLOW_CTX_DAG_OWNER='data-engineering' AIRFLOW_CTX_DAG_ID='mfg_raw_ingestion_dag' AIRFLOW_CTX_TASK_ID='dbt_test_all' AIRFLOW_CTX_EXECUTION_DATE='2025-12-15T23:13:28.424641+00:00' AIRFLOW_CTX_TRY_NUMBER='2' AIRFLOW_CTX_DAG_RUN_ID='manual__2025-12-15T23:13:28.424641+00:00'
[2025-12-15T23:30:43.690+0000] {taskinstance.py:430} INFO - ::endgroup::
[2025-12-15T23:30:43.713+0000] {subprocess.py:63} INFO - Tmp dir root location: /tmp
[2025-12-15T23:30:43.715+0000] {subprocess.py:75} INFO - Running command: ['/usr/bin/bash', '-c', 'set -euo pipefail; cd /opt/***/dbt_project && dbt test --profiles-dir /opt/***/dbt_profiles']
[2025-12-15T23:30:43.727+0000] {subprocess.py:86} INFO - Output:
[2025-12-15T23:30:46.905+0000] {subprocess.py:93} INFO - [0m23:30:46  Running with dbt=1.10.15
[2025-12-15T23:30:48.178+0000] {subprocess.py:93} INFO - [0m23:30:48  Registered adapter: snowflake=1.10.4
[2025-12-15T23:30:49.028+0000] {subprocess.py:93} INFO - [0m23:30:49  Found 8 models, 29 data tests, 3 sources, 504 macros
[2025-12-15T23:30:49.036+0000] {subprocess.py:93} INFO - [0m23:30:49
[2025-12-15T23:30:49.037+0000] {subprocess.py:93} INFO - [0m23:30:49  Concurrency: 4 threads (target='dev')
[2025-12-15T23:30:49.039+0000] {subprocess.py:93} INFO - [0m23:30:49
[2025-12-15T23:30:51.668+0000] {subprocess.py:93} INFO - [0m23:30:51  1 of 29 START test not_null_core_batches_batch_id .............................. [RUN]
[2025-12-15T23:30:51.670+0000] {subprocess.py:93} INFO - [0m23:30:51  2 of 29 START test not_null_core_batches_load_run_id ........................... [RUN]
[2025-12-15T23:30:51.672+0000] {subprocess.py:93} INFO - [0m23:30:51  3 of 29 START test not_null_core_batches_loaded_at ............................. [RUN]
[2025-12-15T23:30:51.674+0000] {subprocess.py:93} INFO - [0m23:30:51  4 of 29 START test not_null_core_batches_material_id ........................... [RUN]
[2025-12-15T23:30:52.213+0000] {subprocess.py:93} INFO - [0m23:30:52  1 of 29 PASS not_null_core_batches_batch_id .................................... [[32mPASS[0m in 0.54s]
[2025-12-15T23:30:52.218+0000] {subprocess.py:93} INFO - [0m23:30:52  5 of 29 START test not_null_core_materials_load_run_id ......................... [RUN]
[2025-12-15T23:30:52.591+0000] {subprocess.py:93} INFO - [0m23:30:52  5 of 29 FAIL 500 not_null_core_materials_load_run_id ........................... [[31mFAIL 500[0m in 0.37s]
[2025-12-15T23:30:52.598+0000] {subprocess.py:93} INFO - [0m23:30:52  6 of 29 START test not_null_core_materials_loaded_at ........................... [RUN]
[2025-12-15T23:30:52.984+0000] {subprocess.py:93} INFO - [0m23:30:52  6 of 29 FAIL 500 not_null_core_materials_loaded_at ............................. [[31mFAIL 500[0m in 0.38s]
[2025-12-15T23:30:52.990+0000] {subprocess.py:93} INFO - [0m23:30:52  7 of 29 START test not_null_core_materials_material_id ......................... [RUN]
[2025-12-15T23:30:53.135+0000] {subprocess.py:93} INFO - [0m23:30:53  4 of 29 PASS not_null_core_batches_material_id ................................. [[32mPASS[0m in 1.45s]
[2025-12-15T23:30:53.141+0000] {subprocess.py:93} INFO - [0m23:30:53  8 of 29 START test not_null_fct_production_orders_batch_id ..................... [RUN]
[2025-12-15T23:30:53.197+0000] {subprocess.py:93} INFO - [0m23:30:53  3 of 29 FAIL 10000 not_null_core_batches_loaded_at ............................. [[31mFAIL 10000[0m in 1.52s]
[2025-12-15T23:30:53.202+0000] {subprocess.py:93} INFO - [0m23:30:53  9 of 29 START test not_null_fct_production_orders_load_run_id .................. [RUN]
[2025-12-15T23:30:53.243+0000] {subprocess.py:93} INFO - [0m23:30:53  2 of 29 FAIL 10000 not_null_core_batches_load_run_id ........................... [[31mFAIL 10000[0m in 1.56s]
[2025-12-15T23:30:53.254+0000] {subprocess.py:93} INFO - [0m23:30:53  10 of 29 START test not_null_fct_production_orders_loaded_at ................... [RUN]
[2025-12-15T23:30:53.523+0000] {subprocess.py:93} INFO - [0m23:30:53  7 of 29 PASS not_null_core_materials_material_id ............................... [[32mPASS[0m in 0.53s]
[2025-12-15T23:30:53.532+0000] {subprocess.py:93} INFO - [0m23:30:53  11 of 29 START test not_null_fct_production_orders_order_id .................... [RUN]
[2025-12-15T23:30:53.566+0000] {subprocess.py:93} INFO - [0m23:30:53  9 of 29 FAIL 10000 not_null_fct_production_orders_load_run_id .................. [[31mFAIL 10000[0m in 0.36s]
[2025-12-15T23:30:53.586+0000] {subprocess.py:93} INFO - [0m23:30:53  12 of 29 START test not_null_mfg_ml_features_orders_load_run_id ................ [RUN]
[2025-12-15T23:30:53.593+0000] {subprocess.py:93} INFO - [0m23:30:53  10 of 29 FAIL 10000 not_null_fct_production_orders_loaded_at ................... [[31mFAIL 10000[0m in 0.33s]
[2025-12-15T23:30:53.608+0000] {subprocess.py:93} INFO - [0m23:30:53  8 of 29 PASS not_null_fct_production_orders_batch_id ........................... [[32mPASS[0m in 0.47s]
[2025-12-15T23:30:53.633+0000] {subprocess.py:93} INFO - [0m23:30:53  13 of 29 START test not_null_mfg_ml_features_orders_order_id ................... [RUN]
[2025-12-15T23:30:53.650+0000] {subprocess.py:93} INFO - [0m23:30:53  14 of 29 START test not_null_mfg_ml_features_orders_order_run_key .............. [RUN]
[2025-12-15T23:30:53.909+0000] {subprocess.py:93} INFO - [0m23:30:53  11 of 29 PASS not_null_fct_production_orders_order_id .......................... [[32mPASS[0m in 0.37s]
[2025-12-15T23:30:53.915+0000] {subprocess.py:93} INFO - [0m23:30:53  15 of 29 START test not_null_mfg_plant_daily_kpis_calendar_date ................ [RUN]
[2025-12-15T23:30:54.028+0000] {subprocess.py:93} INFO - [0m23:30:54  14 of 29 ERROR not_null_mfg_ml_features_orders_order_run_key ................... [[31mERROR[0m in 0.37s]
[2025-12-15T23:30:54.034+0000] {subprocess.py:93} INFO - [0m23:30:54  13 of 29 PASS not_null_mfg_ml_features_orders_order_id ......................... [[32mPASS[0m in 0.39s]
[2025-12-15T23:30:54.049+0000] {subprocess.py:93} INFO - [0m23:30:54  12 of 29 ERROR not_null_mfg_ml_features_orders_load_run_id ..................... [[31mERROR[0m in 0.45s]
[2025-12-15T23:30:54.053+0000] {subprocess.py:93} INFO - [0m23:30:54  16 of 29 START test not_null_mfg_plant_daily_kpis_load_run_id .................. [RUN]
[2025-12-15T23:30:54.060+0000] {subprocess.py:93} INFO - [0m23:30:54  17 of 29 START test not_null_mfg_plant_daily_kpis_manufacturing_site ........... [RUN]
[2025-12-15T23:30:54.071+0000] {subprocess.py:93} INFO - [0m23:30:54  18 of 29 START test not_null_stg_batches_batch_id .............................. [RUN]
[2025-12-15T23:30:54.244+0000] {subprocess.py:93} INFO - [0m23:30:54  15 of 29 PASS not_null_mfg_plant_daily_kpis_calendar_date ...................... [[32mPASS[0m in 0.33s]
[2025-12-15T23:30:54.250+0000] {subprocess.py:93} INFO - [0m23:30:54  19 of 29 START test not_null_stg_materials_material_id ......................... [RUN]
[2025-12-15T23:30:54.434+0000] {subprocess.py:93} INFO - [0m23:30:54  16 of 29 FAIL 3979 not_null_mfg_plant_daily_kpis_load_run_id ................... [[31mFAIL 3979[0m in 0.37s]
[2025-12-15T23:30:54.442+0000] {subprocess.py:93} INFO - [0m23:30:54  20 of 29 START test not_null_stg_production_orders_order_id .................... [RUN]
[2025-12-15T23:30:54.544+0000] {subprocess.py:93} INFO - [0m23:30:54  18 of 29 PASS not_null_stg_batches_batch_id .................................... [[32mPASS[0m in 0.46s]
[2025-12-15T23:30:54.550+0000] {subprocess.py:93} INFO - [0m23:30:54  21 of 29 START test relationships_core_batches_material_id__material_id__ref_core_materials_  [RUN]
[2025-12-15T23:30:54.592+0000] {subprocess.py:93} INFO - [0m23:30:54  17 of 29 PASS not_null_mfg_plant_daily_kpis_manufacturing_site ................. [[32mPASS[0m in 0.52s]
[2025-12-15T23:30:54.603+0000] {subprocess.py:93} INFO - [0m23:30:54  19 of 29 PASS not_null_stg_materials_material_id ............................... [[32mPASS[0m in 0.35s]
[2025-12-15T23:30:54.606+0000] {subprocess.py:93} INFO - [0m23:30:54  22 of 29 START test relationships_fct_production_orders_batch_id__batch_id__ref_core_batches_  [RUN]
[2025-12-15T23:30:54.621+0000] {subprocess.py:93} INFO - [0m23:30:54  23 of 29 START test unique_core_batches___grain_check__ ........................ [RUN]
[2025-12-15T23:30:54.803+0000] {subprocess.py:93} INFO - [0m23:30:54  20 of 29 PASS not_null_stg_production_orders_order_id .......................... [[32mPASS[0m in 0.36s]
[2025-12-15T23:30:54.810+0000] {subprocess.py:93} INFO - [0m23:30:54  24 of 29 START test unique_core_materials___grain_check__ ...................... [RUN]
[2025-12-15T23:30:54.881+0000] {subprocess.py:93} INFO - [0m23:30:54  21 of 29 PASS relationships_core_batches_material_id__material_id__ref_core_materials_  [[32mPASS[0m in 0.33s]
[2025-12-15T23:30:54.886+0000] {subprocess.py:93} INFO - [0m23:30:54  25 of 29 START test unique_fct_production_orders___grain_check__ ............... [RUN]
[2025-12-15T23:30:54.973+0000] {subprocess.py:93} INFO - [0m23:30:54  23 of 29 ERROR unique_core_batches___grain_check__ ............................. [[31mERROR[0m in 0.34s]
[2025-12-15T23:30:54.978+0000] {subprocess.py:93} INFO - [0m23:30:54  22 of 29 PASS relationships_fct_production_orders_batch_id__batch_id__ref_core_batches_  [[32mPASS[0m in 0.37s]
[2025-12-15T23:30:54.989+0000] {subprocess.py:93} INFO - [0m23:30:54  26 of 29 START test unique_mfg_ml_features_orders_order_run_key ................ [RUN]
[2025-12-15T23:30:54.992+0000] {subprocess.py:93} INFO - [0m23:30:54  27 of 29 START test unique_stg_batches_batch_id ................................ [RUN]
[2025-12-15T23:30:55.149+0000] {subprocess.py:93} INFO - [0m23:30:55  24 of 29 ERROR unique_core_materials___grain_check__ ........................... [[31mERROR[0m in 0.34s]
[2025-12-15T23:30:55.155+0000] {subprocess.py:93} INFO - [0m23:30:55  28 of 29 START test unique_stg_materials_material_id ........................... [RUN]
[2025-12-15T23:30:55.249+0000] {subprocess.py:93} INFO - [0m23:30:55  25 of 29 ERROR unique_fct_production_orders___grain_check__ .................... [[31mERROR[0m in 0.36s]
[2025-12-15T23:30:55.255+0000] {subprocess.py:93} INFO - [0m23:30:55  29 of 29 START test unique_stg_production_orders_order_id ...................... [RUN]
[2025-12-15T23:30:55.323+0000] {subprocess.py:93} INFO - [0m23:30:55  26 of 29 ERROR unique_mfg_ml_features_orders_order_run_key ..................... [[31mERROR[0m in 0.33s]
[2025-12-15T23:30:55.353+0000] {subprocess.py:93} INFO - [0m23:30:55  27 of 29 FAIL 10000 unique_stg_batches_batch_id ................................ [[31mFAIL 10000[0m in 0.36s]
[2025-12-15T23:30:55.552+0000] {subprocess.py:93} INFO - [0m23:30:55  28 of 29 FAIL 500 unique_stg_materials_material_id ............................. [[31mFAIL 500[0m in 0.39s]
[2025-12-15T23:30:55.626+0000] {subprocess.py:93} INFO - [0m23:30:55  29 of 29 FAIL 10000 unique_stg_production_orders_order_id ...................... [[31mFAIL 10000[0m in 0.37s]
[2025-12-15T23:30:57.498+0000] {subprocess.py:93} INFO - [0m23:30:57
[2025-12-15T23:30:57.525+0000] {subprocess.py:93} INFO - [0m23:30:57  Finished running 29 data tests in 0 hours 0 minutes and 8.46 seconds (8.46s).
[2025-12-15T23:30:57.835+0000] {subprocess.py:93} INFO - [0m23:30:57
[2025-12-15T23:30:57.836+0000] {subprocess.py:93} INFO - [0m23:30:57  [31mCompleted with 16 errors, 0 partial successes, and 0 warnings:[0m
[2025-12-15T23:30:57.838+0000] {subprocess.py:93} INFO - [0m23:30:57
[2025-12-15T23:30:57.840+0000] {subprocess.py:93} INFO - [0m23:30:57  [31mFailure in test not_null_core_materials_load_run_id (models/core/core_schema.yml)[0m
[2025-12-15T23:30:57.841+0000] {subprocess.py:93} INFO - [0m23:30:57    Got 500 results, configured to fail if != 0
[2025-12-15T23:30:57.843+0000] {subprocess.py:93} INFO - [0m23:30:57
[2025-12-15T23:30:57.844+0000] {subprocess.py:93} INFO - [0m23:30:57    compiled code at target/compiled/mfg_accelerator/models/core/core_schema.yml/not_null_core_materials_load_run_id.sql
[2025-12-15T23:30:57.846+0000] {subprocess.py:93} INFO - [0m23:30:57
[2025-12-15T23:30:57.848+0000] {subprocess.py:93} INFO - [0m23:30:57  [31mFailure in test not_null_core_materials_loaded_at (models/core/core_schema.yml)[0m
[2025-12-15T23:30:57.850+0000] {subprocess.py:93} INFO - [0m23:30:57    Got 500 results, configured to fail if != 0
[2025-12-15T23:30:57.852+0000] {subprocess.py:93} INFO - [0m23:30:57
[2025-12-15T23:30:57.853+0000] {subprocess.py:93} INFO - [0m23:30:57    compiled code at target/compiled/mfg_accelerator/models/core/core_schema.yml/not_null_core_materials_loaded_at.sql
[2025-12-15T23:30:57.855+0000] {subprocess.py:93} INFO - [0m23:30:57
[2025-12-15T23:30:57.857+0000] {subprocess.py:93} INFO - [0m23:30:57  [31mFailure in test not_null_core_batches_loaded_at (models/core/core_schema.yml)[0m
[2025-12-15T23:30:57.858+0000] {subprocess.py:93} INFO - [0m23:30:57    Got 10000 results, configured to fail if != 0
[2025-12-15T23:30:57.860+0000] {subprocess.py:93} INFO - [0m23:30:57
[2025-12-15T23:30:57.862+0000] {subprocess.py:93} INFO - [0m23:30:57    compiled code at target/compiled/mfg_accelerator/models/core/core_schema.yml/not_null_core_batches_loaded_at.sql
[2025-12-15T23:30:57.864+0000] {subprocess.py:93} INFO - [0m23:30:57
[2025-12-15T23:30:57.865+0000] {subprocess.py:93} INFO - [0m23:30:57  [31mFailure in test not_null_core_batches_load_run_id (models/core/core_schema.yml)[0m
[2025-12-15T23:30:57.867+0000] {subprocess.py:93} INFO - [0m23:30:57    Got 10000 results, configured to fail if != 0
[2025-12-15T23:30:57.869+0000] {subprocess.py:93} INFO - [0m23:30:57
[2025-12-15T23:30:57.870+0000] {subprocess.py:93} INFO - [0m23:30:57    compiled code at target/compiled/mfg_accelerator/models/core/core_schema.yml/not_null_core_batches_load_run_id.sql
[2025-12-15T23:30:57.872+0000] {subprocess.py:93} INFO - [0m23:30:57
[2025-12-15T23:30:57.874+0000] {subprocess.py:93} INFO - [0m23:30:57  [31mFailure in test not_null_fct_production_orders_load_run_id (models/core/core_schema.yml)[0m
[2025-12-15T23:30:57.875+0000] {subprocess.py:93} INFO - [0m23:30:57    Got 10000 results, configured to fail if != 0
[2025-12-15T23:30:57.877+0000] {subprocess.py:93} INFO - [0m23:30:57
[2025-12-15T23:30:57.879+0000] {subprocess.py:93} INFO - [0m23:30:57    compiled code at target/compiled/mfg_accelerator/models/core/core_schema.yml/not_null_fct_production_orders_load_run_id.sql
[2025-12-15T23:30:57.880+0000] {subprocess.py:93} INFO - [0m23:30:57
[2025-12-15T23:30:57.882+0000] {subprocess.py:93} INFO - [0m23:30:57  [31mFailure in test not_null_fct_production_orders_loaded_at (models/core/core_schema.yml)[0m
[2025-12-15T23:30:57.883+0000] {subprocess.py:93} INFO - [0m23:30:57    Got 10000 results, configured to fail if != 0
[2025-12-15T23:30:57.885+0000] {subprocess.py:93} INFO - [0m23:30:57
[2025-12-15T23:30:57.887+0000] {subprocess.py:93} INFO - [0m23:30:57    compiled code at target/compiled/mfg_accelerator/models/core/core_schema.yml/not_null_fct_production_orders_loaded_at.sql
[2025-12-15T23:30:57.888+0000] {subprocess.py:93} INFO - [0m23:30:57
[2025-12-15T23:30:57.890+0000] {subprocess.py:93} INFO - [0m23:30:57  [31mFailure in test not_null_mfg_ml_features_orders_order_run_key (models/marts/marts_schema.yml)[0m
[2025-12-15T23:30:57.892+0000] {subprocess.py:93} INFO - [0m23:30:57    Database Error in test not_null_mfg_ml_features_orders_order_run_key (models/marts/marts_schema.yml)
[2025-12-15T23:30:57.892+0000] {subprocess.py:93} INFO -   000904 (42000): SQL compilation error: error line 14 at position 7
[2025-12-15T23:30:57.893+0000] {subprocess.py:93} INFO -   invalid identifier 'ORDER_RUN_KEY'
[2025-12-15T23:30:57.894+0000] {subprocess.py:93} INFO -   compiled code at target/run/mfg_accelerator/models/marts/marts_schema.yml/not_null_mfg_ml_features_orders_order_run_key.sql
[2025-12-15T23:30:57.894+0000] {subprocess.py:93} INFO - [0m23:30:57
[2025-12-15T23:30:57.895+0000] {subprocess.py:93} INFO - [0m23:30:57    compiled code at target/compiled/mfg_accelerator/models/marts/marts_schema.yml/not_null_mfg_ml_features_orders_order_run_key.sql
[2025-12-15T23:30:57.897+0000] {subprocess.py:93} INFO - [0m23:30:57
[2025-12-15T23:30:57.899+0000] {subprocess.py:93} INFO - [0m23:30:57  [31mFailure in test not_null_mfg_ml_features_orders_load_run_id (models/marts/marts_schema.yml)[0m
[2025-12-15T23:30:57.901+0000] {subprocess.py:93} INFO - [0m23:30:57    Database Error in test not_null_mfg_ml_features_orders_load_run_id (models/marts/marts_schema.yml)
[2025-12-15T23:30:57.902+0000] {subprocess.py:93} INFO -   000904 (42000): SQL compilation error: error line 14 at position 7
[2025-12-15T23:30:57.902+0000] {subprocess.py:93} INFO -   invalid identifier 'LOAD_RUN_ID'
[2025-12-15T23:30:57.903+0000] {subprocess.py:93} INFO -   compiled code at target/run/mfg_accelerator/models/marts/marts_schema.yml/not_null_mfg_ml_features_orders_load_run_id.sql
[2025-12-15T23:30:57.904+0000] {subprocess.py:93} INFO - [0m23:30:57
[2025-12-15T23:30:57.904+0000] {subprocess.py:93} INFO - [0m23:30:57    compiled code at target/compiled/mfg_accelerator/models/marts/marts_schema.yml/not_null_mfg_ml_features_orders_load_run_id.sql
[2025-12-15T23:30:57.906+0000] {subprocess.py:93} INFO - [0m23:30:57
[2025-12-15T23:30:57.908+0000] {subprocess.py:93} INFO - [0m23:30:57  [31mFailure in test not_null_mfg_plant_daily_kpis_load_run_id (models/marts/marts_schema.yml)[0m
[2025-12-15T23:30:57.909+0000] {subprocess.py:93} INFO - [0m23:30:57    Got 3979 results, configured to fail if != 0
[2025-12-15T23:30:57.911+0000] {subprocess.py:93} INFO - [0m23:30:57
[2025-12-15T23:30:57.913+0000] {subprocess.py:93} INFO - [0m23:30:57    compiled code at target/compiled/mfg_accelerator/models/marts/marts_schema.yml/not_null_mfg_plant_daily_kpis_load_run_id.sql
[2025-12-15T23:30:57.915+0000] {subprocess.py:93} INFO - [0m23:30:57
[2025-12-15T23:30:57.916+0000] {subprocess.py:93} INFO - [0m23:30:57  [31mFailure in test unique_core_batches___grain_check__ (models/core/core_schema.yml)[0m
[2025-12-15T23:30:57.918+0000] {subprocess.py:93} INFO - [0m23:30:57    Database Error in test unique_core_batches___grain_check__ (models/core/core_schema.yml)
[2025-12-15T23:30:57.919+0000] {subprocess.py:93} INFO -   000904 (42000): SQL compilation error: error line 13 at position 4
[2025-12-15T23:30:57.919+0000] {subprocess.py:93} INFO -   invalid identifier '__GRAIN_CHECK__'
[2025-12-15T23:30:57.920+0000] {subprocess.py:93} INFO -   compiled code at target/run/mfg_accelerator/models/core/core_schema.yml/unique_core_batches___grain_check__.sql
[2025-12-15T23:30:57.921+0000] {subprocess.py:93} INFO - [0m23:30:57
[2025-12-15T23:30:57.922+0000] {subprocess.py:93} INFO - [0m23:30:57    compiled code at target/compiled/mfg_accelerator/models/core/core_schema.yml/unique_core_batches___grain_check__.sql
[2025-12-15T23:30:57.923+0000] {subprocess.py:93} INFO - [0m23:30:57
[2025-12-15T23:30:57.925+0000] {subprocess.py:93} INFO - [0m23:30:57  [31mFailure in test unique_core_materials___grain_check__ (models/core/core_schema.yml)[0m
[2025-12-15T23:30:57.927+0000] {subprocess.py:93} INFO - [0m23:30:57    Database Error in test unique_core_materials___grain_check__ (models/core/core_schema.yml)
[2025-12-15T23:30:57.927+0000] {subprocess.py:93} INFO -   000904 (42000): SQL compilation error: error line 13 at position 4
[2025-12-15T23:30:57.928+0000] {subprocess.py:93} INFO -   invalid identifier '__GRAIN_CHECK__'
[2025-12-15T23:30:57.929+0000] {subprocess.py:93} INFO -   compiled code at target/run/mfg_accelerator/models/core/core_schema.yml/unique_core_materials___grain_check__.sql
[2025-12-15T23:30:57.929+0000] {subprocess.py:93} INFO - [0m23:30:57
[2025-12-15T23:30:57.930+0000] {subprocess.py:93} INFO - [0m23:30:57    compiled code at target/compiled/mfg_accelerator/models/core/core_schema.yml/unique_core_materials___grain_check__.sql
[2025-12-15T23:30:57.932+0000] {subprocess.py:93} INFO - [0m23:30:57
[2025-12-15T23:30:57.934+0000] {subprocess.py:93} INFO - [0m23:30:57  [31mFailure in test unique_fct_production_orders___grain_check__ (models/core/core_schema.yml)[0m
[2025-12-15T23:30:57.935+0000] {subprocess.py:93} INFO - [0m23:30:57    Database Error in test unique_fct_production_orders___grain_check__ (models/core/core_schema.yml)
[2025-12-15T23:30:57.936+0000] {subprocess.py:93} INFO -   000904 (42000): SQL compilation error: error line 13 at position 4
[2025-12-15T23:30:57.937+0000] {subprocess.py:93} INFO -   invalid identifier '__GRAIN_CHECK__'
[2025-12-15T23:30:57.937+0000] {subprocess.py:93} INFO -   compiled code at target/run/mfg_accelerator/models/core/core_schema.yml/unique_fct_production_orders___grain_check__.sql
[2025-12-15T23:30:57.938+0000] {subprocess.py:93} INFO - [0m23:30:57
[2025-12-15T23:30:57.938+0000] {subprocess.py:93} INFO - [0m23:30:57    compiled code at target/compiled/mfg_accelerator/models/core/core_schema.yml/unique_fct_production_orders___grain_check__.sql
[2025-12-15T23:30:57.940+0000] {subprocess.py:93} INFO - [0m23:30:57
[2025-12-15T23:30:57.942+0000] {subprocess.py:93} INFO - [0m23:30:57  [31mFailure in test unique_mfg_ml_features_orders_order_run_key (models/marts/marts_schema.yml)[0m
[2025-12-15T23:30:57.943+0000] {subprocess.py:93} INFO - [0m23:30:57    Database Error in test unique_mfg_ml_features_orders_order_run_key (models/marts/marts_schema.yml)
[2025-12-15T23:30:57.944+0000] {subprocess.py:93} INFO -   000904 (42000): SQL compilation error: error line 13 at position 4
[2025-12-15T23:30:57.945+0000] {subprocess.py:93} INFO -   invalid identifier 'ORDER_RUN_KEY'
[2025-12-15T23:30:57.945+0000] {subprocess.py:93} INFO -   compiled code at target/run/mfg_accelerator/models/marts/marts_schema.yml/unique_mfg_ml_features_orders_order_run_key.sql
[2025-12-15T23:30:57.946+0000] {subprocess.py:93} INFO - [0m23:30:57
[2025-12-15T23:30:57.947+0000] {subprocess.py:93} INFO - [0m23:30:57    compiled code at target/compiled/mfg_accelerator/models/marts/marts_schema.yml/unique_mfg_ml_features_orders_order_run_key.sql
[2025-12-15T23:30:57.949+0000] {subprocess.py:93} INFO - [0m23:30:57
[2025-12-15T23:30:57.950+0000] {subprocess.py:93} INFO - [0m23:30:57  [31mFailure in test unique_stg_batches_batch_id (models/staging/staging_schema.yml)[0m
[2025-12-15T23:30:57.952+0000] {subprocess.py:93} INFO - [0m23:30:57    Got 10000 results, configured to fail if != 0
[2025-12-15T23:30:57.954+0000] {subprocess.py:93} INFO - [0m23:30:57
[2025-12-15T23:30:57.955+0000] {subprocess.py:93} INFO - [0m23:30:57    compiled code at target/compiled/mfg_accelerator/models/staging/staging_schema.yml/unique_stg_batches_batch_id.sql
[2025-12-15T23:30:57.957+0000] {subprocess.py:93} INFO - [0m23:30:57
[2025-12-15T23:30:57.958+0000] {subprocess.py:93} INFO - [0m23:30:57  [31mFailure in test unique_stg_materials_material_id (models/staging/staging_schema.yml)[0m
[2025-12-15T23:30:57.960+0000] {subprocess.py:93} INFO - [0m23:30:57    Got 500 results, configured to fail if != 0
[2025-12-15T23:30:57.962+0000] {subprocess.py:93} INFO - [0m23:30:57
[2025-12-15T23:30:57.963+0000] {subprocess.py:93} INFO - [0m23:30:57    compiled code at target/compiled/mfg_accelerator/models/staging/staging_schema.yml/unique_stg_materials_material_id.sql
[2025-12-15T23:30:57.965+0000] {subprocess.py:93} INFO - [0m23:30:57
[2025-12-15T23:30:57.967+0000] {subprocess.py:93} INFO - [0m23:30:57  [31mFailure in test unique_stg_production_orders_order_id (models/staging/staging_schema.yml)[0m
[2025-12-15T23:30:57.968+0000] {subprocess.py:93} INFO - [0m23:30:57    Got 10000 results, configured to fail if != 0
[2025-12-15T23:30:57.970+0000] {subprocess.py:93} INFO - [0m23:30:57
[2025-12-15T23:30:57.972+0000] {subprocess.py:93} INFO - [0m23:30:57    compiled code at target/compiled/mfg_accelerator/models/staging/staging_schema.yml/unique_stg_production_orders_order_id.sql
[2025-12-15T23:30:57.973+0000] {subprocess.py:93} INFO - [0m23:30:57
[2025-12-15T23:30:57.975+0000] {subprocess.py:93} INFO - [0m23:30:57  Done. PASS=13 WARN=0 ERROR=16 SKIP=0 NO-OP=0 TOTAL=29
[2025-12-15T23:30:59.119+0000] {subprocess.py:97} INFO - Command exited with return code 1
[2025-12-15T23:30:59.121+0000] {taskinstance.py:441} INFO - ::group::Post task execution logs
[2025-12-15T23:30:59.134+0000] {taskinstance.py:2890} ERROR - Task failed with exception
Traceback (most recent call last):
  File "/home/airflow/.local/lib/python3.12/site-packages/airflow/models/taskinstance.py", line 460, in _execute_task
    result = _execute_callable(context=context, **execute_callable_kwargs)
             ^^^^^^^^^^^^^^^^^^^^^^^^^^^^^^^^^^^^^^^^^^^^^^^^^^^^^^^^^^^^^
  File "/home/airflow/.local/lib/python3.12/site-packages/airflow/models/taskinstance.py", line 432, in _execute_callable
    return execute_callable(context=context, **execute_callable_kwargs)
           ^^^^^^^^^^^^^^^^^^^^^^^^^^^^^^^^^^^^^^^^^^^^^^^^^^^^^^^^^^^^
  File "/home/airflow/.local/lib/python3.12/site-packages/airflow/models/baseoperator.py", line 400, in wrapper
    return func(self, *args, **kwargs)
           ^^^^^^^^^^^^^^^^^^^^^^^^^^^
  File "/home/airflow/.local/lib/python3.12/site-packages/airflow/operators/bash.py", line 243, in execute
    raise AirflowException(
airflow.exceptions.AirflowException: Bash command failed. The command returned a non-zero exit code 1.
[2025-12-15T23:30:59.141+0000] {taskinstance.py:1205} INFO - Marking task as UP_FOR_RETRY. dag_id=mfg_raw_ingestion_dag, task_id=dbt_test_all, execution_date=20251215T231328, start_date=20251215T233043, end_date=20251215T233059
[2025-12-15T23:30:59.160+0000] {standard_task_runner.py:110} ERROR - Failed to execute job 10 for task dbt_test_all (Bash command failed. The command returned a non-zero exit code 1.; 1438)
[2025-12-15T23:30:59.190+0000] {local_task_job_runner.py:240} INFO - Task exited with return code 1
[2025-12-15T23:30:59.211+0000] {taskinstance.py:3482} INFO - 0 downstream tasks scheduled from follow-on schedule check
[2025-12-15T23:30:59.216+0000] {local_task_job_runner.py:222} INFO - ::endgroup::
