[2025-12-15T23:35:59.448+0000] {local_task_job_runner.py:120} INFO - ::group::Pre task execution logs
[2025-12-15T23:35:59.489+0000] {taskinstance.py:2073} INFO - Dependencies all met for dep_context=non-requeueable deps ti=<TaskInstance: mfg_raw_ingestion_dag.dbt_test_all manual__2025-12-15T23:13:28.424641+00:00 [queued]>
[2025-12-15T23:35:59.500+0000] {taskinstance.py:2073} INFO - Dependencies all met for dep_context=requeueable deps ti=<TaskInstance: mfg_raw_ingestion_dag.dbt_test_all manual__2025-12-15T23:13:28.424641+00:00 [queued]>
[2025-12-15T23:35:59.501+0000] {taskinstance.py:2303} INFO - Starting attempt 3 of 3
[2025-12-15T23:35:59.520+0000] {taskinstance.py:2327} INFO - Executing <Task(BashOperator): dbt_test_all> on 2025-12-15 23:13:28.424641+00:00
[2025-12-15T23:35:59.534+0000] {logging_mixin.py:188} WARNING - /home/***/.local/lib/python3.12/site-packages/***/task/task_runner/standard_task_runner.py:61 DeprecationWarning: This process (pid=1694) is multi-threaded, use of fork() may lead to deadlocks in the child.
[2025-12-15T23:35:59.530+0000] {standard_task_runner.py:90} INFO - Running: ['***', 'tasks', 'run', 'mfg_raw_ingestion_dag', 'dbt_test_all', 'manual__2025-12-15T23:13:28.424641+00:00', '--job-id', '11', '--raw', '--subdir', 'DAGS_FOLDER/mfg_raw_ingestion_dag.py', '--cfg-path', '/tmp/tmppm87goam']
[2025-12-15T23:35:59.536+0000] {standard_task_runner.py:63} INFO - Started process 1695 to run task
[2025-12-15T23:35:59.536+0000] {standard_task_runner.py:91} INFO - Job 11: Subtask dbt_test_all
[2025-12-15T23:35:59.607+0000] {task_command.py:426} INFO - Running <TaskInstance: mfg_raw_ingestion_dag.dbt_test_all manual__2025-12-15T23:13:28.424641+00:00 [running]> on host 7f6a70788018
[2025-12-15T23:35:59.710+0000] {taskinstance.py:2644} INFO - Exporting env vars: AIRFLOW_CTX_DAG_OWNER='data-engineering' AIRFLOW_CTX_DAG_ID='mfg_raw_ingestion_dag' AIRFLOW_CTX_TASK_ID='dbt_test_all' AIRFLOW_CTX_EXECUTION_DATE='2025-12-15T23:13:28.424641+00:00' AIRFLOW_CTX_TRY_NUMBER='3' AIRFLOW_CTX_DAG_RUN_ID='manual__2025-12-15T23:13:28.424641+00:00'
[2025-12-15T23:35:59.712+0000] {taskinstance.py:430} INFO - ::endgroup::
[2025-12-15T23:35:59.736+0000] {subprocess.py:63} INFO - Tmp dir root location: /tmp
[2025-12-15T23:35:59.738+0000] {subprocess.py:75} INFO - Running command: ['/usr/bin/bash', '-c', 'set -euo pipefail; cd /opt/***/dbt_project && dbt test --profiles-dir /opt/***/dbt_profiles']
[2025-12-15T23:35:59.750+0000] {subprocess.py:86} INFO - Output:
[2025-12-15T23:36:03.401+0000] {subprocess.py:93} INFO - [0m23:36:03  Running with dbt=1.10.15
[2025-12-15T23:36:05.078+0000] {subprocess.py:93} INFO - [0m23:36:05  Registered adapter: snowflake=1.10.4
[2025-12-15T23:36:06.201+0000] {subprocess.py:93} INFO - [0m23:36:06  Found 8 models, 29 data tests, 3 sources, 504 macros
[2025-12-15T23:36:06.216+0000] {subprocess.py:93} INFO - [0m23:36:06
[2025-12-15T23:36:06.218+0000] {subprocess.py:93} INFO - [0m23:36:06  Concurrency: 4 threads (target='dev')
[2025-12-15T23:36:06.221+0000] {subprocess.py:93} INFO - [0m23:36:06
[2025-12-15T23:36:08.669+0000] {subprocess.py:93} INFO - [0m23:36:08  1 of 29 START test not_null_core_batches_batch_id .............................. [RUN]
[2025-12-15T23:36:08.671+0000] {subprocess.py:93} INFO - [0m23:36:08  2 of 29 START test not_null_core_batches_load_run_id ........................... [RUN]
[2025-12-15T23:36:08.674+0000] {subprocess.py:93} INFO - [0m23:36:08  3 of 29 START test not_null_core_batches_loaded_at ............................. [RUN]
[2025-12-15T23:36:08.676+0000] {subprocess.py:93} INFO - [0m23:36:08  4 of 29 START test not_null_core_batches_material_id ........................... [RUN]
[2025-12-15T23:36:09.185+0000] {subprocess.py:93} INFO - [0m23:36:09  1 of 29 PASS not_null_core_batches_batch_id .................................... [[32mPASS[0m in 0.51s]
[2025-12-15T23:36:09.192+0000] {subprocess.py:93} INFO - [0m23:36:09  5 of 29 START test not_null_core_materials_load_run_id ......................... [RUN]
[2025-12-15T23:36:09.540+0000] {subprocess.py:93} INFO - [0m23:36:09  5 of 29 FAIL 500 not_null_core_materials_load_run_id ........................... [[31mFAIL 500[0m in 0.35s]
[2025-12-15T23:36:09.546+0000] {subprocess.py:93} INFO - [0m23:36:09  6 of 29 START test not_null_core_materials_loaded_at ........................... [RUN]
[2025-12-15T23:36:09.855+0000] {subprocess.py:93} INFO - [0m23:36:09  6 of 29 FAIL 500 not_null_core_materials_loaded_at ............................. [[31mFAIL 500[0m in 0.31s]
[2025-12-15T23:36:09.861+0000] {subprocess.py:93} INFO - [0m23:36:09  7 of 29 START test not_null_core_materials_material_id ......................... [RUN]
[2025-12-15T23:36:10.151+0000] {subprocess.py:93} INFO - [0m23:36:10  4 of 29 PASS not_null_core_batches_material_id ................................. [[32mPASS[0m in 1.47s]
[2025-12-15T23:36:10.157+0000] {subprocess.py:93} INFO - [0m23:36:10  2 of 29 FAIL 10000 not_null_core_batches_load_run_id ........................... [[31mFAIL 10000[0m in 1.48s]
[2025-12-15T23:36:10.179+0000] {subprocess.py:93} INFO - [0m23:36:10  3 of 29 FAIL 10000 not_null_core_batches_loaded_at ............................. [[31mFAIL 10000[0m in 1.50s]
[2025-12-15T23:36:10.188+0000] {subprocess.py:93} INFO - [0m23:36:10  7 of 29 PASS not_null_core_materials_material_id ............................... [[32mPASS[0m in 0.32s]
[2025-12-15T23:36:10.190+0000] {subprocess.py:93} INFO - [0m23:36:10  8 of 29 START test not_null_fct_production_orders_batch_id ..................... [RUN]
[2025-12-15T23:36:10.195+0000] {subprocess.py:93} INFO - [0m23:36:10  9 of 29 START test not_null_fct_production_orders_load_run_id .................. [RUN]
[2025-12-15T23:36:10.208+0000] {subprocess.py:93} INFO - [0m23:36:10  10 of 29 START test not_null_fct_production_orders_loaded_at ................... [RUN]
[2025-12-15T23:36:10.211+0000] {subprocess.py:93} INFO - [0m23:36:10  11 of 29 START test not_null_fct_production_orders_order_id .................... [RUN]
[2025-12-15T23:36:10.570+0000] {subprocess.py:93} INFO - [0m23:36:10  8 of 29 PASS not_null_fct_production_orders_batch_id ........................... [[32mPASS[0m in 0.37s]
[2025-12-15T23:36:10.578+0000] {subprocess.py:93} INFO - [0m23:36:10  9 of 29 FAIL 10000 not_null_fct_production_orders_load_run_id .................. [[31mFAIL 10000[0m in 0.38s]
[2025-12-15T23:36:10.585+0000] {subprocess.py:93} INFO - [0m23:36:10  11 of 29 PASS not_null_fct_production_orders_order_id .......................... [[32mPASS[0m in 0.35s]
[2025-12-15T23:36:10.596+0000] {subprocess.py:93} INFO - [0m23:36:10  10 of 29 FAIL 10000 not_null_fct_production_orders_loaded_at ................... [[31mFAIL 10000[0m in 0.37s]
[2025-12-15T23:36:10.614+0000] {subprocess.py:93} INFO - [0m23:36:10  12 of 29 START test not_null_mfg_ml_features_orders_load_run_id ................ [RUN]
[2025-12-15T23:36:10.618+0000] {subprocess.py:93} INFO - [0m23:36:10  13 of 29 START test not_null_mfg_ml_features_orders_order_id ................... [RUN]
[2025-12-15T23:36:10.620+0000] {subprocess.py:93} INFO - [0m23:36:10  14 of 29 START test not_null_mfg_ml_features_orders_order_run_key .............. [RUN]
[2025-12-15T23:36:10.625+0000] {subprocess.py:93} INFO - [0m23:36:10  15 of 29 START test not_null_mfg_plant_daily_kpis_calendar_date ................ [RUN]
[2025-12-15T23:36:11.024+0000] {subprocess.py:93} INFO - [0m23:36:11  13 of 29 PASS not_null_mfg_ml_features_orders_order_id ......................... [[32mPASS[0m in 0.40s]
[2025-12-15T23:36:11.034+0000] {subprocess.py:93} INFO - [0m23:36:11  15 of 29 PASS not_null_mfg_plant_daily_kpis_calendar_date ...................... [[32mPASS[0m in 0.40s]
[2025-12-15T23:36:11.051+0000] {subprocess.py:93} INFO - [0m23:36:11  14 of 29 ERROR not_null_mfg_ml_features_orders_order_run_key ................... [[31mERROR[0m in 0.42s]
[2025-12-15T23:36:11.053+0000] {subprocess.py:93} INFO - [0m23:36:11  16 of 29 START test not_null_mfg_plant_daily_kpis_load_run_id .................. [RUN]
[2025-12-15T23:36:11.067+0000] {subprocess.py:93} INFO - [0m23:36:11  17 of 29 START test not_null_mfg_plant_daily_kpis_manufacturing_site ........... [RUN]
[2025-12-15T23:36:11.069+0000] {subprocess.py:93} INFO - [0m23:36:11  12 of 29 ERROR not_null_mfg_ml_features_orders_load_run_id ..................... [[31mERROR[0m in 0.45s]
[2025-12-15T23:36:11.080+0000] {subprocess.py:93} INFO - [0m23:36:11  18 of 29 START test not_null_stg_batches_batch_id .............................. [RUN]
[2025-12-15T23:36:11.105+0000] {subprocess.py:93} INFO - [0m23:36:11  19 of 29 START test not_null_stg_materials_material_id ......................... [RUN]
[2025-12-15T23:36:11.402+0000] {subprocess.py:93} INFO - [0m23:36:11  16 of 29 FAIL 3979 not_null_mfg_plant_daily_kpis_load_run_id ................... [[31mFAIL 3979[0m in 0.34s]
[2025-12-15T23:36:11.408+0000] {subprocess.py:93} INFO - [0m23:36:11  20 of 29 START test not_null_stg_production_orders_order_id .................... [RUN]
[2025-12-15T23:36:11.468+0000] {subprocess.py:93} INFO - [0m23:36:11  17 of 29 PASS not_null_mfg_plant_daily_kpis_manufacturing_site ................. [[32mPASS[0m in 0.39s]
[2025-12-15T23:36:11.472+0000] {subprocess.py:93} INFO - [0m23:36:11  18 of 29 PASS not_null_stg_batches_batch_id .................................... [[32mPASS[0m in 0.38s]
[2025-12-15T23:36:11.478+0000] {subprocess.py:93} INFO - [0m23:36:11  19 of 29 PASS not_null_stg_materials_material_id ............................... [[32mPASS[0m in 0.37s]
[2025-12-15T23:36:11.489+0000] {subprocess.py:93} INFO - [0m23:36:11  21 of 29 START test relationships_core_batches_material_id__material_id__ref_core_materials_  [RUN]
[2025-12-15T23:36:11.493+0000] {subprocess.py:93} INFO - [0m23:36:11  22 of 29 START test relationships_fct_production_orders_batch_id__batch_id__ref_core_batches_  [RUN]
[2025-12-15T23:36:11.496+0000] {subprocess.py:93} INFO - [0m23:36:11  23 of 29 START test unique_core_batches___grain_check__ ........................ [RUN]
[2025-12-15T23:36:11.745+0000] {subprocess.py:93} INFO - [0m23:36:11  20 of 29 PASS not_null_stg_production_orders_order_id .......................... [[32mPASS[0m in 0.33s]
[2025-12-15T23:36:11.750+0000] {subprocess.py:93} INFO - [0m23:36:11  24 of 29 START test unique_core_materials___grain_check__ ...................... [RUN]
[2025-12-15T23:36:11.836+0000] {subprocess.py:93} INFO - [0m23:36:11  22 of 29 PASS relationships_fct_production_orders_batch_id__batch_id__ref_core_batches_  [[32mPASS[0m in 0.34s]
[2025-12-15T23:36:11.841+0000] {subprocess.py:93} INFO - [0m23:36:11  25 of 29 START test unique_fct_production_orders___grain_check__ ............... [RUN]
[2025-12-15T23:36:11.862+0000] {subprocess.py:93} INFO - [0m23:36:11  21 of 29 PASS relationships_core_batches_material_id__material_id__ref_core_materials_  [[32mPASS[0m in 0.37s]
[2025-12-15T23:36:11.875+0000] {subprocess.py:93} INFO - [0m23:36:11  23 of 29 ERROR unique_core_batches___grain_check__ ............................. [[31mERROR[0m in 0.37s]
[2025-12-15T23:36:11.877+0000] {subprocess.py:93} INFO - [0m23:36:11  26 of 29 START test unique_mfg_ml_features_orders_order_run_key ................ [RUN]
[2025-12-15T23:36:11.894+0000] {subprocess.py:93} INFO - [0m23:36:11  27 of 29 START test unique_stg_batches_batch_id ................................ [RUN]
[2025-12-15T23:36:12.069+0000] {subprocess.py:93} INFO - [0m23:36:12  24 of 29 ERROR unique_core_materials___grain_check__ ........................... [[31mERROR[0m in 0.32s]
[2025-12-15T23:36:12.075+0000] {subprocess.py:93} INFO - [0m23:36:12  28 of 29 START test unique_stg_materials_material_id ........................... [RUN]
[2025-12-15T23:36:12.189+0000] {subprocess.py:93} INFO - [0m23:36:12  25 of 29 ERROR unique_fct_production_orders___grain_check__ .................... [[31mERROR[0m in 0.35s]
[2025-12-15T23:36:12.195+0000] {subprocess.py:93} INFO - [0m23:36:12  29 of 29 START test unique_stg_production_orders_order_id ...................... [RUN]
[2025-12-15T23:36:12.246+0000] {subprocess.py:93} INFO - [0m23:36:12  27 of 29 FAIL 10000 unique_stg_batches_batch_id ................................ [[31mFAIL 10000[0m in 0.34s]
[2025-12-15T23:36:12.264+0000] {subprocess.py:93} INFO - [0m23:36:12  26 of 29 ERROR unique_mfg_ml_features_orders_order_run_key ..................... [[31mERROR[0m in 0.38s]
[2025-12-15T23:36:12.397+0000] {subprocess.py:93} INFO - [0m23:36:12  28 of 29 FAIL 500 unique_stg_materials_material_id ............................. [[31mFAIL 500[0m in 0.32s]
[2025-12-15T23:36:12.539+0000] {subprocess.py:93} INFO - [0m23:36:12  29 of 29 FAIL 10000 unique_stg_production_orders_order_id ...................... [[31mFAIL 10000[0m in 0.34s]
[2025-12-15T23:36:14.433+0000] {subprocess.py:93} INFO - [0m23:36:14
[2025-12-15T23:36:14.435+0000] {subprocess.py:93} INFO - [0m23:36:14  Finished running 29 data tests in 0 hours 0 minutes and 8.21 seconds (8.21s).
[2025-12-15T23:36:14.530+0000] {subprocess.py:93} INFO - [0m23:36:14
[2025-12-15T23:36:14.532+0000] {subprocess.py:93} INFO - [0m23:36:14  [31mCompleted with 16 errors, 0 partial successes, and 0 warnings:[0m
[2025-12-15T23:36:14.533+0000] {subprocess.py:93} INFO - [0m23:36:14
[2025-12-15T23:36:14.535+0000] {subprocess.py:93} INFO - [0m23:36:14  [31mFailure in test not_null_core_materials_load_run_id (models/core/core_schema.yml)[0m
[2025-12-15T23:36:14.536+0000] {subprocess.py:93} INFO - [0m23:36:14    Got 500 results, configured to fail if != 0
[2025-12-15T23:36:14.537+0000] {subprocess.py:93} INFO - [0m23:36:14
[2025-12-15T23:36:14.539+0000] {subprocess.py:93} INFO - [0m23:36:14    compiled code at target/compiled/mfg_accelerator/models/core/core_schema.yml/not_null_core_materials_load_run_id.sql
[2025-12-15T23:36:14.540+0000] {subprocess.py:93} INFO - [0m23:36:14
[2025-12-15T23:36:14.541+0000] {subprocess.py:93} INFO - [0m23:36:14  [31mFailure in test not_null_core_materials_loaded_at (models/core/core_schema.yml)[0m
[2025-12-15T23:36:14.543+0000] {subprocess.py:93} INFO - [0m23:36:14    Got 500 results, configured to fail if != 0
[2025-12-15T23:36:14.544+0000] {subprocess.py:93} INFO - [0m23:36:14
[2025-12-15T23:36:14.545+0000] {subprocess.py:93} INFO - [0m23:36:14    compiled code at target/compiled/mfg_accelerator/models/core/core_schema.yml/not_null_core_materials_loaded_at.sql
[2025-12-15T23:36:14.547+0000] {subprocess.py:93} INFO - [0m23:36:14
[2025-12-15T23:36:14.548+0000] {subprocess.py:93} INFO - [0m23:36:14  [31mFailure in test not_null_core_batches_load_run_id (models/core/core_schema.yml)[0m
[2025-12-15T23:36:14.549+0000] {subprocess.py:93} INFO - [0m23:36:14    Got 10000 results, configured to fail if != 0
[2025-12-15T23:36:14.550+0000] {subprocess.py:93} INFO - [0m23:36:14
[2025-12-15T23:36:14.552+0000] {subprocess.py:93} INFO - [0m23:36:14    compiled code at target/compiled/mfg_accelerator/models/core/core_schema.yml/not_null_core_batches_load_run_id.sql
[2025-12-15T23:36:14.553+0000] {subprocess.py:93} INFO - [0m23:36:14
[2025-12-15T23:36:14.554+0000] {subprocess.py:93} INFO - [0m23:36:14  [31mFailure in test not_null_core_batches_loaded_at (models/core/core_schema.yml)[0m
[2025-12-15T23:36:14.555+0000] {subprocess.py:93} INFO - [0m23:36:14    Got 10000 results, configured to fail if != 0
[2025-12-15T23:36:14.557+0000] {subprocess.py:93} INFO - [0m23:36:14
[2025-12-15T23:36:14.558+0000] {subprocess.py:93} INFO - [0m23:36:14    compiled code at target/compiled/mfg_accelerator/models/core/core_schema.yml/not_null_core_batches_loaded_at.sql
[2025-12-15T23:36:14.559+0000] {subprocess.py:93} INFO - [0m23:36:14
[2025-12-15T23:36:14.560+0000] {subprocess.py:93} INFO - [0m23:36:14  [31mFailure in test not_null_fct_production_orders_load_run_id (models/core/core_schema.yml)[0m
[2025-12-15T23:36:14.562+0000] {subprocess.py:93} INFO - [0m23:36:14    Got 10000 results, configured to fail if != 0
[2025-12-15T23:36:14.563+0000] {subprocess.py:93} INFO - [0m23:36:14
[2025-12-15T23:36:14.564+0000] {subprocess.py:93} INFO - [0m23:36:14    compiled code at target/compiled/mfg_accelerator/models/core/core_schema.yml/not_null_fct_production_orders_load_run_id.sql
[2025-12-15T23:36:14.565+0000] {subprocess.py:93} INFO - [0m23:36:14
[2025-12-15T23:36:14.567+0000] {subprocess.py:93} INFO - [0m23:36:14  [31mFailure in test not_null_fct_production_orders_loaded_at (models/core/core_schema.yml)[0m
[2025-12-15T23:36:14.568+0000] {subprocess.py:93} INFO - [0m23:36:14    Got 10000 results, configured to fail if != 0
[2025-12-15T23:36:14.569+0000] {subprocess.py:93} INFO - [0m23:36:14
[2025-12-15T23:36:14.571+0000] {subprocess.py:93} INFO - [0m23:36:14    compiled code at target/compiled/mfg_accelerator/models/core/core_schema.yml/not_null_fct_production_orders_loaded_at.sql
[2025-12-15T23:36:14.572+0000] {subprocess.py:93} INFO - [0m23:36:14
[2025-12-15T23:36:14.573+0000] {subprocess.py:93} INFO - [0m23:36:14  [31mFailure in test not_null_mfg_ml_features_orders_order_run_key (models/marts/marts_schema.yml)[0m
[2025-12-15T23:36:14.574+0000] {subprocess.py:93} INFO - [0m23:36:14    Database Error in test not_null_mfg_ml_features_orders_order_run_key (models/marts/marts_schema.yml)
[2025-12-15T23:36:14.575+0000] {subprocess.py:93} INFO -   000904 (42000): SQL compilation error: error line 14 at position 7
[2025-12-15T23:36:14.575+0000] {subprocess.py:93} INFO -   invalid identifier 'ORDER_RUN_KEY'
[2025-12-15T23:36:14.576+0000] {subprocess.py:93} INFO -   compiled code at target/run/mfg_accelerator/models/marts/marts_schema.yml/not_null_mfg_ml_features_orders_order_run_key.sql
[2025-12-15T23:36:14.576+0000] {subprocess.py:93} INFO - [0m23:36:14
[2025-12-15T23:36:14.577+0000] {subprocess.py:93} INFO - [0m23:36:14    compiled code at target/compiled/mfg_accelerator/models/marts/marts_schema.yml/not_null_mfg_ml_features_orders_order_run_key.sql
[2025-12-15T23:36:14.578+0000] {subprocess.py:93} INFO - [0m23:36:14
[2025-12-15T23:36:14.579+0000] {subprocess.py:93} INFO - [0m23:36:14  [31mFailure in test not_null_mfg_ml_features_orders_load_run_id (models/marts/marts_schema.yml)[0m
[2025-12-15T23:36:14.580+0000] {subprocess.py:93} INFO - [0m23:36:14    Database Error in test not_null_mfg_ml_features_orders_load_run_id (models/marts/marts_schema.yml)
[2025-12-15T23:36:14.581+0000] {subprocess.py:93} INFO -   000904 (42000): SQL compilation error: error line 14 at position 7
[2025-12-15T23:36:14.581+0000] {subprocess.py:93} INFO -   invalid identifier 'LOAD_RUN_ID'
[2025-12-15T23:36:14.582+0000] {subprocess.py:93} INFO -   compiled code at target/run/mfg_accelerator/models/marts/marts_schema.yml/not_null_mfg_ml_features_orders_load_run_id.sql
[2025-12-15T23:36:14.582+0000] {subprocess.py:93} INFO - [0m23:36:14
[2025-12-15T23:36:14.583+0000] {subprocess.py:93} INFO - [0m23:36:14    compiled code at target/compiled/mfg_accelerator/models/marts/marts_schema.yml/not_null_mfg_ml_features_orders_load_run_id.sql
[2025-12-15T23:36:14.584+0000] {subprocess.py:93} INFO - [0m23:36:14
[2025-12-15T23:36:14.585+0000] {subprocess.py:93} INFO - [0m23:36:14  [31mFailure in test not_null_mfg_plant_daily_kpis_load_run_id (models/marts/marts_schema.yml)[0m
[2025-12-15T23:36:14.586+0000] {subprocess.py:93} INFO - [0m23:36:14    Got 3979 results, configured to fail if != 0
[2025-12-15T23:36:14.588+0000] {subprocess.py:93} INFO - [0m23:36:14
[2025-12-15T23:36:14.589+0000] {subprocess.py:93} INFO - [0m23:36:14    compiled code at target/compiled/mfg_accelerator/models/marts/marts_schema.yml/not_null_mfg_plant_daily_kpis_load_run_id.sql
[2025-12-15T23:36:14.590+0000] {subprocess.py:93} INFO - [0m23:36:14
[2025-12-15T23:36:14.591+0000] {subprocess.py:93} INFO - [0m23:36:14  [31mFailure in test unique_core_batches___grain_check__ (models/core/core_schema.yml)[0m
[2025-12-15T23:36:14.593+0000] {subprocess.py:93} INFO - [0m23:36:14    Database Error in test unique_core_batches___grain_check__ (models/core/core_schema.yml)
[2025-12-15T23:36:14.593+0000] {subprocess.py:93} INFO -   000904 (42000): SQL compilation error: error line 13 at position 4
[2025-12-15T23:36:14.594+0000] {subprocess.py:93} INFO -   invalid identifier '__GRAIN_CHECK__'
[2025-12-15T23:36:14.595+0000] {subprocess.py:93} INFO -   compiled code at target/run/mfg_accelerator/models/core/core_schema.yml/unique_core_batches___grain_check__.sql
[2025-12-15T23:36:14.595+0000] {subprocess.py:93} INFO - [0m23:36:14
[2025-12-15T23:36:14.595+0000] {subprocess.py:93} INFO - [0m23:36:14    compiled code at target/compiled/mfg_accelerator/models/core/core_schema.yml/unique_core_batches___grain_check__.sql
[2025-12-15T23:36:14.597+0000] {subprocess.py:93} INFO - [0m23:36:14
[2025-12-15T23:36:14.598+0000] {subprocess.py:93} INFO - [0m23:36:14  [31mFailure in test unique_core_materials___grain_check__ (models/core/core_schema.yml)[0m
[2025-12-15T23:36:14.599+0000] {subprocess.py:93} INFO - [0m23:36:14    Database Error in test unique_core_materials___grain_check__ (models/core/core_schema.yml)
[2025-12-15T23:36:14.600+0000] {subprocess.py:93} INFO -   000904 (42000): SQL compilation error: error line 13 at position 4
[2025-12-15T23:36:14.600+0000] {subprocess.py:93} INFO -   invalid identifier '__GRAIN_CHECK__'
[2025-12-15T23:36:14.601+0000] {subprocess.py:93} INFO -   compiled code at target/run/mfg_accelerator/models/core/core_schema.yml/unique_core_materials___grain_check__.sql
[2025-12-15T23:36:14.601+0000] {subprocess.py:93} INFO - [0m23:36:14
[2025-12-15T23:36:14.601+0000] {subprocess.py:93} INFO - [0m23:36:14    compiled code at target/compiled/mfg_accelerator/models/core/core_schema.yml/unique_core_materials___grain_check__.sql
[2025-12-15T23:36:14.603+0000] {subprocess.py:93} INFO - [0m23:36:14
[2025-12-15T23:36:14.604+0000] {subprocess.py:93} INFO - [0m23:36:14  [31mFailure in test unique_fct_production_orders___grain_check__ (models/core/core_schema.yml)[0m
[2025-12-15T23:36:14.605+0000] {subprocess.py:93} INFO - [0m23:36:14    Database Error in test unique_fct_production_orders___grain_check__ (models/core/core_schema.yml)
[2025-12-15T23:36:14.606+0000] {subprocess.py:93} INFO -   000904 (42000): SQL compilation error: error line 13 at position 4
[2025-12-15T23:36:14.606+0000] {subprocess.py:93} INFO -   invalid identifier '__GRAIN_CHECK__'
[2025-12-15T23:36:14.606+0000] {subprocess.py:93} INFO -   compiled code at target/run/mfg_accelerator/models/core/core_schema.yml/unique_fct_production_orders___grain_check__.sql
[2025-12-15T23:36:14.607+0000] {subprocess.py:93} INFO - [0m23:36:14
[2025-12-15T23:36:14.608+0000] {subprocess.py:93} INFO - [0m23:36:14    compiled code at target/compiled/mfg_accelerator/models/core/core_schema.yml/unique_fct_production_orders___grain_check__.sql
[2025-12-15T23:36:14.609+0000] {subprocess.py:93} INFO - [0m23:36:14
[2025-12-15T23:36:14.612+0000] {subprocess.py:93} INFO - [0m23:36:14  [31mFailure in test unique_stg_batches_batch_id (models/staging/staging_schema.yml)[0m
[2025-12-15T23:36:14.614+0000] {subprocess.py:93} INFO - [0m23:36:14    Got 10000 results, configured to fail if != 0
[2025-12-15T23:36:14.616+0000] {subprocess.py:93} INFO - [0m23:36:14
[2025-12-15T23:36:14.618+0000] {subprocess.py:93} INFO - [0m23:36:14    compiled code at target/compiled/mfg_accelerator/models/staging/staging_schema.yml/unique_stg_batches_batch_id.sql
[2025-12-15T23:36:14.620+0000] {subprocess.py:93} INFO - [0m23:36:14
[2025-12-15T23:36:14.621+0000] {subprocess.py:93} INFO - [0m23:36:14  [31mFailure in test unique_mfg_ml_features_orders_order_run_key (models/marts/marts_schema.yml)[0m
[2025-12-15T23:36:14.623+0000] {subprocess.py:93} INFO - [0m23:36:14    Database Error in test unique_mfg_ml_features_orders_order_run_key (models/marts/marts_schema.yml)
[2025-12-15T23:36:14.624+0000] {subprocess.py:93} INFO -   000904 (42000): SQL compilation error: error line 13 at position 4
[2025-12-15T23:36:14.625+0000] {subprocess.py:93} INFO -   invalid identifier 'ORDER_RUN_KEY'
[2025-12-15T23:36:14.625+0000] {subprocess.py:93} INFO -   compiled code at target/run/mfg_accelerator/models/marts/marts_schema.yml/unique_mfg_ml_features_orders_order_run_key.sql
[2025-12-15T23:36:14.626+0000] {subprocess.py:93} INFO - [0m23:36:14
[2025-12-15T23:36:14.629+0000] {subprocess.py:93} INFO - [0m23:36:14    compiled code at target/compiled/mfg_accelerator/models/marts/marts_schema.yml/unique_mfg_ml_features_orders_order_run_key.sql
[2025-12-15T23:36:14.631+0000] {subprocess.py:93} INFO - [0m23:36:14
[2025-12-15T23:36:14.633+0000] {subprocess.py:93} INFO - [0m23:36:14  [31mFailure in test unique_stg_materials_material_id (models/staging/staging_schema.yml)[0m
[2025-12-15T23:36:14.635+0000] {subprocess.py:93} INFO - [0m23:36:14    Got 500 results, configured to fail if != 0
[2025-12-15T23:36:14.636+0000] {subprocess.py:93} INFO - [0m23:36:14
[2025-12-15T23:36:14.638+0000] {subprocess.py:93} INFO - [0m23:36:14    compiled code at target/compiled/mfg_accelerator/models/staging/staging_schema.yml/unique_stg_materials_material_id.sql
[2025-12-15T23:36:14.639+0000] {subprocess.py:93} INFO - [0m23:36:14
[2025-12-15T23:36:14.641+0000] {subprocess.py:93} INFO - [0m23:36:14  [31mFailure in test unique_stg_production_orders_order_id (models/staging/staging_schema.yml)[0m
[2025-12-15T23:36:14.643+0000] {subprocess.py:93} INFO - [0m23:36:14    Got 10000 results, configured to fail if != 0
[2025-12-15T23:36:14.644+0000] {subprocess.py:93} INFO - [0m23:36:14
[2025-12-15T23:36:14.645+0000] {subprocess.py:93} INFO - [0m23:36:14    compiled code at target/compiled/mfg_accelerator/models/staging/staging_schema.yml/unique_stg_production_orders_order_id.sql
[2025-12-15T23:36:14.647+0000] {subprocess.py:93} INFO - [0m23:36:14
[2025-12-15T23:36:14.648+0000] {subprocess.py:93} INFO - [0m23:36:14  Done. PASS=13 WARN=0 ERROR=16 SKIP=0 NO-OP=0 TOTAL=29
[2025-12-15T23:36:15.823+0000] {subprocess.py:97} INFO - Command exited with return code 1
[2025-12-15T23:36:15.824+0000] {taskinstance.py:441} INFO - ::group::Post task execution logs
[2025-12-15T23:36:15.837+0000] {taskinstance.py:2890} ERROR - Task failed with exception
Traceback (most recent call last):
  File "/home/airflow/.local/lib/python3.12/site-packages/airflow/models/taskinstance.py", line 460, in _execute_task
    result = _execute_callable(context=context, **execute_callable_kwargs)
             ^^^^^^^^^^^^^^^^^^^^^^^^^^^^^^^^^^^^^^^^^^^^^^^^^^^^^^^^^^^^^
  File "/home/airflow/.local/lib/python3.12/site-packages/airflow/models/taskinstance.py", line 432, in _execute_callable
    return execute_callable(context=context, **execute_callable_kwargs)
           ^^^^^^^^^^^^^^^^^^^^^^^^^^^^^^^^^^^^^^^^^^^^^^^^^^^^^^^^^^^^
  File "/home/airflow/.local/lib/python3.12/site-packages/airflow/models/baseoperator.py", line 400, in wrapper
    return func(self, *args, **kwargs)
           ^^^^^^^^^^^^^^^^^^^^^^^^^^^
  File "/home/airflow/.local/lib/python3.12/site-packages/airflow/operators/bash.py", line 243, in execute
    raise AirflowException(
airflow.exceptions.AirflowException: Bash command failed. The command returned a non-zero exit code 1.
[2025-12-15T23:36:15.843+0000] {taskinstance.py:1205} INFO - Marking task as FAILED. dag_id=mfg_raw_ingestion_dag, task_id=dbt_test_all, execution_date=20251215T231328, start_date=20251215T233559, end_date=20251215T233615
[2025-12-15T23:36:15.859+0000] {standard_task_runner.py:110} ERROR - Failed to execute job 11 for task dbt_test_all (Bash command failed. The command returned a non-zero exit code 1.; 1695)
[2025-12-15T23:36:15.880+0000] {local_task_job_runner.py:240} INFO - Task exited with return code 1
[2025-12-15T23:36:15.895+0000] {taskinstance.py:3482} INFO - 0 downstream tasks scheduled from follow-on schedule check
[2025-12-15T23:36:15.900+0000] {local_task_job_runner.py:222} INFO - ::endgroup::
