[2025-12-15T23:25:29.624+0000] {local_task_job_runner.py:120} INFO - ::group::Pre task execution logs
[2025-12-15T23:25:29.653+0000] {taskinstance.py:2073} INFO - Dependencies all met for dep_context=non-requeueable deps ti=<TaskInstance: mfg_raw_ingestion_dag.dbt_test_all manual__2025-12-15T23:13:28.424641+00:00 [queued]>
[2025-12-15T23:25:29.661+0000] {taskinstance.py:2073} INFO - Dependencies all met for dep_context=requeueable deps ti=<TaskInstance: mfg_raw_ingestion_dag.dbt_test_all manual__2025-12-15T23:13:28.424641+00:00 [queued]>
[2025-12-15T23:25:29.661+0000] {taskinstance.py:2303} INFO - Starting attempt 1 of 3
[2025-12-15T23:25:29.677+0000] {taskinstance.py:2327} INFO - Executing <Task(BashOperator): dbt_test_all> on 2025-12-15 23:13:28.424641+00:00
[2025-12-15T23:25:29.685+0000] {standard_task_runner.py:90} INFO - Running: ['***', 'tasks', 'run', 'mfg_raw_ingestion_dag', 'dbt_test_all', 'manual__2025-12-15T23:13:28.424641+00:00', '--job-id', '9', '--raw', '--subdir', 'DAGS_FOLDER/mfg_raw_ingestion_dag.py', '--cfg-path', '/tmp/tmpzqu08yb0']
[2025-12-15T23:25:29.688+0000] {standard_task_runner.py:91} INFO - Job 9: Subtask dbt_test_all
[2025-12-15T23:25:29.688+0000] {logging_mixin.py:188} WARNING - /home/***/.local/lib/python3.12/site-packages/***/task/task_runner/standard_task_runner.py:61 DeprecationWarning: This process (pid=1195) is multi-threaded, use of fork() may lead to deadlocks in the child.
[2025-12-15T23:25:29.690+0000] {standard_task_runner.py:63} INFO - Started process 1196 to run task
[2025-12-15T23:25:29.738+0000] {task_command.py:426} INFO - Running <TaskInstance: mfg_raw_ingestion_dag.dbt_test_all manual__2025-12-15T23:13:28.424641+00:00 [running]> on host 7f6a70788018
[2025-12-15T23:25:29.828+0000] {taskinstance.py:2644} INFO - Exporting env vars: AIRFLOW_CTX_DAG_OWNER='data-engineering' AIRFLOW_CTX_DAG_ID='mfg_raw_ingestion_dag' AIRFLOW_CTX_TASK_ID='dbt_test_all' AIRFLOW_CTX_EXECUTION_DATE='2025-12-15T23:13:28.424641+00:00' AIRFLOW_CTX_TRY_NUMBER='1' AIRFLOW_CTX_DAG_RUN_ID='manual__2025-12-15T23:13:28.424641+00:00'
[2025-12-15T23:25:29.829+0000] {taskinstance.py:430} INFO - ::endgroup::
[2025-12-15T23:25:29.844+0000] {subprocess.py:63} INFO - Tmp dir root location: /tmp
[2025-12-15T23:25:29.845+0000] {subprocess.py:75} INFO - Running command: ['/usr/bin/bash', '-c', 'set -euo pipefail; cd /opt/***/dbt_project && dbt test --profiles-dir /opt/***/dbt_profiles']
[2025-12-15T23:25:29.854+0000] {subprocess.py:86} INFO - Output:
[2025-12-15T23:25:32.448+0000] {subprocess.py:93} INFO - [0m23:25:32  Running with dbt=1.10.15
[2025-12-15T23:25:33.695+0000] {subprocess.py:93} INFO - [0m23:25:33  Registered adapter: snowflake=1.10.4
[2025-12-15T23:25:34.366+0000] {subprocess.py:93} INFO - [0m23:25:34  Found 8 models, 29 data tests, 3 sources, 504 macros
[2025-12-15T23:25:34.372+0000] {subprocess.py:93} INFO - [0m23:25:34
[2025-12-15T23:25:34.373+0000] {subprocess.py:93} INFO - [0m23:25:34  Concurrency: 4 threads (target='dev')
[2025-12-15T23:25:34.375+0000] {subprocess.py:93} INFO - [0m23:25:34
[2025-12-15T23:25:36.031+0000] {subprocess.py:93} INFO - [0m23:25:36  1 of 29 START test not_null_core_batches_batch_id .............................. [RUN]
[2025-12-15T23:25:36.033+0000] {subprocess.py:93} INFO - [0m23:25:36  2 of 29 START test not_null_core_batches_load_run_id ........................... [RUN]
[2025-12-15T23:25:36.034+0000] {subprocess.py:93} INFO - [0m23:25:36  3 of 29 START test not_null_core_batches_loaded_at ............................. [RUN]
[2025-12-15T23:25:36.036+0000] {subprocess.py:93} INFO - [0m23:25:36  4 of 29 START test not_null_core_batches_material_id ........................... [RUN]
[2025-12-15T23:25:36.593+0000] {subprocess.py:93} INFO - [0m23:25:36  1 of 29 PASS not_null_core_batches_batch_id .................................... [[32mPASS[0m in 0.56s]
[2025-12-15T23:25:36.598+0000] {subprocess.py:93} INFO - [0m23:25:36  5 of 29 START test not_null_core_materials_load_run_id ......................... [RUN]
[2025-12-15T23:25:36.978+0000] {subprocess.py:93} INFO - [0m23:25:36  5 of 29 FAIL 500 not_null_core_materials_load_run_id ........................... [[31mFAIL 500[0m in 0.38s]
[2025-12-15T23:25:36.983+0000] {subprocess.py:93} INFO - [0m23:25:36  6 of 29 START test not_null_core_materials_loaded_at ........................... [RUN]
[2025-12-15T23:25:37.333+0000] {subprocess.py:93} INFO - [0m23:25:37  6 of 29 FAIL 500 not_null_core_materials_loaded_at ............................. [[31mFAIL 500[0m in 0.35s]
[2025-12-15T23:25:37.339+0000] {subprocess.py:93} INFO - [0m23:25:37  7 of 29 START test not_null_core_materials_material_id ......................... [RUN]
[2025-12-15T23:25:37.588+0000] {subprocess.py:93} INFO - [0m23:25:37  3 of 29 FAIL 10000 not_null_core_batches_loaded_at ............................. [[31mFAIL 10000[0m in 1.55s]
[2025-12-15T23:25:37.593+0000] {subprocess.py:93} INFO - [0m23:25:37  8 of 29 START test not_null_fct_production_orders_batch_id ..................... [RUN]
[2025-12-15T23:25:37.682+0000] {subprocess.py:93} INFO - [0m23:25:37  4 of 29 PASS not_null_core_batches_material_id ................................. [[32mPASS[0m in 1.64s]
[2025-12-15T23:25:37.687+0000] {subprocess.py:93} INFO - [0m23:25:37  9 of 29 START test not_null_fct_production_orders_load_run_id .................. [RUN]
[2025-12-15T23:25:37.700+0000] {subprocess.py:93} INFO - [0m23:25:37  2 of 29 FAIL 10000 not_null_core_batches_load_run_id ........................... [[31mFAIL 10000[0m in 1.66s]
[2025-12-15T23:25:37.704+0000] {subprocess.py:93} INFO - [0m23:25:37  10 of 29 START test not_null_fct_production_orders_loaded_at ................... [RUN]
[2025-12-15T23:25:37.744+0000] {subprocess.py:93} INFO - [0m23:25:37  7 of 29 PASS not_null_core_materials_material_id ............................... [[32mPASS[0m in 0.40s]
[2025-12-15T23:25:37.748+0000] {subprocess.py:93} INFO - [0m23:25:37  11 of 29 START test not_null_fct_production_orders_order_id .................... [RUN]
[2025-12-15T23:25:37.927+0000] {subprocess.py:93} INFO - [0m23:25:37  8 of 29 PASS not_null_fct_production_orders_batch_id ........................... [[32mPASS[0m in 0.33s]
[2025-12-15T23:25:37.932+0000] {subprocess.py:93} INFO - [0m23:25:37  12 of 29 START test not_null_mfg_ml_features_orders_load_run_id ................ [RUN]
[2025-12-15T23:25:38.095+0000] {subprocess.py:93} INFO - [0m23:25:38  11 of 29 PASS not_null_fct_production_orders_order_id .......................... [[32mPASS[0m in 0.34s]
[2025-12-15T23:25:38.098+0000] {subprocess.py:93} INFO - [0m23:25:38  10 of 29 FAIL 10000 not_null_fct_production_orders_loaded_at ................... [[31mFAIL 10000[0m in 0.39s]
[2025-12-15T23:25:38.106+0000] {subprocess.py:93} INFO - [0m23:25:38  13 of 29 START test not_null_mfg_ml_features_orders_order_id ................... [RUN]
[2025-12-15T23:25:38.108+0000] {subprocess.py:93} INFO - [0m23:25:38  14 of 29 START test not_null_mfg_ml_features_orders_order_run_key .............. [RUN]
[2025-12-15T23:25:38.113+0000] {subprocess.py:93} INFO - [0m23:25:38  9 of 29 FAIL 10000 not_null_fct_production_orders_load_run_id .................. [[31mFAIL 10000[0m in 0.42s]
[2025-12-15T23:25:38.133+0000] {subprocess.py:93} INFO - [0m23:25:38  15 of 29 START test not_null_mfg_plant_daily_kpis_calendar_date ................ [RUN]
[2025-12-15T23:25:38.254+0000] {subprocess.py:93} INFO - [0m23:25:38  12 of 29 ERROR not_null_mfg_ml_features_orders_load_run_id ..................... [[31mERROR[0m in 0.32s]
[2025-12-15T23:25:38.259+0000] {subprocess.py:93} INFO - [0m23:25:38  16 of 29 START test not_null_mfg_plant_daily_kpis_load_run_id .................. [RUN]
[2025-12-15T23:25:38.461+0000] {subprocess.py:93} INFO - [0m23:25:38  14 of 29 ERROR not_null_mfg_ml_features_orders_order_run_key ................... [[31mERROR[0m in 0.35s]
[2025-12-15T23:25:38.466+0000] {subprocess.py:93} INFO - [0m23:25:38  17 of 29 START test not_null_mfg_plant_daily_kpis_manufacturing_site ........... [RUN]
[2025-12-15T23:25:38.591+0000] {subprocess.py:93} INFO - [0m23:25:38  15 of 29 PASS not_null_mfg_plant_daily_kpis_calendar_date ...................... [[32mPASS[0m in 0.46s]
[2025-12-15T23:25:38.596+0000] {subprocess.py:93} INFO - [0m23:25:38  18 of 29 START test not_null_stg_batches_batch_id .............................. [RUN]
[2025-12-15T23:25:38.610+0000] {subprocess.py:93} INFO - [0m23:25:38  13 of 29 PASS not_null_mfg_ml_features_orders_order_id ......................... [[32mPASS[0m in 0.50s]
[2025-12-15T23:25:38.620+0000] {subprocess.py:93} INFO - [0m23:25:38  19 of 29 START test not_null_stg_materials_material_id ......................... [RUN]
[2025-12-15T23:25:38.656+0000] {subprocess.py:93} INFO - [0m23:25:38  16 of 29 FAIL 3979 not_null_mfg_plant_daily_kpis_load_run_id ................... [[31mFAIL 3979[0m in 0.39s]
[2025-12-15T23:25:38.662+0000] {subprocess.py:93} INFO - [0m23:25:38  20 of 29 START test not_null_stg_production_orders_order_id .................... [RUN]
[2025-12-15T23:25:38.829+0000] {subprocess.py:93} INFO - [0m23:25:38  17 of 29 PASS not_null_mfg_plant_daily_kpis_manufacturing_site ................. [[32mPASS[0m in 0.36s]
[2025-12-15T23:25:38.833+0000] {subprocess.py:93} INFO - [0m23:25:38  21 of 29 START test relationships_core_batches_material_id__material_id__ref_core_materials_  [RUN]
[2025-12-15T23:25:38.996+0000] {subprocess.py:93} INFO - [0m23:25:38  18 of 29 PASS not_null_stg_batches_batch_id .................................... [[32mPASS[0m in 0.40s]
[2025-12-15T23:25:39.000+0000] {subprocess.py:93} INFO - [0m23:25:39  22 of 29 START test relationships_fct_production_orders_batch_id__batch_id__ref_core_batches_  [RUN]
[2025-12-15T23:25:39.075+0000] {subprocess.py:93} INFO - [0m23:25:39  20 of 29 PASS not_null_stg_production_orders_order_id .......................... [[32mPASS[0m in 0.41s]
[2025-12-15T23:25:39.078+0000] {subprocess.py:93} INFO - [0m23:25:39  19 of 29 PASS not_null_stg_materials_material_id ............................... [[32mPASS[0m in 0.46s]
[2025-12-15T23:25:39.087+0000] {subprocess.py:93} INFO - [0m23:25:39  23 of 29 START test unique_core_batches___grain_check__ ........................ [RUN]
[2025-12-15T23:25:39.089+0000] {subprocess.py:93} INFO - [0m23:25:39  24 of 29 START test unique_core_materials___grain_check__ ...................... [RUN]
[2025-12-15T23:25:39.223+0000] {subprocess.py:93} INFO - [0m23:25:39  21 of 29 PASS relationships_core_batches_material_id__material_id__ref_core_materials_  [[32mPASS[0m in 0.39s]
[2025-12-15T23:25:39.227+0000] {subprocess.py:93} INFO - [0m23:25:39  25 of 29 START test unique_fct_production_orders___grain_check__ ............... [RUN]
[2025-12-15T23:25:39.403+0000] {subprocess.py:93} INFO - [0m23:25:39  23 of 29 ERROR unique_core_batches___grain_check__ ............................. [[31mERROR[0m in 0.31s]
[2025-12-15T23:25:39.415+0000] {subprocess.py:93} INFO - [0m23:25:39  26 of 29 START test unique_mfg_ml_features_orders_order_run_key ................ [RUN]
[2025-12-15T23:25:39.418+0000] {subprocess.py:93} INFO - [0m23:25:39  24 of 29 ERROR unique_core_materials___grain_check__ ........................... [[31mERROR[0m in 0.33s]
[2025-12-15T23:25:39.431+0000] {subprocess.py:93} INFO - [0m23:25:39  27 of 29 START test unique_stg_batches_batch_id ................................ [RUN]
[2025-12-15T23:25:39.498+0000] {subprocess.py:93} INFO - [0m23:25:39  22 of 29 PASS relationships_fct_production_orders_batch_id__batch_id__ref_core_batches_  [[32mPASS[0m in 0.50s]
[2025-12-15T23:25:39.503+0000] {subprocess.py:93} INFO - [0m23:25:39  28 of 29 START test unique_stg_materials_material_id ........................... [RUN]
[2025-12-15T23:25:39.536+0000] {subprocess.py:93} INFO - [0m23:25:39  25 of 29 ERROR unique_fct_production_orders___grain_check__ .................... [[31mERROR[0m in 0.31s]
[2025-12-15T23:25:39.541+0000] {subprocess.py:93} INFO - [0m23:25:39  29 of 29 START test unique_stg_production_orders_order_id ...................... [RUN]
[2025-12-15T23:25:39.790+0000] {subprocess.py:93} INFO - [0m23:25:39  26 of 29 ERROR unique_mfg_ml_features_orders_order_run_key ..................... [[31mERROR[0m in 0.37s]
[2025-12-15T23:25:39.844+0000] {subprocess.py:93} INFO - [0m23:25:39  27 of 29 FAIL 10000 unique_stg_batches_batch_id ................................ [[31mFAIL 10000[0m in 0.41s]
[2025-12-15T23:25:39.905+0000] {subprocess.py:93} INFO - [0m23:25:39  28 of 29 FAIL 500 unique_stg_materials_material_id ............................. [[31mFAIL 500[0m in 0.40s]
[2025-12-15T23:25:39.934+0000] {subprocess.py:93} INFO - [0m23:25:39  29 of 29 FAIL 10000 unique_stg_production_orders_order_id ...................... [[31mFAIL 10000[0m in 0.39s]
[2025-12-15T23:25:41.889+0000] {subprocess.py:93} INFO - [0m23:25:41
[2025-12-15T23:25:41.892+0000] {subprocess.py:93} INFO - [0m23:25:41  Finished running 29 data tests in 0 hours 0 minutes and 7.51 seconds (7.51s).
[2025-12-15T23:25:41.979+0000] {subprocess.py:93} INFO - [0m23:25:41
[2025-12-15T23:25:41.980+0000] {subprocess.py:93} INFO - [0m23:25:41  [31mCompleted with 16 errors, 0 partial successes, and 0 warnings:[0m
[2025-12-15T23:25:41.981+0000] {subprocess.py:93} INFO - [0m23:25:41
[2025-12-15T23:25:41.982+0000] {subprocess.py:93} INFO - [0m23:25:41  [31mFailure in test not_null_core_materials_load_run_id (models/core/core_schema.yml)[0m
[2025-12-15T23:25:41.983+0000] {subprocess.py:93} INFO - [0m23:25:41    Got 500 results, configured to fail if != 0
[2025-12-15T23:25:41.985+0000] {subprocess.py:93} INFO - [0m23:25:41
[2025-12-15T23:25:41.986+0000] {subprocess.py:93} INFO - [0m23:25:41    compiled code at target/compiled/mfg_accelerator/models/core/core_schema.yml/not_null_core_materials_load_run_id.sql
[2025-12-15T23:25:41.987+0000] {subprocess.py:93} INFO - [0m23:25:41
[2025-12-15T23:25:41.988+0000] {subprocess.py:93} INFO - [0m23:25:41  [31mFailure in test not_null_core_materials_loaded_at (models/core/core_schema.yml)[0m
[2025-12-15T23:25:41.989+0000] {subprocess.py:93} INFO - [0m23:25:41    Got 500 results, configured to fail if != 0
[2025-12-15T23:25:41.991+0000] {subprocess.py:93} INFO - [0m23:25:41
[2025-12-15T23:25:41.992+0000] {subprocess.py:93} INFO - [0m23:25:41    compiled code at target/compiled/mfg_accelerator/models/core/core_schema.yml/not_null_core_materials_loaded_at.sql
[2025-12-15T23:25:41.993+0000] {subprocess.py:93} INFO - [0m23:25:41
[2025-12-15T23:25:41.994+0000] {subprocess.py:93} INFO - [0m23:25:41  [31mFailure in test not_null_core_batches_loaded_at (models/core/core_schema.yml)[0m
[2025-12-15T23:25:41.995+0000] {subprocess.py:93} INFO - [0m23:25:41    Got 10000 results, configured to fail if != 0
[2025-12-15T23:25:41.996+0000] {subprocess.py:93} INFO - [0m23:25:41
[2025-12-15T23:25:41.998+0000] {subprocess.py:93} INFO - [0m23:25:41    compiled code at target/compiled/mfg_accelerator/models/core/core_schema.yml/not_null_core_batches_loaded_at.sql
[2025-12-15T23:25:41.999+0000] {subprocess.py:93} INFO - [0m23:25:41
[2025-12-15T23:25:42.000+0000] {subprocess.py:93} INFO - [0m23:25:42  [31mFailure in test not_null_core_batches_load_run_id (models/core/core_schema.yml)[0m
[2025-12-15T23:25:42.001+0000] {subprocess.py:93} INFO - [0m23:25:42    Got 10000 results, configured to fail if != 0
[2025-12-15T23:25:42.002+0000] {subprocess.py:93} INFO - [0m23:25:42
[2025-12-15T23:25:42.003+0000] {subprocess.py:93} INFO - [0m23:25:42    compiled code at target/compiled/mfg_accelerator/models/core/core_schema.yml/not_null_core_batches_load_run_id.sql
[2025-12-15T23:25:42.004+0000] {subprocess.py:93} INFO - [0m23:25:42
[2025-12-15T23:25:42.005+0000] {subprocess.py:93} INFO - [0m23:25:42  [31mFailure in test not_null_fct_production_orders_loaded_at (models/core/core_schema.yml)[0m
[2025-12-15T23:25:42.006+0000] {subprocess.py:93} INFO - [0m23:25:42    Got 10000 results, configured to fail if != 0
[2025-12-15T23:25:42.007+0000] {subprocess.py:93} INFO - [0m23:25:42
[2025-12-15T23:25:42.008+0000] {subprocess.py:93} INFO - [0m23:25:42    compiled code at target/compiled/mfg_accelerator/models/core/core_schema.yml/not_null_fct_production_orders_loaded_at.sql
[2025-12-15T23:25:42.009+0000] {subprocess.py:93} INFO - [0m23:25:42
[2025-12-15T23:25:42.010+0000] {subprocess.py:93} INFO - [0m23:25:42  [31mFailure in test not_null_fct_production_orders_load_run_id (models/core/core_schema.yml)[0m
[2025-12-15T23:25:42.011+0000] {subprocess.py:93} INFO - [0m23:25:42    Got 10000 results, configured to fail if != 0
[2025-12-15T23:25:42.012+0000] {subprocess.py:93} INFO - [0m23:25:42
[2025-12-15T23:25:42.013+0000] {subprocess.py:93} INFO - [0m23:25:42    compiled code at target/compiled/mfg_accelerator/models/core/core_schema.yml/not_null_fct_production_orders_load_run_id.sql
[2025-12-15T23:25:42.014+0000] {subprocess.py:93} INFO - [0m23:25:42
[2025-12-15T23:25:42.015+0000] {subprocess.py:93} INFO - [0m23:25:42  [31mFailure in test not_null_mfg_ml_features_orders_load_run_id (models/marts/marts_schema.yml)[0m
[2025-12-15T23:25:42.016+0000] {subprocess.py:93} INFO - [0m23:25:42    Database Error in test not_null_mfg_ml_features_orders_load_run_id (models/marts/marts_schema.yml)
[2025-12-15T23:25:42.016+0000] {subprocess.py:93} INFO -   000904 (42000): SQL compilation error: error line 14 at position 7
[2025-12-15T23:25:42.017+0000] {subprocess.py:93} INFO -   invalid identifier 'LOAD_RUN_ID'
[2025-12-15T23:25:42.017+0000] {subprocess.py:93} INFO -   compiled code at target/run/mfg_accelerator/models/marts/marts_schema.yml/not_null_mfg_ml_features_orders_load_run_id.sql
[2025-12-15T23:25:42.017+0000] {subprocess.py:93} INFO - [0m23:25:42
[2025-12-15T23:25:42.018+0000] {subprocess.py:93} INFO - [0m23:25:42    compiled code at target/compiled/mfg_accelerator/models/marts/marts_schema.yml/not_null_mfg_ml_features_orders_load_run_id.sql
[2025-12-15T23:25:42.019+0000] {subprocess.py:93} INFO - [0m23:25:42
[2025-12-15T23:25:42.020+0000] {subprocess.py:93} INFO - [0m23:25:42  [31mFailure in test not_null_mfg_ml_features_orders_order_run_key (models/marts/marts_schema.yml)[0m
[2025-12-15T23:25:42.021+0000] {subprocess.py:93} INFO - [0m23:25:42    Database Error in test not_null_mfg_ml_features_orders_order_run_key (models/marts/marts_schema.yml)
[2025-12-15T23:25:42.021+0000] {subprocess.py:93} INFO -   000904 (42000): SQL compilation error: error line 14 at position 7
[2025-12-15T23:25:42.022+0000] {subprocess.py:93} INFO -   invalid identifier 'ORDER_RUN_KEY'
[2025-12-15T23:25:42.022+0000] {subprocess.py:93} INFO -   compiled code at target/run/mfg_accelerator/models/marts/marts_schema.yml/not_null_mfg_ml_features_orders_order_run_key.sql
[2025-12-15T23:25:42.023+0000] {subprocess.py:93} INFO - [0m23:25:42
[2025-12-15T23:25:42.023+0000] {subprocess.py:93} INFO - [0m23:25:42    compiled code at target/compiled/mfg_accelerator/models/marts/marts_schema.yml/not_null_mfg_ml_features_orders_order_run_key.sql
[2025-12-15T23:25:42.024+0000] {subprocess.py:93} INFO - [0m23:25:42
[2025-12-15T23:25:42.026+0000] {subprocess.py:93} INFO - [0m23:25:42  [31mFailure in test not_null_mfg_plant_daily_kpis_load_run_id (models/marts/marts_schema.yml)[0m
[2025-12-15T23:25:42.028+0000] {subprocess.py:93} INFO - [0m23:25:42    Got 3979 results, configured to fail if != 0
[2025-12-15T23:25:42.029+0000] {subprocess.py:93} INFO - [0m23:25:42
[2025-12-15T23:25:42.030+0000] {subprocess.py:93} INFO - [0m23:25:42    compiled code at target/compiled/mfg_accelerator/models/marts/marts_schema.yml/not_null_mfg_plant_daily_kpis_load_run_id.sql
[2025-12-15T23:25:42.032+0000] {subprocess.py:93} INFO - [0m23:25:42
[2025-12-15T23:25:42.033+0000] {subprocess.py:93} INFO - [0m23:25:42  [31mFailure in test unique_core_batches___grain_check__ (models/core/core_schema.yml)[0m
[2025-12-15T23:25:42.035+0000] {subprocess.py:93} INFO - [0m23:25:42    Database Error in test unique_core_batches___grain_check__ (models/core/core_schema.yml)
[2025-12-15T23:25:42.036+0000] {subprocess.py:93} INFO -   000904 (42000): SQL compilation error: error line 13 at position 4
[2025-12-15T23:25:42.036+0000] {subprocess.py:93} INFO -   invalid identifier '__GRAIN_CHECK__'
[2025-12-15T23:25:42.037+0000] {subprocess.py:93} INFO -   compiled code at target/run/mfg_accelerator/models/core/core_schema.yml/unique_core_batches___grain_check__.sql
[2025-12-15T23:25:42.038+0000] {subprocess.py:93} INFO - [0m23:25:42
[2025-12-15T23:25:42.038+0000] {subprocess.py:93} INFO - [0m23:25:42    compiled code at target/compiled/mfg_accelerator/models/core/core_schema.yml/unique_core_batches___grain_check__.sql
[2025-12-15T23:25:42.040+0000] {subprocess.py:93} INFO - [0m23:25:42
[2025-12-15T23:25:42.041+0000] {subprocess.py:93} INFO - [0m23:25:42  [31mFailure in test unique_core_materials___grain_check__ (models/core/core_schema.yml)[0m
[2025-12-15T23:25:42.042+0000] {subprocess.py:93} INFO - [0m23:25:42    Database Error in test unique_core_materials___grain_check__ (models/core/core_schema.yml)
[2025-12-15T23:25:42.043+0000] {subprocess.py:93} INFO -   000904 (42000): SQL compilation error: error line 13 at position 4
[2025-12-15T23:25:42.044+0000] {subprocess.py:93} INFO -   invalid identifier '__GRAIN_CHECK__'
[2025-12-15T23:25:42.044+0000] {subprocess.py:93} INFO -   compiled code at target/run/mfg_accelerator/models/core/core_schema.yml/unique_core_materials___grain_check__.sql
[2025-12-15T23:25:42.045+0000] {subprocess.py:93} INFO - [0m23:25:42
[2025-12-15T23:25:42.045+0000] {subprocess.py:93} INFO - [0m23:25:42    compiled code at target/compiled/mfg_accelerator/models/core/core_schema.yml/unique_core_materials___grain_check__.sql
[2025-12-15T23:25:42.047+0000] {subprocess.py:93} INFO - [0m23:25:42
[2025-12-15T23:25:42.048+0000] {subprocess.py:93} INFO - [0m23:25:42  [31mFailure in test unique_fct_production_orders___grain_check__ (models/core/core_schema.yml)[0m
[2025-12-15T23:25:42.049+0000] {subprocess.py:93} INFO - [0m23:25:42    Database Error in test unique_fct_production_orders___grain_check__ (models/core/core_schema.yml)
[2025-12-15T23:25:42.050+0000] {subprocess.py:93} INFO -   000904 (42000): SQL compilation error: error line 13 at position 4
[2025-12-15T23:25:42.050+0000] {subprocess.py:93} INFO -   invalid identifier '__GRAIN_CHECK__'
[2025-12-15T23:25:42.051+0000] {subprocess.py:93} INFO -   compiled code at target/run/mfg_accelerator/models/core/core_schema.yml/unique_fct_production_orders___grain_check__.sql
[2025-12-15T23:25:42.051+0000] {subprocess.py:93} INFO - [0m23:25:42
[2025-12-15T23:25:42.052+0000] {subprocess.py:93} INFO - [0m23:25:42    compiled code at target/compiled/mfg_accelerator/models/core/core_schema.yml/unique_fct_production_orders___grain_check__.sql
[2025-12-15T23:25:42.053+0000] {subprocess.py:93} INFO - [0m23:25:42
[2025-12-15T23:25:42.054+0000] {subprocess.py:93} INFO - [0m23:25:42  [31mFailure in test unique_mfg_ml_features_orders_order_run_key (models/marts/marts_schema.yml)[0m
[2025-12-15T23:25:42.056+0000] {subprocess.py:93} INFO - [0m23:25:42    Database Error in test unique_mfg_ml_features_orders_order_run_key (models/marts/marts_schema.yml)
[2025-12-15T23:25:42.056+0000] {subprocess.py:93} INFO -   000904 (42000): SQL compilation error: error line 13 at position 4
[2025-12-15T23:25:42.057+0000] {subprocess.py:93} INFO -   invalid identifier 'ORDER_RUN_KEY'
[2025-12-15T23:25:42.057+0000] {subprocess.py:93} INFO -   compiled code at target/run/mfg_accelerator/models/marts/marts_schema.yml/unique_mfg_ml_features_orders_order_run_key.sql
[2025-12-15T23:25:42.058+0000] {subprocess.py:93} INFO - [0m23:25:42
[2025-12-15T23:25:42.058+0000] {subprocess.py:93} INFO - [0m23:25:42    compiled code at target/compiled/mfg_accelerator/models/marts/marts_schema.yml/unique_mfg_ml_features_orders_order_run_key.sql
[2025-12-15T23:25:42.060+0000] {subprocess.py:93} INFO - [0m23:25:42
[2025-12-15T23:25:42.061+0000] {subprocess.py:93} INFO - [0m23:25:42  [31mFailure in test unique_stg_batches_batch_id (models/staging/staging_schema.yml)[0m
[2025-12-15T23:25:42.062+0000] {subprocess.py:93} INFO - [0m23:25:42    Got 10000 results, configured to fail if != 0
[2025-12-15T23:25:42.063+0000] {subprocess.py:93} INFO - [0m23:25:42
[2025-12-15T23:25:42.064+0000] {subprocess.py:93} INFO - [0m23:25:42    compiled code at target/compiled/mfg_accelerator/models/staging/staging_schema.yml/unique_stg_batches_batch_id.sql
[2025-12-15T23:25:42.065+0000] {subprocess.py:93} INFO - [0m23:25:42
[2025-12-15T23:25:42.067+0000] {subprocess.py:93} INFO - [0m23:25:42  [31mFailure in test unique_stg_materials_material_id (models/staging/staging_schema.yml)[0m
[2025-12-15T23:25:42.068+0000] {subprocess.py:93} INFO - [0m23:25:42    Got 500 results, configured to fail if != 0
[2025-12-15T23:25:42.069+0000] {subprocess.py:93} INFO - [0m23:25:42
[2025-12-15T23:25:42.070+0000] {subprocess.py:93} INFO - [0m23:25:42    compiled code at target/compiled/mfg_accelerator/models/staging/staging_schema.yml/unique_stg_materials_material_id.sql
[2025-12-15T23:25:42.071+0000] {subprocess.py:93} INFO - [0m23:25:42
[2025-12-15T23:25:42.073+0000] {subprocess.py:93} INFO - [0m23:25:42  [31mFailure in test unique_stg_production_orders_order_id (models/staging/staging_schema.yml)[0m
[2025-12-15T23:25:42.074+0000] {subprocess.py:93} INFO - [0m23:25:42    Got 10000 results, configured to fail if != 0
[2025-12-15T23:25:42.075+0000] {subprocess.py:93} INFO - [0m23:25:42
[2025-12-15T23:25:42.077+0000] {subprocess.py:93} INFO - [0m23:25:42    compiled code at target/compiled/mfg_accelerator/models/staging/staging_schema.yml/unique_stg_production_orders_order_id.sql
[2025-12-15T23:25:42.078+0000] {subprocess.py:93} INFO - [0m23:25:42
[2025-12-15T23:25:42.080+0000] {subprocess.py:93} INFO - [0m23:25:42  Done. PASS=13 WARN=0 ERROR=16 SKIP=0 NO-OP=0 TOTAL=29
[2025-12-15T23:25:43.123+0000] {subprocess.py:97} INFO - Command exited with return code 1
[2025-12-15T23:25:43.124+0000] {taskinstance.py:441} INFO - ::group::Post task execution logs
[2025-12-15T23:25:43.132+0000] {taskinstance.py:2890} ERROR - Task failed with exception
Traceback (most recent call last):
  File "/home/airflow/.local/lib/python3.12/site-packages/airflow/models/taskinstance.py", line 460, in _execute_task
    result = _execute_callable(context=context, **execute_callable_kwargs)
             ^^^^^^^^^^^^^^^^^^^^^^^^^^^^^^^^^^^^^^^^^^^^^^^^^^^^^^^^^^^^^
  File "/home/airflow/.local/lib/python3.12/site-packages/airflow/models/taskinstance.py", line 432, in _execute_callable
    return execute_callable(context=context, **execute_callable_kwargs)
           ^^^^^^^^^^^^^^^^^^^^^^^^^^^^^^^^^^^^^^^^^^^^^^^^^^^^^^^^^^^^
  File "/home/airflow/.local/lib/python3.12/site-packages/airflow/models/baseoperator.py", line 400, in wrapper
    return func(self, *args, **kwargs)
           ^^^^^^^^^^^^^^^^^^^^^^^^^^^
  File "/home/airflow/.local/lib/python3.12/site-packages/airflow/operators/bash.py", line 243, in execute
    raise AirflowException(
airflow.exceptions.AirflowException: Bash command failed. The command returned a non-zero exit code 1.
[2025-12-15T23:25:43.136+0000] {taskinstance.py:1205} INFO - Marking task as UP_FOR_RETRY. dag_id=mfg_raw_ingestion_dag, task_id=dbt_test_all, execution_date=20251215T231328, start_date=20251215T232529, end_date=20251215T232543
[2025-12-15T23:25:43.149+0000] {standard_task_runner.py:110} ERROR - Failed to execute job 9 for task dbt_test_all (Bash command failed. The command returned a non-zero exit code 1.; 1196)
[2025-12-15T23:25:43.173+0000] {local_task_job_runner.py:240} INFO - Task exited with return code 1
[2025-12-15T23:25:43.191+0000] {taskinstance.py:3482} INFO - 0 downstream tasks scheduled from follow-on schedule check
[2025-12-15T23:25:43.196+0000] {local_task_job_runner.py:222} INFO - ::endgroup::
