[2025-12-15T13:30:19.215+0000] {local_task_job_runner.py:120} INFO - ::group::Pre task execution logs
[2025-12-15T13:30:19.246+0000] {taskinstance.py:2073} INFO - Dependencies all met for dep_context=non-requeueable deps ti=<TaskInstance: mfg_raw_ingestion_dag.ingest_raw_to_snowflake scheduled__2025-12-14T04:00:00+00:00 [queued]>
[2025-12-15T13:30:19.253+0000] {taskinstance.py:2073} INFO - Dependencies all met for dep_context=requeueable deps ti=<TaskInstance: mfg_raw_ingestion_dag.ingest_raw_to_snowflake scheduled__2025-12-14T04:00:00+00:00 [queued]>
[2025-12-15T13:30:19.254+0000] {taskinstance.py:2303} INFO - Starting attempt 2 of 3
[2025-12-15T13:30:19.270+0000] {taskinstance.py:2327} INFO - Executing <Task(BashOperator): ingest_raw_to_snowflake> on 2025-12-14 04:00:00+00:00
[2025-12-15T13:30:19.276+0000] {standard_task_runner.py:90} INFO - Running: ['***', 'tasks', 'run', 'mfg_raw_ingestion_dag', 'ingest_raw_to_snowflake', 'scheduled__2025-12-14T04:00:00+00:00', '--job-id', '19', '--raw', '--subdir', 'DAGS_FOLDER/mfg_raw_ingestion_dag.py', '--cfg-path', '/tmp/tmp3vxfqjno']
[2025-12-15T13:30:19.279+0000] {standard_task_runner.py:91} INFO - Job 19: Subtask ingest_raw_to_snowflake
[2025-12-15T13:30:19.280+0000] {logging_mixin.py:188} WARNING - /home/***/.local/lib/python3.12/site-packages/***/task/task_runner/standard_task_runner.py:61 DeprecationWarning: This process (pid=436) is multi-threaded, use of fork() may lead to deadlocks in the child.
[2025-12-15T13:30:19.281+0000] {standard_task_runner.py:63} INFO - Started process 437 to run task
[2025-12-15T13:30:19.333+0000] {task_command.py:426} INFO - Running <TaskInstance: mfg_raw_ingestion_dag.ingest_raw_to_snowflake scheduled__2025-12-14T04:00:00+00:00 [running]> on host 3799fda194bc
[2025-12-15T13:30:19.410+0000] {taskinstance.py:2644} INFO - Exporting env vars: AIRFLOW_CTX_DAG_OWNER='data-engineering' AIRFLOW_CTX_DAG_ID='mfg_raw_ingestion_dag' AIRFLOW_CTX_TASK_ID='ingest_raw_to_snowflake' AIRFLOW_CTX_EXECUTION_DATE='2025-12-14T04:00:00+00:00' AIRFLOW_CTX_TRY_NUMBER='2' AIRFLOW_CTX_DAG_RUN_ID='scheduled__2025-12-14T04:00:00+00:00'
[2025-12-15T13:30:19.411+0000] {taskinstance.py:430} INFO - ::endgroup::
[2025-12-15T13:30:19.426+0000] {subprocess.py:63} INFO - Tmp dir root location: /tmp
[2025-12-15T13:30:19.427+0000] {subprocess.py:75} INFO - Running command: ['/usr/bin/bash', '-c', 'set -euo pipefail; python /opt/***/ingestion/python/load_raw_to_snowflake.py']
[2025-12-15T13:30:19.435+0000] {subprocess.py:86} INFO - Output:
[2025-12-15T13:30:21.016+0000] {subprocess.py:93} INFO - [INFO] 2025-12-15 13:30:21 - Loaded environment variables from /opt/***/.env
[2025-12-15T13:30:21.017+0000] {subprocess.py:93} INFO - [INFO] 2025-12-15 13:30:21 - Connecting to Snowflake...
[2025-12-15T13:30:22.389+0000] {subprocess.py:93} INFO - [INFO] 2025-12-15 13:30:22 - Starting RAW load. load_run_id=36e8a5f8-113d-4f0f-8c44-199f86d7e94a
[2025-12-15T13:30:22.397+0000] {subprocess.py:93} INFO - [INFO] 2025-12-15 13:30:22 - Ensuring RAW tables exist (append-only, run-aware)...
[2025-12-15T13:30:23.717+0000] {subprocess.py:93} INFO - [INFO] 2025-12-15 13:30:23 - Read 500 rows from materials.csv
[2025-12-15T13:30:23.743+0000] {subprocess.py:93} INFO - [INFO] 2025-12-15 13:30:23 - Read 10,000 rows from batches.csv
[2025-12-15T13:30:23.771+0000] {subprocess.py:93} INFO - [INFO] 2025-12-15 13:30:23 - Read 10,000 rows from production_orders.csv
[2025-12-15T13:30:29.050+0000] {subprocess.py:93} INFO - [INFO] 2025-12-15 13:30:29 - Snowflake connection closed
[2025-12-15T13:30:29.050+0000] {subprocess.py:93} INFO - Traceback (most recent call last):
[2025-12-15T13:30:29.051+0000] {subprocess.py:93} INFO -   File "/opt/***/ingestion/python/load_raw_to_snowflake.py", line 209, in load_df
[2025-12-15T13:30:29.055+0000] {subprocess.py:93} INFO -     rows_read,
[2025-12-15T13:30:29.056+0000] {subprocess.py:93} INFO -     ^^^^^^^^^
[2025-12-15T13:30:29.056+0000] {subprocess.py:93} INFO - NameError: name 'rows_read' is not defined
[2025-12-15T13:30:29.057+0000] {subprocess.py:93} INFO - 
[2025-12-15T13:30:29.058+0000] {subprocess.py:93} INFO - During handling of the above exception, another exception occurred:
[2025-12-15T13:30:29.058+0000] {subprocess.py:93} INFO - 
[2025-12-15T13:30:29.059+0000] {subprocess.py:93} INFO - Traceback (most recent call last):
[2025-12-15T13:30:29.059+0000] {subprocess.py:93} INFO -   File "/opt/***/ingestion/python/load_raw_to_snowflake.py", line 262, in <module>
[2025-12-15T13:30:29.060+0000] {subprocess.py:93} INFO -     main()
[2025-12-15T13:30:29.060+0000] {subprocess.py:93} INFO -   File "/opt/***/ingestion/python/load_raw_to_snowflake.py", line 249, in main
[2025-12-15T13:30:29.063+0000] {subprocess.py:93} INFO -     load_df(conn, cursor, mats, "MATERIALS", load_run_id)
[2025-12-15T13:30:29.063+0000] {subprocess.py:93} INFO -   File "/opt/***/ingestion/python/load_raw_to_snowflake.py", line 223, in load_df
[2025-12-15T13:30:29.065+0000] {subprocess.py:93} INFO -     (load_run_id, table, rows_read, str(e)),
[2025-12-15T13:30:29.065+0000] {subprocess.py:93} INFO -                          ^^^^^^^^^
[2025-12-15T13:30:29.066+0000] {subprocess.py:93} INFO - NameError: name 'rows_read' is not defined
[2025-12-15T13:30:29.219+0000] {subprocess.py:97} INFO - Command exited with return code 1
[2025-12-15T13:30:29.220+0000] {taskinstance.py:441} INFO - ::group::Post task execution logs
[2025-12-15T13:30:29.230+0000] {taskinstance.py:2890} ERROR - Task failed with exception
Traceback (most recent call last):
  File "/home/airflow/.local/lib/python3.12/site-packages/airflow/models/taskinstance.py", line 460, in _execute_task
    result = _execute_callable(context=context, **execute_callable_kwargs)
             ^^^^^^^^^^^^^^^^^^^^^^^^^^^^^^^^^^^^^^^^^^^^^^^^^^^^^^^^^^^^^
  File "/home/airflow/.local/lib/python3.12/site-packages/airflow/models/taskinstance.py", line 432, in _execute_callable
    return execute_callable(context=context, **execute_callable_kwargs)
           ^^^^^^^^^^^^^^^^^^^^^^^^^^^^^^^^^^^^^^^^^^^^^^^^^^^^^^^^^^^^
  File "/home/airflow/.local/lib/python3.12/site-packages/airflow/models/baseoperator.py", line 400, in wrapper
    return func(self, *args, **kwargs)
           ^^^^^^^^^^^^^^^^^^^^^^^^^^^
  File "/home/airflow/.local/lib/python3.12/site-packages/airflow/operators/bash.py", line 243, in execute
    raise AirflowException(
airflow.exceptions.AirflowException: Bash command failed. The command returned a non-zero exit code 1.
[2025-12-15T13:30:29.234+0000] {taskinstance.py:1205} INFO - Marking task as UP_FOR_RETRY. dag_id=mfg_raw_ingestion_dag, task_id=ingest_raw_to_snowflake, execution_date=20251214T040000, start_date=20251215T133019, end_date=20251215T133029
[2025-12-15T13:30:29.247+0000] {standard_task_runner.py:110} ERROR - Failed to execute job 19 for task ingest_raw_to_snowflake (Bash command failed. The command returned a non-zero exit code 1.; 437)
[2025-12-15T13:30:29.278+0000] {local_task_job_runner.py:240} INFO - Task exited with return code 1
[2025-12-15T13:30:29.295+0000] {taskinstance.py:3482} INFO - 0 downstream tasks scheduled from follow-on schedule check
[2025-12-15T13:30:29.299+0000] {local_task_job_runner.py:222} INFO - ::endgroup::
