[2025-12-15T13:25:05.649+0000] {local_task_job_runner.py:120} INFO - ::group::Pre task execution logs
[2025-12-15T13:25:05.722+0000] {taskinstance.py:2073} INFO - Dependencies all met for dep_context=non-requeueable deps ti=<TaskInstance: mfg_raw_ingestion_dag.ingest_raw_to_snowflake scheduled__2025-12-14T04:00:00+00:00 [queued]>
[2025-12-15T13:25:05.740+0000] {taskinstance.py:2073} INFO - Dependencies all met for dep_context=requeueable deps ti=<TaskInstance: mfg_raw_ingestion_dag.ingest_raw_to_snowflake scheduled__2025-12-14T04:00:00+00:00 [queued]>
[2025-12-15T13:25:05.742+0000] {taskinstance.py:2303} INFO - Starting attempt 1 of 3
[2025-12-15T13:25:05.773+0000] {taskinstance.py:2327} INFO - Executing <Task(BashOperator): ingest_raw_to_snowflake> on 2025-12-14 04:00:00+00:00
[2025-12-15T13:25:05.787+0000] {standard_task_runner.py:90} INFO - Running: ['***', 'tasks', 'run', 'mfg_raw_ingestion_dag', 'ingest_raw_to_snowflake', 'scheduled__2025-12-14T04:00:00+00:00', '--job-id', '18', '--raw', '--subdir', 'DAGS_FOLDER/mfg_raw_ingestion_dag.py', '--cfg-path', '/tmp/tmpz5990_jz']
[2025-12-15T13:25:05.793+0000] {standard_task_runner.py:91} INFO - Job 18: Subtask ingest_raw_to_snowflake
[2025-12-15T13:25:05.795+0000] {logging_mixin.py:188} WARNING - /home/***/.local/lib/python3.12/site-packages/***/task/task_runner/standard_task_runner.py:61 DeprecationWarning: This process (pid=184) is multi-threaded, use of fork() may lead to deadlocks in the child.
[2025-12-15T13:25:05.798+0000] {standard_task_runner.py:63} INFO - Started process 196 to run task
[2025-12-15T13:25:05.890+0000] {task_command.py:426} INFO - Running <TaskInstance: mfg_raw_ingestion_dag.ingest_raw_to_snowflake scheduled__2025-12-14T04:00:00+00:00 [running]> on host 3799fda194bc
[2025-12-15T13:25:06.091+0000] {taskinstance.py:2644} INFO - Exporting env vars: AIRFLOW_CTX_DAG_OWNER='data-engineering' AIRFLOW_CTX_DAG_ID='mfg_raw_ingestion_dag' AIRFLOW_CTX_TASK_ID='ingest_raw_to_snowflake' AIRFLOW_CTX_EXECUTION_DATE='2025-12-14T04:00:00+00:00' AIRFLOW_CTX_TRY_NUMBER='1' AIRFLOW_CTX_DAG_RUN_ID='scheduled__2025-12-14T04:00:00+00:00'
[2025-12-15T13:25:06.094+0000] {taskinstance.py:430} INFO - ::endgroup::
[2025-12-15T13:25:06.147+0000] {subprocess.py:63} INFO - Tmp dir root location: /tmp
[2025-12-15T13:25:06.150+0000] {subprocess.py:75} INFO - Running command: ['/usr/bin/bash', '-c', 'set -euo pipefail; python /opt/***/ingestion/python/load_raw_to_snowflake.py']
[2025-12-15T13:25:06.171+0000] {subprocess.py:86} INFO - Output:
[2025-12-15T13:25:09.995+0000] {subprocess.py:93} INFO - [INFO] 2025-12-15 13:25:09 - Loaded environment variables from /opt/***/.env
[2025-12-15T13:25:09.996+0000] {subprocess.py:93} INFO - [INFO] 2025-12-15 13:25:09 - Connecting to Snowflake...
[2025-12-15T13:25:11.729+0000] {subprocess.py:93} INFO - [INFO] 2025-12-15 13:25:11 - Starting RAW load. load_run_id=a470f234-4691-4598-a5db-d3f8d5760a3c
[2025-12-15T13:25:11.739+0000] {subprocess.py:93} INFO - [INFO] 2025-12-15 13:25:11 - Ensuring RAW tables exist (append-only, run-aware)...
[2025-12-15T13:25:13.290+0000] {subprocess.py:93} INFO - [INFO] 2025-12-15 13:25:13 - Read 500 rows from materials.csv
[2025-12-15T13:25:13.326+0000] {subprocess.py:93} INFO - [INFO] 2025-12-15 13:25:13 - Read 10,000 rows from batches.csv
[2025-12-15T13:25:13.370+0000] {subprocess.py:93} INFO - [INFO] 2025-12-15 13:25:13 - Read 10,000 rows from production_orders.csv
[2025-12-15T13:25:17.776+0000] {subprocess.py:93} INFO - [INFO] 2025-12-15 13:25:17 - Snowflake connection closed
[2025-12-15T13:25:17.777+0000] {subprocess.py:93} INFO - Traceback (most recent call last):
[2025-12-15T13:25:17.778+0000] {subprocess.py:93} INFO -   File "/opt/***/ingestion/python/load_raw_to_snowflake.py", line 209, in load_df
[2025-12-15T13:25:17.782+0000] {subprocess.py:93} INFO -     rows_read,
[2025-12-15T13:25:17.782+0000] {subprocess.py:93} INFO -     ^^^^^^^^^
[2025-12-15T13:25:17.783+0000] {subprocess.py:93} INFO - NameError: name 'rows_read' is not defined
[2025-12-15T13:25:17.783+0000] {subprocess.py:93} INFO - 
[2025-12-15T13:25:17.784+0000] {subprocess.py:93} INFO - During handling of the above exception, another exception occurred:
[2025-12-15T13:25:17.784+0000] {subprocess.py:93} INFO - 
[2025-12-15T13:25:17.785+0000] {subprocess.py:93} INFO - Traceback (most recent call last):
[2025-12-15T13:25:17.785+0000] {subprocess.py:93} INFO -   File "/opt/***/ingestion/python/load_raw_to_snowflake.py", line 262, in <module>
[2025-12-15T13:25:17.786+0000] {subprocess.py:93} INFO -     main()
[2025-12-15T13:25:17.787+0000] {subprocess.py:93} INFO -   File "/opt/***/ingestion/python/load_raw_to_snowflake.py", line 249, in main
[2025-12-15T13:25:17.790+0000] {subprocess.py:93} INFO -     load_df(conn, cursor, mats, "MATERIALS", load_run_id)
[2025-12-15T13:25:17.791+0000] {subprocess.py:93} INFO -   File "/opt/***/ingestion/python/load_raw_to_snowflake.py", line 223, in load_df
[2025-12-15T13:25:17.794+0000] {subprocess.py:93} INFO -     (load_run_id, table, rows_read, str(e)),
[2025-12-15T13:25:17.794+0000] {subprocess.py:93} INFO -                          ^^^^^^^^^
[2025-12-15T13:25:17.794+0000] {subprocess.py:93} INFO - NameError: name 'rows_read' is not defined
[2025-12-15T13:25:17.944+0000] {subprocess.py:97} INFO - Command exited with return code 1
[2025-12-15T13:25:17.944+0000] {taskinstance.py:441} INFO - ::group::Post task execution logs
[2025-12-15T13:25:17.952+0000] {taskinstance.py:2890} ERROR - Task failed with exception
Traceback (most recent call last):
  File "/home/airflow/.local/lib/python3.12/site-packages/airflow/models/taskinstance.py", line 460, in _execute_task
    result = _execute_callable(context=context, **execute_callable_kwargs)
             ^^^^^^^^^^^^^^^^^^^^^^^^^^^^^^^^^^^^^^^^^^^^^^^^^^^^^^^^^^^^^
  File "/home/airflow/.local/lib/python3.12/site-packages/airflow/models/taskinstance.py", line 432, in _execute_callable
    return execute_callable(context=context, **execute_callable_kwargs)
           ^^^^^^^^^^^^^^^^^^^^^^^^^^^^^^^^^^^^^^^^^^^^^^^^^^^^^^^^^^^^
  File "/home/airflow/.local/lib/python3.12/site-packages/airflow/models/baseoperator.py", line 400, in wrapper
    return func(self, *args, **kwargs)
           ^^^^^^^^^^^^^^^^^^^^^^^^^^^
  File "/home/airflow/.local/lib/python3.12/site-packages/airflow/operators/bash.py", line 243, in execute
    raise AirflowException(
airflow.exceptions.AirflowException: Bash command failed. The command returned a non-zero exit code 1.
[2025-12-15T13:25:17.958+0000] {taskinstance.py:1205} INFO - Marking task as UP_FOR_RETRY. dag_id=mfg_raw_ingestion_dag, task_id=ingest_raw_to_snowflake, execution_date=20251214T040000, start_date=20251215T132505, end_date=20251215T132517
[2025-12-15T13:25:18.370+0000] {standard_task_runner.py:110} ERROR - Failed to execute job 18 for task ingest_raw_to_snowflake (Bash command failed. The command returned a non-zero exit code 1.; 196)
[2025-12-15T13:25:18.407+0000] {local_task_job_runner.py:240} INFO - Task exited with return code 1
[2025-12-15T13:25:18.425+0000] {taskinstance.py:3482} INFO - 0 downstream tasks scheduled from follow-on schedule check
[2025-12-15T13:25:18.430+0000] {local_task_job_runner.py:222} INFO - ::endgroup::
[2025-12-15T21:03:22.406+0000] {local_task_job_runner.py:120} INFO - ::group::Pre task execution logs
[2025-12-15T21:03:22.484+0000] {taskinstance.py:2073} INFO - Dependencies all met for dep_context=non-requeueable deps ti=<TaskInstance: mfg_raw_ingestion_dag.ingest_raw_to_snowflake scheduled__2025-12-14T04:00:00+00:00 [queued]>
[2025-12-15T21:03:22.507+0000] {taskinstance.py:2073} INFO - Dependencies all met for dep_context=requeueable deps ti=<TaskInstance: mfg_raw_ingestion_dag.ingest_raw_to_snowflake scheduled__2025-12-14T04:00:00+00:00 [queued]>
[2025-12-15T21:03:22.508+0000] {taskinstance.py:2303} INFO - Starting attempt 1 of 3
[2025-12-15T21:03:22.538+0000] {taskinstance.py:2327} INFO - Executing <Task(BashOperator): ingest_raw_to_snowflake> on 2025-12-14 04:00:00+00:00
[2025-12-15T21:03:22.553+0000] {logging_mixin.py:188} WARNING - /home/***/.local/lib/python3.12/site-packages/***/task/task_runner/standard_task_runner.py:61 DeprecationWarning: This process (pid=350) is multi-threaded, use of fork() may lead to deadlocks in the child.
[2025-12-15T21:03:22.550+0000] {standard_task_runner.py:90} INFO - Running: ['***', 'tasks', 'run', 'mfg_raw_ingestion_dag', 'ingest_raw_to_snowflake', 'scheduled__2025-12-14T04:00:00+00:00', '--job-id', '2', '--raw', '--subdir', 'DAGS_FOLDER/mfg_raw_ingestion_dag.py', '--cfg-path', '/tmp/tmp6q205cj5']
[2025-12-15T21:03:22.555+0000] {standard_task_runner.py:63} INFO - Started process 351 to run task
[2025-12-15T21:03:22.555+0000] {standard_task_runner.py:91} INFO - Job 2: Subtask ingest_raw_to_snowflake
[2025-12-15T21:03:22.621+0000] {task_command.py:426} INFO - Running <TaskInstance: mfg_raw_ingestion_dag.ingest_raw_to_snowflake scheduled__2025-12-14T04:00:00+00:00 [running]> on host 36071aea49b2
[2025-12-15T21:03:22.714+0000] {taskinstance.py:2644} INFO - Exporting env vars: AIRFLOW_CTX_DAG_OWNER='data-engineering' AIRFLOW_CTX_DAG_ID='mfg_raw_ingestion_dag' AIRFLOW_CTX_TASK_ID='ingest_raw_to_snowflake' AIRFLOW_CTX_EXECUTION_DATE='2025-12-14T04:00:00+00:00' AIRFLOW_CTX_TRY_NUMBER='1' AIRFLOW_CTX_DAG_RUN_ID='scheduled__2025-12-14T04:00:00+00:00'
[2025-12-15T21:03:22.715+0000] {taskinstance.py:430} INFO - ::endgroup::
[2025-12-15T21:03:22.802+0000] {subprocess.py:63} INFO - Tmp dir root location: /tmp
[2025-12-15T21:03:22.804+0000] {subprocess.py:75} INFO - Running command: ['/usr/bin/bash', '-c', 'set -euo pipefail; python /opt/***/ingestion/python/load_raw_to_snowflake.py']
[2025-12-15T21:03:22.817+0000] {subprocess.py:86} INFO - Output:
[2025-12-15T21:03:24.542+0000] {subprocess.py:93} INFO - [INFO] 2025-12-15 21:03:24 - Loaded environment variables from /opt/***/.env
[2025-12-15T21:03:24.548+0000] {subprocess.py:93} INFO - [INFO] 2025-12-15 21:03:24 - Starting RAW load. load_id=7e78b99f-c9a0-4d2a-b066-b08e6d227d13
[2025-12-15T21:03:24.548+0000] {subprocess.py:93} INFO - [INFO] 2025-12-15 21:03:24 - Using data directory: /opt/***/data/raw/source_system
[2025-12-15T21:03:24.549+0000] {subprocess.py:93} INFO - [INFO] 2025-12-15 21:03:24 - Connecting to Snowflake...
[2025-12-15T21:03:27.135+0000] {subprocess.py:93} INFO - [INFO] 2025-12-15 21:03:27 - Ensuring RAW tables exist...
[2025-12-15T21:03:29.568+0000] {subprocess.py:93} INFO - [INFO] 2025-12-15 21:03:29 - Ensuring run-aware columns exist (LOAD_RUN_ID, LOADED_AT)...
[2025-12-15T21:03:31.160+0000] {subprocess.py:93} INFO - [INFO] 2025-12-15 21:03:31 - RAW tables are ready (run-aware).
[2025-12-15T21:03:31.160+0000] {subprocess.py:93} INFO - [INFO] 2025-12-15 21:03:31 - Ensuring RAW_LOAD_AUDIT table exists...
[2025-12-15T21:03:31.436+0000] {subprocess.py:93} INFO - [INFO] 2025-12-15 21:03:31 - RAW_LOAD_AUDIT is ready.
[2025-12-15T21:03:31.449+0000] {subprocess.py:93} INFO - [INFO] 2025-12-15 21:03:31 - Read 500 rows from materials.csv
[2025-12-15T21:03:31.475+0000] {subprocess.py:93} INFO - [INFO] 2025-12-15 21:03:31 - Read 10,000 rows from batches.csv
[2025-12-15T21:03:31.507+0000] {subprocess.py:93} INFO - [INFO] 2025-12-15 21:03:31 - Read 10,000 rows from production_orders.csv
[2025-12-15T21:03:37.678+0000] {subprocess.py:93} INFO - [INFO] 2025-12-15 21:03:37 - [MATERIALS] Loaded 500 rows. load_id=7e78b99f-c9a0-4d2a-b066-b08e6d227d13
[2025-12-15T21:03:43.497+0000] {subprocess.py:93} INFO - [INFO] 2025-12-15 21:03:43 - [BATCHES] Loaded 10,000 rows. load_id=7e78b99f-c9a0-4d2a-b066-b08e6d227d13
[2025-12-15T21:03:48.240+0000] {subprocess.py:93} INFO - [INFO] 2025-12-15 21:03:48 - [PRODUCTION_ORDERS] Loaded 10,000 rows. load_id=7e78b99f-c9a0-4d2a-b066-b08e6d227d13
[2025-12-15T21:03:48.246+0000] {subprocess.py:93} INFO - [INFO] 2025-12-15 21:03:48 - RAW ingestion completed successfully.
[2025-12-15T21:03:48.247+0000] {subprocess.py:93} INFO - [INFO] 2025-12-15 21:03:48 - load_id=7e78b99f-c9a0-4d2a-b066-b08e6d227d13
[2025-12-15T21:03:48.719+0000] {subprocess.py:93} INFO - [INFO] 2025-12-15 21:03:48 - Snowflake connection closed.
[2025-12-15T21:03:48.869+0000] {subprocess.py:97} INFO - Command exited with return code 0
[2025-12-15T21:03:48.871+0000] {taskinstance.py:441} INFO - ::group::Post task execution logs
[2025-12-15T21:03:48.899+0000] {taskinstance.py:1205} INFO - Marking task as SUCCESS. dag_id=mfg_raw_ingestion_dag, task_id=ingest_raw_to_snowflake, execution_date=20251214T040000, start_date=20251215T210322, end_date=20251215T210348
[2025-12-15T21:03:48.939+0000] {local_task_job_runner.py:240} INFO - Task exited with return code 0
[2025-12-15T21:03:48.968+0000] {taskinstance.py:3482} INFO - 1 downstream tasks scheduled from follow-on schedule check
[2025-12-15T21:03:48.973+0000] {local_task_job_runner.py:222} INFO - ::endgroup::
[2025-12-15T22:51:58.692+0000] {local_task_job_runner.py:120} INFO - ::group::Pre task execution logs
[2025-12-15T22:51:58.724+0000] {taskinstance.py:2073} INFO - Dependencies all met for dep_context=non-requeueable deps ti=<TaskInstance: mfg_raw_ingestion_dag.ingest_raw_to_snowflake scheduled__2025-12-14T04:00:00+00:00 [queued]>
[2025-12-15T22:51:58.733+0000] {taskinstance.py:2073} INFO - Dependencies all met for dep_context=requeueable deps ti=<TaskInstance: mfg_raw_ingestion_dag.ingest_raw_to_snowflake scheduled__2025-12-14T04:00:00+00:00 [queued]>
[2025-12-15T22:51:58.734+0000] {taskinstance.py:2303} INFO - Starting attempt 1 of 3
[2025-12-15T22:51:58.749+0000] {taskinstance.py:2327} INFO - Executing <Task(BashOperator): ingest_raw_to_snowflake> on 2025-12-14 04:00:00+00:00
[2025-12-15T22:51:58.757+0000] {standard_task_runner.py:90} INFO - Running: ['***', 'tasks', 'run', 'mfg_raw_ingestion_dag', 'ingest_raw_to_snowflake', 'scheduled__2025-12-14T04:00:00+00:00', '--job-id', '9', '--raw', '--subdir', 'DAGS_FOLDER/mfg_raw_ingestion_dag.py', '--cfg-path', '/tmp/tmpxafy66ot']
[2025-12-15T22:51:58.761+0000] {standard_task_runner.py:91} INFO - Job 9: Subtask ingest_raw_to_snowflake
[2025-12-15T22:51:58.761+0000] {logging_mixin.py:188} WARNING - /home/***/.local/lib/python3.12/site-packages/***/task/task_runner/standard_task_runner.py:61 DeprecationWarning: This process (pid=1287) is multi-threaded, use of fork() may lead to deadlocks in the child.
[2025-12-15T22:51:58.762+0000] {standard_task_runner.py:63} INFO - Started process 1288 to run task
[2025-12-15T22:51:58.817+0000] {task_command.py:426} INFO - Running <TaskInstance: mfg_raw_ingestion_dag.ingest_raw_to_snowflake scheduled__2025-12-14T04:00:00+00:00 [running]> on host 36071aea49b2
[2025-12-15T22:51:58.904+0000] {taskinstance.py:2644} INFO - Exporting env vars: AIRFLOW_CTX_DAG_OWNER='data-engineering' AIRFLOW_CTX_DAG_ID='mfg_raw_ingestion_dag' AIRFLOW_CTX_TASK_ID='ingest_raw_to_snowflake' AIRFLOW_CTX_EXECUTION_DATE='2025-12-14T04:00:00+00:00' AIRFLOW_CTX_TRY_NUMBER='1' AIRFLOW_CTX_DAG_RUN_ID='scheduled__2025-12-14T04:00:00+00:00'
[2025-12-15T22:51:58.905+0000] {taskinstance.py:430} INFO - ::endgroup::
[2025-12-15T22:51:58.922+0000] {subprocess.py:63} INFO - Tmp dir root location: /tmp
[2025-12-15T22:51:58.924+0000] {subprocess.py:75} INFO - Running command: ['/usr/bin/bash', '-c', 'set -euo pipefail; python /opt/***/ingestion/python/load_raw_to_snowflake.py']
[2025-12-15T22:51:58.933+0000] {subprocess.py:86} INFO - Output:
[2025-12-15T22:52:00.163+0000] {subprocess.py:93} INFO - [INFO] 2025-12-15 22:52:00 - Loaded environment variables from /opt/***/.env
[2025-12-15T22:52:00.166+0000] {subprocess.py:93} INFO - [INFO] 2025-12-15 22:52:00 - Starting RAW load. load_id=4750178c-c72d-4c08-a0e3-2088f4f7651a
[2025-12-15T22:52:00.166+0000] {subprocess.py:93} INFO - [INFO] 2025-12-15 22:52:00 - Using data directory: /opt/***/data/raw/source_system
[2025-12-15T22:52:00.167+0000] {subprocess.py:93} INFO - [INFO] 2025-12-15 22:52:00 - Connecting to Snowflake...
[2025-12-15T22:52:01.962+0000] {subprocess.py:93} INFO - [INFO] 2025-12-15 22:52:01 - Ensuring RAW tables exist...
[2025-12-15T22:52:02.936+0000] {subprocess.py:93} INFO - [INFO] 2025-12-15 22:52:02 - Ensuring run-aware columns exist (LOAD_RUN_ID, LOADED_AT)...
[2025-12-15T22:52:04.444+0000] {subprocess.py:93} INFO - [INFO] 2025-12-15 22:52:04 - RAW tables are ready (run-aware).
[2025-12-15T22:52:04.444+0000] {subprocess.py:93} INFO - [INFO] 2025-12-15 22:52:04 - Ensuring RAW_LOAD_AUDIT table exists...
[2025-12-15T22:52:04.859+0000] {subprocess.py:93} INFO - [INFO] 2025-12-15 22:52:04 - RAW_LOAD_AUDIT is ready.
[2025-12-15T22:52:04.871+0000] {subprocess.py:93} INFO - [INFO] 2025-12-15 22:52:04 - Read 500 rows from materials.csv
[2025-12-15T22:52:04.898+0000] {subprocess.py:93} INFO - [INFO] 2025-12-15 22:52:04 - Read 10,000 rows from batches.csv
[2025-12-15T22:52:04.944+0000] {subprocess.py:93} INFO - [INFO] 2025-12-15 22:52:04 - Read 10,000 rows from production_orders.csv
[2025-12-15T22:52:10.330+0000] {subprocess.py:93} INFO - [INFO] 2025-12-15 22:52:10 - [MATERIALS] Loaded 500 rows. load_id=4750178c-c72d-4c08-a0e3-2088f4f7651a
[2025-12-15T22:52:14.896+0000] {subprocess.py:93} INFO - [INFO] 2025-12-15 22:52:14 - [BATCHES] Loaded 10,000 rows. load_id=4750178c-c72d-4c08-a0e3-2088f4f7651a
[2025-12-15T22:52:19.401+0000] {subprocess.py:93} INFO - [INFO] 2025-12-15 22:52:19 - [PRODUCTION_ORDERS] Loaded 10,000 rows. load_id=4750178c-c72d-4c08-a0e3-2088f4f7651a
[2025-12-15T22:52:19.405+0000] {subprocess.py:93} INFO - [INFO] 2025-12-15 22:52:19 - RAW ingestion completed successfully.
[2025-12-15T22:52:19.406+0000] {subprocess.py:93} INFO - [INFO] 2025-12-15 22:52:19 - load_id=4750178c-c72d-4c08-a0e3-2088f4f7651a
[2025-12-15T22:52:19.839+0000] {subprocess.py:93} INFO - [INFO] 2025-12-15 22:52:19 - Snowflake connection closed.
[2025-12-15T22:52:19.983+0000] {subprocess.py:97} INFO - Command exited with return code 0
[2025-12-15T22:52:19.984+0000] {taskinstance.py:441} INFO - ::group::Post task execution logs
[2025-12-15T22:52:20.007+0000] {taskinstance.py:1205} INFO - Marking task as SUCCESS. dag_id=mfg_raw_ingestion_dag, task_id=ingest_raw_to_snowflake, execution_date=20251214T040000, start_date=20251215T225158, end_date=20251215T225220
[2025-12-15T22:52:20.057+0000] {local_task_job_runner.py:240} INFO - Task exited with return code 0
[2025-12-15T22:52:20.077+0000] {taskinstance.py:3482} INFO - 1 downstream tasks scheduled from follow-on schedule check
[2025-12-15T22:52:20.082+0000] {local_task_job_runner.py:222} INFO - ::endgroup::
[2025-12-15T23:13:29.317+0000] {local_task_job_runner.py:120} INFO - ::group::Pre task execution logs
[2025-12-15T23:13:29.350+0000] {taskinstance.py:2073} INFO - Dependencies all met for dep_context=non-requeueable deps ti=<TaskInstance: mfg_raw_ingestion_dag.ingest_raw_to_snowflake scheduled__2025-12-14T04:00:00+00:00 [queued]>
[2025-12-15T23:13:29.360+0000] {taskinstance.py:2073} INFO - Dependencies all met for dep_context=requeueable deps ti=<TaskInstance: mfg_raw_ingestion_dag.ingest_raw_to_snowflake scheduled__2025-12-14T04:00:00+00:00 [queued]>
[2025-12-15T23:13:29.361+0000] {taskinstance.py:2303} INFO - Starting attempt 1 of 3
[2025-12-15T23:13:29.376+0000] {taskinstance.py:2327} INFO - Executing <Task(BashOperator): ingest_raw_to_snowflake> on 2025-12-14 04:00:00+00:00
[2025-12-15T23:13:29.382+0000] {standard_task_runner.py:90} INFO - Running: ['***', 'tasks', 'run', 'mfg_raw_ingestion_dag', 'ingest_raw_to_snowflake', 'scheduled__2025-12-14T04:00:00+00:00', '--job-id', '2', '--raw', '--subdir', 'DAGS_FOLDER/mfg_raw_ingestion_dag.py', '--cfg-path', '/tmp/tmpp1996mvy']
[2025-12-15T23:13:29.386+0000] {standard_task_runner.py:91} INFO - Job 2: Subtask ingest_raw_to_snowflake
[2025-12-15T23:13:29.387+0000] {logging_mixin.py:188} WARNING - /home/***/.local/lib/python3.12/site-packages/***/task/task_runner/standard_task_runner.py:61 DeprecationWarning: This process (pid=482) is multi-threaded, use of fork() may lead to deadlocks in the child.
[2025-12-15T23:13:29.388+0000] {standard_task_runner.py:63} INFO - Started process 483 to run task
[2025-12-15T23:13:29.445+0000] {task_command.py:426} INFO - Running <TaskInstance: mfg_raw_ingestion_dag.ingest_raw_to_snowflake scheduled__2025-12-14T04:00:00+00:00 [running]> on host 7f6a70788018
[2025-12-15T23:13:29.535+0000] {taskinstance.py:2644} INFO - Exporting env vars: AIRFLOW_CTX_DAG_OWNER='data-engineering' AIRFLOW_CTX_DAG_ID='mfg_raw_ingestion_dag' AIRFLOW_CTX_TASK_ID='ingest_raw_to_snowflake' AIRFLOW_CTX_EXECUTION_DATE='2025-12-14T04:00:00+00:00' AIRFLOW_CTX_TRY_NUMBER='1' AIRFLOW_CTX_DAG_RUN_ID='scheduled__2025-12-14T04:00:00+00:00'
[2025-12-15T23:13:29.537+0000] {taskinstance.py:430} INFO - ::endgroup::
[2025-12-15T23:13:29.571+0000] {subprocess.py:63} INFO - Tmp dir root location: /tmp
[2025-12-15T23:13:29.572+0000] {subprocess.py:75} INFO - Running command: ['/usr/bin/bash', '-c', 'set -euo pipefail; python /opt/***/ingestion/python/load_raw_to_snowflake.py']
[2025-12-15T23:13:29.582+0000] {subprocess.py:86} INFO - Output:
[2025-12-15T23:13:32.155+0000] {subprocess.py:93} INFO - [INFO] 2025-12-15 23:13:32 - Loaded environment variables from /opt/***/.env
[2025-12-15T23:13:32.163+0000] {subprocess.py:93} INFO - [INFO] 2025-12-15 23:13:32 - Starting RAW load. load_id=cdfc5492-7085-4974-aef1-284de2ef6254
[2025-12-15T23:13:32.164+0000] {subprocess.py:93} INFO - [INFO] 2025-12-15 23:13:32 - Using data directory: /opt/***/data/raw/source_system
[2025-12-15T23:13:32.165+0000] {subprocess.py:93} INFO - [INFO] 2025-12-15 23:13:32 - Connecting to Snowflake...
[2025-12-15T23:13:34.124+0000] {subprocess.py:93} INFO - [INFO] 2025-12-15 23:13:34 - Ensuring RAW tables exist...
[2025-12-15T23:13:35.276+0000] {subprocess.py:93} INFO - [INFO] 2025-12-15 23:13:35 - Ensuring run-aware columns exist (LOAD_RUN_ID, LOADED_AT)...
[2025-12-15T23:13:36.820+0000] {subprocess.py:93} INFO - [INFO] 2025-12-15 23:13:36 - RAW tables are ready (run-aware).
[2025-12-15T23:13:36.820+0000] {subprocess.py:93} INFO - [INFO] 2025-12-15 23:13:36 - Ensuring RAW_LOAD_AUDIT table exists...
[2025-12-15T23:13:37.085+0000] {subprocess.py:93} INFO - [INFO] 2025-12-15 23:13:37 - RAW_LOAD_AUDIT is ready.
[2025-12-15T23:13:37.098+0000] {subprocess.py:93} INFO - [INFO] 2025-12-15 23:13:37 - Read 500 rows from materials.csv
[2025-12-15T23:13:37.123+0000] {subprocess.py:93} INFO - [INFO] 2025-12-15 23:13:37 - Read 10,000 rows from batches.csv
[2025-12-15T23:13:37.154+0000] {subprocess.py:93} INFO - [INFO] 2025-12-15 23:13:37 - Read 10,000 rows from production_orders.csv
[2025-12-15T23:13:42.297+0000] {subprocess.py:93} INFO - [INFO] 2025-12-15 23:13:42 - [MATERIALS] Loaded 500 rows. load_id=cdfc5492-7085-4974-aef1-284de2ef6254
[2025-12-15T23:13:47.182+0000] {subprocess.py:93} INFO - [INFO] 2025-12-15 23:13:47 - [BATCHES] Loaded 10,000 rows. load_id=cdfc5492-7085-4974-aef1-284de2ef6254
[2025-12-15T23:13:51.713+0000] {subprocess.py:93} INFO - [INFO] 2025-12-15 23:13:51 - [PRODUCTION_ORDERS] Loaded 10,000 rows. load_id=cdfc5492-7085-4974-aef1-284de2ef6254
[2025-12-15T23:13:51.714+0000] {subprocess.py:93} INFO - [INFO] 2025-12-15 23:13:51 - RAW ingestion completed successfully.
[2025-12-15T23:13:51.714+0000] {subprocess.py:93} INFO - [INFO] 2025-12-15 23:13:51 - load_id=cdfc5492-7085-4974-aef1-284de2ef6254
[2025-12-15T23:13:52.173+0000] {subprocess.py:93} INFO - [INFO] 2025-12-15 23:13:52 - Snowflake connection closed.
[2025-12-15T23:13:52.317+0000] {subprocess.py:97} INFO - Command exited with return code 0
[2025-12-15T23:13:52.318+0000] {taskinstance.py:441} INFO - ::group::Post task execution logs
[2025-12-15T23:13:52.342+0000] {taskinstance.py:1205} INFO - Marking task as SUCCESS. dag_id=mfg_raw_ingestion_dag, task_id=ingest_raw_to_snowflake, execution_date=20251214T040000, start_date=20251215T231329, end_date=20251215T231352
[2025-12-15T23:13:52.384+0000] {local_task_job_runner.py:240} INFO - Task exited with return code 0
[2025-12-15T23:13:52.404+0000] {taskinstance.py:3482} INFO - 1 downstream tasks scheduled from follow-on schedule check
[2025-12-15T23:13:52.409+0000] {local_task_job_runner.py:222} INFO - ::endgroup::
[2025-12-16T00:30:30.503+0000] {local_task_job_runner.py:120} INFO - ::group::Pre task execution logs
[2025-12-16T00:30:30.551+0000] {taskinstance.py:2073} INFO - Dependencies all met for dep_context=non-requeueable deps ti=<TaskInstance: mfg_raw_ingestion_dag.ingest_raw_to_snowflake scheduled__2025-12-14T04:00:00+00:00 [queued]>
[2025-12-16T00:30:30.563+0000] {taskinstance.py:2073} INFO - Dependencies all met for dep_context=requeueable deps ti=<TaskInstance: mfg_raw_ingestion_dag.ingest_raw_to_snowflake scheduled__2025-12-14T04:00:00+00:00 [queued]>
[2025-12-16T00:30:30.564+0000] {taskinstance.py:2303} INFO - Starting attempt 1 of 3
[2025-12-16T00:30:30.586+0000] {taskinstance.py:2327} INFO - Executing <Task(BashOperator): ingest_raw_to_snowflake> on 2025-12-14 04:00:00+00:00
[2025-12-16T00:30:30.599+0000] {standard_task_runner.py:90} INFO - Running: ['***', 'tasks', 'run', 'mfg_raw_ingestion_dag', 'ingest_raw_to_snowflake', 'scheduled__2025-12-14T04:00:00+00:00', '--job-id', '2', '--raw', '--subdir', 'DAGS_FOLDER/mfg_raw_ingestion_dag.py', '--cfg-path', '/tmp/tmpszq3ubdl']
[2025-12-16T00:30:30.604+0000] {standard_task_runner.py:91} INFO - Job 2: Subtask ingest_raw_to_snowflake
[2025-12-16T00:30:30.605+0000] {logging_mixin.py:188} WARNING - /home/***/.local/lib/python3.12/site-packages/***/task/task_runner/standard_task_runner.py:61 DeprecationWarning: This process (pid=269) is multi-threaded, use of fork() may lead to deadlocks in the child.
[2025-12-16T00:30:30.606+0000] {standard_task_runner.py:63} INFO - Started process 270 to run task
[2025-12-16T00:30:30.685+0000] {task_command.py:426} INFO - Running <TaskInstance: mfg_raw_ingestion_dag.ingest_raw_to_snowflake scheduled__2025-12-14T04:00:00+00:00 [running]> on host 24030efa02e6
[2025-12-16T00:30:30.808+0000] {taskinstance.py:2644} INFO - Exporting env vars: AIRFLOW_CTX_DAG_OWNER='data-engineering' AIRFLOW_CTX_DAG_ID='mfg_raw_ingestion_dag' AIRFLOW_CTX_TASK_ID='ingest_raw_to_snowflake' AIRFLOW_CTX_EXECUTION_DATE='2025-12-14T04:00:00+00:00' AIRFLOW_CTX_TRY_NUMBER='1' AIRFLOW_CTX_DAG_RUN_ID='scheduled__2025-12-14T04:00:00+00:00'
[2025-12-16T00:30:30.810+0000] {taskinstance.py:430} INFO - ::endgroup::
[2025-12-16T00:30:30.858+0000] {subprocess.py:63} INFO - Tmp dir root location: /tmp
[2025-12-16T00:30:30.860+0000] {subprocess.py:75} INFO - Running command: ['/usr/bin/bash', '-c', 'set -euo pipefail; python /opt/***/ingestion/python/load_raw_to_snowflake.py']
[2025-12-16T00:30:30.872+0000] {subprocess.py:86} INFO - Output:
[2025-12-16T00:30:33.079+0000] {subprocess.py:93} INFO - [INFO] 2025-12-16 00:30:33 - Loaded environment variables from /opt/***/.env
[2025-12-16T00:30:33.090+0000] {subprocess.py:93} INFO - [INFO] 2025-12-16 00:30:33 - Starting RAW load. load_id=5b113a04-0a34-46b3-b874-3b4094744709
[2025-12-16T00:30:33.092+0000] {subprocess.py:93} INFO - [INFO] 2025-12-16 00:30:33 - Using data directory: /opt/***/data/raw/source_system
[2025-12-16T00:30:33.094+0000] {subprocess.py:93} INFO - [INFO] 2025-12-16 00:30:33 - Connecting to Snowflake...
[2025-12-16T00:30:36.284+0000] {subprocess.py:93} INFO - [INFO] 2025-12-16 00:30:36 - Ensuring RAW tables exist...
[2025-12-16T00:30:38.919+0000] {subprocess.py:93} INFO - [INFO] 2025-12-16 00:30:38 - Ensuring run-aware columns exist (LOAD_RUN_ID, LOADED_AT)...
[2025-12-16T00:30:41.533+0000] {subprocess.py:93} INFO - [INFO] 2025-12-16 00:30:41 - RAW tables are ready (run-aware).
[2025-12-16T00:30:41.535+0000] {subprocess.py:93} INFO - [INFO] 2025-12-16 00:30:41 - Ensuring RAW_LOAD_AUDIT table exists...
[2025-12-16T00:30:41.845+0000] {subprocess.py:93} INFO - [INFO] 2025-12-16 00:30:41 - RAW_LOAD_AUDIT is ready.
[2025-12-16T00:30:41.856+0000] {subprocess.py:93} INFO - [INFO] 2025-12-16 00:30:41 - Read 500 rows from materials.csv
[2025-12-16T00:30:41.881+0000] {subprocess.py:93} INFO - [INFO] 2025-12-16 00:30:41 - Read 10,000 rows from batches.csv
[2025-12-16T00:30:41.913+0000] {subprocess.py:93} INFO - [INFO] 2025-12-16 00:30:41 - Read 10,000 rows from production_orders.csv
[2025-12-16T00:30:49.174+0000] {subprocess.py:93} INFO - [INFO] 2025-12-16 00:30:49 - [MATERIALS] Loaded 500 rows. load_id=5b113a04-0a34-46b3-b874-3b4094744709
[2025-12-16T00:30:54.904+0000] {subprocess.py:93} INFO - [INFO] 2025-12-16 00:30:54 - [BATCHES] Loaded 10,000 rows. load_id=5b113a04-0a34-46b3-b874-3b4094744709
[2025-12-16T00:31:00.171+0000] {subprocess.py:93} INFO - [INFO] 2025-12-16 00:31:00 - [PRODUCTION_ORDERS] Loaded 10,000 rows. load_id=5b113a04-0a34-46b3-b874-3b4094744709
[2025-12-16T00:31:00.172+0000] {subprocess.py:93} INFO - [INFO] 2025-12-16 00:31:00 - RAW ingestion completed successfully.
[2025-12-16T00:31:00.172+0000] {subprocess.py:93} INFO - [INFO] 2025-12-16 00:31:00 - load_id=5b113a04-0a34-46b3-b874-3b4094744709
[2025-12-16T00:31:00.644+0000] {subprocess.py:93} INFO - [INFO] 2025-12-16 00:31:00 - Snowflake connection closed.
[2025-12-16T00:31:00.798+0000] {subprocess.py:97} INFO - Command exited with return code 0
[2025-12-16T00:31:00.799+0000] {taskinstance.py:441} INFO - ::group::Post task execution logs
[2025-12-16T00:31:00.829+0000] {taskinstance.py:1205} INFO - Marking task as SUCCESS. dag_id=mfg_raw_ingestion_dag, task_id=ingest_raw_to_snowflake, execution_date=20251214T040000, start_date=20251216T003030, end_date=20251216T003100
[2025-12-16T00:31:00.864+0000] {local_task_job_runner.py:240} INFO - Task exited with return code 0
[2025-12-16T00:31:00.905+0000] {taskinstance.py:3482} INFO - 1 downstream tasks scheduled from follow-on schedule check
[2025-12-16T00:31:00.910+0000] {local_task_job_runner.py:222} INFO - ::endgroup::
