[2025-12-15T21:03:49.618+0000] {local_task_job_runner.py:120} INFO - ::group::Pre task execution logs
[2025-12-15T21:03:49.647+0000] {taskinstance.py:2073} INFO - Dependencies all met for dep_context=non-requeueable deps ti=<TaskInstance: mfg_raw_ingestion_dag.dbt_run_all scheduled__2025-12-14T04:00:00+00:00 [queued]>
[2025-12-15T21:03:49.655+0000] {taskinstance.py:2073} INFO - Dependencies all met for dep_context=requeueable deps ti=<TaskInstance: mfg_raw_ingestion_dag.dbt_run_all scheduled__2025-12-14T04:00:00+00:00 [queued]>
[2025-12-15T21:03:49.656+0000] {taskinstance.py:2303} INFO - Starting attempt 1 of 3
[2025-12-15T21:03:49.672+0000] {taskinstance.py:2327} INFO - Executing <Task(BashOperator): dbt_run_all> on 2025-12-14 04:00:00+00:00
[2025-12-15T21:03:49.680+0000] {standard_task_runner.py:90} INFO - Running: ['***', 'tasks', 'run', 'mfg_raw_ingestion_dag', 'dbt_run_all', 'scheduled__2025-12-14T04:00:00+00:00', '--job-id', '3', '--raw', '--subdir', 'DAGS_FOLDER/mfg_raw_ingestion_dag.py', '--cfg-path', '/tmp/tmpebuoc_eu']
[2025-12-15T21:03:49.684+0000] {standard_task_runner.py:91} INFO - Job 3: Subtask dbt_run_all
[2025-12-15T21:03:49.685+0000] {logging_mixin.py:188} WARNING - /home/***/.local/lib/python3.12/site-packages/***/task/task_runner/standard_task_runner.py:61 DeprecationWarning: This process (pid=408) is multi-threaded, use of fork() may lead to deadlocks in the child.
[2025-12-15T21:03:49.686+0000] {standard_task_runner.py:63} INFO - Started process 409 to run task
[2025-12-15T21:03:49.733+0000] {task_command.py:426} INFO - Running <TaskInstance: mfg_raw_ingestion_dag.dbt_run_all scheduled__2025-12-14T04:00:00+00:00 [running]> on host 36071aea49b2
[2025-12-15T21:03:49.811+0000] {taskinstance.py:2644} INFO - Exporting env vars: AIRFLOW_CTX_DAG_OWNER='data-engineering' AIRFLOW_CTX_DAG_ID='mfg_raw_ingestion_dag' AIRFLOW_CTX_TASK_ID='dbt_run_all' AIRFLOW_CTX_EXECUTION_DATE='2025-12-14T04:00:00+00:00' AIRFLOW_CTX_TRY_NUMBER='1' AIRFLOW_CTX_DAG_RUN_ID='scheduled__2025-12-14T04:00:00+00:00'
[2025-12-15T21:03:49.812+0000] {taskinstance.py:430} INFO - ::endgroup::
[2025-12-15T21:03:49.826+0000] {subprocess.py:63} INFO - Tmp dir root location: /tmp
[2025-12-15T21:03:49.827+0000] {subprocess.py:75} INFO - Running command: ['/usr/bin/bash', '-c', 'set -euo pipefail; cd /opt/***/dbt_project && dbt run --profiles-dir /opt/***/dbt_profiles']
[2025-12-15T21:03:49.836+0000] {subprocess.py:86} INFO - Output:
[2025-12-15T21:03:51.984+0000] {subprocess.py:93} INFO - [0m21:03:51  Running with dbt=1.10.15
[2025-12-15T21:03:52.905+0000] {subprocess.py:93} INFO - [0m21:03:52  Registered adapter: snowflake=1.10.4
[2025-12-15T21:03:53.935+0000] {subprocess.py:93} INFO - [0m21:03:53  Found 8 models, 29 data tests, 3 sources, 504 macros
[2025-12-15T21:03:53.939+0000] {subprocess.py:93} INFO - [0m21:03:53
[2025-12-15T21:03:53.941+0000] {subprocess.py:93} INFO - [0m21:03:53  Concurrency: 4 threads (target='dev')
[2025-12-15T21:03:53.942+0000] {subprocess.py:93} INFO - [0m21:03:53
[2025-12-15T21:03:56.075+0000] {subprocess.py:93} INFO - [0m21:03:56  1 of 8 START sql view model ANALYTICS_analytics.stg_batches .................... [RUN]
[2025-12-15T21:03:56.077+0000] {subprocess.py:93} INFO - [0m21:03:56  2 of 8 START sql view model ANALYTICS_analytics.stg_materials .................. [RUN]
[2025-12-15T21:03:56.079+0000] {subprocess.py:93} INFO - [0m21:03:56  3 of 8 START sql view model ANALYTICS_analytics.stg_production_orders .......... [RUN]
[2025-12-15T21:03:56.681+0000] {subprocess.py:93} INFO - [0m21:03:56  1 of 8 OK created sql view model ANALYTICS_analytics.stg_batches ............... [[32mSUCCESS 1[0m in 0.60s]
[2025-12-15T21:03:56.686+0000] {subprocess.py:93} INFO - [0m21:03:56  4 of 8 START sql table model ANALYTICS_analytics.core_batches .................. [RUN]
[2025-12-15T21:03:57.717+0000] {subprocess.py:93} INFO - [0m21:03:57  2 of 8 OK created sql view model ANALYTICS_analytics.stg_materials ............. [[32mSUCCESS 1[0m in 1.63s]
[2025-12-15T21:03:57.719+0000] {subprocess.py:93} INFO - [0m21:03:57  3 of 8 OK created sql view model ANALYTICS_analytics.stg_production_orders ..... [[32mSUCCESS 1[0m in 1.63s]
[2025-12-15T21:03:57.727+0000] {subprocess.py:93} INFO - [0m21:03:57  5 of 8 START sql table model ANALYTICS_analytics.core_materials ................ [RUN]
[2025-12-15T21:03:57.728+0000] {subprocess.py:93} INFO - [0m21:03:57  6 of 8 START sql table model ANALYTICS_analytics.fct_production_orders ......... [RUN]
[2025-12-15T21:03:59.133+0000] {subprocess.py:93} INFO - [0m21:03:59  4 of 8 OK created sql table model ANALYTICS_analytics.core_batches ............. [[32mSUCCESS 1[0m in 2.44s]
[2025-12-15T21:03:59.229+0000] {subprocess.py:93} INFO - [0m21:03:59  6 of 8 OK created sql table model ANALYTICS_analytics.fct_production_orders .... [[32mSUCCESS 1[0m in 1.50s]
[2025-12-15T21:03:59.234+0000] {subprocess.py:93} INFO - [0m21:03:59  7 of 8 START sql table model ANALYTICS_analytics.mfg_plant_daily_kpis .......... [RUN]
[2025-12-15T21:03:59.323+0000] {subprocess.py:93} INFO - [0m21:03:59  5 of 8 OK created sql table model ANALYTICS_analytics.core_materials ........... [[32mSUCCESS 1[0m in 1.59s]
[2025-12-15T21:03:59.327+0000] {subprocess.py:93} INFO - [0m21:03:59  8 of 8 START sql table model ANALYTICS_analytics.mfg_ml_features_orders ........ [RUN]
[2025-12-15T21:03:59.631+0000] {subprocess.py:93} INFO - [0m21:03:59  7 of 8 ERROR creating sql table model ANALYTICS_analytics.mfg_plant_daily_kpis . [[31mERROR[0m in 0.39s]
[2025-12-15T21:03:59.667+0000] {subprocess.py:93} INFO - [0m21:03:59  8 of 8 ERROR creating sql table model ANALYTICS_analytics.mfg_ml_features_orders  [[31mERROR[0m in 0.34s]
[2025-12-15T21:04:01.907+0000] {subprocess.py:93} INFO - [0m21:04:01
[2025-12-15T21:04:01.908+0000] {subprocess.py:93} INFO - [0m21:04:01  Finished running 5 table models, 3 view models in 0 hours 0 minutes and 7.96 seconds (7.96s).
[2025-12-15T21:04:01.992+0000] {subprocess.py:93} INFO - [0m21:04:01
[2025-12-15T21:04:01.993+0000] {subprocess.py:93} INFO - [0m21:04:01  [31mCompleted with 2 errors, 0 partial successes, and 0 warnings:[0m
[2025-12-15T21:04:01.995+0000] {subprocess.py:93} INFO - [0m21:04:01
[2025-12-15T21:04:01.996+0000] {subprocess.py:93} INFO - [0m21:04:01  [31mFailure in model mfg_plant_daily_kpis (models/marts/mfg_plant_daily_kpis.sql)[0m
[2025-12-15T21:04:01.998+0000] {subprocess.py:93} INFO - [0m21:04:01    Database Error in model mfg_plant_daily_kpis (models/marts/mfg_plant_daily_kpis.sql)
[2025-12-15T21:04:01.998+0000] {subprocess.py:93} INFO -   000904 (42000): SQL compilation error: error line 88 at position 39
[2025-12-15T21:04:01.999+0000] {subprocess.py:93} INFO -   invalid identifier 'O.MANUFACTURING_SITE'
[2025-12-15T21:04:02.000+0000] {subprocess.py:93} INFO -   compiled code at target/run/mfg_accelerator/models/marts/mfg_plant_daily_kpis.sql
[2025-12-15T21:04:02.000+0000] {subprocess.py:93} INFO - [0m21:04:01
[2025-12-15T21:04:02.000+0000] {subprocess.py:93} INFO - [0m21:04:02    compiled code at target/compiled/mfg_accelerator/models/marts/mfg_plant_daily_kpis.sql
[2025-12-15T21:04:02.002+0000] {subprocess.py:93} INFO - [0m21:04:02
[2025-12-15T21:04:02.003+0000] {subprocess.py:93} INFO - [0m21:04:02  [31mFailure in model mfg_ml_features_orders (models/marts/mfg_ml_features_orders.sql)[0m
[2025-12-15T21:04:02.004+0000] {subprocess.py:93} INFO - [0m21:04:02    Database Error in model mfg_ml_features_orders (models/marts/mfg_ml_features_orders.sql)
[2025-12-15T21:04:02.005+0000] {subprocess.py:93} INFO -   000904 (42000): SQL compilation error: error line 13 at position 8
[2025-12-15T21:04:02.005+0000] {subprocess.py:93} INFO -   invalid identifier 'MATERIAL_ID'
[2025-12-15T21:04:02.006+0000] {subprocess.py:93} INFO -   compiled code at target/run/mfg_accelerator/models/marts/mfg_ml_features_orders.sql
[2025-12-15T21:04:02.006+0000] {subprocess.py:93} INFO - [0m21:04:02
[2025-12-15T21:04:02.007+0000] {subprocess.py:93} INFO - [0m21:04:02    compiled code at target/compiled/mfg_accelerator/models/marts/mfg_ml_features_orders.sql
[2025-12-15T21:04:02.008+0000] {subprocess.py:93} INFO - [0m21:04:02
[2025-12-15T21:04:02.009+0000] {subprocess.py:93} INFO - [0m21:04:02  Done. PASS=6 WARN=0 ERROR=2 SKIP=0 NO-OP=0 TOTAL=8
[2025-12-15T21:04:03.192+0000] {subprocess.py:97} INFO - Command exited with return code 1
[2025-12-15T21:04:03.193+0000] {taskinstance.py:441} INFO - ::group::Post task execution logs
[2025-12-15T21:04:03.201+0000] {taskinstance.py:2890} ERROR - Task failed with exception
Traceback (most recent call last):
  File "/home/airflow/.local/lib/python3.12/site-packages/airflow/models/taskinstance.py", line 460, in _execute_task
    result = _execute_callable(context=context, **execute_callable_kwargs)
             ^^^^^^^^^^^^^^^^^^^^^^^^^^^^^^^^^^^^^^^^^^^^^^^^^^^^^^^^^^^^^
  File "/home/airflow/.local/lib/python3.12/site-packages/airflow/models/taskinstance.py", line 432, in _execute_callable
    return execute_callable(context=context, **execute_callable_kwargs)
           ^^^^^^^^^^^^^^^^^^^^^^^^^^^^^^^^^^^^^^^^^^^^^^^^^^^^^^^^^^^^
  File "/home/airflow/.local/lib/python3.12/site-packages/airflow/models/baseoperator.py", line 400, in wrapper
    return func(self, *args, **kwargs)
           ^^^^^^^^^^^^^^^^^^^^^^^^^^^
  File "/home/airflow/.local/lib/python3.12/site-packages/airflow/operators/bash.py", line 243, in execute
    raise AirflowException(
airflow.exceptions.AirflowException: Bash command failed. The command returned a non-zero exit code 1.
[2025-12-15T21:04:03.205+0000] {taskinstance.py:1205} INFO - Marking task as UP_FOR_RETRY. dag_id=mfg_raw_ingestion_dag, task_id=dbt_run_all, execution_date=20251214T040000, start_date=20251215T210349, end_date=20251215T210403
[2025-12-15T21:04:03.220+0000] {standard_task_runner.py:110} ERROR - Failed to execute job 3 for task dbt_run_all (Bash command failed. The command returned a non-zero exit code 1.; 409)
[2025-12-15T21:04:03.229+0000] {local_task_job_runner.py:240} INFO - Task exited with return code 1
[2025-12-15T21:04:03.246+0000] {taskinstance.py:3482} INFO - 0 downstream tasks scheduled from follow-on schedule check
[2025-12-15T21:04:03.251+0000] {local_task_job_runner.py:222} INFO - ::endgroup::
[2025-12-15T22:52:20.582+0000] {local_task_job_runner.py:120} INFO - ::group::Pre task execution logs
[2025-12-15T22:52:20.633+0000] {taskinstance.py:2073} INFO - Dependencies all met for dep_context=non-requeueable deps ti=<TaskInstance: mfg_raw_ingestion_dag.dbt_run_all scheduled__2025-12-14T04:00:00+00:00 [queued]>
[2025-12-15T22:52:20.647+0000] {taskinstance.py:2073} INFO - Dependencies all met for dep_context=requeueable deps ti=<TaskInstance: mfg_raw_ingestion_dag.dbt_run_all scheduled__2025-12-14T04:00:00+00:00 [queued]>
[2025-12-15T22:52:20.648+0000] {taskinstance.py:2303} INFO - Starting attempt 1 of 3
[2025-12-15T22:52:20.666+0000] {taskinstance.py:2327} INFO - Executing <Task(BashOperator): dbt_run_all> on 2025-12-14 04:00:00+00:00
[2025-12-15T22:52:20.673+0000] {standard_task_runner.py:90} INFO - Running: ['***', 'tasks', 'run', 'mfg_raw_ingestion_dag', 'dbt_run_all', 'scheduled__2025-12-14T04:00:00+00:00', '--job-id', '10', '--raw', '--subdir', 'DAGS_FOLDER/mfg_raw_ingestion_dag.py', '--cfg-path', '/tmp/tmpr87jc7kg']
[2025-12-15T22:52:20.675+0000] {standard_task_runner.py:91} INFO - Job 10: Subtask dbt_run_all
[2025-12-15T22:52:20.675+0000] {logging_mixin.py:188} WARNING - /home/***/.local/lib/python3.12/site-packages/***/task/task_runner/standard_task_runner.py:61 DeprecationWarning: This process (pid=1333) is multi-threaded, use of fork() may lead to deadlocks in the child.
[2025-12-15T22:52:20.676+0000] {standard_task_runner.py:63} INFO - Started process 1334 to run task
[2025-12-15T22:52:20.719+0000] {task_command.py:426} INFO - Running <TaskInstance: mfg_raw_ingestion_dag.dbt_run_all scheduled__2025-12-14T04:00:00+00:00 [running]> on host 36071aea49b2
[2025-12-15T22:52:20.798+0000] {taskinstance.py:2644} INFO - Exporting env vars: AIRFLOW_CTX_DAG_OWNER='data-engineering' AIRFLOW_CTX_DAG_ID='mfg_raw_ingestion_dag' AIRFLOW_CTX_TASK_ID='dbt_run_all' AIRFLOW_CTX_EXECUTION_DATE='2025-12-14T04:00:00+00:00' AIRFLOW_CTX_TRY_NUMBER='1' AIRFLOW_CTX_DAG_RUN_ID='scheduled__2025-12-14T04:00:00+00:00'
[2025-12-15T22:52:20.800+0000] {taskinstance.py:430} INFO - ::endgroup::
[2025-12-15T22:52:20.815+0000] {subprocess.py:63} INFO - Tmp dir root location: /tmp
[2025-12-15T22:52:20.816+0000] {subprocess.py:75} INFO - Running command: ['/usr/bin/bash', '-c', 'set -euo pipefail; cd /opt/***/dbt_project && dbt run --profiles-dir /opt/***/dbt_profiles']
[2025-12-15T22:52:20.826+0000] {subprocess.py:86} INFO - Output:
[2025-12-15T22:52:22.844+0000] {subprocess.py:93} INFO - [0m22:52:22  Running with dbt=1.10.15
[2025-12-15T22:52:23.708+0000] {subprocess.py:93} INFO - [0m22:52:23  Registered adapter: snowflake=1.10.4
[2025-12-15T22:52:24.289+0000] {subprocess.py:93} INFO - [0m22:52:24  Found 8 models, 29 data tests, 3 sources, 504 macros
[2025-12-15T22:52:24.294+0000] {subprocess.py:93} INFO - [0m22:52:24
[2025-12-15T22:52:24.295+0000] {subprocess.py:93} INFO - [0m22:52:24  Concurrency: 4 threads (target='dev')
[2025-12-15T22:52:24.296+0000] {subprocess.py:93} INFO - [0m22:52:24
[2025-12-15T22:52:26.531+0000] {subprocess.py:93} INFO - [0m22:52:26  1 of 8 START sql view model ANALYTICS_analytics.stg_batches .................... [RUN]
[2025-12-15T22:52:26.533+0000] {subprocess.py:93} INFO - [0m22:52:26  2 of 8 START sql view model ANALYTICS_analytics.stg_materials .................. [RUN]
[2025-12-15T22:52:26.535+0000] {subprocess.py:93} INFO - [0m22:52:26  3 of 8 START sql view model ANALYTICS_analytics.stg_production_orders .......... [RUN]
[2025-12-15T22:52:27.082+0000] {subprocess.py:93} INFO - [0m22:52:27  1 of 8 OK created sql view model ANALYTICS_analytics.stg_batches ............... [[32mSUCCESS 1[0m in 0.54s]
[2025-12-15T22:52:27.088+0000] {subprocess.py:93} INFO - [0m22:52:27  4 of 8 START sql table model ANALYTICS_analytics.core_batches .................. [RUN]
[2025-12-15T22:52:27.987+0000] {subprocess.py:93} INFO - [0m22:52:27  3 of 8 OK created sql view model ANALYTICS_analytics.stg_production_orders ..... [[32mSUCCESS 1[0m in 1.44s]
[2025-12-15T22:52:27.992+0000] {subprocess.py:93} INFO - [0m22:52:27  5 of 8 START sql table model ANALYTICS_analytics.fct_production_orders ......... [RUN]
[2025-12-15T22:52:28.042+0000] {subprocess.py:93} INFO - [0m22:52:28  2 of 8 OK created sql view model ANALYTICS_analytics.stg_materials ............. [[32mSUCCESS 1[0m in 1.50s]
[2025-12-15T22:52:28.046+0000] {subprocess.py:93} INFO - [0m22:52:28  6 of 8 START sql table model ANALYTICS_analytics.core_materials ................ [RUN]
[2025-12-15T22:52:29.166+0000] {subprocess.py:93} INFO - [0m22:52:29  6 of 8 OK created sql table model ANALYTICS_analytics.core_materials ........... [[32mSUCCESS 1[0m in 1.12s]
[2025-12-15T22:52:29.569+0000] {subprocess.py:93} INFO - [0m22:52:29  4 of 8 OK created sql table model ANALYTICS_analytics.core_batches ............. [[32mSUCCESS 1[0m in 2.48s]
[2025-12-15T22:52:29.619+0000] {subprocess.py:93} INFO - [0m22:52:29  5 of 8 OK created sql table model ANALYTICS_analytics.fct_production_orders .... [[32mSUCCESS 1[0m in 1.62s]
[2025-12-15T22:52:29.625+0000] {subprocess.py:93} INFO - [0m22:52:29  7 of 8 START sql table model ANALYTICS_analytics.mfg_ml_features_orders ........ [RUN]
[2025-12-15T22:52:29.627+0000] {subprocess.py:93} INFO - [0m22:52:29  8 of 8 START sql table model ANALYTICS_analytics.mfg_plant_daily_kpis .......... [RUN]
[2025-12-15T22:52:29.993+0000] {subprocess.py:93} INFO - [0m22:52:29  8 of 8 ERROR creating sql table model ANALYTICS_analytics.mfg_plant_daily_kpis . [[31mERROR[0m in 0.36s]
[2025-12-15T22:52:30.005+0000] {subprocess.py:93} INFO - [0m22:52:30  7 of 8 ERROR creating sql table model ANALYTICS_analytics.mfg_ml_features_orders  [[31mERROR[0m in 0.37s]
[2025-12-15T22:52:31.917+0000] {subprocess.py:93} INFO - [0m22:52:31
[2025-12-15T22:52:31.918+0000] {subprocess.py:93} INFO - [0m22:52:31  Finished running 5 table models, 3 view models in 0 hours 0 minutes and 7.62 seconds (7.62s).
[2025-12-15T22:52:31.998+0000] {subprocess.py:93} INFO - [0m22:52:31
[2025-12-15T22:52:31.999+0000] {subprocess.py:93} INFO - [0m22:52:31  [31mCompleted with 2 errors, 0 partial successes, and 0 warnings:[0m
[2025-12-15T22:52:32.000+0000] {subprocess.py:93} INFO - [0m22:52:32
[2025-12-15T22:52:32.001+0000] {subprocess.py:93} INFO - [0m22:52:32  [31mFailure in model mfg_plant_daily_kpis (models/marts/mfg_plant_daily_kpis.sql)[0m
[2025-12-15T22:52:32.003+0000] {subprocess.py:93} INFO - [0m22:52:32    Database Error in model mfg_plant_daily_kpis (models/marts/mfg_plant_daily_kpis.sql)
[2025-12-15T22:52:32.003+0000] {subprocess.py:93} INFO -   000904 (42000): SQL compilation error: error line 88 at position 39
[2025-12-15T22:52:32.004+0000] {subprocess.py:93} INFO -   invalid identifier 'O.MANUFACTURING_SITE'
[2025-12-15T22:52:32.004+0000] {subprocess.py:93} INFO -   compiled code at target/run/mfg_accelerator/models/marts/mfg_plant_daily_kpis.sql
[2025-12-15T22:52:32.005+0000] {subprocess.py:93} INFO - [0m22:52:32
[2025-12-15T22:52:32.005+0000] {subprocess.py:93} INFO - [0m22:52:32    compiled code at target/compiled/mfg_accelerator/models/marts/mfg_plant_daily_kpis.sql
[2025-12-15T22:52:32.007+0000] {subprocess.py:93} INFO - [0m22:52:32
[2025-12-15T22:52:32.008+0000] {subprocess.py:93} INFO - [0m22:52:32  [31mFailure in model mfg_ml_features_orders (models/marts/mfg_ml_features_orders.sql)[0m
[2025-12-15T22:52:32.009+0000] {subprocess.py:93} INFO - [0m22:52:32    Database Error in model mfg_ml_features_orders (models/marts/mfg_ml_features_orders.sql)
[2025-12-15T22:52:32.009+0000] {subprocess.py:93} INFO -   000904 (42000): SQL compilation error: error line 13 at position 8
[2025-12-15T22:52:32.010+0000] {subprocess.py:93} INFO -   invalid identifier 'MATERIAL_ID'
[2025-12-15T22:52:32.010+0000] {subprocess.py:93} INFO -   compiled code at target/run/mfg_accelerator/models/marts/mfg_ml_features_orders.sql
[2025-12-15T22:52:32.010+0000] {subprocess.py:93} INFO - [0m22:52:32
[2025-12-15T22:52:32.011+0000] {subprocess.py:93} INFO - [0m22:52:32    compiled code at target/compiled/mfg_accelerator/models/marts/mfg_ml_features_orders.sql
[2025-12-15T22:52:32.012+0000] {subprocess.py:93} INFO - [0m22:52:32
[2025-12-15T22:52:32.013+0000] {subprocess.py:93} INFO - [0m22:52:32  Done. PASS=6 WARN=0 ERROR=2 SKIP=0 NO-OP=0 TOTAL=8
[2025-12-15T22:52:33.309+0000] {subprocess.py:97} INFO - Command exited with return code 1
[2025-12-15T22:52:33.309+0000] {taskinstance.py:441} INFO - ::group::Post task execution logs
[2025-12-15T22:52:33.318+0000] {taskinstance.py:2890} ERROR - Task failed with exception
Traceback (most recent call last):
  File "/home/airflow/.local/lib/python3.12/site-packages/airflow/models/taskinstance.py", line 460, in _execute_task
    result = _execute_callable(context=context, **execute_callable_kwargs)
             ^^^^^^^^^^^^^^^^^^^^^^^^^^^^^^^^^^^^^^^^^^^^^^^^^^^^^^^^^^^^^
  File "/home/airflow/.local/lib/python3.12/site-packages/airflow/models/taskinstance.py", line 432, in _execute_callable
    return execute_callable(context=context, **execute_callable_kwargs)
           ^^^^^^^^^^^^^^^^^^^^^^^^^^^^^^^^^^^^^^^^^^^^^^^^^^^^^^^^^^^^
  File "/home/airflow/.local/lib/python3.12/site-packages/airflow/models/baseoperator.py", line 400, in wrapper
    return func(self, *args, **kwargs)
           ^^^^^^^^^^^^^^^^^^^^^^^^^^^
  File "/home/airflow/.local/lib/python3.12/site-packages/airflow/operators/bash.py", line 243, in execute
    raise AirflowException(
airflow.exceptions.AirflowException: Bash command failed. The command returned a non-zero exit code 1.
[2025-12-15T22:52:33.322+0000] {taskinstance.py:1205} INFO - Marking task as UP_FOR_RETRY. dag_id=mfg_raw_ingestion_dag, task_id=dbt_run_all, execution_date=20251214T040000, start_date=20251215T225220, end_date=20251215T225233
[2025-12-15T22:52:33.334+0000] {standard_task_runner.py:110} ERROR - Failed to execute job 10 for task dbt_run_all (Bash command failed. The command returned a non-zero exit code 1.; 1334)
[2025-12-15T22:52:33.374+0000] {local_task_job_runner.py:240} INFO - Task exited with return code 1
[2025-12-15T22:52:33.391+0000] {taskinstance.py:3482} INFO - 0 downstream tasks scheduled from follow-on schedule check
[2025-12-15T22:52:33.397+0000] {local_task_job_runner.py:222} INFO - ::endgroup::
[2025-12-15T23:13:53.257+0000] {local_task_job_runner.py:120} INFO - ::group::Pre task execution logs
[2025-12-15T23:13:53.285+0000] {taskinstance.py:2073} INFO - Dependencies all met for dep_context=non-requeueable deps ti=<TaskInstance: mfg_raw_ingestion_dag.dbt_run_all scheduled__2025-12-14T04:00:00+00:00 [queued]>
[2025-12-15T23:13:53.293+0000] {taskinstance.py:2073} INFO - Dependencies all met for dep_context=requeueable deps ti=<TaskInstance: mfg_raw_ingestion_dag.dbt_run_all scheduled__2025-12-14T04:00:00+00:00 [queued]>
[2025-12-15T23:13:53.293+0000] {taskinstance.py:2303} INFO - Starting attempt 1 of 3
[2025-12-15T23:13:53.308+0000] {taskinstance.py:2327} INFO - Executing <Task(BashOperator): dbt_run_all> on 2025-12-14 04:00:00+00:00
[2025-12-15T23:13:53.315+0000] {standard_task_runner.py:90} INFO - Running: ['***', 'tasks', 'run', 'mfg_raw_ingestion_dag', 'dbt_run_all', 'scheduled__2025-12-14T04:00:00+00:00', '--job-id', '3', '--raw', '--subdir', 'DAGS_FOLDER/mfg_raw_ingestion_dag.py', '--cfg-path', '/tmp/tmphvxv9pkm']
[2025-12-15T23:13:53.318+0000] {standard_task_runner.py:91} INFO - Job 3: Subtask dbt_run_all
[2025-12-15T23:13:53.318+0000] {logging_mixin.py:188} WARNING - /home/***/.local/lib/python3.12/site-packages/***/task/task_runner/standard_task_runner.py:61 DeprecationWarning: This process (pid=540) is multi-threaded, use of fork() may lead to deadlocks in the child.
[2025-12-15T23:13:53.319+0000] {standard_task_runner.py:63} INFO - Started process 541 to run task
[2025-12-15T23:13:53.366+0000] {task_command.py:426} INFO - Running <TaskInstance: mfg_raw_ingestion_dag.dbt_run_all scheduled__2025-12-14T04:00:00+00:00 [running]> on host 7f6a70788018
[2025-12-15T23:13:53.441+0000] {taskinstance.py:2644} INFO - Exporting env vars: AIRFLOW_CTX_DAG_OWNER='data-engineering' AIRFLOW_CTX_DAG_ID='mfg_raw_ingestion_dag' AIRFLOW_CTX_TASK_ID='dbt_run_all' AIRFLOW_CTX_EXECUTION_DATE='2025-12-14T04:00:00+00:00' AIRFLOW_CTX_TRY_NUMBER='1' AIRFLOW_CTX_DAG_RUN_ID='scheduled__2025-12-14T04:00:00+00:00'
[2025-12-15T23:13:53.442+0000] {taskinstance.py:430} INFO - ::endgroup::
[2025-12-15T23:13:53.456+0000] {subprocess.py:63} INFO - Tmp dir root location: /tmp
[2025-12-15T23:13:53.457+0000] {subprocess.py:75} INFO - Running command: ['/usr/bin/bash', '-c', 'set -euo pipefail; cd /opt/***/dbt_project && dbt run --profiles-dir /opt/***/dbt_profiles']
[2025-12-15T23:13:53.465+0000] {subprocess.py:86} INFO - Output:
[2025-12-15T23:13:55.654+0000] {subprocess.py:93} INFO - [0m23:13:55  Running with dbt=1.10.15
[2025-12-15T23:13:56.537+0000] {subprocess.py:93} INFO - [0m23:13:56  Registered adapter: snowflake=1.10.4
[2025-12-15T23:13:57.791+0000] {subprocess.py:93} INFO - [0m23:13:57  Found 8 models, 29 data tests, 3 sources, 504 macros
[2025-12-15T23:13:57.796+0000] {subprocess.py:93} INFO - [0m23:13:57
[2025-12-15T23:13:57.798+0000] {subprocess.py:93} INFO - [0m23:13:57  Concurrency: 4 threads (target='dev')
[2025-12-15T23:13:57.799+0000] {subprocess.py:93} INFO - [0m23:13:57
[2025-12-15T23:13:59.839+0000] {subprocess.py:93} INFO - [0m23:13:59  1 of 8 START sql view model ANALYTICS_analytics.stg_batches .................... [RUN]
[2025-12-15T23:13:59.840+0000] {subprocess.py:93} INFO - [0m23:13:59  2 of 8 START sql view model ANALYTICS_analytics.stg_materials .................. [RUN]
[2025-12-15T23:13:59.842+0000] {subprocess.py:93} INFO - [0m23:13:59  3 of 8 START sql view model ANALYTICS_analytics.stg_production_orders .......... [RUN]
[2025-12-15T23:14:00.346+0000] {subprocess.py:93} INFO - [0m23:14:00  1 of 8 OK created sql view model ANALYTICS_analytics.stg_batches ............... [[32mSUCCESS 1[0m in 0.50s]
[2025-12-15T23:14:00.352+0000] {subprocess.py:93} INFO - [0m23:14:00  4 of 8 START sql table model ANALYTICS_analytics.core_batches .................. [RUN]
[2025-12-15T23:14:01.440+0000] {subprocess.py:93} INFO - [0m23:14:01  2 of 8 OK created sql view model ANALYTICS_analytics.stg_materials ............. [[32mSUCCESS 1[0m in 1.59s]
[2025-12-15T23:14:01.442+0000] {subprocess.py:93} INFO - [0m23:14:01  3 of 8 OK created sql view model ANALYTICS_analytics.stg_production_orders ..... [[32mSUCCESS 1[0m in 1.59s]
[2025-12-15T23:14:01.450+0000] {subprocess.py:93} INFO - [0m23:14:01  5 of 8 START sql table model ANALYTICS_analytics.core_materials ................ [RUN]
[2025-12-15T23:14:01.452+0000] {subprocess.py:93} INFO - [0m23:14:01  6 of 8 START sql table model ANALYTICS_analytics.fct_production_orders ......... [RUN]
[2025-12-15T23:14:02.693+0000] {subprocess.py:93} INFO - [0m23:14:02  5 of 8 OK created sql table model ANALYTICS_analytics.core_materials ........... [[32mSUCCESS 1[0m in 1.24s]
[2025-12-15T23:14:03.186+0000] {subprocess.py:93} INFO - [0m23:14:03  4 of 8 OK created sql table model ANALYTICS_analytics.core_batches ............. [[32mSUCCESS 1[0m in 2.83s]
[2025-12-15T23:14:03.309+0000] {subprocess.py:93} INFO - [0m23:14:03  6 of 8 OK created sql table model ANALYTICS_analytics.fct_production_orders .... [[32mSUCCESS 1[0m in 1.85s]
[2025-12-15T23:14:03.315+0000] {subprocess.py:93} INFO - [0m23:14:03  7 of 8 START sql table model ANALYTICS_analytics.mfg_ml_features_orders ........ [RUN]
[2025-12-15T23:14:03.316+0000] {subprocess.py:93} INFO - [0m23:14:03  8 of 8 START sql table model ANALYTICS_analytics.mfg_plant_daily_kpis .......... [RUN]
[2025-12-15T23:14:04.940+0000] {subprocess.py:93} INFO - [0m23:14:04  8 of 8 OK created sql table model ANALYTICS_analytics.mfg_plant_daily_kpis ..... [[32mSUCCESS 1[0m in 1.62s]
[2025-12-15T23:14:05.171+0000] {subprocess.py:93} INFO - [0m23:14:05  7 of 8 OK created sql table model ANALYTICS_analytics.mfg_ml_features_orders ... [[32mSUCCESS 1[0m in 1.85s]
[2025-12-15T23:14:07.234+0000] {subprocess.py:93} INFO - [0m23:14:07
[2025-12-15T23:14:07.235+0000] {subprocess.py:93} INFO - [0m23:14:07  Finished running 5 table models, 3 view models in 0 hours 0 minutes and 9.43 seconds (9.43s).
[2025-12-15T23:14:07.310+0000] {subprocess.py:93} INFO - [0m23:14:07
[2025-12-15T23:14:07.311+0000] {subprocess.py:93} INFO - [0m23:14:07  [32mCompleted successfully[0m
[2025-12-15T23:14:07.312+0000] {subprocess.py:93} INFO - [0m23:14:07
[2025-12-15T23:14:07.313+0000] {subprocess.py:93} INFO - [0m23:14:07  Done. PASS=8 WARN=0 ERROR=0 SKIP=0 NO-OP=0 TOTAL=8
[2025-12-15T23:14:08.498+0000] {subprocess.py:97} INFO - Command exited with return code 0
[2025-12-15T23:14:08.499+0000] {taskinstance.py:441} INFO - ::group::Post task execution logs
[2025-12-15T23:14:08.522+0000] {taskinstance.py:1205} INFO - Marking task as SUCCESS. dag_id=mfg_raw_ingestion_dag, task_id=dbt_run_all, execution_date=20251214T040000, start_date=20251215T231353, end_date=20251215T231408
[2025-12-15T23:14:08.542+0000] {local_task_job_runner.py:240} INFO - Task exited with return code 0
[2025-12-15T23:14:08.558+0000] {taskinstance.py:3482} INFO - 1 downstream tasks scheduled from follow-on schedule check
[2025-12-15T23:14:08.563+0000] {local_task_job_runner.py:222} INFO - ::endgroup::
[2025-12-16T00:31:01.608+0000] {local_task_job_runner.py:120} INFO - ::group::Pre task execution logs
[2025-12-16T00:31:01.640+0000] {taskinstance.py:2073} INFO - Dependencies all met for dep_context=non-requeueable deps ti=<TaskInstance: mfg_raw_ingestion_dag.dbt_run_all scheduled__2025-12-14T04:00:00+00:00 [queued]>
[2025-12-16T00:31:01.649+0000] {taskinstance.py:2073} INFO - Dependencies all met for dep_context=requeueable deps ti=<TaskInstance: mfg_raw_ingestion_dag.dbt_run_all scheduled__2025-12-14T04:00:00+00:00 [queued]>
[2025-12-16T00:31:01.650+0000] {taskinstance.py:2303} INFO - Starting attempt 1 of 3
[2025-12-16T00:31:01.666+0000] {taskinstance.py:2327} INFO - Executing <Task(BashOperator): dbt_run_all> on 2025-12-14 04:00:00+00:00
[2025-12-16T00:31:01.673+0000] {standard_task_runner.py:90} INFO - Running: ['***', 'tasks', 'run', 'mfg_raw_ingestion_dag', 'dbt_run_all', 'scheduled__2025-12-14T04:00:00+00:00', '--job-id', '3', '--raw', '--subdir', 'DAGS_FOLDER/mfg_raw_ingestion_dag.py', '--cfg-path', '/tmp/tmpfhpyb_pk']
[2025-12-16T00:31:01.677+0000] {standard_task_runner.py:91} INFO - Job 3: Subtask dbt_run_all
[2025-12-16T00:31:01.677+0000] {logging_mixin.py:188} WARNING - /home/***/.local/lib/python3.12/site-packages/***/task/task_runner/standard_task_runner.py:61 DeprecationWarning: This process (pid=327) is multi-threaded, use of fork() may lead to deadlocks in the child.
[2025-12-16T00:31:01.678+0000] {standard_task_runner.py:63} INFO - Started process 328 to run task
[2025-12-16T00:31:01.729+0000] {task_command.py:426} INFO - Running <TaskInstance: mfg_raw_ingestion_dag.dbt_run_all scheduled__2025-12-14T04:00:00+00:00 [running]> on host 24030efa02e6
[2025-12-16T00:31:01.818+0000] {taskinstance.py:2644} INFO - Exporting env vars: AIRFLOW_CTX_DAG_OWNER='data-engineering' AIRFLOW_CTX_DAG_ID='mfg_raw_ingestion_dag' AIRFLOW_CTX_TASK_ID='dbt_run_all' AIRFLOW_CTX_EXECUTION_DATE='2025-12-14T04:00:00+00:00' AIRFLOW_CTX_TRY_NUMBER='1' AIRFLOW_CTX_DAG_RUN_ID='scheduled__2025-12-14T04:00:00+00:00'
[2025-12-16T00:31:01.820+0000] {taskinstance.py:430} INFO - ::endgroup::
[2025-12-16T00:31:01.845+0000] {subprocess.py:63} INFO - Tmp dir root location: /tmp
[2025-12-16T00:31:01.846+0000] {subprocess.py:75} INFO - Running command: ['/usr/bin/bash', '-c', 'set -euo pipefail; cd /opt/***/dbt_project && dbt run --profiles-dir /opt/***/dbt_profiles']
[2025-12-16T00:31:01.870+0000] {subprocess.py:86} INFO - Output:
[2025-12-16T00:31:04.919+0000] {subprocess.py:93} INFO - [0m00:31:04  Running with dbt=1.10.15
[2025-12-16T00:31:06.448+0000] {subprocess.py:93} INFO - [0m00:31:06  Registered adapter: snowflake=1.10.4
[2025-12-16T00:31:07.453+0000] {subprocess.py:93} INFO - [0m00:31:07  [[33mWARNING[0m][MissingArgumentsPropertyInGenericTestDeprecation]: Deprecated
[2025-12-16T00:31:07.453+0000] {subprocess.py:93} INFO - functionality
[2025-12-16T00:31:07.454+0000] {subprocess.py:93} INFO - Found top-level arguments to test `relationships`. Arguments to generic tests
[2025-12-16T00:31:07.455+0000] {subprocess.py:93} INFO - should be nested under the `arguments` property.`
[2025-12-16T00:31:07.977+0000] {subprocess.py:93} INFO - [0m00:31:07  Found 8 models, 35 data tests, 3 sources, 504 macros
[2025-12-16T00:31:07.984+0000] {subprocess.py:93} INFO - [0m00:31:07
[2025-12-16T00:31:07.986+0000] {subprocess.py:93} INFO - [0m00:31:07  Concurrency: 4 threads (target='dev')
[2025-12-16T00:31:07.989+0000] {subprocess.py:93} INFO - [0m00:31:07
[2025-12-16T00:31:10.186+0000] {subprocess.py:93} INFO - [0m00:31:10  1 of 8 START sql view model ANALYTICS_analytics.stg_batches .................... [RUN]
[2025-12-16T00:31:10.187+0000] {subprocess.py:93} INFO - [0m00:31:10  2 of 8 START sql view model ANALYTICS_analytics.stg_materials .................. [RUN]
[2025-12-16T00:31:10.189+0000] {subprocess.py:93} INFO - [0m00:31:10  3 of 8 START sql view model ANALYTICS_analytics.stg_production_orders .......... [RUN]
[2025-12-16T00:31:10.867+0000] {subprocess.py:93} INFO - [0m00:31:10  1 of 8 OK created sql view model ANALYTICS_analytics.stg_batches ............... [[32mSUCCESS 1[0m in 0.66s]
[2025-12-16T00:31:10.881+0000] {subprocess.py:93} INFO - [0m00:31:10  4 of 8 START sql table model ANALYTICS_analytics.core_batches .................. [RUN]
[2025-12-16T00:31:11.944+0000] {subprocess.py:93} INFO - [0m00:31:11  3 of 8 OK created sql view model ANALYTICS_analytics.stg_production_orders ..... [[32mSUCCESS 1[0m in 1.75s]
[2025-12-16T00:31:11.950+0000] {subprocess.py:93} INFO - [0m00:31:11  5 of 8 START sql table model ANALYTICS_analytics.fct_production_orders ......... [RUN]
[2025-12-16T00:31:12.322+0000] {subprocess.py:93} INFO - [0m00:31:12  2 of 8 OK created sql view model ANALYTICS_analytics.stg_materials ............. [[32mSUCCESS 1[0m in 2.12s]
[2025-12-16T00:31:12.331+0000] {subprocess.py:93} INFO - [0m00:31:12  6 of 8 START sql table model ANALYTICS_analytics.core_materials ................ [RUN]
[2025-12-16T00:31:13.575+0000] {subprocess.py:93} INFO - [0m00:31:13  4 of 8 OK created sql table model ANALYTICS_analytics.core_batches ............. [[32mSUCCESS 1[0m in 2.69s]
[2025-12-16T00:31:13.645+0000] {subprocess.py:93} INFO - [0m00:31:13  6 of 8 OK created sql table model ANALYTICS_analytics.core_materials ........... [[32mSUCCESS 1[0m in 1.31s]
[2025-12-16T00:31:14.218+0000] {subprocess.py:93} INFO - [0m00:31:14  5 of 8 OK created sql table model ANALYTICS_analytics.fct_production_orders .... [[32mSUCCESS 1[0m in 2.26s]
[2025-12-16T00:31:14.225+0000] {subprocess.py:93} INFO - [0m00:31:14  7 of 8 START sql table model ANALYTICS_analytics.mfg_ml_features_orders ........ [RUN]
[2025-12-16T00:31:14.226+0000] {subprocess.py:93} INFO - [0m00:31:14  8 of 8 START sql table model ANALYTICS_analytics.mfg_plant_daily_kpis .......... [RUN]
[2025-12-16T00:31:15.813+0000] {subprocess.py:93} INFO - [0m00:31:15  8 of 8 OK created sql table model ANALYTICS_analytics.mfg_plant_daily_kpis ..... [[32mSUCCESS 1[0m in 1.58s]
[2025-12-16T00:31:16.499+0000] {subprocess.py:93} INFO - [0m00:31:16  7 of 8 OK created sql table model ANALYTICS_analytics.mfg_ml_features_orders ... [[32mSUCCESS 1[0m in 2.27s]
[2025-12-16T00:31:18.397+0000] {subprocess.py:93} INFO - [0m00:31:18
[2025-12-16T00:31:18.399+0000] {subprocess.py:93} INFO - [0m00:31:18  Finished running 5 table models, 3 view models in 0 hours 0 minutes and 10.41 seconds (10.41s).
[2025-12-16T00:31:18.500+0000] {subprocess.py:93} INFO - [0m00:31:18
[2025-12-16T00:31:18.501+0000] {subprocess.py:93} INFO - [0m00:31:18  [32mCompleted successfully[0m
[2025-12-16T00:31:18.502+0000] {subprocess.py:93} INFO - [0m00:31:18
[2025-12-16T00:31:18.504+0000] {subprocess.py:93} INFO - [0m00:31:18  Done. PASS=8 WARN=0 ERROR=0 SKIP=0 NO-OP=0 TOTAL=8
[2025-12-16T00:31:18.505+0000] {subprocess.py:93} INFO - [0m00:31:18  [[33mWARNING[0m][DeprecationsSummary]: Deprecated functionality
[2025-12-16T00:31:18.506+0000] {subprocess.py:93} INFO - Summary of encountered deprecations:
[2025-12-16T00:31:18.506+0000] {subprocess.py:93} INFO - - MissingArgumentsPropertyInGenericTestDeprecation: 8 occurrences
[2025-12-16T00:31:18.507+0000] {subprocess.py:93} INFO - To see all deprecation instances instead of just the first occurrence of each,
[2025-12-16T00:31:18.508+0000] {subprocess.py:93} INFO - run command again with the `--show-all-deprecations` flag. You may also need to
[2025-12-16T00:31:18.508+0000] {subprocess.py:93} INFO - run with `--no-partial-parse` as some deprecations are only encountered during
[2025-12-16T00:31:18.509+0000] {subprocess.py:93} INFO - parsing.
[2025-12-16T00:31:19.711+0000] {subprocess.py:97} INFO - Command exited with return code 0
[2025-12-16T00:31:19.712+0000] {taskinstance.py:441} INFO - ::group::Post task execution logs
[2025-12-16T00:31:19.737+0000] {taskinstance.py:1205} INFO - Marking task as SUCCESS. dag_id=mfg_raw_ingestion_dag, task_id=dbt_run_all, execution_date=20251214T040000, start_date=20251216T003101, end_date=20251216T003119
[2025-12-16T00:31:19.782+0000] {local_task_job_runner.py:240} INFO - Task exited with return code 0
[2025-12-16T00:31:19.801+0000] {taskinstance.py:3482} INFO - 1 downstream tasks scheduled from follow-on schedule check
[2025-12-16T00:31:19.806+0000] {local_task_job_runner.py:222} INFO - ::endgroup::
