[2025-12-15T21:14:18.194+0000] {local_task_job_runner.py:120} INFO - ::group::Pre task execution logs
[2025-12-15T21:14:18.226+0000] {taskinstance.py:2073} INFO - Dependencies all met for dep_context=non-requeueable deps ti=<TaskInstance: mfg_raw_ingestion_dag.dbt_run_all scheduled__2025-12-14T04:00:00+00:00 [queued]>
[2025-12-15T21:14:18.234+0000] {taskinstance.py:2073} INFO - Dependencies all met for dep_context=requeueable deps ti=<TaskInstance: mfg_raw_ingestion_dag.dbt_run_all scheduled__2025-12-14T04:00:00+00:00 [queued]>
[2025-12-15T21:14:18.235+0000] {taskinstance.py:2303} INFO - Starting attempt 3 of 3
[2025-12-15T21:14:18.252+0000] {taskinstance.py:2327} INFO - Executing <Task(BashOperator): dbt_run_all> on 2025-12-14 04:00:00+00:00
[2025-12-15T21:14:18.261+0000] {standard_task_runner.py:90} INFO - Running: ['***', 'tasks', 'run', 'mfg_raw_ingestion_dag', 'dbt_run_all', 'scheduled__2025-12-14T04:00:00+00:00', '--job-id', '5', '--raw', '--subdir', 'DAGS_FOLDER/mfg_raw_ingestion_dag.py', '--cfg-path', '/tmp/tmpqyxg1cld']
[2025-12-15T21:14:18.265+0000] {standard_task_runner.py:91} INFO - Job 5: Subtask dbt_run_all
[2025-12-15T21:14:18.266+0000] {logging_mixin.py:188} WARNING - /home/***/.local/lib/python3.12/site-packages/***/task/task_runner/standard_task_runner.py:61 DeprecationWarning: This process (pid=950) is multi-threaded, use of fork() may lead to deadlocks in the child.
[2025-12-15T21:14:18.267+0000] {standard_task_runner.py:63} INFO - Started process 951 to run task
[2025-12-15T21:14:18.322+0000] {task_command.py:426} INFO - Running <TaskInstance: mfg_raw_ingestion_dag.dbt_run_all scheduled__2025-12-14T04:00:00+00:00 [running]> on host 36071aea49b2
[2025-12-15T21:14:18.405+0000] {taskinstance.py:2644} INFO - Exporting env vars: AIRFLOW_CTX_DAG_OWNER='data-engineering' AIRFLOW_CTX_DAG_ID='mfg_raw_ingestion_dag' AIRFLOW_CTX_TASK_ID='dbt_run_all' AIRFLOW_CTX_EXECUTION_DATE='2025-12-14T04:00:00+00:00' AIRFLOW_CTX_TRY_NUMBER='3' AIRFLOW_CTX_DAG_RUN_ID='scheduled__2025-12-14T04:00:00+00:00'
[2025-12-15T21:14:18.407+0000] {taskinstance.py:430} INFO - ::endgroup::
[2025-12-15T21:14:18.423+0000] {subprocess.py:63} INFO - Tmp dir root location: /tmp
[2025-12-15T21:14:18.425+0000] {subprocess.py:75} INFO - Running command: ['/usr/bin/bash', '-c', 'set -euo pipefail; cd /opt/***/dbt_project && dbt run --profiles-dir /opt/***/dbt_profiles']
[2025-12-15T21:14:18.434+0000] {subprocess.py:86} INFO - Output:
[2025-12-15T21:14:20.767+0000] {subprocess.py:93} INFO - [0m21:14:20  Running with dbt=1.10.15
[2025-12-15T21:14:21.728+0000] {subprocess.py:93} INFO - [0m21:14:21  Registered adapter: snowflake=1.10.4
[2025-12-15T21:14:22.491+0000] {subprocess.py:93} INFO - [0m21:14:22  Found 8 models, 29 data tests, 3 sources, 504 macros
[2025-12-15T21:14:22.496+0000] {subprocess.py:93} INFO - [0m21:14:22
[2025-12-15T21:14:22.498+0000] {subprocess.py:93} INFO - [0m21:14:22  Concurrency: 4 threads (target='dev')
[2025-12-15T21:14:22.499+0000] {subprocess.py:93} INFO - [0m21:14:22
[2025-12-15T21:14:24.822+0000] {subprocess.py:93} INFO - [0m21:14:24  1 of 8 START sql view model ANALYTICS_analytics.stg_batches .................... [RUN]
[2025-12-15T21:14:24.823+0000] {subprocess.py:93} INFO - [0m21:14:24  2 of 8 START sql view model ANALYTICS_analytics.stg_materials .................. [RUN]
[2025-12-15T21:14:24.825+0000] {subprocess.py:93} INFO - [0m21:14:24  3 of 8 START sql view model ANALYTICS_analytics.stg_production_orders .......... [RUN]
[2025-12-15T21:14:25.502+0000] {subprocess.py:93} INFO - [0m21:14:25  1 of 8 OK created sql view model ANALYTICS_analytics.stg_batches ............... [[32mSUCCESS 1[0m in 0.67s]
[2025-12-15T21:14:25.507+0000] {subprocess.py:93} INFO - [0m21:14:25  4 of 8 START sql table model ANALYTICS_analytics.core_batches .................. [RUN]
[2025-12-15T21:14:26.169+0000] {subprocess.py:93} INFO - [0m21:14:26  2 of 8 OK created sql view model ANALYTICS_analytics.stg_materials ............. [[32mSUCCESS 1[0m in 1.34s]
[2025-12-15T21:14:26.176+0000] {subprocess.py:93} INFO - [0m21:14:26  5 of 8 START sql table model ANALYTICS_analytics.core_materials ................ [RUN]
[2025-12-15T21:14:26.451+0000] {subprocess.py:93} INFO - [0m21:14:26  3 of 8 OK created sql view model ANALYTICS_analytics.stg_production_orders ..... [[32mSUCCESS 1[0m in 1.62s]
[2025-12-15T21:14:26.457+0000] {subprocess.py:93} INFO - [0m21:14:26  6 of 8 START sql table model ANALYTICS_analytics.fct_production_orders ......... [RUN]
[2025-12-15T21:14:27.646+0000] {subprocess.py:93} INFO - [0m21:14:27  5 of 8 OK created sql table model ANALYTICS_analytics.core_materials ........... [[32mSUCCESS 1[0m in 1.47s]
[2025-12-15T21:14:28.157+0000] {subprocess.py:93} INFO - [0m21:14:28  4 of 8 OK created sql table model ANALYTICS_analytics.core_batches ............. [[32mSUCCESS 1[0m in 2.65s]
[2025-12-15T21:14:28.272+0000] {subprocess.py:93} INFO - [0m21:14:28  6 of 8 OK created sql table model ANALYTICS_analytics.fct_production_orders .... [[32mSUCCESS 1[0m in 1.81s]
[2025-12-15T21:14:28.278+0000] {subprocess.py:93} INFO - [0m21:14:28  7 of 8 START sql table model ANALYTICS_analytics.mfg_ml_features_orders ........ [RUN]
[2025-12-15T21:14:28.279+0000] {subprocess.py:93} INFO - [0m21:14:28  8 of 8 START sql table model ANALYTICS_analytics.mfg_plant_daily_kpis .......... [RUN]
[2025-12-15T21:14:28.621+0000] {subprocess.py:93} INFO - [0m21:14:28  8 of 8 ERROR creating sql table model ANALYTICS_analytics.mfg_plant_daily_kpis . [[31mERROR[0m in 0.34s]
[2025-12-15T21:14:28.623+0000] {subprocess.py:93} INFO - [0m21:14:28  7 of 8 ERROR creating sql table model ANALYTICS_analytics.mfg_ml_features_orders  [[31mERROR[0m in 0.34s]
[2025-12-15T21:14:30.491+0000] {subprocess.py:93} INFO - [0m21:14:30
[2025-12-15T21:14:30.493+0000] {subprocess.py:93} INFO - [0m21:14:30  Finished running 5 table models, 3 view models in 0 hours 0 minutes and 7.99 seconds (7.99s).
[2025-12-15T21:14:30.572+0000] {subprocess.py:93} INFO - [0m21:14:30
[2025-12-15T21:14:30.574+0000] {subprocess.py:93} INFO - [0m21:14:30  [31mCompleted with 2 errors, 0 partial successes, and 0 warnings:[0m
[2025-12-15T21:14:30.575+0000] {subprocess.py:93} INFO - [0m21:14:30
[2025-12-15T21:14:30.576+0000] {subprocess.py:93} INFO - [0m21:14:30  [31mFailure in model mfg_plant_daily_kpis (models/marts/mfg_plant_daily_kpis.sql)[0m
[2025-12-15T21:14:30.577+0000] {subprocess.py:93} INFO - [0m21:14:30    Database Error in model mfg_plant_daily_kpis (models/marts/mfg_plant_daily_kpis.sql)
[2025-12-15T21:14:30.578+0000] {subprocess.py:93} INFO -   000904 (42000): SQL compilation error: error line 88 at position 39
[2025-12-15T21:14:30.578+0000] {subprocess.py:93} INFO -   invalid identifier 'O.MANUFACTURING_SITE'
[2025-12-15T21:14:30.579+0000] {subprocess.py:93} INFO -   compiled code at target/run/mfg_accelerator/models/marts/mfg_plant_daily_kpis.sql
[2025-12-15T21:14:30.579+0000] {subprocess.py:93} INFO - [0m21:14:30
[2025-12-15T21:14:30.580+0000] {subprocess.py:93} INFO - [0m21:14:30    compiled code at target/compiled/mfg_accelerator/models/marts/mfg_plant_daily_kpis.sql
[2025-12-15T21:14:30.581+0000] {subprocess.py:93} INFO - [0m21:14:30
[2025-12-15T21:14:30.582+0000] {subprocess.py:93} INFO - [0m21:14:30  [31mFailure in model mfg_ml_features_orders (models/marts/mfg_ml_features_orders.sql)[0m
[2025-12-15T21:14:30.583+0000] {subprocess.py:93} INFO - [0m21:14:30    Database Error in model mfg_ml_features_orders (models/marts/mfg_ml_features_orders.sql)
[2025-12-15T21:14:30.583+0000] {subprocess.py:93} INFO -   000904 (42000): SQL compilation error: error line 13 at position 8
[2025-12-15T21:14:30.584+0000] {subprocess.py:93} INFO -   invalid identifier 'MATERIAL_ID'
[2025-12-15T21:14:30.584+0000] {subprocess.py:93} INFO -   compiled code at target/run/mfg_accelerator/models/marts/mfg_ml_features_orders.sql
[2025-12-15T21:14:30.585+0000] {subprocess.py:93} INFO - [0m21:14:30
[2025-12-15T21:14:30.585+0000] {subprocess.py:93} INFO - [0m21:14:30    compiled code at target/compiled/mfg_accelerator/models/marts/mfg_ml_features_orders.sql
[2025-12-15T21:14:30.586+0000] {subprocess.py:93} INFO - [0m21:14:30
[2025-12-15T21:14:30.587+0000] {subprocess.py:93} INFO - [0m21:14:30  Done. PASS=6 WARN=0 ERROR=2 SKIP=0 NO-OP=0 TOTAL=8
[2025-12-15T21:14:31.699+0000] {subprocess.py:97} INFO - Command exited with return code 1
[2025-12-15T21:14:31.700+0000] {taskinstance.py:441} INFO - ::group::Post task execution logs
[2025-12-15T21:14:31.709+0000] {taskinstance.py:2890} ERROR - Task failed with exception
Traceback (most recent call last):
  File "/home/airflow/.local/lib/python3.12/site-packages/airflow/models/taskinstance.py", line 460, in _execute_task
    result = _execute_callable(context=context, **execute_callable_kwargs)
             ^^^^^^^^^^^^^^^^^^^^^^^^^^^^^^^^^^^^^^^^^^^^^^^^^^^^^^^^^^^^^
  File "/home/airflow/.local/lib/python3.12/site-packages/airflow/models/taskinstance.py", line 432, in _execute_callable
    return execute_callable(context=context, **execute_callable_kwargs)
           ^^^^^^^^^^^^^^^^^^^^^^^^^^^^^^^^^^^^^^^^^^^^^^^^^^^^^^^^^^^^
  File "/home/airflow/.local/lib/python3.12/site-packages/airflow/models/baseoperator.py", line 400, in wrapper
    return func(self, *args, **kwargs)
           ^^^^^^^^^^^^^^^^^^^^^^^^^^^
  File "/home/airflow/.local/lib/python3.12/site-packages/airflow/operators/bash.py", line 243, in execute
    raise AirflowException(
airflow.exceptions.AirflowException: Bash command failed. The command returned a non-zero exit code 1.
[2025-12-15T21:14:31.713+0000] {taskinstance.py:1205} INFO - Marking task as FAILED. dag_id=mfg_raw_ingestion_dag, task_id=dbt_run_all, execution_date=20251214T040000, start_date=20251215T211418, end_date=20251215T211431
[2025-12-15T21:14:31.727+0000] {standard_task_runner.py:110} ERROR - Failed to execute job 5 for task dbt_run_all (Bash command failed. The command returned a non-zero exit code 1.; 951)
[2025-12-15T21:14:31.769+0000] {local_task_job_runner.py:240} INFO - Task exited with return code 1
[2025-12-15T21:14:31.782+0000] {taskinstance.py:3482} INFO - 0 downstream tasks scheduled from follow-on schedule check
[2025-12-15T21:14:31.786+0000] {local_task_job_runner.py:222} INFO - ::endgroup::
[2025-12-15T23:02:47.497+0000] {local_task_job_runner.py:120} INFO - ::group::Pre task execution logs
[2025-12-15T23:02:47.524+0000] {taskinstance.py:2073} INFO - Dependencies all met for dep_context=non-requeueable deps ti=<TaskInstance: mfg_raw_ingestion_dag.dbt_run_all scheduled__2025-12-14T04:00:00+00:00 [queued]>
[2025-12-15T23:02:47.533+0000] {taskinstance.py:2073} INFO - Dependencies all met for dep_context=requeueable deps ti=<TaskInstance: mfg_raw_ingestion_dag.dbt_run_all scheduled__2025-12-14T04:00:00+00:00 [queued]>
[2025-12-15T23:02:47.534+0000] {taskinstance.py:2303} INFO - Starting attempt 3 of 3
[2025-12-15T23:02:47.547+0000] {taskinstance.py:2327} INFO - Executing <Task(BashOperator): dbt_run_all> on 2025-12-14 04:00:00+00:00
[2025-12-15T23:02:47.554+0000] {standard_task_runner.py:90} INFO - Running: ['***', 'tasks', 'run', 'mfg_raw_ingestion_dag', 'dbt_run_all', 'scheduled__2025-12-14T04:00:00+00:00', '--job-id', '12', '--raw', '--subdir', 'DAGS_FOLDER/mfg_raw_ingestion_dag.py', '--cfg-path', '/tmp/tmpmhs348y1']
[2025-12-15T23:02:47.557+0000] {standard_task_runner.py:91} INFO - Job 12: Subtask dbt_run_all
[2025-12-15T23:02:47.557+0000] {logging_mixin.py:188} WARNING - /home/***/.local/lib/python3.12/site-packages/***/task/task_runner/standard_task_runner.py:61 DeprecationWarning: This process (pid=1834) is multi-threaded, use of fork() may lead to deadlocks in the child.
[2025-12-15T23:02:47.559+0000] {standard_task_runner.py:63} INFO - Started process 1835 to run task
[2025-12-15T23:02:47.609+0000] {task_command.py:426} INFO - Running <TaskInstance: mfg_raw_ingestion_dag.dbt_run_all scheduled__2025-12-14T04:00:00+00:00 [running]> on host 36071aea49b2
[2025-12-15T23:02:47.684+0000] {taskinstance.py:2644} INFO - Exporting env vars: AIRFLOW_CTX_DAG_OWNER='data-engineering' AIRFLOW_CTX_DAG_ID='mfg_raw_ingestion_dag' AIRFLOW_CTX_TASK_ID='dbt_run_all' AIRFLOW_CTX_EXECUTION_DATE='2025-12-14T04:00:00+00:00' AIRFLOW_CTX_TRY_NUMBER='3' AIRFLOW_CTX_DAG_RUN_ID='scheduled__2025-12-14T04:00:00+00:00'
[2025-12-15T23:02:47.686+0000] {taskinstance.py:430} INFO - ::endgroup::
[2025-12-15T23:02:47.700+0000] {subprocess.py:63} INFO - Tmp dir root location: /tmp
[2025-12-15T23:02:47.701+0000] {subprocess.py:75} INFO - Running command: ['/usr/bin/bash', '-c', 'set -euo pipefail; cd /opt/***/dbt_project && dbt run --profiles-dir /opt/***/dbt_profiles']
[2025-12-15T23:02:47.710+0000] {subprocess.py:86} INFO - Output:
[2025-12-15T23:02:49.680+0000] {subprocess.py:93} INFO - [0m23:02:49  Running with dbt=1.10.15
[2025-12-15T23:02:50.522+0000] {subprocess.py:93} INFO - [0m23:02:50  Registered adapter: snowflake=1.10.4
[2025-12-15T23:02:51.246+0000] {subprocess.py:93} INFO - [0m23:02:51  Found 8 models, 29 data tests, 3 sources, 504 macros
[2025-12-15T23:02:51.250+0000] {subprocess.py:93} INFO - [0m23:02:51
[2025-12-15T23:02:51.252+0000] {subprocess.py:93} INFO - [0m23:02:51  Concurrency: 4 threads (target='dev')
[2025-12-15T23:02:51.253+0000] {subprocess.py:93} INFO - [0m23:02:51
[2025-12-15T23:02:53.255+0000] {subprocess.py:93} INFO - [0m23:02:53  1 of 8 START sql view model ANALYTICS_analytics.stg_batches .................... [RUN]
[2025-12-15T23:02:53.257+0000] {subprocess.py:93} INFO - [0m23:02:53  2 of 8 START sql view model ANALYTICS_analytics.stg_materials .................. [RUN]
[2025-12-15T23:02:53.259+0000] {subprocess.py:93} INFO - [0m23:02:53  3 of 8 START sql view model ANALYTICS_analytics.stg_production_orders .......... [RUN]
[2025-12-15T23:02:53.866+0000] {subprocess.py:93} INFO - [0m23:02:53  2 of 8 OK created sql view model ANALYTICS_analytics.stg_materials ............. [[32mSUCCESS 1[0m in 0.60s]
[2025-12-15T23:02:53.871+0000] {subprocess.py:93} INFO - [0m23:02:53  4 of 8 START sql table model ANALYTICS_analytics.core_materials ................ [RUN]
[2025-12-15T23:02:54.903+0000] {subprocess.py:93} INFO - [0m23:02:54  3 of 8 OK created sql view model ANALYTICS_analytics.stg_production_orders ..... [[32mSUCCESS 1[0m in 1.64s]
[2025-12-15T23:02:54.908+0000] {subprocess.py:93} INFO - [0m23:02:54  5 of 8 START sql table model ANALYTICS_analytics.fct_production_orders ......... [RUN]
[2025-12-15T23:02:54.947+0000] {subprocess.py:93} INFO - [0m23:02:54  1 of 8 OK created sql view model ANALYTICS_analytics.stg_batches ............... [[32mSUCCESS 1[0m in 1.69s]
[2025-12-15T23:02:54.952+0000] {subprocess.py:93} INFO - [0m23:02:54  6 of 8 START sql table model ANALYTICS_analytics.core_batches .................. [RUN]
[2025-12-15T23:02:56.453+0000] {subprocess.py:93} INFO - [0m23:02:56  4 of 8 OK created sql table model ANALYTICS_analytics.core_materials ........... [[32mSUCCESS 1[0m in 2.58s]
[2025-12-15T23:02:56.699+0000] {subprocess.py:93} INFO - [0m23:02:56  5 of 8 OK created sql table model ANALYTICS_analytics.fct_production_orders .... [[32mSUCCESS 1[0m in 1.79s]
[2025-12-15T23:02:57.000+0000] {subprocess.py:93} INFO - [0m23:02:57  6 of 8 OK created sql table model ANALYTICS_analytics.core_batches ............. [[32mSUCCESS 1[0m in 2.04s]
[2025-12-15T23:02:57.006+0000] {subprocess.py:93} INFO - [0m23:02:57  7 of 8 START sql table model ANALYTICS_analytics.mfg_ml_features_orders ........ [RUN]
[2025-12-15T23:02:57.008+0000] {subprocess.py:93} INFO - [0m23:02:57  8 of 8 START sql table model ANALYTICS_analytics.mfg_plant_daily_kpis .......... [RUN]
[2025-12-15T23:02:57.431+0000] {subprocess.py:93} INFO - [0m23:02:57  8 of 8 ERROR creating sql table model ANALYTICS_analytics.mfg_plant_daily_kpis . [[31mERROR[0m in 0.42s]
[2025-12-15T23:02:57.495+0000] {subprocess.py:93} INFO - [0m23:02:57  7 of 8 ERROR creating sql table model ANALYTICS_analytics.mfg_ml_features_orders  [[31mERROR[0m in 0.48s]
[2025-12-15T23:02:59.378+0000] {subprocess.py:93} INFO - [0m23:02:59
[2025-12-15T23:02:59.379+0000] {subprocess.py:93} INFO - [0m23:02:59  Finished running 5 table models, 3 view models in 0 hours 0 minutes and 8.12 seconds (8.12s).
[2025-12-15T23:02:59.460+0000] {subprocess.py:93} INFO - [0m23:02:59
[2025-12-15T23:02:59.461+0000] {subprocess.py:93} INFO - [0m23:02:59  [31mCompleted with 2 errors, 0 partial successes, and 0 warnings:[0m
[2025-12-15T23:02:59.462+0000] {subprocess.py:93} INFO - [0m23:02:59
[2025-12-15T23:02:59.463+0000] {subprocess.py:93} INFO - [0m23:02:59  [31mFailure in model mfg_plant_daily_kpis (models/marts/mfg_plant_daily_kpis.sql)[0m
[2025-12-15T23:02:59.464+0000] {subprocess.py:93} INFO - [0m23:02:59    Database Error in model mfg_plant_daily_kpis (models/marts/mfg_plant_daily_kpis.sql)
[2025-12-15T23:02:59.465+0000] {subprocess.py:93} INFO -   000904 (42000): SQL compilation error: error line 88 at position 39
[2025-12-15T23:02:59.465+0000] {subprocess.py:93} INFO -   invalid identifier 'O.MANUFACTURING_SITE'
[2025-12-15T23:02:59.466+0000] {subprocess.py:93} INFO -   compiled code at target/run/mfg_accelerator/models/marts/mfg_plant_daily_kpis.sql
[2025-12-15T23:02:59.466+0000] {subprocess.py:93} INFO - [0m23:02:59
[2025-12-15T23:02:59.467+0000] {subprocess.py:93} INFO - [0m23:02:59    compiled code at target/compiled/mfg_accelerator/models/marts/mfg_plant_daily_kpis.sql
[2025-12-15T23:02:59.468+0000] {subprocess.py:93} INFO - [0m23:02:59
[2025-12-15T23:02:59.469+0000] {subprocess.py:93} INFO - [0m23:02:59  [31mFailure in model mfg_ml_features_orders (models/marts/mfg_ml_features_orders.sql)[0m
[2025-12-15T23:02:59.470+0000] {subprocess.py:93} INFO - [0m23:02:59    Database Error in model mfg_ml_features_orders (models/marts/mfg_ml_features_orders.sql)
[2025-12-15T23:02:59.471+0000] {subprocess.py:93} INFO -   000904 (42000): SQL compilation error: error line 13 at position 8
[2025-12-15T23:02:59.471+0000] {subprocess.py:93} INFO -   invalid identifier 'MATERIAL_ID'
[2025-12-15T23:02:59.471+0000] {subprocess.py:93} INFO -   compiled code at target/run/mfg_accelerator/models/marts/mfg_ml_features_orders.sql
[2025-12-15T23:02:59.472+0000] {subprocess.py:93} INFO - [0m23:02:59
[2025-12-15T23:02:59.472+0000] {subprocess.py:93} INFO - [0m23:02:59    compiled code at target/compiled/mfg_accelerator/models/marts/mfg_ml_features_orders.sql
[2025-12-15T23:02:59.473+0000] {subprocess.py:93} INFO - [0m23:02:59
[2025-12-15T23:02:59.474+0000] {subprocess.py:93} INFO - [0m23:02:59  Done. PASS=6 WARN=0 ERROR=2 SKIP=0 NO-OP=0 TOTAL=8
[2025-12-15T23:03:00.658+0000] {subprocess.py:97} INFO - Command exited with return code 1
[2025-12-15T23:03:00.659+0000] {taskinstance.py:441} INFO - ::group::Post task execution logs
[2025-12-15T23:03:00.668+0000] {taskinstance.py:2890} ERROR - Task failed with exception
Traceback (most recent call last):
  File "/home/airflow/.local/lib/python3.12/site-packages/airflow/models/taskinstance.py", line 460, in _execute_task
    result = _execute_callable(context=context, **execute_callable_kwargs)
             ^^^^^^^^^^^^^^^^^^^^^^^^^^^^^^^^^^^^^^^^^^^^^^^^^^^^^^^^^^^^^
  File "/home/airflow/.local/lib/python3.12/site-packages/airflow/models/taskinstance.py", line 432, in _execute_callable
    return execute_callable(context=context, **execute_callable_kwargs)
           ^^^^^^^^^^^^^^^^^^^^^^^^^^^^^^^^^^^^^^^^^^^^^^^^^^^^^^^^^^^^
  File "/home/airflow/.local/lib/python3.12/site-packages/airflow/models/baseoperator.py", line 400, in wrapper
    return func(self, *args, **kwargs)
           ^^^^^^^^^^^^^^^^^^^^^^^^^^^
  File "/home/airflow/.local/lib/python3.12/site-packages/airflow/operators/bash.py", line 243, in execute
    raise AirflowException(
airflow.exceptions.AirflowException: Bash command failed. The command returned a non-zero exit code 1.
[2025-12-15T23:03:00.672+0000] {taskinstance.py:1205} INFO - Marking task as FAILED. dag_id=mfg_raw_ingestion_dag, task_id=dbt_run_all, execution_date=20251214T040000, start_date=20251215T230247, end_date=20251215T230300
[2025-12-15T23:03:00.687+0000] {standard_task_runner.py:110} ERROR - Failed to execute job 12 for task dbt_run_all (Bash command failed. The command returned a non-zero exit code 1.; 1835)
[2025-12-15T23:03:00.705+0000] {local_task_job_runner.py:240} INFO - Task exited with return code 1
[2025-12-15T23:03:00.722+0000] {taskinstance.py:3482} INFO - 0 downstream tasks scheduled from follow-on schedule check
[2025-12-15T23:03:00.728+0000] {local_task_job_runner.py:222} INFO - ::endgroup::
