[2025-12-16T14:16:11.748+0000] {local_task_job_runner.py:120} INFO - ::group::Pre task execution logs
[2025-12-16T14:16:11.800+0000] {taskinstance.py:2073} INFO - Dependencies all met for dep_context=non-requeueable deps ti=<TaskInstance: mfg_raw_ingestion_dag.dbt_test_all manual__2025-12-16T14:10:12.241834+00:00 [queued]>
[2025-12-16T14:16:11.813+0000] {taskinstance.py:2073} INFO - Dependencies all met for dep_context=requeueable deps ti=<TaskInstance: mfg_raw_ingestion_dag.dbt_test_all manual__2025-12-16T14:10:12.241834+00:00 [queued]>
[2025-12-16T14:16:11.814+0000] {taskinstance.py:2303} INFO - Starting attempt 2 of 3
[2025-12-16T14:16:11.835+0000] {taskinstance.py:2327} INFO - Executing <Task(BashOperator): dbt_test_all> on 2025-12-16 14:10:12.241834+00:00
[2025-12-16T14:16:11.846+0000] {standard_task_runner.py:90} INFO - Running: ['***', 'tasks', 'run', 'mfg_raw_ingestion_dag', 'dbt_test_all', 'manual__2025-12-16T14:10:12.241834+00:00', '--job-id', '14', '--raw', '--subdir', 'DAGS_FOLDER/mfg_raw_ingestion_dag.py', '--cfg-path', '/tmp/tmpci0gykbb']
[2025-12-16T14:16:11.851+0000] {standard_task_runner.py:91} INFO - Job 14: Subtask dbt_test_all
[2025-12-16T14:16:11.852+0000] {logging_mixin.py:188} WARNING - /home/***/.local/lib/python3.12/site-packages/***/task/task_runner/standard_task_runner.py:61 DeprecationWarning: This process (pid=1607) is multi-threaded, use of fork() may lead to deadlocks in the child.
[2025-12-16T14:16:11.853+0000] {standard_task_runner.py:63} INFO - Started process 1608 to run task
[2025-12-16T14:16:11.933+0000] {task_command.py:426} INFO - Running <TaskInstance: mfg_raw_ingestion_dag.dbt_test_all manual__2025-12-16T14:10:12.241834+00:00 [running]> on host 24030efa02e6
[2025-12-16T14:16:12.044+0000] {taskinstance.py:2644} INFO - Exporting env vars: AIRFLOW_CTX_DAG_OWNER='data-engineering' AIRFLOW_CTX_DAG_ID='mfg_raw_ingestion_dag' AIRFLOW_CTX_TASK_ID='dbt_test_all' AIRFLOW_CTX_EXECUTION_DATE='2025-12-16T14:10:12.241834+00:00' AIRFLOW_CTX_TRY_NUMBER='2' AIRFLOW_CTX_DAG_RUN_ID='manual__2025-12-16T14:10:12.241834+00:00'
[2025-12-16T14:16:12.045+0000] {taskinstance.py:430} INFO - ::endgroup::
[2025-12-16T14:16:12.069+0000] {subprocess.py:63} INFO - Tmp dir root location: /tmp
[2025-12-16T14:16:12.071+0000] {subprocess.py:75} INFO - Running command: ['/usr/bin/bash', '-c', 'set -euo pipefail; cd /opt/***/dbt_project && dbt test --profiles-dir /opt/***/dbt_profiles']
[2025-12-16T14:16:12.083+0000] {subprocess.py:86} INFO - Output:
[2025-12-16T14:16:16.122+0000] {subprocess.py:93} INFO - [0m14:16:16  Running with dbt=1.10.15
[2025-12-16T14:16:17.576+0000] {subprocess.py:93} INFO - [0m14:16:17  Registered adapter: snowflake=1.10.4
[2025-12-16T14:16:18.613+0000] {subprocess.py:93} INFO - [0m14:16:18  Found 8 models, 35 data tests, 3 sources, 504 macros
[2025-12-16T14:16:18.625+0000] {subprocess.py:93} INFO - [0m14:16:18
[2025-12-16T14:16:18.627+0000] {subprocess.py:93} INFO - [0m14:16:18  Concurrency: 4 threads (target='dev')
[2025-12-16T14:16:18.629+0000] {subprocess.py:93} INFO - [0m14:16:18
[2025-12-16T14:16:20.966+0000] {subprocess.py:93} INFO - [0m14:16:20  1 of 35 START test dbt_utils_unique_combination_of_columns_core_batches_batch_id__load_run_id  [RUN]
[2025-12-16T14:16:20.968+0000] {subprocess.py:93} INFO - [0m14:16:20  2 of 35 START test dbt_utils_unique_combination_of_columns_core_materials_material_id__load_run_id  [RUN]
[2025-12-16T14:16:20.970+0000] {subprocess.py:93} INFO - [0m14:16:20  3 of 35 START test dbt_utils_unique_combination_of_columns_fct_production_orders_order_id__load_run_id  [RUN]
[2025-12-16T14:16:20.973+0000] {subprocess.py:93} INFO - [0m14:16:20  4 of 35 START test dbt_utils_unique_combination_of_columns_mfg_plant_daily_kpis_manufacturing_site__calendar_date  [RUN]
[2025-12-16T14:16:21.067+0000] {subprocess.py:93} INFO - [0m14:16:21  4 of 35 ERROR dbt_utils_unique_combination_of_columns_mfg_plant_daily_kpis_manufacturing_site__calendar_date  [[31mERROR[0m in 0.09s]
[2025-12-16T14:16:21.070+0000] {subprocess.py:93} INFO - [0m14:16:21  2 of 35 ERROR dbt_utils_unique_combination_of_columns_core_materials_material_id__load_run_id  [[31mERROR[0m in 0.09s]
[2025-12-16T14:16:21.072+0000] {subprocess.py:93} INFO - [0m14:16:21  3 of 35 ERROR dbt_utils_unique_combination_of_columns_fct_production_orders_order_id__load_run_id  [[31mERROR[0m in 0.09s]
[2025-12-16T14:16:21.074+0000] {subprocess.py:93} INFO - [0m14:16:21  1 of 35 ERROR dbt_utils_unique_combination_of_columns_core_batches_batch_id__load_run_id  [[31mERROR[0m in 0.10s]
[2025-12-16T14:16:21.092+0000] {subprocess.py:93} INFO - [0m14:16:21  5 of 35 START test not_null_core_batches_batch_id .............................. [RUN]
[2025-12-16T14:16:21.096+0000] {subprocess.py:93} INFO - [0m14:16:21  6 of 35 START test not_null_core_batches_load_run_id ........................... [RUN]
[2025-12-16T14:16:21.098+0000] {subprocess.py:93} INFO - [0m14:16:21  7 of 35 START test not_null_core_batches_loaded_at ............................. [RUN]
[2025-12-16T14:16:21.100+0000] {subprocess.py:93} INFO - [0m14:16:21  8 of 35 START test not_null_core_batches_material_id ........................... [RUN]
[2025-12-16T14:16:21.613+0000] {subprocess.py:93} INFO - [0m14:16:21  8 of 35 PASS not_null_core_batches_material_id ................................. [[32mPASS[0m in 0.50s]
[2025-12-16T14:16:21.624+0000] {subprocess.py:93} INFO - [0m14:16:21  9 of 35 START test not_null_core_materials_load_run_id ......................... [RUN]
[2025-12-16T14:16:22.034+0000] {subprocess.py:93} INFO - [0m14:16:22  9 of 35 FAIL 500 not_null_core_materials_load_run_id ........................... [[31mFAIL 500[0m in 0.41s]
[2025-12-16T14:16:22.041+0000] {subprocess.py:93} INFO - [0m14:16:22  10 of 35 START test not_null_core_materials_loaded_at .......................... [RUN]
[2025-12-16T14:16:22.397+0000] {subprocess.py:93} INFO - [0m14:16:22  10 of 35 FAIL 500 not_null_core_materials_loaded_at ............................ [[31mFAIL 500[0m in 0.35s]
[2025-12-16T14:16:22.404+0000] {subprocess.py:93} INFO - [0m14:16:22  11 of 35 START test not_null_core_materials_material_id ........................ [RUN]
[2025-12-16T14:16:22.735+0000] {subprocess.py:93} INFO - [0m14:16:22  11 of 35 PASS not_null_core_materials_material_id .............................. [[32mPASS[0m in 0.33s]
[2025-12-16T14:16:22.745+0000] {subprocess.py:93} INFO - [0m14:16:22  12 of 35 START test not_null_fct_production_orders_batch_id .................... [RUN]
[2025-12-16T14:16:22.758+0000] {subprocess.py:93} INFO - [0m14:16:22  5 of 35 PASS not_null_core_batches_batch_id .................................... [[32mPASS[0m in 1.66s]
[2025-12-16T14:16:22.779+0000] {subprocess.py:93} INFO - [0m14:16:22  7 of 35 FAIL 10000 not_null_core_batches_loaded_at ............................. [[31mFAIL 10000[0m in 1.67s]
[2025-12-16T14:16:22.796+0000] {subprocess.py:93} INFO - [0m14:16:22  6 of 35 FAIL 10000 not_null_core_batches_load_run_id ........................... [[31mFAIL 10000[0m in 1.69s]
[2025-12-16T14:16:22.798+0000] {subprocess.py:93} INFO - [0m14:16:22  13 of 35 START test not_null_fct_production_orders_load_run_id ................. [RUN]
[2025-12-16T14:16:22.809+0000] {subprocess.py:93} INFO - [0m14:16:22  14 of 35 START test not_null_fct_production_orders_loaded_at ................... [RUN]
[2025-12-16T14:16:22.829+0000] {subprocess.py:93} INFO - [0m14:16:22  15 of 35 START test not_null_fct_production_orders_order_id .................... [RUN]
[2025-12-16T14:16:23.176+0000] {subprocess.py:93} INFO - [0m14:16:23  12 of 35 PASS not_null_fct_production_orders_batch_id .......................... [[32mPASS[0m in 0.43s]
[2025-12-16T14:16:23.185+0000] {subprocess.py:93} INFO - [0m14:16:23  16 of 35 START test not_null_mfg_ml_features_orders_manufacturing_site ......... [RUN]
[2025-12-16T14:16:23.224+0000] {subprocess.py:93} INFO - [0m14:16:23  13 of 35 FAIL 10000 not_null_fct_production_orders_load_run_id ................. [[31mFAIL 10000[0m in 0.42s]
[2025-12-16T14:16:23.258+0000] {subprocess.py:93} INFO - [0m14:16:23  17 of 35 START test not_null_mfg_ml_features_orders_order_id ................... [RUN]
[2025-12-16T14:16:23.267+0000] {subprocess.py:93} INFO - [0m14:16:23  15 of 35 PASS not_null_fct_production_orders_order_id .......................... [[32mPASS[0m in 0.42s]
[2025-12-16T14:16:23.275+0000] {subprocess.py:93} INFO - [0m14:16:23  14 of 35 FAIL 10000 not_null_fct_production_orders_loaded_at ................... [[31mFAIL 10000[0m in 0.45s]
[2025-12-16T14:16:23.318+0000] {subprocess.py:93} INFO - [0m14:16:23  18 of 35 START test not_null_mfg_plant_daily_kpis_calendar_date ................ [RUN]
[2025-12-16T14:16:23.327+0000] {subprocess.py:93} INFO - [0m14:16:23  19 of 35 START test not_null_mfg_plant_daily_kpis_manufacturing_site ........... [RUN]
[2025-12-16T14:16:23.603+0000] {subprocess.py:93} INFO - [0m14:16:23  16 of 35 FAIL 10000 not_null_mfg_ml_features_orders_manufacturing_site ......... [[31mFAIL 10000[0m in 0.42s]
[2025-12-16T14:16:23.611+0000] {subprocess.py:93} INFO - [0m14:16:23  20 of 35 START test not_null_stg_batches_batch_id .............................. [RUN]
[2025-12-16T14:16:23.712+0000] {subprocess.py:93} INFO - [0m14:16:23  18 of 35 PASS not_null_mfg_plant_daily_kpis_calendar_date ...................... [[32mPASS[0m in 0.38s]
[2025-12-16T14:16:23.729+0000] {subprocess.py:93} INFO - [0m14:16:23  21 of 35 START test not_null_stg_batches_load_run_id ........................... [RUN]
[2025-12-16T14:16:23.748+0000] {subprocess.py:93} INFO - [0m14:16:23  17 of 35 PASS not_null_mfg_ml_features_orders_order_id ......................... [[32mPASS[0m in 0.47s]
[2025-12-16T14:16:23.759+0000] {subprocess.py:93} INFO - [0m14:16:23  19 of 35 PASS not_null_mfg_plant_daily_kpis_manufacturing_site ................. [[32mPASS[0m in 0.42s]
[2025-12-16T14:16:23.792+0000] {subprocess.py:93} INFO - [0m14:16:23  22 of 35 START test not_null_stg_batches_loaded_at ............................. [RUN]
[2025-12-16T14:16:23.794+0000] {subprocess.py:93} INFO - [0m14:16:23  23 of 35 START test not_null_stg_batches_material_id ........................... [RUN]
[2025-12-16T14:16:23.987+0000] {subprocess.py:93} INFO - [0m14:16:23  20 of 35 PASS not_null_stg_batches_batch_id .................................... [[32mPASS[0m in 0.37s]
[2025-12-16T14:16:23.996+0000] {subprocess.py:93} INFO - [0m14:16:23  24 of 35 START test not_null_stg_materials_load_run_id ......................... [RUN]
[2025-12-16T14:16:24.179+0000] {subprocess.py:93} INFO - [0m14:16:24  22 of 35 FAIL 10000 not_null_stg_batches_loaded_at ............................. [[31mFAIL 10000[0m in 0.38s]
[2025-12-16T14:16:24.187+0000] {subprocess.py:93} INFO - [0m14:16:24  25 of 35 START test not_null_stg_materials_loaded_at ........................... [RUN]
[2025-12-16T14:16:24.201+0000] {subprocess.py:93} INFO - [0m14:16:24  21 of 35 FAIL 10000 not_null_stg_batches_load_run_id ........................... [[31mFAIL 10000[0m in 0.46s]
[2025-12-16T14:16:24.220+0000] {subprocess.py:93} INFO - [0m14:16:24  26 of 35 START test not_null_stg_materials_material_id ......................... [RUN]
[2025-12-16T14:16:24.265+0000] {subprocess.py:93} INFO - [0m14:16:24  23 of 35 PASS not_null_stg_batches_material_id ................................. [[32mPASS[0m in 0.46s]
[2025-12-16T14:16:24.287+0000] {subprocess.py:93} INFO - [0m14:16:24  27 of 35 START test not_null_stg_production_orders_batch_id .................... [RUN]
[2025-12-16T14:16:24.372+0000] {subprocess.py:93} INFO - [0m14:16:24  24 of 35 FAIL 500 not_null_stg_materials_load_run_id ........................... [[31mFAIL 500[0m in 0.37s]
[2025-12-16T14:16:24.381+0000] {subprocess.py:93} INFO - [0m14:16:24  28 of 35 START test not_null_stg_production_orders_load_run_id ................. [RUN]
[2025-12-16T14:16:24.627+0000] {subprocess.py:93} INFO - [0m14:16:24  26 of 35 PASS not_null_stg_materials_material_id ............................... [[32mPASS[0m in 0.40s]
[2025-12-16T14:16:24.633+0000] {subprocess.py:93} INFO - [0m14:16:24  25 of 35 FAIL 500 not_null_stg_materials_loaded_at ............................. [[31mFAIL 500[0m in 0.44s]
[2025-12-16T14:16:24.648+0000] {subprocess.py:93} INFO - [0m14:16:24  29 of 35 START test not_null_stg_production_orders_loaded_at ................... [RUN]
[2025-12-16T14:16:24.650+0000] {subprocess.py:93} INFO - [0m14:16:24  30 of 35 START test not_null_stg_production_orders_order_id .................... [RUN]
[2025-12-16T14:16:24.732+0000] {subprocess.py:93} INFO - [0m14:16:24  27 of 35 PASS not_null_stg_production_orders_batch_id .......................... [[32mPASS[0m in 0.44s]
[2025-12-16T14:16:24.745+0000] {subprocess.py:93} INFO - [0m14:16:24  31 of 35 START test relationships_core_batches_material_id__material_id__ref_core_materials_  [RUN]
[2025-12-16T14:16:24.771+0000] {subprocess.py:93} INFO - [0m14:16:24  28 of 35 FAIL 10000 not_null_stg_production_orders_load_run_id ................. [[31mFAIL 10000[0m in 0.39s]
[2025-12-16T14:16:24.810+0000] {subprocess.py:93} INFO - [0m14:16:24  32 of 35 START test relationships_fct_production_orders_batch_id__batch_id__ref_core_batches_  [RUN]
[2025-12-16T14:16:25.077+0000] {subprocess.py:93} INFO - [0m14:16:25  30 of 35 PASS not_null_stg_production_orders_order_id .......................... [[32mPASS[0m in 0.42s]
[2025-12-16T14:16:25.088+0000] {subprocess.py:93} INFO - [0m14:16:25  29 of 35 FAIL 10000 not_null_stg_production_orders_loaded_at ................... [[31mFAIL 10000[0m in 0.44s]
[2025-12-16T14:16:25.096+0000] {subprocess.py:93} INFO - [0m14:16:25  33 of 35 START test relationships_stg_batches_material_id__material_id__ref_stg_materials_  [RUN]
[2025-12-16T14:16:25.105+0000] {subprocess.py:93} INFO - [0m14:16:25  34 of 35 START test relationships_stg_production_orders_batch_id__batch_id__ref_stg_batches_  [RUN]
[2025-12-16T14:16:25.189+0000] {subprocess.py:93} INFO - [0m14:16:25  31 of 35 PASS relationships_core_batches_material_id__material_id__ref_core_materials_  [[32mPASS[0m in 0.43s]
[2025-12-16T14:16:25.202+0000] {subprocess.py:93} INFO - [0m14:16:25  32 of 35 PASS relationships_fct_production_orders_batch_id__batch_id__ref_core_batches_  [[32mPASS[0m in 0.39s]
[2025-12-16T14:16:25.228+0000] {subprocess.py:93} INFO - [0m14:16:25  35 of 35 START test unique_mfg_ml_features_orders_order_id ..................... [RUN]
[2025-12-16T14:16:25.594+0000] {subprocess.py:93} INFO - [0m14:16:25  34 of 35 PASS relationships_stg_production_orders_batch_id__batch_id__ref_stg_batches_  [[32mPASS[0m in 0.48s]
[2025-12-16T14:16:25.610+0000] {subprocess.py:93} INFO - [0m14:16:25  33 of 35 PASS relationships_stg_batches_material_id__material_id__ref_stg_materials_  [[32mPASS[0m in 0.51s]
[2025-12-16T14:16:25.621+0000] {subprocess.py:93} INFO - [0m14:16:25  35 of 35 FAIL 10000 unique_mfg_ml_features_orders_order_id ..................... [[31mFAIL 10000[0m in 0.38s]
[2025-12-16T14:16:27.659+0000] {subprocess.py:93} INFO - [0m14:16:27
[2025-12-16T14:16:27.661+0000] {subprocess.py:93} INFO - [0m14:16:27  Finished running 35 data tests in 0 hours 0 minutes and 9.03 seconds (9.03s).
[2025-12-16T14:16:27.826+0000] {subprocess.py:93} INFO - [0m14:16:27
[2025-12-16T14:16:27.828+0000] {subprocess.py:93} INFO - [0m14:16:27  [31mCompleted with 18 errors, 0 partial successes, and 0 warnings:[0m
[2025-12-16T14:16:27.830+0000] {subprocess.py:93} INFO - [0m14:16:27
[2025-12-16T14:16:27.833+0000] {subprocess.py:93} INFO - [0m14:16:27  [31mFailure in test dbt_utils_unique_combination_of_columns_mfg_plant_daily_kpis_manufacturing_site__calendar_date (models/marts/marts_schema.yml)[0m
[2025-12-16T14:16:27.835+0000] {subprocess.py:93} INFO - [0m14:16:27    Compilation Error in test dbt_utils_unique_combination_of_columns_mfg_plant_daily_kpis_manufacturing_site__calendar_date (models/marts/marts_schema.yml)
[2025-12-16T14:16:27.836+0000] {subprocess.py:93} INFO -   'dbt_utils' is undefined. This can happen when calling a macro that does not exist. Check for typos and/or install package dependencies with "dbt deps".
[2025-12-16T14:16:27.837+0000] {subprocess.py:93} INFO - [0m14:16:27
[2025-12-16T14:16:27.840+0000] {subprocess.py:93} INFO - [0m14:16:27  [31mFailure in test dbt_utils_unique_combination_of_columns_core_materials_material_id__load_run_id (models/core/core_schema.yml)[0m
[2025-12-16T14:16:27.842+0000] {subprocess.py:93} INFO - [0m14:16:27    Compilation Error in test dbt_utils_unique_combination_of_columns_core_materials_material_id__load_run_id (models/core/core_schema.yml)
[2025-12-16T14:16:27.843+0000] {subprocess.py:93} INFO -   'dbt_utils' is undefined. This can happen when calling a macro that does not exist. Check for typos and/or install package dependencies with "dbt deps".
[2025-12-16T14:16:27.844+0000] {subprocess.py:93} INFO - [0m14:16:27
[2025-12-16T14:16:27.846+0000] {subprocess.py:93} INFO - [0m14:16:27  [31mFailure in test dbt_utils_unique_combination_of_columns_fct_production_orders_order_id__load_run_id (models/core/core_schema.yml)[0m
[2025-12-16T14:16:27.848+0000] {subprocess.py:93} INFO - [0m14:16:27    Compilation Error in test dbt_utils_unique_combination_of_columns_fct_production_orders_order_id__load_run_id (models/core/core_schema.yml)
[2025-12-16T14:16:27.849+0000] {subprocess.py:93} INFO -   'dbt_utils' is undefined. This can happen when calling a macro that does not exist. Check for typos and/or install package dependencies with "dbt deps".
[2025-12-16T14:16:27.851+0000] {subprocess.py:93} INFO - [0m14:16:27
[2025-12-16T14:16:27.853+0000] {subprocess.py:93} INFO - [0m14:16:27  [31mFailure in test dbt_utils_unique_combination_of_columns_core_batches_batch_id__load_run_id (models/core/core_schema.yml)[0m
[2025-12-16T14:16:27.855+0000] {subprocess.py:93} INFO - [0m14:16:27    Compilation Error in test dbt_utils_unique_combination_of_columns_core_batches_batch_id__load_run_id (models/core/core_schema.yml)
[2025-12-16T14:16:27.856+0000] {subprocess.py:93} INFO -   'dbt_utils' is undefined. This can happen when calling a macro that does not exist. Check for typos and/or install package dependencies with "dbt deps".
[2025-12-16T14:16:27.857+0000] {subprocess.py:93} INFO - [0m14:16:27
[2025-12-16T14:16:27.859+0000] {subprocess.py:93} INFO - [0m14:16:27  [31mFailure in test not_null_core_materials_load_run_id (models/core/core_schema.yml)[0m
[2025-12-16T14:16:27.861+0000] {subprocess.py:93} INFO - [0m14:16:27    Got 500 results, configured to fail if != 0
[2025-12-16T14:16:27.863+0000] {subprocess.py:93} INFO - [0m14:16:27
[2025-12-16T14:16:27.865+0000] {subprocess.py:93} INFO - [0m14:16:27    compiled code at target/compiled/mfg_accelerator/models/core/core_schema.yml/not_null_core_materials_load_run_id.sql
[2025-12-16T14:16:27.867+0000] {subprocess.py:93} INFO - [0m14:16:27
[2025-12-16T14:16:27.869+0000] {subprocess.py:93} INFO - [0m14:16:27  [31mFailure in test not_null_core_materials_loaded_at (models/core/core_schema.yml)[0m
[2025-12-16T14:16:27.871+0000] {subprocess.py:93} INFO - [0m14:16:27    Got 500 results, configured to fail if != 0
[2025-12-16T14:16:27.873+0000] {subprocess.py:93} INFO - [0m14:16:27
[2025-12-16T14:16:27.875+0000] {subprocess.py:93} INFO - [0m14:16:27    compiled code at target/compiled/mfg_accelerator/models/core/core_schema.yml/not_null_core_materials_loaded_at.sql
[2025-12-16T14:16:27.877+0000] {subprocess.py:93} INFO - [0m14:16:27
[2025-12-16T14:16:27.878+0000] {subprocess.py:93} INFO - [0m14:16:27  [31mFailure in test not_null_core_batches_loaded_at (models/core/core_schema.yml)[0m
[2025-12-16T14:16:27.880+0000] {subprocess.py:93} INFO - [0m14:16:27    Got 10000 results, configured to fail if != 0
[2025-12-16T14:16:27.882+0000] {subprocess.py:93} INFO - [0m14:16:27
[2025-12-16T14:16:27.884+0000] {subprocess.py:93} INFO - [0m14:16:27    compiled code at target/compiled/mfg_accelerator/models/core/core_schema.yml/not_null_core_batches_loaded_at.sql
[2025-12-16T14:16:27.886+0000] {subprocess.py:93} INFO - [0m14:16:27
[2025-12-16T14:16:27.888+0000] {subprocess.py:93} INFO - [0m14:16:27  [31mFailure in test not_null_core_batches_load_run_id (models/core/core_schema.yml)[0m
[2025-12-16T14:16:27.890+0000] {subprocess.py:93} INFO - [0m14:16:27    Got 10000 results, configured to fail if != 0
[2025-12-16T14:16:27.892+0000] {subprocess.py:93} INFO - [0m14:16:27
[2025-12-16T14:16:27.894+0000] {subprocess.py:93} INFO - [0m14:16:27    compiled code at target/compiled/mfg_accelerator/models/core/core_schema.yml/not_null_core_batches_load_run_id.sql
[2025-12-16T14:16:27.896+0000] {subprocess.py:93} INFO - [0m14:16:27
[2025-12-16T14:16:27.898+0000] {subprocess.py:93} INFO - [0m14:16:27  [31mFailure in test not_null_fct_production_orders_load_run_id (models/core/core_schema.yml)[0m
[2025-12-16T14:16:27.900+0000] {subprocess.py:93} INFO - [0m14:16:27    Got 10000 results, configured to fail if != 0
[2025-12-16T14:16:27.902+0000] {subprocess.py:93} INFO - [0m14:16:27
[2025-12-16T14:16:27.903+0000] {subprocess.py:93} INFO - [0m14:16:27    compiled code at target/compiled/mfg_accelerator/models/core/core_schema.yml/not_null_fct_production_orders_load_run_id.sql
[2025-12-16T14:16:27.905+0000] {subprocess.py:93} INFO - [0m14:16:27
[2025-12-16T14:16:27.907+0000] {subprocess.py:93} INFO - [0m14:16:27  [31mFailure in test not_null_fct_production_orders_loaded_at (models/core/core_schema.yml)[0m
[2025-12-16T14:16:27.909+0000] {subprocess.py:93} INFO - [0m14:16:27    Got 10000 results, configured to fail if != 0
[2025-12-16T14:16:27.910+0000] {subprocess.py:93} INFO - [0m14:16:27
[2025-12-16T14:16:27.912+0000] {subprocess.py:93} INFO - [0m14:16:27    compiled code at target/compiled/mfg_accelerator/models/core/core_schema.yml/not_null_fct_production_orders_loaded_at.sql
[2025-12-16T14:16:27.914+0000] {subprocess.py:93} INFO - [0m14:16:27
[2025-12-16T14:16:27.916+0000] {subprocess.py:93} INFO - [0m14:16:27  [31mFailure in test not_null_mfg_ml_features_orders_manufacturing_site (models/marts/marts_schema.yml)[0m
[2025-12-16T14:16:27.918+0000] {subprocess.py:93} INFO - [0m14:16:27    Got 10000 results, configured to fail if != 0
[2025-12-16T14:16:27.920+0000] {subprocess.py:93} INFO - [0m14:16:27
[2025-12-16T14:16:27.922+0000] {subprocess.py:93} INFO - [0m14:16:27    compiled code at target/compiled/mfg_accelerator/models/marts/marts_schema.yml/not_null_mfg_ml_features_orders_manufacturing_site.sql
[2025-12-16T14:16:27.924+0000] {subprocess.py:93} INFO - [0m14:16:27
[2025-12-16T14:16:27.926+0000] {subprocess.py:93} INFO - [0m14:16:27  [31mFailure in test not_null_stg_batches_loaded_at (models/staging/staging_schema.yml)[0m
[2025-12-16T14:16:27.928+0000] {subprocess.py:93} INFO - [0m14:16:27    Got 10000 results, configured to fail if != 0
[2025-12-16T14:16:27.930+0000] {subprocess.py:93} INFO - [0m14:16:27
[2025-12-16T14:16:27.932+0000] {subprocess.py:93} INFO - [0m14:16:27    compiled code at target/compiled/mfg_accelerator/models/staging/staging_schema.yml/not_null_stg_batches_loaded_at.sql
[2025-12-16T14:16:27.934+0000] {subprocess.py:93} INFO - [0m14:16:27
[2025-12-16T14:16:27.937+0000] {subprocess.py:93} INFO - [0m14:16:27  [31mFailure in test not_null_stg_batches_load_run_id (models/staging/staging_schema.yml)[0m
[2025-12-16T14:16:27.939+0000] {subprocess.py:93} INFO - [0m14:16:27    Got 10000 results, configured to fail if != 0
[2025-12-16T14:16:27.941+0000] {subprocess.py:93} INFO - [0m14:16:27
[2025-12-16T14:16:27.944+0000] {subprocess.py:93} INFO - [0m14:16:27    compiled code at target/compiled/mfg_accelerator/models/staging/staging_schema.yml/not_null_stg_batches_load_run_id.sql
[2025-12-16T14:16:27.945+0000] {subprocess.py:93} INFO - [0m14:16:27
[2025-12-16T14:16:27.947+0000] {subprocess.py:93} INFO - [0m14:16:27  [31mFailure in test not_null_stg_materials_load_run_id (models/staging/staging_schema.yml)[0m
[2025-12-16T14:16:27.949+0000] {subprocess.py:93} INFO - [0m14:16:27    Got 500 results, configured to fail if != 0
[2025-12-16T14:16:27.951+0000] {subprocess.py:93} INFO - [0m14:16:27
[2025-12-16T14:16:27.953+0000] {subprocess.py:93} INFO - [0m14:16:27    compiled code at target/compiled/mfg_accelerator/models/staging/staging_schema.yml/not_null_stg_materials_load_run_id.sql
[2025-12-16T14:16:27.955+0000] {subprocess.py:93} INFO - [0m14:16:27
[2025-12-16T14:16:27.958+0000] {subprocess.py:93} INFO - [0m14:16:27  [31mFailure in test not_null_stg_materials_loaded_at (models/staging/staging_schema.yml)[0m
[2025-12-16T14:16:27.960+0000] {subprocess.py:93} INFO - [0m14:16:27    Got 500 results, configured to fail if != 0
[2025-12-16T14:16:27.962+0000] {subprocess.py:93} INFO - [0m14:16:27
[2025-12-16T14:16:27.964+0000] {subprocess.py:93} INFO - [0m14:16:27    compiled code at target/compiled/mfg_accelerator/models/staging/staging_schema.yml/not_null_stg_materials_loaded_at.sql
[2025-12-16T14:16:27.966+0000] {subprocess.py:93} INFO - [0m14:16:27
[2025-12-16T14:16:27.968+0000] {subprocess.py:93} INFO - [0m14:16:27  [31mFailure in test not_null_stg_production_orders_load_run_id (models/staging/staging_schema.yml)[0m
[2025-12-16T14:16:27.970+0000] {subprocess.py:93} INFO - [0m14:16:27    Got 10000 results, configured to fail if != 0
[2025-12-16T14:16:27.972+0000] {subprocess.py:93} INFO - [0m14:16:27
[2025-12-16T14:16:27.974+0000] {subprocess.py:93} INFO - [0m14:16:27    compiled code at target/compiled/mfg_accelerator/models/staging/staging_schema.yml/not_null_stg_production_orders_load_run_id.sql
[2025-12-16T14:16:27.976+0000] {subprocess.py:93} INFO - [0m14:16:27
[2025-12-16T14:16:27.978+0000] {subprocess.py:93} INFO - [0m14:16:27  [31mFailure in test not_null_stg_production_orders_loaded_at (models/staging/staging_schema.yml)[0m
[2025-12-16T14:16:27.980+0000] {subprocess.py:93} INFO - [0m14:16:27    Got 10000 results, configured to fail if != 0
[2025-12-16T14:16:27.982+0000] {subprocess.py:93} INFO - [0m14:16:27
[2025-12-16T14:16:27.984+0000] {subprocess.py:93} INFO - [0m14:16:27    compiled code at target/compiled/mfg_accelerator/models/staging/staging_schema.yml/not_null_stg_production_orders_loaded_at.sql
[2025-12-16T14:16:27.986+0000] {subprocess.py:93} INFO - [0m14:16:27
[2025-12-16T14:16:27.989+0000] {subprocess.py:93} INFO - [0m14:16:27  [31mFailure in test unique_mfg_ml_features_orders_order_id (models/marts/marts_schema.yml)[0m
[2025-12-16T14:16:27.991+0000] {subprocess.py:93} INFO - [0m14:16:27    Got 10000 results, configured to fail if != 0
[2025-12-16T14:16:27.993+0000] {subprocess.py:93} INFO - [0m14:16:27
[2025-12-16T14:16:27.995+0000] {subprocess.py:93} INFO - [0m14:16:27    compiled code at target/compiled/mfg_accelerator/models/marts/marts_schema.yml/unique_mfg_ml_features_orders_order_id.sql
[2025-12-16T14:16:27.997+0000] {subprocess.py:93} INFO - [0m14:16:27
[2025-12-16T14:16:27.999+0000] {subprocess.py:93} INFO - [0m14:16:27  Done. PASS=17 WARN=0 ERROR=18 SKIP=0 NO-OP=0 TOTAL=35
[2025-12-16T14:16:29.250+0000] {subprocess.py:97} INFO - Command exited with return code 1
[2025-12-16T14:16:29.252+0000] {taskinstance.py:441} INFO - ::group::Post task execution logs
[2025-12-16T14:16:29.269+0000] {taskinstance.py:2890} ERROR - Task failed with exception
Traceback (most recent call last):
  File "/home/airflow/.local/lib/python3.12/site-packages/airflow/models/taskinstance.py", line 460, in _execute_task
    result = _execute_callable(context=context, **execute_callable_kwargs)
             ^^^^^^^^^^^^^^^^^^^^^^^^^^^^^^^^^^^^^^^^^^^^^^^^^^^^^^^^^^^^^
  File "/home/airflow/.local/lib/python3.12/site-packages/airflow/models/taskinstance.py", line 432, in _execute_callable
    return execute_callable(context=context, **execute_callable_kwargs)
           ^^^^^^^^^^^^^^^^^^^^^^^^^^^^^^^^^^^^^^^^^^^^^^^^^^^^^^^^^^^^
  File "/home/airflow/.local/lib/python3.12/site-packages/airflow/models/baseoperator.py", line 400, in wrapper
    return func(self, *args, **kwargs)
           ^^^^^^^^^^^^^^^^^^^^^^^^^^^
  File "/home/airflow/.local/lib/python3.12/site-packages/airflow/operators/bash.py", line 243, in execute
    raise AirflowException(
airflow.exceptions.AirflowException: Bash command failed. The command returned a non-zero exit code 1.
[2025-12-16T14:16:29.276+0000] {taskinstance.py:1205} INFO - Marking task as UP_FOR_RETRY. dag_id=mfg_raw_ingestion_dag, task_id=dbt_test_all, execution_date=20251216T141012, start_date=20251216T141611, end_date=20251216T141629
[2025-12-16T14:16:29.297+0000] {standard_task_runner.py:110} ERROR - Failed to execute job 14 for task dbt_test_all (Bash command failed. The command returned a non-zero exit code 1.; 1608)
[2025-12-16T14:16:29.329+0000] {local_task_job_runner.py:240} INFO - Task exited with return code 1
[2025-12-16T14:16:29.350+0000] {taskinstance.py:3482} INFO - 0 downstream tasks scheduled from follow-on schedule check
[2025-12-16T14:16:29.355+0000] {local_task_job_runner.py:222} INFO - ::endgroup::
