[2025-12-16T14:10:56.308+0000] {local_task_job_runner.py:120} INFO - ::group::Pre task execution logs
[2025-12-16T14:10:56.340+0000] {taskinstance.py:2073} INFO - Dependencies all met for dep_context=non-requeueable deps ti=<TaskInstance: mfg_raw_ingestion_dag.dbt_test_all manual__2025-12-16T14:10:12.241834+00:00 [queued]>
[2025-12-16T14:10:56.349+0000] {taskinstance.py:2073} INFO - Dependencies all met for dep_context=requeueable deps ti=<TaskInstance: mfg_raw_ingestion_dag.dbt_test_all manual__2025-12-16T14:10:12.241834+00:00 [queued]>
[2025-12-16T14:10:56.350+0000] {taskinstance.py:2303} INFO - Starting attempt 1 of 3
[2025-12-16T14:10:56.367+0000] {taskinstance.py:2327} INFO - Executing <Task(BashOperator): dbt_test_all> on 2025-12-16 14:10:12.241834+00:00
[2025-12-16T14:10:56.375+0000] {standard_task_runner.py:90} INFO - Running: ['***', 'tasks', 'run', 'mfg_raw_ingestion_dag', 'dbt_test_all', 'manual__2025-12-16T14:10:12.241834+00:00', '--job-id', '13', '--raw', '--subdir', 'DAGS_FOLDER/mfg_raw_ingestion_dag.py', '--cfg-path', '/tmp/tmpsa1vulo2']
[2025-12-16T14:10:56.378+0000] {standard_task_runner.py:91} INFO - Job 13: Subtask dbt_test_all
[2025-12-16T14:10:56.378+0000] {logging_mixin.py:188} WARNING - /home/***/.local/lib/python3.12/site-packages/***/task/task_runner/standard_task_runner.py:61 DeprecationWarning: This process (pid=1350) is multi-threaded, use of fork() may lead to deadlocks in the child.
[2025-12-16T14:10:56.379+0000] {standard_task_runner.py:63} INFO - Started process 1351 to run task
[2025-12-16T14:10:56.430+0000] {task_command.py:426} INFO - Running <TaskInstance: mfg_raw_ingestion_dag.dbt_test_all manual__2025-12-16T14:10:12.241834+00:00 [running]> on host 24030efa02e6
[2025-12-16T14:10:56.518+0000] {taskinstance.py:2644} INFO - Exporting env vars: AIRFLOW_CTX_DAG_OWNER='data-engineering' AIRFLOW_CTX_DAG_ID='mfg_raw_ingestion_dag' AIRFLOW_CTX_TASK_ID='dbt_test_all' AIRFLOW_CTX_EXECUTION_DATE='2025-12-16T14:10:12.241834+00:00' AIRFLOW_CTX_TRY_NUMBER='1' AIRFLOW_CTX_DAG_RUN_ID='manual__2025-12-16T14:10:12.241834+00:00'
[2025-12-16T14:10:56.519+0000] {taskinstance.py:430} INFO - ::endgroup::
[2025-12-16T14:10:56.535+0000] {subprocess.py:63} INFO - Tmp dir root location: /tmp
[2025-12-16T14:10:56.536+0000] {subprocess.py:75} INFO - Running command: ['/usr/bin/bash', '-c', 'set -euo pipefail; cd /opt/***/dbt_project && dbt test --profiles-dir /opt/***/dbt_profiles']
[2025-12-16T14:10:56.546+0000] {subprocess.py:86} INFO - Output:
[2025-12-16T14:10:59.485+0000] {subprocess.py:93} INFO - [0m14:10:59  Running with dbt=1.10.15
[2025-12-16T14:11:00.686+0000] {subprocess.py:93} INFO - [0m14:11:00  Registered adapter: snowflake=1.10.4
[2025-12-16T14:11:01.468+0000] {subprocess.py:93} INFO - [0m14:11:01  Found 8 models, 35 data tests, 3 sources, 504 macros
[2025-12-16T14:11:01.475+0000] {subprocess.py:93} INFO - [0m14:11:01
[2025-12-16T14:11:01.477+0000] {subprocess.py:93} INFO - [0m14:11:01  Concurrency: 4 threads (target='dev')
[2025-12-16T14:11:01.478+0000] {subprocess.py:93} INFO - [0m14:11:01
[2025-12-16T14:11:03.366+0000] {subprocess.py:93} INFO - [0m14:11:03  1 of 35 START test dbt_utils_unique_combination_of_columns_core_batches_batch_id__load_run_id  [RUN]
[2025-12-16T14:11:03.368+0000] {subprocess.py:93} INFO - [0m14:11:03  2 of 35 START test dbt_utils_unique_combination_of_columns_core_materials_material_id__load_run_id  [RUN]
[2025-12-16T14:11:03.370+0000] {subprocess.py:93} INFO - [0m14:11:03  3 of 35 START test dbt_utils_unique_combination_of_columns_fct_production_orders_order_id__load_run_id  [RUN]
[2025-12-16T14:11:03.373+0000] {subprocess.py:93} INFO - [0m14:11:03  4 of 35 START test dbt_utils_unique_combination_of_columns_mfg_plant_daily_kpis_manufacturing_site__calendar_date  [RUN]
[2025-12-16T14:11:03.435+0000] {subprocess.py:93} INFO - [0m14:11:03  1 of 35 ERROR dbt_utils_unique_combination_of_columns_core_batches_batch_id__load_run_id  [[31mERROR[0m in 0.06s]
[2025-12-16T14:11:03.438+0000] {subprocess.py:93} INFO - [0m14:11:03  2 of 35 ERROR dbt_utils_unique_combination_of_columns_core_materials_material_id__load_run_id  [[31mERROR[0m in 0.06s]
[2025-12-16T14:11:03.440+0000] {subprocess.py:93} INFO - [0m14:11:03  3 of 35 ERROR dbt_utils_unique_combination_of_columns_fct_production_orders_order_id__load_run_id  [[31mERROR[0m in 0.06s]
[2025-12-16T14:11:03.442+0000] {subprocess.py:93} INFO - [0m14:11:03  4 of 35 ERROR dbt_utils_unique_combination_of_columns_mfg_plant_daily_kpis_manufacturing_site__calendar_date  [[31mERROR[0m in 0.06s]
[2025-12-16T14:11:03.458+0000] {subprocess.py:93} INFO - [0m14:11:03  5 of 35 START test not_null_core_batches_batch_id .............................. [RUN]
[2025-12-16T14:11:03.462+0000] {subprocess.py:93} INFO - [0m14:11:03  6 of 35 START test not_null_core_batches_load_run_id ........................... [RUN]
[2025-12-16T14:11:03.464+0000] {subprocess.py:93} INFO - [0m14:11:03  7 of 35 START test not_null_core_batches_loaded_at ............................. [RUN]
[2025-12-16T14:11:03.466+0000] {subprocess.py:93} INFO - [0m14:11:03  8 of 35 START test not_null_core_batches_material_id ........................... [RUN]
[2025-12-16T14:11:04.047+0000] {subprocess.py:93} INFO - [0m14:11:04  5 of 35 PASS not_null_core_batches_batch_id .................................... [[32mPASS[0m in 0.58s]
[2025-12-16T14:11:04.057+0000] {subprocess.py:93} INFO - [0m14:11:04  9 of 35 START test not_null_core_materials_load_run_id ......................... [RUN]
[2025-12-16T14:11:04.423+0000] {subprocess.py:93} INFO - [0m14:11:04  9 of 35 FAIL 500 not_null_core_materials_load_run_id ........................... [[31mFAIL 500[0m in 0.36s]
[2025-12-16T14:11:04.428+0000] {subprocess.py:93} INFO - [0m14:11:04  10 of 35 START test not_null_core_materials_loaded_at .......................... [RUN]
[2025-12-16T14:11:04.771+0000] {subprocess.py:93} INFO - [0m14:11:04  8 of 35 PASS not_null_core_batches_material_id ................................. [[32mPASS[0m in 1.30s]
[2025-12-16T14:11:04.776+0000] {subprocess.py:93} INFO - [0m14:11:04  11 of 35 START test not_null_core_materials_material_id ........................ [RUN]
[2025-12-16T14:11:04.836+0000] {subprocess.py:93} INFO - [0m14:11:04  10 of 35 FAIL 500 not_null_core_materials_loaded_at ............................ [[31mFAIL 500[0m in 0.41s]
[2025-12-16T14:11:04.841+0000] {subprocess.py:93} INFO - [0m14:11:04  12 of 35 START test not_null_fct_production_orders_batch_id .................... [RUN]
[2025-12-16T14:11:04.952+0000] {subprocess.py:93} INFO - [0m14:11:04  7 of 35 FAIL 10000 not_null_core_batches_loaded_at ............................. [[31mFAIL 10000[0m in 1.48s]
[2025-12-16T14:11:04.959+0000] {subprocess.py:93} INFO - [0m14:11:04  13 of 35 START test not_null_fct_production_orders_load_run_id ................. [RUN]
[2025-12-16T14:11:04.968+0000] {subprocess.py:93} INFO - [0m14:11:04  6 of 35 FAIL 10000 not_null_core_batches_load_run_id ........................... [[31mFAIL 10000[0m in 1.50s]
[2025-12-16T14:11:04.981+0000] {subprocess.py:93} INFO - [0m14:11:04  14 of 35 START test not_null_fct_production_orders_loaded_at ................... [RUN]
[2025-12-16T14:11:05.136+0000] {subprocess.py:93} INFO - [0m14:11:05  11 of 35 PASS not_null_core_materials_material_id .............................. [[32mPASS[0m in 0.36s]
[2025-12-16T14:11:05.141+0000] {subprocess.py:93} INFO - [0m14:11:05  15 of 35 START test not_null_fct_production_orders_order_id .................... [RUN]
[2025-12-16T14:11:05.222+0000] {subprocess.py:93} INFO - [0m14:11:05  12 of 35 PASS not_null_fct_production_orders_batch_id .......................... [[32mPASS[0m in 0.38s]
[2025-12-16T14:11:05.227+0000] {subprocess.py:93} INFO - [0m14:11:05  16 of 35 START test not_null_mfg_ml_features_orders_manufacturing_site ......... [RUN]
[2025-12-16T14:11:05.307+0000] {subprocess.py:93} INFO - [0m14:11:05  13 of 35 FAIL 10000 not_null_fct_production_orders_load_run_id ................. [[31mFAIL 10000[0m in 0.35s]
[2025-12-16T14:11:05.312+0000] {subprocess.py:93} INFO - [0m14:11:05  17 of 35 START test not_null_mfg_ml_features_orders_order_id ................... [RUN]
[2025-12-16T14:11:05.336+0000] {subprocess.py:93} INFO - [0m14:11:05  14 of 35 FAIL 10000 not_null_fct_production_orders_loaded_at ................... [[31mFAIL 10000[0m in 0.35s]
[2025-12-16T14:11:05.342+0000] {subprocess.py:93} INFO - [0m14:11:05  18 of 35 START test not_null_mfg_plant_daily_kpis_calendar_date ................ [RUN]
[2025-12-16T14:11:05.456+0000] {subprocess.py:93} INFO - [0m14:11:05  15 of 35 PASS not_null_fct_production_orders_order_id .......................... [[32mPASS[0m in 0.31s]
[2025-12-16T14:11:05.463+0000] {subprocess.py:93} INFO - [0m14:11:05  19 of 35 START test not_null_mfg_plant_daily_kpis_manufacturing_site ........... [RUN]
[2025-12-16T14:11:05.623+0000] {subprocess.py:93} INFO - [0m14:11:05  16 of 35 FAIL 10000 not_null_mfg_ml_features_orders_manufacturing_site ......... [[31mFAIL 10000[0m in 0.39s]
[2025-12-16T14:11:05.628+0000] {subprocess.py:93} INFO - [0m14:11:05  20 of 35 START test not_null_stg_batches_batch_id .............................. [RUN]
[2025-12-16T14:11:05.710+0000] {subprocess.py:93} INFO - [0m14:11:05  17 of 35 PASS not_null_mfg_ml_features_orders_order_id ......................... [[32mPASS[0m in 0.40s]
[2025-12-16T14:11:05.717+0000] {subprocess.py:93} INFO - [0m14:11:05  21 of 35 START test not_null_stg_batches_load_run_id ........................... [RUN]
[2025-12-16T14:11:05.727+0000] {subprocess.py:93} INFO - [0m14:11:05  18 of 35 PASS not_null_mfg_plant_daily_kpis_calendar_date ...................... [[32mPASS[0m in 0.38s]
[2025-12-16T14:11:05.742+0000] {subprocess.py:93} INFO - [0m14:11:05  22 of 35 START test not_null_stg_batches_loaded_at ............................. [RUN]
[2025-12-16T14:11:05.852+0000] {subprocess.py:93} INFO - [0m14:11:05  19 of 35 PASS not_null_mfg_plant_daily_kpis_manufacturing_site ................. [[32mPASS[0m in 0.39s]
[2025-12-16T14:11:05.858+0000] {subprocess.py:93} INFO - [0m14:11:05  23 of 35 START test not_null_stg_batches_material_id ........................... [RUN]
[2025-12-16T14:11:06.200+0000] {subprocess.py:93} INFO - [0m14:11:06  23 of 35 PASS not_null_stg_batches_material_id ................................. [[32mPASS[0m in 0.34s]
[2025-12-16T14:11:06.205+0000] {subprocess.py:93} INFO - [0m14:11:06  24 of 35 START test not_null_stg_materials_load_run_id ......................... [RUN]
[2025-12-16T14:11:06.227+0000] {subprocess.py:93} INFO - [0m14:11:06  22 of 35 FAIL 10000 not_null_stg_batches_loaded_at ............................. [[31mFAIL 10000[0m in 0.48s]
[2025-12-16T14:11:06.233+0000] {subprocess.py:93} INFO - [0m14:11:06  20 of 35 PASS not_null_stg_batches_batch_id .................................... [[32mPASS[0m in 0.60s]
[2025-12-16T14:11:06.259+0000] {subprocess.py:93} INFO - [0m14:11:06  21 of 35 FAIL 10000 not_null_stg_batches_load_run_id ........................... [[31mFAIL 10000[0m in 0.54s]
[2025-12-16T14:11:06.261+0000] {subprocess.py:93} INFO - [0m14:11:06  25 of 35 START test not_null_stg_materials_loaded_at ........................... [RUN]
[2025-12-16T14:11:06.263+0000] {subprocess.py:93} INFO - [0m14:11:06  26 of 35 START test not_null_stg_materials_material_id ......................... [RUN]
[2025-12-16T14:11:06.276+0000] {subprocess.py:93} INFO - [0m14:11:06  27 of 35 START test not_null_stg_production_orders_batch_id .................... [RUN]
[2025-12-16T14:11:06.621+0000] {subprocess.py:93} INFO - [0m14:11:06  24 of 35 FAIL 500 not_null_stg_materials_load_run_id ........................... [[31mFAIL 500[0m in 0.41s]
[2025-12-16T14:11:06.627+0000] {subprocess.py:93} INFO - [0m14:11:06  28 of 35 START test not_null_stg_production_orders_load_run_id ................. [RUN]
[2025-12-16T14:11:06.645+0000] {subprocess.py:93} INFO - [0m14:11:06  27 of 35 PASS not_null_stg_production_orders_batch_id .......................... [[32mPASS[0m in 0.35s]
[2025-12-16T14:11:06.650+0000] {subprocess.py:93} INFO - [0m14:11:06  26 of 35 PASS not_null_stg_materials_material_id ............................... [[32mPASS[0m in 0.38s]
[2025-12-16T14:11:06.666+0000] {subprocess.py:93} INFO - [0m14:11:06  25 of 35 FAIL 500 not_null_stg_materials_loaded_at ............................. [[31mFAIL 500[0m in 0.40s]
[2025-12-16T14:11:06.668+0000] {subprocess.py:93} INFO - [0m14:11:06  29 of 35 START test not_null_stg_production_orders_loaded_at ................... [RUN]
[2025-12-16T14:11:06.670+0000] {subprocess.py:93} INFO - [0m14:11:06  30 of 35 START test not_null_stg_production_orders_order_id .................... [RUN]
[2025-12-16T14:11:06.689+0000] {subprocess.py:93} INFO - [0m14:11:06  31 of 35 START test relationships_core_batches_material_id__material_id__ref_core_materials_  [RUN]
[2025-12-16T14:11:07.214+0000] {subprocess.py:93} INFO - [0m14:11:07  31 of 35 PASS relationships_core_batches_material_id__material_id__ref_core_materials_  [[32mPASS[0m in 0.51s]
[2025-12-16T14:11:07.222+0000] {subprocess.py:93} INFO - [0m14:11:07  30 of 35 PASS not_null_stg_production_orders_order_id .......................... [[32mPASS[0m in 0.54s]
[2025-12-16T14:11:07.228+0000] {subprocess.py:93} INFO - [0m14:11:07  32 of 35 START test relationships_fct_production_orders_batch_id__batch_id__ref_core_batches_  [RUN]
[2025-12-16T14:11:07.234+0000] {subprocess.py:93} INFO - [0m14:11:07  33 of 35 START test relationships_stg_batches_material_id__material_id__ref_stg_materials_  [RUN]
[2025-12-16T14:11:07.309+0000] {subprocess.py:93} INFO - [0m14:11:07  28 of 35 FAIL 10000 not_null_stg_production_orders_load_run_id ................. [[31mFAIL 10000[0m in 0.68s]
[2025-12-16T14:11:07.314+0000] {subprocess.py:93} INFO - [0m14:11:07  34 of 35 START test relationships_stg_production_orders_batch_id__batch_id__ref_stg_batches_  [RUN]
[2025-12-16T14:11:07.334+0000] {subprocess.py:93} INFO - [0m14:11:07  29 of 35 FAIL 10000 not_null_stg_production_orders_loaded_at ................... [[31mFAIL 10000[0m in 0.65s]
[2025-12-16T14:11:07.339+0000] {subprocess.py:93} INFO - [0m14:11:07  35 of 35 START test unique_mfg_ml_features_orders_order_id ..................... [RUN]
[2025-12-16T14:11:07.643+0000] {subprocess.py:93} INFO - [0m14:11:07  32 of 35 PASS relationships_fct_production_orders_batch_id__batch_id__ref_core_batches_  [[32mPASS[0m in 0.41s]
[2025-12-16T14:11:07.681+0000] {subprocess.py:93} INFO - [0m14:11:07  33 of 35 PASS relationships_stg_batches_material_id__material_id__ref_stg_materials_  [[32mPASS[0m in 0.44s]
[2025-12-16T14:11:07.696+0000] {subprocess.py:93} INFO - [0m14:11:07  35 of 35 FAIL 10000 unique_mfg_ml_features_orders_order_id ..................... [[31mFAIL 10000[0m in 0.35s]
[2025-12-16T14:11:07.811+0000] {subprocess.py:93} INFO - [0m14:11:07  34 of 35 PASS relationships_stg_production_orders_batch_id__batch_id__ref_stg_batches_  [[32mPASS[0m in 0.50s]
[2025-12-16T14:11:09.841+0000] {subprocess.py:93} INFO - [0m14:11:09
[2025-12-16T14:11:09.843+0000] {subprocess.py:93} INFO - [0m14:11:09  Finished running 35 data tests in 0 hours 0 minutes and 8.36 seconds (8.36s).
[2025-12-16T14:11:09.956+0000] {subprocess.py:93} INFO - [0m14:11:09
[2025-12-16T14:11:09.958+0000] {subprocess.py:93} INFO - [0m14:11:09  [31mCompleted with 18 errors, 0 partial successes, and 0 warnings:[0m
[2025-12-16T14:11:09.960+0000] {subprocess.py:93} INFO - [0m14:11:09
[2025-12-16T14:11:09.962+0000] {subprocess.py:93} INFO - [0m14:11:09  [31mFailure in test dbt_utils_unique_combination_of_columns_core_batches_batch_id__load_run_id (models/core/core_schema.yml)[0m
[2025-12-16T14:11:09.963+0000] {subprocess.py:93} INFO - [0m14:11:09    Compilation Error in test dbt_utils_unique_combination_of_columns_core_batches_batch_id__load_run_id (models/core/core_schema.yml)
[2025-12-16T14:11:09.964+0000] {subprocess.py:93} INFO -   'dbt_utils' is undefined. This can happen when calling a macro that does not exist. Check for typos and/or install package dependencies with "dbt deps".
[2025-12-16T14:11:09.965+0000] {subprocess.py:93} INFO - [0m14:11:09
[2025-12-16T14:11:09.968+0000] {subprocess.py:93} INFO - [0m14:11:09  [31mFailure in test dbt_utils_unique_combination_of_columns_core_materials_material_id__load_run_id (models/core/core_schema.yml)[0m
[2025-12-16T14:11:09.970+0000] {subprocess.py:93} INFO - [0m14:11:09    Compilation Error in test dbt_utils_unique_combination_of_columns_core_materials_material_id__load_run_id (models/core/core_schema.yml)
[2025-12-16T14:11:09.971+0000] {subprocess.py:93} INFO -   'dbt_utils' is undefined. This can happen when calling a macro that does not exist. Check for typos and/or install package dependencies with "dbt deps".
[2025-12-16T14:11:09.972+0000] {subprocess.py:93} INFO - [0m14:11:09
[2025-12-16T14:11:09.974+0000] {subprocess.py:93} INFO - [0m14:11:09  [31mFailure in test dbt_utils_unique_combination_of_columns_fct_production_orders_order_id__load_run_id (models/core/core_schema.yml)[0m
[2025-12-16T14:11:09.976+0000] {subprocess.py:93} INFO - [0m14:11:09    Compilation Error in test dbt_utils_unique_combination_of_columns_fct_production_orders_order_id__load_run_id (models/core/core_schema.yml)
[2025-12-16T14:11:09.976+0000] {subprocess.py:93} INFO -   'dbt_utils' is undefined. This can happen when calling a macro that does not exist. Check for typos and/or install package dependencies with "dbt deps".
[2025-12-16T14:11:09.977+0000] {subprocess.py:93} INFO - [0m14:11:09
[2025-12-16T14:11:09.979+0000] {subprocess.py:93} INFO - [0m14:11:09  [31mFailure in test dbt_utils_unique_combination_of_columns_mfg_plant_daily_kpis_manufacturing_site__calendar_date (models/marts/marts_schema.yml)[0m
[2025-12-16T14:11:09.981+0000] {subprocess.py:93} INFO - [0m14:11:09    Compilation Error in test dbt_utils_unique_combination_of_columns_mfg_plant_daily_kpis_manufacturing_site__calendar_date (models/marts/marts_schema.yml)
[2025-12-16T14:11:09.982+0000] {subprocess.py:93} INFO -   'dbt_utils' is undefined. This can happen when calling a macro that does not exist. Check for typos and/or install package dependencies with "dbt deps".
[2025-12-16T14:11:09.983+0000] {subprocess.py:93} INFO - [0m14:11:09
[2025-12-16T14:11:09.985+0000] {subprocess.py:93} INFO - [0m14:11:09  [31mFailure in test not_null_core_materials_load_run_id (models/core/core_schema.yml)[0m
[2025-12-16T14:11:09.987+0000] {subprocess.py:93} INFO - [0m14:11:09    Got 500 results, configured to fail if != 0
[2025-12-16T14:11:09.989+0000] {subprocess.py:93} INFO - [0m14:11:09
[2025-12-16T14:11:09.991+0000] {subprocess.py:93} INFO - [0m14:11:09    compiled code at target/compiled/mfg_accelerator/models/core/core_schema.yml/not_null_core_materials_load_run_id.sql
[2025-12-16T14:11:09.993+0000] {subprocess.py:93} INFO - [0m14:11:09
[2025-12-16T14:11:09.994+0000] {subprocess.py:93} INFO - [0m14:11:09  [31mFailure in test not_null_core_materials_loaded_at (models/core/core_schema.yml)[0m
[2025-12-16T14:11:09.996+0000] {subprocess.py:93} INFO - [0m14:11:09    Got 500 results, configured to fail if != 0
[2025-12-16T14:11:09.997+0000] {subprocess.py:93} INFO - [0m14:11:09
[2025-12-16T14:11:09.999+0000] {subprocess.py:93} INFO - [0m14:11:09    compiled code at target/compiled/mfg_accelerator/models/core/core_schema.yml/not_null_core_materials_loaded_at.sql
[2025-12-16T14:11:10.000+0000] {subprocess.py:93} INFO - [0m14:11:10
[2025-12-16T14:11:10.002+0000] {subprocess.py:93} INFO - [0m14:11:10  [31mFailure in test not_null_core_batches_loaded_at (models/core/core_schema.yml)[0m
[2025-12-16T14:11:10.004+0000] {subprocess.py:93} INFO - [0m14:11:10    Got 10000 results, configured to fail if != 0
[2025-12-16T14:11:10.005+0000] {subprocess.py:93} INFO - [0m14:11:10
[2025-12-16T14:11:10.006+0000] {subprocess.py:93} INFO - [0m14:11:10    compiled code at target/compiled/mfg_accelerator/models/core/core_schema.yml/not_null_core_batches_loaded_at.sql
[2025-12-16T14:11:10.008+0000] {subprocess.py:93} INFO - [0m14:11:10
[2025-12-16T14:11:10.009+0000] {subprocess.py:93} INFO - [0m14:11:10  [31mFailure in test not_null_core_batches_load_run_id (models/core/core_schema.yml)[0m
[2025-12-16T14:11:10.010+0000] {subprocess.py:93} INFO - [0m14:11:10    Got 10000 results, configured to fail if != 0
[2025-12-16T14:11:10.012+0000] {subprocess.py:93} INFO - [0m14:11:10
[2025-12-16T14:11:10.013+0000] {subprocess.py:93} INFO - [0m14:11:10    compiled code at target/compiled/mfg_accelerator/models/core/core_schema.yml/not_null_core_batches_load_run_id.sql
[2025-12-16T14:11:10.015+0000] {subprocess.py:93} INFO - [0m14:11:10
[2025-12-16T14:11:10.017+0000] {subprocess.py:93} INFO - [0m14:11:10  [31mFailure in test not_null_fct_production_orders_load_run_id (models/core/core_schema.yml)[0m
[2025-12-16T14:11:10.019+0000] {subprocess.py:93} INFO - [0m14:11:10    Got 10000 results, configured to fail if != 0
[2025-12-16T14:11:10.020+0000] {subprocess.py:93} INFO - [0m14:11:10
[2025-12-16T14:11:10.021+0000] {subprocess.py:93} INFO - [0m14:11:10    compiled code at target/compiled/mfg_accelerator/models/core/core_schema.yml/not_null_fct_production_orders_load_run_id.sql
[2025-12-16T14:11:10.023+0000] {subprocess.py:93} INFO - [0m14:11:10
[2025-12-16T14:11:10.024+0000] {subprocess.py:93} INFO - [0m14:11:10  [31mFailure in test not_null_fct_production_orders_loaded_at (models/core/core_schema.yml)[0m
[2025-12-16T14:11:10.026+0000] {subprocess.py:93} INFO - [0m14:11:10    Got 10000 results, configured to fail if != 0
[2025-12-16T14:11:10.027+0000] {subprocess.py:93} INFO - [0m14:11:10
[2025-12-16T14:11:10.029+0000] {subprocess.py:93} INFO - [0m14:11:10    compiled code at target/compiled/mfg_accelerator/models/core/core_schema.yml/not_null_fct_production_orders_loaded_at.sql
[2025-12-16T14:11:10.030+0000] {subprocess.py:93} INFO - [0m14:11:10
[2025-12-16T14:11:10.032+0000] {subprocess.py:93} INFO - [0m14:11:10  [31mFailure in test not_null_mfg_ml_features_orders_manufacturing_site (models/marts/marts_schema.yml)[0m
[2025-12-16T14:11:10.034+0000] {subprocess.py:93} INFO - [0m14:11:10    Got 10000 results, configured to fail if != 0
[2025-12-16T14:11:10.035+0000] {subprocess.py:93} INFO - [0m14:11:10
[2025-12-16T14:11:10.037+0000] {subprocess.py:93} INFO - [0m14:11:10    compiled code at target/compiled/mfg_accelerator/models/marts/marts_schema.yml/not_null_mfg_ml_features_orders_manufacturing_site.sql
[2025-12-16T14:11:10.039+0000] {subprocess.py:93} INFO - [0m14:11:10
[2025-12-16T14:11:10.040+0000] {subprocess.py:93} INFO - [0m14:11:10  [31mFailure in test not_null_stg_batches_loaded_at (models/staging/staging_schema.yml)[0m
[2025-12-16T14:11:10.042+0000] {subprocess.py:93} INFO - [0m14:11:10    Got 10000 results, configured to fail if != 0
[2025-12-16T14:11:10.043+0000] {subprocess.py:93} INFO - [0m14:11:10
[2025-12-16T14:11:10.045+0000] {subprocess.py:93} INFO - [0m14:11:10    compiled code at target/compiled/mfg_accelerator/models/staging/staging_schema.yml/not_null_stg_batches_loaded_at.sql
[2025-12-16T14:11:10.046+0000] {subprocess.py:93} INFO - [0m14:11:10
[2025-12-16T14:11:10.048+0000] {subprocess.py:93} INFO - [0m14:11:10  [31mFailure in test not_null_stg_batches_load_run_id (models/staging/staging_schema.yml)[0m
[2025-12-16T14:11:10.050+0000] {subprocess.py:93} INFO - [0m14:11:10    Got 10000 results, configured to fail if != 0
[2025-12-16T14:11:10.052+0000] {subprocess.py:93} INFO - [0m14:11:10
[2025-12-16T14:11:10.053+0000] {subprocess.py:93} INFO - [0m14:11:10    compiled code at target/compiled/mfg_accelerator/models/staging/staging_schema.yml/not_null_stg_batches_load_run_id.sql
[2025-12-16T14:11:10.055+0000] {subprocess.py:93} INFO - [0m14:11:10
[2025-12-16T14:11:10.056+0000] {subprocess.py:93} INFO - [0m14:11:10  [31mFailure in test not_null_stg_materials_load_run_id (models/staging/staging_schema.yml)[0m
[2025-12-16T14:11:10.058+0000] {subprocess.py:93} INFO - [0m14:11:10    Got 500 results, configured to fail if != 0
[2025-12-16T14:11:10.059+0000] {subprocess.py:93} INFO - [0m14:11:10
[2025-12-16T14:11:10.061+0000] {subprocess.py:93} INFO - [0m14:11:10    compiled code at target/compiled/mfg_accelerator/models/staging/staging_schema.yml/not_null_stg_materials_load_run_id.sql
[2025-12-16T14:11:10.062+0000] {subprocess.py:93} INFO - [0m14:11:10
[2025-12-16T14:11:10.064+0000] {subprocess.py:93} INFO - [0m14:11:10  [31mFailure in test not_null_stg_materials_loaded_at (models/staging/staging_schema.yml)[0m
[2025-12-16T14:11:10.065+0000] {subprocess.py:93} INFO - [0m14:11:10    Got 500 results, configured to fail if != 0
[2025-12-16T14:11:10.066+0000] {subprocess.py:93} INFO - [0m14:11:10
[2025-12-16T14:11:10.068+0000] {subprocess.py:93} INFO - [0m14:11:10    compiled code at target/compiled/mfg_accelerator/models/staging/staging_schema.yml/not_null_stg_materials_loaded_at.sql
[2025-12-16T14:11:10.070+0000] {subprocess.py:93} INFO - [0m14:11:10
[2025-12-16T14:11:10.071+0000] {subprocess.py:93} INFO - [0m14:11:10  [31mFailure in test not_null_stg_production_orders_load_run_id (models/staging/staging_schema.yml)[0m
[2025-12-16T14:11:10.073+0000] {subprocess.py:93} INFO - [0m14:11:10    Got 10000 results, configured to fail if != 0
[2025-12-16T14:11:10.074+0000] {subprocess.py:93} INFO - [0m14:11:10
[2025-12-16T14:11:10.076+0000] {subprocess.py:93} INFO - [0m14:11:10    compiled code at target/compiled/mfg_accelerator/models/staging/staging_schema.yml/not_null_stg_production_orders_load_run_id.sql
[2025-12-16T14:11:10.077+0000] {subprocess.py:93} INFO - [0m14:11:10
[2025-12-16T14:11:10.079+0000] {subprocess.py:93} INFO - [0m14:11:10  [31mFailure in test not_null_stg_production_orders_loaded_at (models/staging/staging_schema.yml)[0m
[2025-12-16T14:11:10.080+0000] {subprocess.py:93} INFO - [0m14:11:10    Got 10000 results, configured to fail if != 0
[2025-12-16T14:11:10.082+0000] {subprocess.py:93} INFO - [0m14:11:10
[2025-12-16T14:11:10.083+0000] {subprocess.py:93} INFO - [0m14:11:10    compiled code at target/compiled/mfg_accelerator/models/staging/staging_schema.yml/not_null_stg_production_orders_loaded_at.sql
[2025-12-16T14:11:10.085+0000] {subprocess.py:93} INFO - [0m14:11:10
[2025-12-16T14:11:10.086+0000] {subprocess.py:93} INFO - [0m14:11:10  [31mFailure in test unique_mfg_ml_features_orders_order_id (models/marts/marts_schema.yml)[0m
[2025-12-16T14:11:10.088+0000] {subprocess.py:93} INFO - [0m14:11:10    Got 10000 results, configured to fail if != 0
[2025-12-16T14:11:10.089+0000] {subprocess.py:93} INFO - [0m14:11:10
[2025-12-16T14:11:10.090+0000] {subprocess.py:93} INFO - [0m14:11:10    compiled code at target/compiled/mfg_accelerator/models/marts/marts_schema.yml/unique_mfg_ml_features_orders_order_id.sql
[2025-12-16T14:11:10.092+0000] {subprocess.py:93} INFO - [0m14:11:10
[2025-12-16T14:11:10.094+0000] {subprocess.py:93} INFO - [0m14:11:10  Done. PASS=17 WARN=0 ERROR=18 SKIP=0 NO-OP=0 TOTAL=35
[2025-12-16T14:11:11.313+0000] {subprocess.py:97} INFO - Command exited with return code 1
[2025-12-16T14:11:11.314+0000] {taskinstance.py:441} INFO - ::group::Post task execution logs
[2025-12-16T14:11:11.326+0000] {taskinstance.py:2890} ERROR - Task failed with exception
Traceback (most recent call last):
  File "/home/airflow/.local/lib/python3.12/site-packages/airflow/models/taskinstance.py", line 460, in _execute_task
    result = _execute_callable(context=context, **execute_callable_kwargs)
             ^^^^^^^^^^^^^^^^^^^^^^^^^^^^^^^^^^^^^^^^^^^^^^^^^^^^^^^^^^^^^
  File "/home/airflow/.local/lib/python3.12/site-packages/airflow/models/taskinstance.py", line 432, in _execute_callable
    return execute_callable(context=context, **execute_callable_kwargs)
           ^^^^^^^^^^^^^^^^^^^^^^^^^^^^^^^^^^^^^^^^^^^^^^^^^^^^^^^^^^^^
  File "/home/airflow/.local/lib/python3.12/site-packages/airflow/models/baseoperator.py", line 400, in wrapper
    return func(self, *args, **kwargs)
           ^^^^^^^^^^^^^^^^^^^^^^^^^^^
  File "/home/airflow/.local/lib/python3.12/site-packages/airflow/operators/bash.py", line 243, in execute
    raise AirflowException(
airflow.exceptions.AirflowException: Bash command failed. The command returned a non-zero exit code 1.
[2025-12-16T14:11:11.331+0000] {taskinstance.py:1205} INFO - Marking task as UP_FOR_RETRY. dag_id=mfg_raw_ingestion_dag, task_id=dbt_test_all, execution_date=20251216T141012, start_date=20251216T141056, end_date=20251216T141111
[2025-12-16T14:11:11.349+0000] {standard_task_runner.py:110} ERROR - Failed to execute job 13 for task dbt_test_all (Bash command failed. The command returned a non-zero exit code 1.; 1351)
[2025-12-16T14:11:11.359+0000] {local_task_job_runner.py:240} INFO - Task exited with return code 1
[2025-12-16T14:11:11.375+0000] {taskinstance.py:3482} INFO - 0 downstream tasks scheduled from follow-on schedule check
[2025-12-16T14:11:11.380+0000] {local_task_job_runner.py:222} INFO - ::endgroup::
