[2025-12-16T14:21:30.550+0000] {local_task_job_runner.py:120} INFO - ::group::Pre task execution logs
[2025-12-16T14:21:30.594+0000] {taskinstance.py:2073} INFO - Dependencies all met for dep_context=non-requeueable deps ti=<TaskInstance: mfg_raw_ingestion_dag.dbt_test_all manual__2025-12-16T14:10:12.241834+00:00 [queued]>
[2025-12-16T14:21:30.607+0000] {taskinstance.py:2073} INFO - Dependencies all met for dep_context=requeueable deps ti=<TaskInstance: mfg_raw_ingestion_dag.dbt_test_all manual__2025-12-16T14:10:12.241834+00:00 [queued]>
[2025-12-16T14:21:30.608+0000] {taskinstance.py:2303} INFO - Starting attempt 3 of 3
[2025-12-16T14:21:30.627+0000] {taskinstance.py:2327} INFO - Executing <Task(BashOperator): dbt_test_all> on 2025-12-16 14:10:12.241834+00:00
[2025-12-16T14:21:30.638+0000] {standard_task_runner.py:90} INFO - Running: ['***', 'tasks', 'run', 'mfg_raw_ingestion_dag', 'dbt_test_all', 'manual__2025-12-16T14:10:12.241834+00:00', '--job-id', '15', '--raw', '--subdir', 'DAGS_FOLDER/mfg_raw_ingestion_dag.py', '--cfg-path', '/tmp/tmpqaf6kuqx']
[2025-12-16T14:21:30.642+0000] {logging_mixin.py:188} WARNING - /home/***/.local/lib/python3.12/site-packages/***/task/task_runner/standard_task_runner.py:61 DeprecationWarning: This process (pid=1849) is multi-threaded, use of fork() may lead to deadlocks in the child.
[2025-12-16T14:21:30.643+0000] {standard_task_runner.py:91} INFO - Job 15: Subtask dbt_test_all
[2025-12-16T14:21:30.644+0000] {standard_task_runner.py:63} INFO - Started process 1850 to run task
[2025-12-16T14:21:30.724+0000] {task_command.py:426} INFO - Running <TaskInstance: mfg_raw_ingestion_dag.dbt_test_all manual__2025-12-16T14:10:12.241834+00:00 [running]> on host 24030efa02e6
[2025-12-16T14:21:30.848+0000] {taskinstance.py:2644} INFO - Exporting env vars: AIRFLOW_CTX_DAG_OWNER='data-engineering' AIRFLOW_CTX_DAG_ID='mfg_raw_ingestion_dag' AIRFLOW_CTX_TASK_ID='dbt_test_all' AIRFLOW_CTX_EXECUTION_DATE='2025-12-16T14:10:12.241834+00:00' AIRFLOW_CTX_TRY_NUMBER='3' AIRFLOW_CTX_DAG_RUN_ID='manual__2025-12-16T14:10:12.241834+00:00'
[2025-12-16T14:21:30.851+0000] {taskinstance.py:430} INFO - ::endgroup::
[2025-12-16T14:21:30.880+0000] {subprocess.py:63} INFO - Tmp dir root location: /tmp
[2025-12-16T14:21:30.882+0000] {subprocess.py:75} INFO - Running command: ['/usr/bin/bash', '-c', 'set -euo pipefail; cd /opt/***/dbt_project && dbt test --profiles-dir /opt/***/dbt_profiles']
[2025-12-16T14:21:30.895+0000] {subprocess.py:86} INFO - Output:
[2025-12-16T14:21:36.518+0000] {subprocess.py:93} INFO - [0m14:21:36  Running with dbt=1.10.15
[2025-12-16T14:21:38.277+0000] {subprocess.py:93} INFO - [0m14:21:38  Registered adapter: snowflake=1.10.4
[2025-12-16T14:21:39.778+0000] {subprocess.py:93} INFO - [0m14:21:39  Found 8 models, 35 data tests, 3 sources, 504 macros
[2025-12-16T14:21:39.793+0000] {subprocess.py:93} INFO - [0m14:21:39
[2025-12-16T14:21:39.796+0000] {subprocess.py:93} INFO - [0m14:21:39  Concurrency: 4 threads (target='dev')
[2025-12-16T14:21:39.798+0000] {subprocess.py:93} INFO - [0m14:21:39
[2025-12-16T14:21:41.986+0000] {subprocess.py:93} INFO - [0m14:21:41  1 of 35 START test dbt_utils_unique_combination_of_columns_core_batches_batch_id__load_run_id  [RUN]
[2025-12-16T14:21:41.988+0000] {subprocess.py:93} INFO - [0m14:21:41  2 of 35 START test dbt_utils_unique_combination_of_columns_core_materials_material_id__load_run_id  [RUN]
[2025-12-16T14:21:41.990+0000] {subprocess.py:93} INFO - [0m14:21:41  3 of 35 START test dbt_utils_unique_combination_of_columns_fct_production_orders_order_id__load_run_id  [RUN]
[2025-12-16T14:21:41.992+0000] {subprocess.py:93} INFO - [0m14:21:41  4 of 35 START test dbt_utils_unique_combination_of_columns_mfg_plant_daily_kpis_manufacturing_site__calendar_date  [RUN]
[2025-12-16T14:21:42.056+0000] {subprocess.py:93} INFO - [0m14:21:42  3 of 35 ERROR dbt_utils_unique_combination_of_columns_fct_production_orders_order_id__load_run_id  [[31mERROR[0m in 0.06s]
[2025-12-16T14:21:42.058+0000] {subprocess.py:93} INFO - [0m14:21:42  1 of 35 ERROR dbt_utils_unique_combination_of_columns_core_batches_batch_id__load_run_id  [[31mERROR[0m in 0.06s]
[2025-12-16T14:21:42.060+0000] {subprocess.py:93} INFO - [0m14:21:42  2 of 35 ERROR dbt_utils_unique_combination_of_columns_core_materials_material_id__load_run_id  [[31mERROR[0m in 0.06s]
[2025-12-16T14:21:42.062+0000] {subprocess.py:93} INFO - [0m14:21:42  4 of 35 ERROR dbt_utils_unique_combination_of_columns_mfg_plant_daily_kpis_manufacturing_site__calendar_date  [[31mERROR[0m in 0.06s]
[2025-12-16T14:21:42.094+0000] {subprocess.py:93} INFO - [0m14:21:42  5 of 35 START test not_null_core_batches_batch_id .............................. [RUN]
[2025-12-16T14:21:42.102+0000] {subprocess.py:93} INFO - [0m14:21:42  6 of 35 START test not_null_core_batches_load_run_id ........................... [RUN]
[2025-12-16T14:21:42.104+0000] {subprocess.py:93} INFO - [0m14:21:42  7 of 35 START test not_null_core_batches_loaded_at ............................. [RUN]
[2025-12-16T14:21:42.106+0000] {subprocess.py:93} INFO - [0m14:21:42  8 of 35 START test not_null_core_batches_material_id ........................... [RUN]
[2025-12-16T14:21:42.558+0000] {subprocess.py:93} INFO - [0m14:21:42  6 of 35 FAIL 10000 not_null_core_batches_load_run_id ........................... [[31mFAIL 10000[0m in 0.44s]
[2025-12-16T14:21:42.566+0000] {subprocess.py:93} INFO - [0m14:21:42  9 of 35 START test not_null_core_materials_load_run_id ......................... [RUN]
[2025-12-16T14:21:42.871+0000] {subprocess.py:93} INFO - [0m14:21:42  9 of 35 FAIL 500 not_null_core_materials_load_run_id ........................... [[31mFAIL 500[0m in 0.30s]
[2025-12-16T14:21:42.876+0000] {subprocess.py:93} INFO - [0m14:21:42  10 of 35 START test not_null_core_materials_loaded_at .......................... [RUN]
[2025-12-16T14:21:43.214+0000] {subprocess.py:93} INFO - [0m14:21:43  10 of 35 FAIL 500 not_null_core_materials_loaded_at ............................ [[31mFAIL 500[0m in 0.34s]
[2025-12-16T14:21:43.220+0000] {subprocess.py:93} INFO - [0m14:21:43  11 of 35 START test not_null_core_materials_material_id ........................ [RUN]
[2025-12-16T14:21:43.464+0000] {subprocess.py:93} INFO - [0m14:21:43  7 of 35 FAIL 10000 not_null_core_batches_loaded_at ............................. [[31mFAIL 10000[0m in 1.35s]
[2025-12-16T14:21:43.469+0000] {subprocess.py:93} INFO - [0m14:21:43  12 of 35 START test not_null_fct_production_orders_batch_id .................... [RUN]
[2025-12-16T14:21:43.532+0000] {subprocess.py:93} INFO - [0m14:21:43  11 of 35 PASS not_null_core_materials_material_id .............................. [[32mPASS[0m in 0.31s]
[2025-12-16T14:21:43.537+0000] {subprocess.py:93} INFO - [0m14:21:43  13 of 35 START test not_null_fct_production_orders_load_run_id ................. [RUN]
[2025-12-16T14:21:43.557+0000] {subprocess.py:93} INFO - [0m14:21:43  5 of 35 PASS not_null_core_batches_batch_id .................................... [[32mPASS[0m in 1.45s]
[2025-12-16T14:21:43.564+0000] {subprocess.py:93} INFO - [0m14:21:43  14 of 35 START test not_null_fct_production_orders_loaded_at ................... [RUN]
[2025-12-16T14:21:43.669+0000] {subprocess.py:93} INFO - [0m14:21:43  8 of 35 PASS not_null_core_batches_material_id ................................. [[32mPASS[0m in 1.55s]
[2025-12-16T14:21:43.675+0000] {subprocess.py:93} INFO - [0m14:21:43  15 of 35 START test not_null_fct_production_orders_order_id .................... [RUN]
[2025-12-16T14:21:43.814+0000] {subprocess.py:93} INFO - [0m14:21:43  12 of 35 PASS not_null_fct_production_orders_batch_id .......................... [[32mPASS[0m in 0.34s]
[2025-12-16T14:21:43.824+0000] {subprocess.py:93} INFO - [0m14:21:43  16 of 35 START test not_null_mfg_ml_features_orders_manufacturing_site ......... [RUN]
[2025-12-16T14:21:43.901+0000] {subprocess.py:93} INFO - [0m14:21:43  13 of 35 FAIL 10000 not_null_fct_production_orders_load_run_id ................. [[31mFAIL 10000[0m in 0.36s]
[2025-12-16T14:21:43.906+0000] {subprocess.py:93} INFO - [0m14:21:43  17 of 35 START test not_null_mfg_ml_features_orders_order_id ................... [RUN]
[2025-12-16T14:21:43.939+0000] {subprocess.py:93} INFO - [0m14:21:43  14 of 35 FAIL 10000 not_null_fct_production_orders_loaded_at ................... [[31mFAIL 10000[0m in 0.37s]
[2025-12-16T14:21:43.956+0000] {subprocess.py:93} INFO - [0m14:21:43  18 of 35 START test not_null_mfg_plant_daily_kpis_calendar_date ................ [RUN]
[2025-12-16T14:21:44.036+0000] {subprocess.py:93} INFO - [0m14:21:44  15 of 35 PASS not_null_fct_production_orders_order_id .......................... [[32mPASS[0m in 0.36s]
[2025-12-16T14:21:44.047+0000] {subprocess.py:93} INFO - [0m14:21:44  19 of 35 START test not_null_mfg_plant_daily_kpis_manufacturing_site ........... [RUN]
[2025-12-16T14:21:44.154+0000] {subprocess.py:93} INFO - [0m14:21:44  16 of 35 FAIL 10000 not_null_mfg_ml_features_orders_manufacturing_site ......... [[31mFAIL 10000[0m in 0.32s]
[2025-12-16T14:21:44.174+0000] {subprocess.py:93} INFO - [0m14:21:44  20 of 35 START test not_null_stg_batches_batch_id .............................. [RUN]
[2025-12-16T14:21:44.242+0000] {subprocess.py:93} INFO - [0m14:21:44  17 of 35 PASS not_null_mfg_ml_features_orders_order_id ......................... [[32mPASS[0m in 0.33s]
[2025-12-16T14:21:44.264+0000] {subprocess.py:93} INFO - [0m14:21:44  21 of 35 START test not_null_stg_batches_load_run_id ........................... [RUN]
[2025-12-16T14:21:44.324+0000] {subprocess.py:93} INFO - [0m14:21:44  18 of 35 PASS not_null_mfg_plant_daily_kpis_calendar_date ...................... [[32mPASS[0m in 0.37s]
[2025-12-16T14:21:44.340+0000] {subprocess.py:93} INFO - [0m14:21:44  22 of 35 START test not_null_stg_batches_loaded_at ............................. [RUN]
[2025-12-16T14:21:44.467+0000] {subprocess.py:93} INFO - [0m14:21:44  19 of 35 PASS not_null_mfg_plant_daily_kpis_manufacturing_site ................. [[32mPASS[0m in 0.42s]
[2025-12-16T14:21:44.473+0000] {subprocess.py:93} INFO - [0m14:21:44  23 of 35 START test not_null_stg_batches_material_id ........................... [RUN]
[2025-12-16T14:21:44.598+0000] {subprocess.py:93} INFO - [0m14:21:44  20 of 35 PASS not_null_stg_batches_batch_id .................................... [[32mPASS[0m in 0.42s]
[2025-12-16T14:21:44.605+0000] {subprocess.py:93} INFO - [0m14:21:44  24 of 35 START test not_null_stg_materials_load_run_id ......................... [RUN]
[2025-12-16T14:21:44.723+0000] {subprocess.py:93} INFO - [0m14:21:44  22 of 35 FAIL 10000 not_null_stg_batches_loaded_at ............................. [[31mFAIL 10000[0m in 0.38s]
[2025-12-16T14:21:44.729+0000] {subprocess.py:93} INFO - [0m14:21:44  21 of 35 FAIL 10000 not_null_stg_batches_load_run_id ........................... [[31mFAIL 10000[0m in 0.46s]
[2025-12-16T14:21:44.759+0000] {subprocess.py:93} INFO - [0m14:21:44  25 of 35 START test not_null_stg_materials_loaded_at ........................... [RUN]
[2025-12-16T14:21:44.760+0000] {subprocess.py:93} INFO - [0m14:21:44  26 of 35 START test not_null_stg_materials_material_id ......................... [RUN]
[2025-12-16T14:21:44.799+0000] {subprocess.py:93} INFO - [0m14:21:44  23 of 35 PASS not_null_stg_batches_material_id ................................. [[32mPASS[0m in 0.32s]
[2025-12-16T14:21:44.813+0000] {subprocess.py:93} INFO - [0m14:21:44  27 of 35 START test not_null_stg_production_orders_batch_id .................... [RUN]
[2025-12-16T14:21:45.056+0000] {subprocess.py:93} INFO - [0m14:21:45  24 of 35 FAIL 500 not_null_stg_materials_load_run_id ........................... [[31mFAIL 500[0m in 0.45s]
[2025-12-16T14:21:45.063+0000] {subprocess.py:93} INFO - [0m14:21:45  28 of 35 START test not_null_stg_production_orders_load_run_id ................. [RUN]
[2025-12-16T14:21:45.108+0000] {subprocess.py:93} INFO - [0m14:21:45  25 of 35 FAIL 500 not_null_stg_materials_loaded_at ............................. [[31mFAIL 500[0m in 0.34s]
[2025-12-16T14:21:45.114+0000] {subprocess.py:93} INFO - [0m14:21:45  26 of 35 PASS not_null_stg_materials_material_id ............................... [[32mPASS[0m in 0.35s]
[2025-12-16T14:21:45.134+0000] {subprocess.py:93} INFO - [0m14:21:45  29 of 35 START test not_null_stg_production_orders_loaded_at ................... [RUN]
[2025-12-16T14:21:45.137+0000] {subprocess.py:93} INFO - [0m14:21:45  30 of 35 START test not_null_stg_production_orders_order_id .................... [RUN]
[2025-12-16T14:21:45.209+0000] {subprocess.py:93} INFO - [0m14:21:45  27 of 35 PASS not_null_stg_production_orders_batch_id .......................... [[32mPASS[0m in 0.39s]
[2025-12-16T14:21:45.218+0000] {subprocess.py:93} INFO - [0m14:21:45  31 of 35 START test relationships_core_batches_material_id__material_id__ref_core_materials_  [RUN]
[2025-12-16T14:21:45.473+0000] {subprocess.py:93} INFO - [0m14:21:45  28 of 35 FAIL 10000 not_null_stg_production_orders_load_run_id ................. [[31mFAIL 10000[0m in 0.41s]
[2025-12-16T14:21:45.480+0000] {subprocess.py:93} INFO - [0m14:21:45  32 of 35 START test relationships_fct_production_orders_batch_id__batch_id__ref_core_batches_  [RUN]
[2025-12-16T14:21:45.542+0000] {subprocess.py:93} INFO - [0m14:21:45  30 of 35 PASS not_null_stg_production_orders_order_id .......................... [[32mPASS[0m in 0.40s]
[2025-12-16T14:21:45.558+0000] {subprocess.py:93} INFO - [0m14:21:45  29 of 35 FAIL 10000 not_null_stg_production_orders_loaded_at ................... [[31mFAIL 10000[0m in 0.42s]
[2025-12-16T14:21:45.567+0000] {subprocess.py:93} INFO - [0m14:21:45  33 of 35 START test relationships_stg_batches_material_id__material_id__ref_stg_materials_  [RUN]
[2025-12-16T14:21:45.587+0000] {subprocess.py:93} INFO - [0m14:21:45  31 of 35 PASS relationships_core_batches_material_id__material_id__ref_core_materials_  [[32mPASS[0m in 0.37s]
[2025-12-16T14:21:45.590+0000] {subprocess.py:93} INFO - [0m14:21:45  34 of 35 START test relationships_stg_production_orders_batch_id__batch_id__ref_stg_batches_  [RUN]
[2025-12-16T14:21:45.619+0000] {subprocess.py:93} INFO - [0m14:21:45  35 of 35 START test unique_mfg_ml_features_orders_order_id ..................... [RUN]
[2025-12-16T14:21:45.851+0000] {subprocess.py:93} INFO - [0m14:21:45  32 of 35 PASS relationships_fct_production_orders_batch_id__batch_id__ref_core_batches_  [[32mPASS[0m in 0.37s]
[2025-12-16T14:21:45.992+0000] {subprocess.py:93} INFO - [0m14:21:45  34 of 35 PASS relationships_stg_production_orders_batch_id__batch_id__ref_stg_batches_  [[32mPASS[0m in 0.39s]
[2025-12-16T14:21:46.028+0000] {subprocess.py:93} INFO - [0m14:21:46  35 of 35 FAIL 10000 unique_mfg_ml_features_orders_order_id ..................... [[31mFAIL 10000[0m in 0.39s]
[2025-12-16T14:21:46.039+0000] {subprocess.py:93} INFO - [0m14:21:46  33 of 35 PASS relationships_stg_batches_material_id__material_id__ref_stg_materials_  [[32mPASS[0m in 0.46s]
[2025-12-16T14:21:47.972+0000] {subprocess.py:93} INFO - [0m14:21:47
[2025-12-16T14:21:47.981+0000] {subprocess.py:93} INFO - [0m14:21:47  Finished running 35 data tests in 0 hours 0 minutes and 8.17 seconds (8.17s).
[2025-12-16T14:21:48.111+0000] {subprocess.py:93} INFO - [0m14:21:48
[2025-12-16T14:21:48.113+0000] {subprocess.py:93} INFO - [0m14:21:48  [31mCompleted with 18 errors, 0 partial successes, and 0 warnings:[0m
[2025-12-16T14:21:48.115+0000] {subprocess.py:93} INFO - [0m14:21:48
[2025-12-16T14:21:48.117+0000] {subprocess.py:93} INFO - [0m14:21:48  [31mFailure in test dbt_utils_unique_combination_of_columns_fct_production_orders_order_id__load_run_id (models/core/core_schema.yml)[0m
[2025-12-16T14:21:48.119+0000] {subprocess.py:93} INFO - [0m14:21:48    Compilation Error in test dbt_utils_unique_combination_of_columns_fct_production_orders_order_id__load_run_id (models/core/core_schema.yml)
[2025-12-16T14:21:48.119+0000] {subprocess.py:93} INFO -   'dbt_utils' is undefined. This can happen when calling a macro that does not exist. Check for typos and/or install package dependencies with "dbt deps".
[2025-12-16T14:21:48.120+0000] {subprocess.py:93} INFO - [0m14:21:48
[2025-12-16T14:21:48.122+0000] {subprocess.py:93} INFO - [0m14:21:48  [31mFailure in test dbt_utils_unique_combination_of_columns_core_batches_batch_id__load_run_id (models/core/core_schema.yml)[0m
[2025-12-16T14:21:48.124+0000] {subprocess.py:93} INFO - [0m14:21:48    Compilation Error in test dbt_utils_unique_combination_of_columns_core_batches_batch_id__load_run_id (models/core/core_schema.yml)
[2025-12-16T14:21:48.125+0000] {subprocess.py:93} INFO -   'dbt_utils' is undefined. This can happen when calling a macro that does not exist. Check for typos and/or install package dependencies with "dbt deps".
[2025-12-16T14:21:48.126+0000] {subprocess.py:93} INFO - [0m14:21:48
[2025-12-16T14:21:48.128+0000] {subprocess.py:93} INFO - [0m14:21:48  [31mFailure in test dbt_utils_unique_combination_of_columns_core_materials_material_id__load_run_id (models/core/core_schema.yml)[0m
[2025-12-16T14:21:48.130+0000] {subprocess.py:93} INFO - [0m14:21:48    Compilation Error in test dbt_utils_unique_combination_of_columns_core_materials_material_id__load_run_id (models/core/core_schema.yml)
[2025-12-16T14:21:48.130+0000] {subprocess.py:93} INFO -   'dbt_utils' is undefined. This can happen when calling a macro that does not exist. Check for typos and/or install package dependencies with "dbt deps".
[2025-12-16T14:21:48.131+0000] {subprocess.py:93} INFO - [0m14:21:48
[2025-12-16T14:21:48.133+0000] {subprocess.py:93} INFO - [0m14:21:48  [31mFailure in test dbt_utils_unique_combination_of_columns_mfg_plant_daily_kpis_manufacturing_site__calendar_date (models/marts/marts_schema.yml)[0m
[2025-12-16T14:21:48.136+0000] {subprocess.py:93} INFO - [0m14:21:48    Compilation Error in test dbt_utils_unique_combination_of_columns_mfg_plant_daily_kpis_manufacturing_site__calendar_date (models/marts/marts_schema.yml)
[2025-12-16T14:21:48.136+0000] {subprocess.py:93} INFO -   'dbt_utils' is undefined. This can happen when calling a macro that does not exist. Check for typos and/or install package dependencies with "dbt deps".
[2025-12-16T14:21:48.137+0000] {subprocess.py:93} INFO - [0m14:21:48
[2025-12-16T14:21:48.139+0000] {subprocess.py:93} INFO - [0m14:21:48  [31mFailure in test not_null_core_batches_load_run_id (models/core/core_schema.yml)[0m
[2025-12-16T14:21:48.142+0000] {subprocess.py:93} INFO - [0m14:21:48    Got 10000 results, configured to fail if != 0
[2025-12-16T14:21:48.143+0000] {subprocess.py:93} INFO - [0m14:21:48
[2025-12-16T14:21:48.145+0000] {subprocess.py:93} INFO - [0m14:21:48    compiled code at target/compiled/mfg_accelerator/models/core/core_schema.yml/not_null_core_batches_load_run_id.sql
[2025-12-16T14:21:48.147+0000] {subprocess.py:93} INFO - [0m14:21:48
[2025-12-16T14:21:48.149+0000] {subprocess.py:93} INFO - [0m14:21:48  [31mFailure in test not_null_core_materials_load_run_id (models/core/core_schema.yml)[0m
[2025-12-16T14:21:48.151+0000] {subprocess.py:93} INFO - [0m14:21:48    Got 500 results, configured to fail if != 0
[2025-12-16T14:21:48.152+0000] {subprocess.py:93} INFO - [0m14:21:48
[2025-12-16T14:21:48.154+0000] {subprocess.py:93} INFO - [0m14:21:48    compiled code at target/compiled/mfg_accelerator/models/core/core_schema.yml/not_null_core_materials_load_run_id.sql
[2025-12-16T14:21:48.155+0000] {subprocess.py:93} INFO - [0m14:21:48
[2025-12-16T14:21:48.157+0000] {subprocess.py:93} INFO - [0m14:21:48  [31mFailure in test not_null_core_materials_loaded_at (models/core/core_schema.yml)[0m
[2025-12-16T14:21:48.159+0000] {subprocess.py:93} INFO - [0m14:21:48    Got 500 results, configured to fail if != 0
[2025-12-16T14:21:48.161+0000] {subprocess.py:93} INFO - [0m14:21:48
[2025-12-16T14:21:48.163+0000] {subprocess.py:93} INFO - [0m14:21:48    compiled code at target/compiled/mfg_accelerator/models/core/core_schema.yml/not_null_core_materials_loaded_at.sql
[2025-12-16T14:21:48.164+0000] {subprocess.py:93} INFO - [0m14:21:48
[2025-12-16T14:21:48.166+0000] {subprocess.py:93} INFO - [0m14:21:48  [31mFailure in test not_null_core_batches_loaded_at (models/core/core_schema.yml)[0m
[2025-12-16T14:21:48.168+0000] {subprocess.py:93} INFO - [0m14:21:48    Got 10000 results, configured to fail if != 0
[2025-12-16T14:21:48.170+0000] {subprocess.py:93} INFO - [0m14:21:48
[2025-12-16T14:21:48.171+0000] {subprocess.py:93} INFO - [0m14:21:48    compiled code at target/compiled/mfg_accelerator/models/core/core_schema.yml/not_null_core_batches_loaded_at.sql
[2025-12-16T14:21:48.173+0000] {subprocess.py:93} INFO - [0m14:21:48
[2025-12-16T14:21:48.175+0000] {subprocess.py:93} INFO - [0m14:21:48  [31mFailure in test not_null_fct_production_orders_load_run_id (models/core/core_schema.yml)[0m
[2025-12-16T14:21:48.177+0000] {subprocess.py:93} INFO - [0m14:21:48    Got 10000 results, configured to fail if != 0
[2025-12-16T14:21:48.179+0000] {subprocess.py:93} INFO - [0m14:21:48
[2025-12-16T14:21:48.181+0000] {subprocess.py:93} INFO - [0m14:21:48    compiled code at target/compiled/mfg_accelerator/models/core/core_schema.yml/not_null_fct_production_orders_load_run_id.sql
[2025-12-16T14:21:48.183+0000] {subprocess.py:93} INFO - [0m14:21:48
[2025-12-16T14:21:48.185+0000] {subprocess.py:93} INFO - [0m14:21:48  [31mFailure in test not_null_fct_production_orders_loaded_at (models/core/core_schema.yml)[0m
[2025-12-16T14:21:48.186+0000] {subprocess.py:93} INFO - [0m14:21:48    Got 10000 results, configured to fail if != 0
[2025-12-16T14:21:48.188+0000] {subprocess.py:93} INFO - [0m14:21:48
[2025-12-16T14:21:48.190+0000] {subprocess.py:93} INFO - [0m14:21:48    compiled code at target/compiled/mfg_accelerator/models/core/core_schema.yml/not_null_fct_production_orders_loaded_at.sql
[2025-12-16T14:21:48.192+0000] {subprocess.py:93} INFO - [0m14:21:48
[2025-12-16T14:21:48.194+0000] {subprocess.py:93} INFO - [0m14:21:48  [31mFailure in test not_null_mfg_ml_features_orders_manufacturing_site (models/marts/marts_schema.yml)[0m
[2025-12-16T14:21:48.195+0000] {subprocess.py:93} INFO - [0m14:21:48    Got 10000 results, configured to fail if != 0
[2025-12-16T14:21:48.197+0000] {subprocess.py:93} INFO - [0m14:21:48
[2025-12-16T14:21:48.198+0000] {subprocess.py:93} INFO - [0m14:21:48    compiled code at target/compiled/mfg_accelerator/models/marts/marts_schema.yml/not_null_mfg_ml_features_orders_manufacturing_site.sql
[2025-12-16T14:21:48.200+0000] {subprocess.py:93} INFO - [0m14:21:48
[2025-12-16T14:21:48.202+0000] {subprocess.py:93} INFO - [0m14:21:48  [31mFailure in test not_null_stg_batches_loaded_at (models/staging/staging_schema.yml)[0m
[2025-12-16T14:21:48.203+0000] {subprocess.py:93} INFO - [0m14:21:48    Got 10000 results, configured to fail if != 0
[2025-12-16T14:21:48.205+0000] {subprocess.py:93} INFO - [0m14:21:48
[2025-12-16T14:21:48.206+0000] {subprocess.py:93} INFO - [0m14:21:48    compiled code at target/compiled/mfg_accelerator/models/staging/staging_schema.yml/not_null_stg_batches_loaded_at.sql
[2025-12-16T14:21:48.207+0000] {subprocess.py:93} INFO - [0m14:21:48
[2025-12-16T14:21:48.209+0000] {subprocess.py:93} INFO - [0m14:21:48  [31mFailure in test not_null_stg_batches_load_run_id (models/staging/staging_schema.yml)[0m
[2025-12-16T14:21:48.211+0000] {subprocess.py:93} INFO - [0m14:21:48    Got 10000 results, configured to fail if != 0
[2025-12-16T14:21:48.213+0000] {subprocess.py:93} INFO - [0m14:21:48
[2025-12-16T14:21:48.215+0000] {subprocess.py:93} INFO - [0m14:21:48    compiled code at target/compiled/mfg_accelerator/models/staging/staging_schema.yml/not_null_stg_batches_load_run_id.sql
[2025-12-16T14:21:48.217+0000] {subprocess.py:93} INFO - [0m14:21:48
[2025-12-16T14:21:48.219+0000] {subprocess.py:93} INFO - [0m14:21:48  [31mFailure in test not_null_stg_materials_load_run_id (models/staging/staging_schema.yml)[0m
[2025-12-16T14:21:48.221+0000] {subprocess.py:93} INFO - [0m14:21:48    Got 500 results, configured to fail if != 0
[2025-12-16T14:21:48.222+0000] {subprocess.py:93} INFO - [0m14:21:48
[2025-12-16T14:21:48.224+0000] {subprocess.py:93} INFO - [0m14:21:48    compiled code at target/compiled/mfg_accelerator/models/staging/staging_schema.yml/not_null_stg_materials_load_run_id.sql
[2025-12-16T14:21:48.226+0000] {subprocess.py:93} INFO - [0m14:21:48
[2025-12-16T14:21:48.228+0000] {subprocess.py:93} INFO - [0m14:21:48  [31mFailure in test not_null_stg_materials_loaded_at (models/staging/staging_schema.yml)[0m
[2025-12-16T14:21:48.230+0000] {subprocess.py:93} INFO - [0m14:21:48    Got 500 results, configured to fail if != 0
[2025-12-16T14:21:48.232+0000] {subprocess.py:93} INFO - [0m14:21:48
[2025-12-16T14:21:48.234+0000] {subprocess.py:93} INFO - [0m14:21:48    compiled code at target/compiled/mfg_accelerator/models/staging/staging_schema.yml/not_null_stg_materials_loaded_at.sql
[2025-12-16T14:21:48.235+0000] {subprocess.py:93} INFO - [0m14:21:48
[2025-12-16T14:21:48.237+0000] {subprocess.py:93} INFO - [0m14:21:48  [31mFailure in test not_null_stg_production_orders_load_run_id (models/staging/staging_schema.yml)[0m
[2025-12-16T14:21:48.239+0000] {subprocess.py:93} INFO - [0m14:21:48    Got 10000 results, configured to fail if != 0
[2025-12-16T14:21:48.240+0000] {subprocess.py:93} INFO - [0m14:21:48
[2025-12-16T14:21:48.243+0000] {subprocess.py:93} INFO - [0m14:21:48    compiled code at target/compiled/mfg_accelerator/models/staging/staging_schema.yml/not_null_stg_production_orders_load_run_id.sql
[2025-12-16T14:21:48.244+0000] {subprocess.py:93} INFO - [0m14:21:48
[2025-12-16T14:21:48.246+0000] {subprocess.py:93} INFO - [0m14:21:48  [31mFailure in test not_null_stg_production_orders_loaded_at (models/staging/staging_schema.yml)[0m
[2025-12-16T14:21:48.248+0000] {subprocess.py:93} INFO - [0m14:21:48    Got 10000 results, configured to fail if != 0
[2025-12-16T14:21:48.250+0000] {subprocess.py:93} INFO - [0m14:21:48
[2025-12-16T14:21:48.252+0000] {subprocess.py:93} INFO - [0m14:21:48    compiled code at target/compiled/mfg_accelerator/models/staging/staging_schema.yml/not_null_stg_production_orders_loaded_at.sql
[2025-12-16T14:21:48.259+0000] {subprocess.py:93} INFO - [0m14:21:48
[2025-12-16T14:21:48.262+0000] {subprocess.py:93} INFO - [0m14:21:48  [31mFailure in test unique_mfg_ml_features_orders_order_id (models/marts/marts_schema.yml)[0m
[2025-12-16T14:21:48.264+0000] {subprocess.py:93} INFO - [0m14:21:48    Got 10000 results, configured to fail if != 0
[2025-12-16T14:21:48.265+0000] {subprocess.py:93} INFO - [0m14:21:48
[2025-12-16T14:21:48.267+0000] {subprocess.py:93} INFO - [0m14:21:48    compiled code at target/compiled/mfg_accelerator/models/marts/marts_schema.yml/unique_mfg_ml_features_orders_order_id.sql
[2025-12-16T14:21:48.269+0000] {subprocess.py:93} INFO - [0m14:21:48
[2025-12-16T14:21:48.270+0000] {subprocess.py:93} INFO - [0m14:21:48  Done. PASS=17 WARN=0 ERROR=18 SKIP=0 NO-OP=0 TOTAL=35
[2025-12-16T14:21:49.590+0000] {subprocess.py:97} INFO - Command exited with return code 1
[2025-12-16T14:21:49.591+0000] {taskinstance.py:441} INFO - ::group::Post task execution logs
[2025-12-16T14:21:49.605+0000] {taskinstance.py:2890} ERROR - Task failed with exception
Traceback (most recent call last):
  File "/home/airflow/.local/lib/python3.12/site-packages/airflow/models/taskinstance.py", line 460, in _execute_task
    result = _execute_callable(context=context, **execute_callable_kwargs)
             ^^^^^^^^^^^^^^^^^^^^^^^^^^^^^^^^^^^^^^^^^^^^^^^^^^^^^^^^^^^^^
  File "/home/airflow/.local/lib/python3.12/site-packages/airflow/models/taskinstance.py", line 432, in _execute_callable
    return execute_callable(context=context, **execute_callable_kwargs)
           ^^^^^^^^^^^^^^^^^^^^^^^^^^^^^^^^^^^^^^^^^^^^^^^^^^^^^^^^^^^^
  File "/home/airflow/.local/lib/python3.12/site-packages/airflow/models/baseoperator.py", line 400, in wrapper
    return func(self, *args, **kwargs)
           ^^^^^^^^^^^^^^^^^^^^^^^^^^^
  File "/home/airflow/.local/lib/python3.12/site-packages/airflow/operators/bash.py", line 243, in execute
    raise AirflowException(
airflow.exceptions.AirflowException: Bash command failed. The command returned a non-zero exit code 1.
[2025-12-16T14:21:49.611+0000] {taskinstance.py:1205} INFO - Marking task as FAILED. dag_id=mfg_raw_ingestion_dag, task_id=dbt_test_all, execution_date=20251216T141012, start_date=20251216T142130, end_date=20251216T142149
[2025-12-16T14:21:49.632+0000] {standard_task_runner.py:110} ERROR - Failed to execute job 15 for task dbt_test_all (Bash command failed. The command returned a non-zero exit code 1.; 1850)
[2025-12-16T14:21:49.650+0000] {local_task_job_runner.py:240} INFO - Task exited with return code 1
[2025-12-16T14:21:49.669+0000] {taskinstance.py:3482} INFO - 0 downstream tasks scheduled from follow-on schedule check
[2025-12-16T14:21:49.674+0000] {local_task_job_runner.py:222} INFO - ::endgroup::
